2024-12-05 09:18 - INFO - Fit the preprocessing pipeline
2024-12-05 09:18 - INFO - Training using device: cuda
2024-12-05 09:18 - INFO - Creating generators
2024-12-05 09:18 - INFO - The model has 2,246,929 trainable parameters
2024-12-05 09:18 - INFO - * Model:
2024-12-05 09:18 - INFO - * -----------
2024-12-05 09:18 - INFO - CombinedModel(
  (upstream_model): TSTransformerEncoderCNN(
    (project_input): Linear(in_features=12, out_features=128, bias=True)
    (encoder): Linear(in_features=12, out_features=128, bias=True)
    (transformer_encoder): TransformerEncoder(
      (layers): ModuleList(
        (0-7): 8 x TransformerEncoderLayer(
          (self_attn): MultiheadAttention(
            (out_proj): NonDynamicallyQuantizableLinear(in_features=128, out_features=128, bias=True)
          )
          (linear1): Linear(in_features=128, out_features=512, bias=True)
          (dropout): Dropout(p=0.4, inplace=False)
          (linear2): Linear(in_features=512, out_features=128, bias=True)
          (norm1): LayerNorm((128,), eps=1e-05, elementwise_affine=True)
          (norm2): LayerNorm((128,), eps=1e-05, elementwise_affine=True)
          (dropout1): Dropout(p=0.4, inplace=False)
          (dropout2): Dropout(p=0.4, inplace=False)
        )
      )
    )
    (output_layer): Linear(in_features=128, out_features=12, bias=True)
    (dropout1): Dropout(p=0.4, inplace=False)
    (cnn): Conv1d(128, 12, kernel_size=(3,), stride=(1,), padding=(1,))
  )
  (downstream_model): DownstreamInception(
    (conv1): ConvBlock(
      (conv): Conv1d(12, 64, kernel_size=(7,), stride=(2,), padding=(3,))
      (bn): BatchNorm1d(64, eps=1e-05, momentum=0.1, affine=True, track_running_stats=True)
    )
    (conv2): ConvBlock(
      (conv): Conv1d(64, 128, kernel_size=(3,), stride=(1,), padding=(1,))
      (bn): BatchNorm1d(128, eps=1e-05, momentum=0.1, affine=True, track_running_stats=True)
    )
    (maxpool): MaxPool1d(kernel_size=3, stride=2, padding=1, dilation=1, ceil_mode=False)
    (inception3a): InceptionBlock(
      (branch1): ConvBlock(
        (conv): Conv1d(128, 64, kernel_size=(1,), stride=(1,))
        (bn): BatchNorm1d(64, eps=1e-05, momentum=0.1, affine=True, track_running_stats=True)
      )
      (branch2): Sequential(
        (0): ConvBlock(
          (conv): Conv1d(128, 96, kernel_size=(1,), stride=(1,))
          (bn): BatchNorm1d(96, eps=1e-05, momentum=0.1, affine=True, track_running_stats=True)
        )
        (1): ConvBlock(
          (conv): Conv1d(96, 128, kernel_size=(3,), stride=(1,), padding=(1,))
          (bn): BatchNorm1d(128, eps=1e-05, momentum=0.1, affine=True, track_running_stats=True)
        )
      )
      (branch3): Sequential(
        (0): ConvBlock(
          (conv): Conv1d(128, 16, kernel_size=(1,), stride=(1,))
          (bn): BatchNorm1d(16, eps=1e-05, momentum=0.1, affine=True, track_running_stats=True)
        )
        (1): ConvBlock(
          (conv): Conv1d(16, 32, kernel_size=(5,), stride=(1,), padding=(2,))
          (bn): BatchNorm1d(32, eps=1e-05, momentum=0.1, affine=True, track_running_stats=True)
        )
      )
      (branch4): Sequential(
        (0): MaxPool2d(kernel_size=3, stride=1, padding=1, dilation=1, ceil_mode=False)
        (1): ConvBlock(
          (conv): Conv1d(128, 32, kernel_size=(1,), stride=(1,))
          (bn): BatchNorm1d(32, eps=1e-05, momentum=0.1, affine=True, track_running_stats=True)
        )
      )
    )
    (inception3b): InceptionBlock(
      (branch1): ConvBlock(
        (conv): Conv1d(256, 128, kernel_size=(1,), stride=(1,))
        (bn): BatchNorm1d(128, eps=1e-05, momentum=0.1, affine=True, track_running_stats=True)
      )
      (branch2): Sequential(
        (0): ConvBlock(
          (conv): Conv1d(256, 128, kernel_size=(1,), stride=(1,))
          (bn): BatchNorm1d(128, eps=1e-05, momentum=0.1, affine=True, track_running_stats=True)
        )
        (1): ConvBlock(
          (conv): Conv1d(128, 192, kernel_size=(3,), stride=(1,), padding=(1,))
          (bn): BatchNorm1d(192, eps=1e-05, momentum=0.1, affine=True, track_running_stats=True)
        )
      )
      (branch3): Sequential(
        (0): ConvBlock(
          (conv): Conv1d(256, 32, kernel_size=(1,), stride=(1,))
          (bn): BatchNorm1d(32, eps=1e-05, momentum=0.1, affine=True, track_running_stats=True)
        )
        (1): ConvBlock(
          (conv): Conv1d(32, 96, kernel_size=(5,), stride=(1,), padding=(2,))
          (bn): BatchNorm1d(96, eps=1e-05, momentum=0.1, affine=True, track_running_stats=True)
        )
      )
      (branch4): Sequential(
        (0): MaxPool2d(kernel_size=3, stride=1, padding=1, dilation=1, ceil_mode=False)
        (1): ConvBlock(
          (conv): Conv1d(256, 64, kernel_size=(1,), stride=(1,))
          (bn): BatchNorm1d(64, eps=1e-05, momentum=0.1, affine=True, track_running_stats=True)
        )
      )
    )
    (inception4a): InceptionBlock(
      (branch1): ConvBlock(
        (conv): Conv1d(480, 192, kernel_size=(1,), stride=(1,))
        (bn): BatchNorm1d(192, eps=1e-05, momentum=0.1, affine=True, track_running_stats=True)
      )
      (branch2): Sequential(
        (0): ConvBlock(
          (conv): Conv1d(480, 96, kernel_size=(1,), stride=(1,))
          (bn): BatchNorm1d(96, eps=1e-05, momentum=0.1, affine=True, track_running_stats=True)
        )
        (1): ConvBlock(
          (conv): Conv1d(96, 208, kernel_size=(3,), stride=(1,), padding=(1,))
          (bn): BatchNorm1d(208, eps=1e-05, momentum=0.1, affine=True, track_running_stats=True)
        )
      )
      (branch3): Sequential(
        (0): ConvBlock(
          (conv): Conv1d(480, 16, kernel_size=(1,), stride=(1,))
          (bn): BatchNorm1d(16, eps=1e-05, momentum=0.1, affine=True, track_running_stats=True)
        )
        (1): ConvBlock(
          (conv): Conv1d(16, 48, kernel_size=(5,), stride=(1,), padding=(2,))
          (bn): BatchNorm1d(48, eps=1e-05, momentum=0.1, affine=True, track_running_stats=True)
        )
      )
      (branch4): Sequential(
        (0): MaxPool2d(kernel_size=3, stride=1, padding=1, dilation=1, ceil_mode=False)
        (1): ConvBlock(
          (conv): Conv1d(480, 64, kernel_size=(1,), stride=(1,))
          (bn): BatchNorm1d(64, eps=1e-05, momentum=0.1, affine=True, track_running_stats=True)
        )
      )
    )
    (inception4b): InceptionBlock(
      (branch1): ConvBlock(
        (conv): Conv1d(512, 32, kernel_size=(1,), stride=(1,))
        (bn): BatchNorm1d(32, eps=1e-05, momentum=0.1, affine=True, track_running_stats=True)
      )
      (branch2): Sequential(
        (0): ConvBlock(
          (conv): Conv1d(512, 112, kernel_size=(1,), stride=(1,))
          (bn): BatchNorm1d(112, eps=1e-05, momentum=0.1, affine=True, track_running_stats=True)
        )
        (1): ConvBlock(
          (conv): Conv1d(112, 32, kernel_size=(3,), stride=(1,), padding=(1,))
          (bn): BatchNorm1d(32, eps=1e-05, momentum=0.1, affine=True, track_running_stats=True)
        )
      )
      (branch3): Sequential(
        (0): ConvBlock(
          (conv): Conv1d(512, 24, kernel_size=(1,), stride=(1,))
          (bn): BatchNorm1d(24, eps=1e-05, momentum=0.1, affine=True, track_running_stats=True)
        )
        (1): ConvBlock(
          (conv): Conv1d(24, 64, kernel_size=(5,), stride=(1,), padding=(2,))
          (bn): BatchNorm1d(64, eps=1e-05, momentum=0.1, affine=True, track_running_stats=True)
        )
      )
      (branch4): Sequential(
        (0): MaxPool2d(kernel_size=3, stride=1, padding=1, dilation=1, ceil_mode=False)
        (1): ConvBlock(
          (conv): Conv1d(512, 32, kernel_size=(1,), stride=(1,))
          (bn): BatchNorm1d(32, eps=1e-05, momentum=0.1, affine=True, track_running_stats=True)
        )
      )
    )
    (avgpool): AvgPool1d(kernel_size=(5,), stride=(1,), padding=(0,))
    (dropout): Dropout(p=0.5, inplace=False)
    (fc): Linear(in_features=8480, out_features=1, bias=True)
    (sigmoid): Sigmoid()
  )
)
2024-12-05 09:18 - INFO - * -----------
2024-12-05 09:26 - INFO - ---------------------------------------------
2024-12-05 09:26 - INFO - Epoch: 01 | Time: 8m 2s
2024-12-05 09:26 - INFO - 	 New best val_rocauc loss was found, current best value is 0.29119
2024-12-05 09:26 - INFO - 	 Train Loss: 0.241
2024-12-05 09:26 - INFO - 	 Val. Loss: 0.243
2024-12-05 09:26 - INFO - 	 ROC-AUC: 0.851
2024-12-05 09:26 - INFO - 	 PR-AUC: 0.291
2024-12-05 09:26 - INFO - 	 Best Val. Loss: 0.243
2024-12-05 09:26 - INFO - 	 Best ROC-AUC: 0.851
2024-12-05 09:26 - INFO - 	 Best PR-AUC: 0.291
2024-12-05 09:26 - INFO - 	 Test-ROC-AUC under Best Validation ROC-AUC: 0.853
2024-12-05 09:26 - INFO - 	 Test-PR-AUC under Best Validation Best PR-AUC: 0.348
2024-12-05 09:26 - INFO - ---------------------------------------------
2024-12-05 09:34 - INFO - ---------------------------------------------
2024-12-05 09:34 - INFO - Epoch: 02 | Time: 8m 1s
2024-12-05 09:34 - INFO - 	 New best val_rocauc loss was found, current best value is 0.73759
2024-12-05 09:34 - INFO - 	 Train Loss: 0.140
2024-12-05 09:34 - INFO - 	 Val. Loss: 0.134
2024-12-05 09:34 - INFO - 	 ROC-AUC: 0.972
2024-12-05 09:34 - INFO - 	 PR-AUC: 0.738
2024-12-05 09:34 - INFO - 	 Best Val. Loss: 0.134
2024-12-05 09:34 - INFO - 	 Best ROC-AUC: 0.972
2024-12-05 09:34 - INFO - 	 Best PR-AUC: 0.738
2024-12-05 09:34 - INFO - 	 Test-ROC-AUC under Best Validation ROC-AUC: 0.972
2024-12-05 09:34 - INFO - 	 Test-PR-AUC under Best Validation Best PR-AUC: 0.735
2024-12-05 09:34 - INFO - ---------------------------------------------
2024-12-05 09:42 - INFO - ---------------------------------------------
2024-12-05 09:42 - INFO - Epoch: 03 | Time: 8m 1s
2024-12-05 09:42 - INFO - 	 New best val_rocauc loss was found, current best value is 0.83086
2024-12-05 09:42 - INFO - 	 Train Loss: 0.091
2024-12-05 09:42 - INFO - 	 Val. Loss: 0.079
2024-12-05 09:42 - INFO - 	 ROC-AUC: 0.983
2024-12-05 09:42 - INFO - 	 PR-AUC: 0.831
2024-12-05 09:42 - INFO - 	 Best Val. Loss: 0.079
2024-12-05 09:42 - INFO - 	 Best ROC-AUC: 0.983
2024-12-05 09:42 - INFO - 	 Best PR-AUC: 0.831
2024-12-05 09:42 - INFO - 	 Test-ROC-AUC under Best Validation ROC-AUC: 0.980
2024-12-05 09:42 - INFO - 	 Test-PR-AUC under Best Validation Best PR-AUC: 0.804
2024-12-05 09:42 - INFO - ---------------------------------------------
2024-12-05 09:50 - INFO - ---------------------------------------------
2024-12-05 09:50 - INFO - Epoch: 04 | Time: 8m 2s
2024-12-05 09:50 - INFO - 	 New best val_rocauc loss was found, current best value is 0.86396
2024-12-05 09:50 - INFO - 	 Train Loss: 0.080
2024-12-05 09:50 - INFO - 	 Val. Loss: 0.067
2024-12-05 09:50 - INFO - 	 ROC-AUC: 0.985
2024-12-05 09:50 - INFO - 	 PR-AUC: 0.864
2024-12-05 09:50 - INFO - 	 Best Val. Loss: 0.067
2024-12-05 09:50 - INFO - 	 Best ROC-AUC: 0.985
2024-12-05 09:50 - INFO - 	 Best PR-AUC: 0.864
2024-12-05 09:50 - INFO - 	 Test-ROC-AUC under Best Validation ROC-AUC: 0.982
2024-12-05 09:50 - INFO - 	 Test-PR-AUC under Best Validation Best PR-AUC: 0.828
2024-12-05 09:50 - INFO - ---------------------------------------------
2024-12-05 09:58 - INFO - ---------------------------------------------
2024-12-05 09:58 - INFO - Epoch: 05 | Time: 8m 1s
2024-12-05 09:58 - INFO - 	 New best val_rocauc loss was found, current best value is 0.86969
2024-12-05 09:58 - INFO - 	 Train Loss: 0.076
2024-12-05 09:58 - INFO - 	 Val. Loss: 0.066
2024-12-05 09:58 - INFO - 	 ROC-AUC: 0.986
2024-12-05 09:58 - INFO - 	 PR-AUC: 0.870
2024-12-05 09:58 - INFO - 	 Best Val. Loss: 0.066
2024-12-05 09:58 - INFO - 	 Best ROC-AUC: 0.986
2024-12-05 09:58 - INFO - 	 Best PR-AUC: 0.870
2024-12-05 09:58 - INFO - 	 Test-ROC-AUC under Best Validation ROC-AUC: 0.984
2024-12-05 09:58 - INFO - 	 Test-PR-AUC under Best Validation Best PR-AUC: 0.860
2024-12-05 09:58 - INFO - ---------------------------------------------
2024-12-05 10:06 - INFO - ---------------------------------------------
2024-12-05 10:06 - INFO - Epoch: 06 | Time: 8m 1s
2024-12-05 10:06 - INFO - 	 New best val_rocauc loss was found, current best value is 0.87469
2024-12-05 10:06 - INFO - 	 Train Loss: 0.072
2024-12-05 10:06 - INFO - 	 Val. Loss: 0.061
2024-12-05 10:06 - INFO - 	 ROC-AUC: 0.987
2024-12-05 10:06 - INFO - 	 PR-AUC: 0.875
2024-12-05 10:06 - INFO - 	 Best Val. Loss: 0.061
2024-12-05 10:06 - INFO - 	 Best ROC-AUC: 0.987
2024-12-05 10:06 - INFO - 	 Best PR-AUC: 0.875
2024-12-05 10:06 - INFO - 	 Test-ROC-AUC under Best Validation ROC-AUC: 0.985
2024-12-05 10:06 - INFO - 	 Test-PR-AUC under Best Validation Best PR-AUC: 0.855
2024-12-05 10:06 - INFO - ---------------------------------------------
2024-12-05 10:14 - INFO - ---------------------------------------------
2024-12-05 10:14 - INFO - Epoch: 07 | Time: 8m 1s
2024-12-05 10:14 - INFO - 	 Train Loss: 0.071
2024-12-05 10:14 - INFO - 	 Val. Loss: 0.064
2024-12-05 10:14 - INFO - 	 ROC-AUC: 0.986
2024-12-05 10:14 - INFO - 	 PR-AUC: 0.869
2024-12-05 10:14 - INFO - 	 Best Val. Loss: 0.061
2024-12-05 10:14 - INFO - 	 Best ROC-AUC: 0.987
2024-12-05 10:14 - INFO - 	 Best PR-AUC: 0.875
2024-12-05 10:14 - INFO - 	 Test-ROC-AUC under Best Validation ROC-AUC: 0.985
2024-12-05 10:14 - INFO - 	 Test-PR-AUC under Best Validation Best PR-AUC: 0.855
2024-12-05 10:14 - INFO - ---------------------------------------------
2024-12-05 10:22 - INFO - ---------------------------------------------
2024-12-05 10:22 - INFO - Epoch: 08 | Time: 8m 1s
2024-12-05 10:22 - INFO - 	 New best val_rocauc loss was found, current best value is 0.8816
2024-12-05 10:22 - INFO - 	 Train Loss: 0.068
2024-12-05 10:22 - INFO - 	 Val. Loss: 0.060
2024-12-05 10:22 - INFO - 	 ROC-AUC: 0.988
2024-12-05 10:22 - INFO - 	 PR-AUC: 0.882
2024-12-05 10:22 - INFO - 	 Best Val. Loss: 0.060
2024-12-05 10:22 - INFO - 	 Best ROC-AUC: 0.988
2024-12-05 10:22 - INFO - 	 Best PR-AUC: 0.882
2024-12-05 10:22 - INFO - 	 Test-ROC-AUC under Best Validation ROC-AUC: 0.984
2024-12-05 10:22 - INFO - 	 Test-PR-AUC under Best Validation Best PR-AUC: 0.849
2024-12-05 10:22 - INFO - ---------------------------------------------
2024-12-05 10:30 - INFO - ---------------------------------------------
2024-12-05 10:30 - INFO - Epoch: 09 | Time: 8m 1s
2024-12-05 10:30 - INFO - 	 Train Loss: 0.067
2024-12-05 10:30 - INFO - 	 Val. Loss: 0.060
2024-12-05 10:30 - INFO - 	 ROC-AUC: 0.988
2024-12-05 10:30 - INFO - 	 PR-AUC: 0.877
2024-12-05 10:30 - INFO - 	 Best Val. Loss: 0.060
2024-12-05 10:30 - INFO - 	 Best ROC-AUC: 0.988
2024-12-05 10:30 - INFO - 	 Best PR-AUC: 0.882
2024-12-05 10:30 - INFO - 	 Test-ROC-AUC under Best Validation ROC-AUC: 0.984
2024-12-05 10:30 - INFO - 	 Test-PR-AUC under Best Validation Best PR-AUC: 0.849
2024-12-05 10:30 - INFO - ---------------------------------------------
2024-12-05 10:38 - INFO - ---------------------------------------------
2024-12-05 10:38 - INFO - Epoch: 10 | Time: 8m 1s
2024-12-05 10:38 - INFO - 	 Train Loss: 0.065
2024-12-05 10:38 - INFO - 	 Val. Loss: 0.063
2024-12-05 10:38 - INFO - 	 ROC-AUC: 0.987
2024-12-05 10:38 - INFO - 	 PR-AUC: 0.873
2024-12-05 10:38 - INFO - 	 Best Val. Loss: 0.060
2024-12-05 10:38 - INFO - 	 Best ROC-AUC: 0.988
2024-12-05 10:38 - INFO - 	 Best PR-AUC: 0.882
2024-12-05 10:38 - INFO - 	 Test-ROC-AUC under Best Validation ROC-AUC: 0.984
2024-12-05 10:38 - INFO - 	 Test-PR-AUC under Best Validation Best PR-AUC: 0.849
2024-12-05 10:38 - INFO - ---------------------------------------------
2024-12-05 10:41 - INFO - Fit the preprocessing pipeline
2024-12-05 10:41 - INFO - Training using device: cuda
2024-12-05 10:41 - INFO - Creating generators
2024-12-05 10:41 - INFO - The model has 2,246,929 trainable parameters
2024-12-05 10:41 - INFO - * Model:
2024-12-05 10:41 - INFO - * -----------
2024-12-05 10:41 - INFO - CombinedModel(
  (upstream_model): TSTransformerEncoderCNN(
    (project_input): Linear(in_features=12, out_features=128, bias=True)
    (encoder): Linear(in_features=12, out_features=128, bias=True)
    (transformer_encoder): TransformerEncoder(
      (layers): ModuleList(
        (0-7): 8 x TransformerEncoderLayer(
          (self_attn): MultiheadAttention(
            (out_proj): NonDynamicallyQuantizableLinear(in_features=128, out_features=128, bias=True)
          )
          (linear1): Linear(in_features=128, out_features=512, bias=True)
          (dropout): Dropout(p=0.4, inplace=False)
          (linear2): Linear(in_features=512, out_features=128, bias=True)
          (norm1): LayerNorm((128,), eps=1e-05, elementwise_affine=True)
          (norm2): LayerNorm((128,), eps=1e-05, elementwise_affine=True)
          (dropout1): Dropout(p=0.4, inplace=False)
          (dropout2): Dropout(p=0.4, inplace=False)
        )
      )
    )
    (output_layer): Linear(in_features=128, out_features=12, bias=True)
    (dropout1): Dropout(p=0.4, inplace=False)
    (cnn): Conv1d(128, 12, kernel_size=(3,), stride=(1,), padding=(1,))
  )
  (downstream_model): DownstreamInception(
    (conv1): ConvBlock(
      (conv): Conv1d(12, 64, kernel_size=(7,), stride=(2,), padding=(3,))
      (bn): BatchNorm1d(64, eps=1e-05, momentum=0.1, affine=True, track_running_stats=True)
    )
    (conv2): ConvBlock(
      (conv): Conv1d(64, 128, kernel_size=(3,), stride=(1,), padding=(1,))
      (bn): BatchNorm1d(128, eps=1e-05, momentum=0.1, affine=True, track_running_stats=True)
    )
    (maxpool): MaxPool1d(kernel_size=3, stride=2, padding=1, dilation=1, ceil_mode=False)
    (inception3a): InceptionBlock(
      (branch1): ConvBlock(
        (conv): Conv1d(128, 64, kernel_size=(1,), stride=(1,))
        (bn): BatchNorm1d(64, eps=1e-05, momentum=0.1, affine=True, track_running_stats=True)
      )
      (branch2): Sequential(
        (0): ConvBlock(
          (conv): Conv1d(128, 96, kernel_size=(1,), stride=(1,))
          (bn): BatchNorm1d(96, eps=1e-05, momentum=0.1, affine=True, track_running_stats=True)
        )
        (1): ConvBlock(
          (conv): Conv1d(96, 128, kernel_size=(3,), stride=(1,), padding=(1,))
          (bn): BatchNorm1d(128, eps=1e-05, momentum=0.1, affine=True, track_running_stats=True)
        )
      )
      (branch3): Sequential(
        (0): ConvBlock(
          (conv): Conv1d(128, 16, kernel_size=(1,), stride=(1,))
          (bn): BatchNorm1d(16, eps=1e-05, momentum=0.1, affine=True, track_running_stats=True)
        )
        (1): ConvBlock(
          (conv): Conv1d(16, 32, kernel_size=(5,), stride=(1,), padding=(2,))
          (bn): BatchNorm1d(32, eps=1e-05, momentum=0.1, affine=True, track_running_stats=True)
        )
      )
      (branch4): Sequential(
        (0): MaxPool2d(kernel_size=3, stride=1, padding=1, dilation=1, ceil_mode=False)
        (1): ConvBlock(
          (conv): Conv1d(128, 32, kernel_size=(1,), stride=(1,))
          (bn): BatchNorm1d(32, eps=1e-05, momentum=0.1, affine=True, track_running_stats=True)
        )
      )
    )
    (inception3b): InceptionBlock(
      (branch1): ConvBlock(
        (conv): Conv1d(256, 128, kernel_size=(1,), stride=(1,))
        (bn): BatchNorm1d(128, eps=1e-05, momentum=0.1, affine=True, track_running_stats=True)
      )
      (branch2): Sequential(
        (0): ConvBlock(
          (conv): Conv1d(256, 128, kernel_size=(1,), stride=(1,))
          (bn): BatchNorm1d(128, eps=1e-05, momentum=0.1, affine=True, track_running_stats=True)
        )
        (1): ConvBlock(
          (conv): Conv1d(128, 192, kernel_size=(3,), stride=(1,), padding=(1,))
          (bn): BatchNorm1d(192, eps=1e-05, momentum=0.1, affine=True, track_running_stats=True)
        )
      )
      (branch3): Sequential(
        (0): ConvBlock(
          (conv): Conv1d(256, 32, kernel_size=(1,), stride=(1,))
          (bn): BatchNorm1d(32, eps=1e-05, momentum=0.1, affine=True, track_running_stats=True)
        )
        (1): ConvBlock(
          (conv): Conv1d(32, 96, kernel_size=(5,), stride=(1,), padding=(2,))
          (bn): BatchNorm1d(96, eps=1e-05, momentum=0.1, affine=True, track_running_stats=True)
        )
      )
      (branch4): Sequential(
        (0): MaxPool2d(kernel_size=3, stride=1, padding=1, dilation=1, ceil_mode=False)
        (1): ConvBlock(
          (conv): Conv1d(256, 64, kernel_size=(1,), stride=(1,))
          (bn): BatchNorm1d(64, eps=1e-05, momentum=0.1, affine=True, track_running_stats=True)
        )
      )
    )
    (inception4a): InceptionBlock(
      (branch1): ConvBlock(
        (conv): Conv1d(480, 192, kernel_size=(1,), stride=(1,))
        (bn): BatchNorm1d(192, eps=1e-05, momentum=0.1, affine=True, track_running_stats=True)
      )
      (branch2): Sequential(
        (0): ConvBlock(
          (conv): Conv1d(480, 96, kernel_size=(1,), stride=(1,))
          (bn): BatchNorm1d(96, eps=1e-05, momentum=0.1, affine=True, track_running_stats=True)
        )
        (1): ConvBlock(
          (conv): Conv1d(96, 208, kernel_size=(3,), stride=(1,), padding=(1,))
          (bn): BatchNorm1d(208, eps=1e-05, momentum=0.1, affine=True, track_running_stats=True)
        )
      )
      (branch3): Sequential(
        (0): ConvBlock(
          (conv): Conv1d(480, 16, kernel_size=(1,), stride=(1,))
          (bn): BatchNorm1d(16, eps=1e-05, momentum=0.1, affine=True, track_running_stats=True)
        )
        (1): ConvBlock(
          (conv): Conv1d(16, 48, kernel_size=(5,), stride=(1,), padding=(2,))
          (bn): BatchNorm1d(48, eps=1e-05, momentum=0.1, affine=True, track_running_stats=True)
        )
      )
      (branch4): Sequential(
        (0): MaxPool2d(kernel_size=3, stride=1, padding=1, dilation=1, ceil_mode=False)
        (1): ConvBlock(
          (conv): Conv1d(480, 64, kernel_size=(1,), stride=(1,))
          (bn): BatchNorm1d(64, eps=1e-05, momentum=0.1, affine=True, track_running_stats=True)
        )
      )
    )
    (inception4b): InceptionBlock(
      (branch1): ConvBlock(
        (conv): Conv1d(512, 32, kernel_size=(1,), stride=(1,))
        (bn): BatchNorm1d(32, eps=1e-05, momentum=0.1, affine=True, track_running_stats=True)
      )
      (branch2): Sequential(
        (0): ConvBlock(
          (conv): Conv1d(512, 112, kernel_size=(1,), stride=(1,))
          (bn): BatchNorm1d(112, eps=1e-05, momentum=0.1, affine=True, track_running_stats=True)
        )
        (1): ConvBlock(
          (conv): Conv1d(112, 32, kernel_size=(3,), stride=(1,), padding=(1,))
          (bn): BatchNorm1d(32, eps=1e-05, momentum=0.1, affine=True, track_running_stats=True)
        )
      )
      (branch3): Sequential(
        (0): ConvBlock(
          (conv): Conv1d(512, 24, kernel_size=(1,), stride=(1,))
          (bn): BatchNorm1d(24, eps=1e-05, momentum=0.1, affine=True, track_running_stats=True)
        )
        (1): ConvBlock(
          (conv): Conv1d(24, 64, kernel_size=(5,), stride=(1,), padding=(2,))
          (bn): BatchNorm1d(64, eps=1e-05, momentum=0.1, affine=True, track_running_stats=True)
        )
      )
      (branch4): Sequential(
        (0): MaxPool2d(kernel_size=3, stride=1, padding=1, dilation=1, ceil_mode=False)
        (1): ConvBlock(
          (conv): Conv1d(512, 32, kernel_size=(1,), stride=(1,))
          (bn): BatchNorm1d(32, eps=1e-05, momentum=0.1, affine=True, track_running_stats=True)
        )
      )
    )
    (avgpool): AvgPool1d(kernel_size=(5,), stride=(1,), padding=(0,))
    (dropout): Dropout(p=0.5, inplace=False)
    (fc): Linear(in_features=8480, out_features=1, bias=True)
    (sigmoid): Sigmoid()
  )
)
2024-12-05 10:41 - INFO - * -----------
2024-12-05 10:49 - INFO - ---------------------------------------------
2024-12-05 10:49 - INFO - Epoch: 01 | Time: 8m 2s
2024-12-05 10:49 - INFO - 	 New best val_rocauc loss was found, current best value is 0.29879
2024-12-05 10:49 - INFO - 	 Train Loss: 0.241
2024-12-05 10:49 - INFO - 	 Val. Loss: 0.235
2024-12-05 10:49 - INFO - 	 ROC-AUC: 0.865
2024-12-05 10:49 - INFO - 	 PR-AUC: 0.299
2024-12-05 10:49 - INFO - 	 Best Val. Loss: 0.235
2024-12-05 10:49 - INFO - 	 Best ROC-AUC: 0.865
2024-12-05 10:49 - INFO - 	 Best PR-AUC: 0.299
2024-12-05 10:49 - INFO - 	 Test-ROC-AUC under Best Validation ROC-AUC: 0.855
2024-12-05 10:49 - INFO - 	 Test-PR-AUC under Best Validation Best PR-AUC: 0.357
2024-12-05 10:49 - INFO - ---------------------------------------------
2024-12-05 10:57 - INFO - ---------------------------------------------
2024-12-05 10:57 - INFO - Epoch: 02 | Time: 8m 2s
2024-12-05 10:57 - INFO - 	 New best val_rocauc loss was found, current best value is 0.78178
2024-12-05 10:57 - INFO - 	 Train Loss: 0.125
2024-12-05 10:57 - INFO - 	 Val. Loss: 0.084
2024-12-05 10:57 - INFO - 	 ROC-AUC: 0.978
2024-12-05 10:57 - INFO - 	 PR-AUC: 0.782
2024-12-05 10:57 - INFO - 	 Best Val. Loss: 0.084
2024-12-05 10:57 - INFO - 	 Best ROC-AUC: 0.978
2024-12-05 10:57 - INFO - 	 Best PR-AUC: 0.782
2024-12-05 10:57 - INFO - 	 Test-ROC-AUC under Best Validation ROC-AUC: 0.979
2024-12-05 10:57 - INFO - 	 Test-PR-AUC under Best Validation Best PR-AUC: 0.790
2024-12-05 10:57 - INFO - ---------------------------------------------
2024-12-05 11:05 - INFO - ---------------------------------------------
2024-12-05 11:05 - INFO - Epoch: 03 | Time: 8m 2s
2024-12-05 11:05 - INFO - 	 New best val_rocauc loss was found, current best value is 0.83113
2024-12-05 11:05 - INFO - 	 Train Loss: 0.088
2024-12-05 11:05 - INFO - 	 Val. Loss: 0.077
2024-12-05 11:05 - INFO - 	 ROC-AUC: 0.982
2024-12-05 11:05 - INFO - 	 PR-AUC: 0.831
2024-12-05 11:05 - INFO - 	 Best Val. Loss: 0.077
2024-12-05 11:05 - INFO - 	 Best ROC-AUC: 0.982
2024-12-05 11:05 - INFO - 	 Best PR-AUC: 0.831
2024-12-05 11:05 - INFO - 	 Test-ROC-AUC under Best Validation ROC-AUC: 0.982
2024-12-05 11:05 - INFO - 	 Test-PR-AUC under Best Validation Best PR-AUC: 0.816
2024-12-05 11:05 - INFO - ---------------------------------------------
2024-12-05 11:13 - INFO - ---------------------------------------------
2024-12-05 11:13 - INFO - Epoch: 04 | Time: 8m 2s
2024-12-05 11:13 - INFO - 	 New best val_rocauc loss was found, current best value is 0.83545
2024-12-05 11:13 - INFO - 	 Train Loss: 0.079
2024-12-05 11:13 - INFO - 	 Val. Loss: 0.082
2024-12-05 11:13 - INFO - 	 ROC-AUC: 0.983
2024-12-05 11:13 - INFO - 	 PR-AUC: 0.835
2024-12-05 11:13 - INFO - 	 Best Val. Loss: 0.077
2024-12-05 11:13 - INFO - 	 Best ROC-AUC: 0.983
2024-12-05 11:13 - INFO - 	 Best PR-AUC: 0.835
2024-12-05 11:13 - INFO - 	 Test-ROC-AUC under Best Validation ROC-AUC: 0.981
2024-12-05 11:13 - INFO - 	 Test-PR-AUC under Best Validation Best PR-AUC: 0.821
2024-12-05 11:13 - INFO - ---------------------------------------------
2024-12-05 11:21 - INFO - ---------------------------------------------
2024-12-05 11:21 - INFO - Epoch: 05 | Time: 8m 2s
2024-12-05 11:21 - INFO - 	 New best val_rocauc loss was found, current best value is 0.86938
2024-12-05 11:21 - INFO - 	 Train Loss: 0.076
2024-12-05 11:21 - INFO - 	 Val. Loss: 0.065
2024-12-05 11:21 - INFO - 	 ROC-AUC: 0.986
2024-12-05 11:21 - INFO - 	 PR-AUC: 0.869
2024-12-05 11:21 - INFO - 	 Best Val. Loss: 0.065
2024-12-05 11:21 - INFO - 	 Best ROC-AUC: 0.986
2024-12-05 11:21 - INFO - 	 Best PR-AUC: 0.869
2024-12-05 11:21 - INFO - 	 Test-ROC-AUC under Best Validation ROC-AUC: 0.983
2024-12-05 11:21 - INFO - 	 Test-PR-AUC under Best Validation Best PR-AUC: 0.838
2024-12-05 11:21 - INFO - ---------------------------------------------
2024-12-05 11:29 - INFO - ---------------------------------------------
2024-12-05 11:29 - INFO - Epoch: 06 | Time: 8m 1s
2024-12-05 11:29 - INFO - 	 Train Loss: 0.072
2024-12-05 11:29 - INFO - 	 Val. Loss: 0.065
2024-12-05 11:29 - INFO - 	 ROC-AUC: 0.987
2024-12-05 11:29 - INFO - 	 PR-AUC: 0.869
2024-12-05 11:29 - INFO - 	 Best Val. Loss: 0.065
2024-12-05 11:29 - INFO - 	 Best ROC-AUC: 0.987
2024-12-05 11:29 - INFO - 	 Best PR-AUC: 0.869
2024-12-05 11:29 - INFO - 	 Test-ROC-AUC under Best Validation ROC-AUC: 0.986
2024-12-05 11:29 - INFO - 	 Test-PR-AUC under Best Validation Best PR-AUC: 0.838
2024-12-05 11:29 - INFO - ---------------------------------------------
2024-12-05 11:37 - INFO - ---------------------------------------------
2024-12-05 11:37 - INFO - Epoch: 07 | Time: 8m 1s
2024-12-05 11:37 - INFO - 	 Train Loss: 0.071
2024-12-05 11:37 - INFO - 	 Val. Loss: 0.065
2024-12-05 11:37 - INFO - 	 ROC-AUC: 0.986
2024-12-05 11:37 - INFO - 	 PR-AUC: 0.864
2024-12-05 11:37 - INFO - 	 Best Val. Loss: 0.065
2024-12-05 11:37 - INFO - 	 Best ROC-AUC: 0.987
2024-12-05 11:37 - INFO - 	 Best PR-AUC: 0.869
2024-12-05 11:37 - INFO - 	 Test-ROC-AUC under Best Validation ROC-AUC: 0.986
2024-12-05 11:37 - INFO - 	 Test-PR-AUC under Best Validation Best PR-AUC: 0.838
2024-12-05 11:37 - INFO - ---------------------------------------------
2024-12-05 11:45 - INFO - ---------------------------------------------
2024-12-05 11:45 - INFO - Epoch: 08 | Time: 8m 2s
2024-12-05 11:45 - INFO - 	 New best val_rocauc loss was found, current best value is 0.88333
2024-12-05 11:45 - INFO - 	 Train Loss: 0.070
2024-12-05 11:45 - INFO - 	 Val. Loss: 0.062
2024-12-05 11:45 - INFO - 	 ROC-AUC: 0.987
2024-12-05 11:45 - INFO - 	 PR-AUC: 0.883
2024-12-05 11:45 - INFO - 	 Best Val. Loss: 0.062
2024-12-05 11:45 - INFO - 	 Best ROC-AUC: 0.987
2024-12-05 11:45 - INFO - 	 Best PR-AUC: 0.883
2024-12-05 11:45 - INFO - 	 Test-ROC-AUC under Best Validation ROC-AUC: 0.986
2024-12-05 11:45 - INFO - 	 Test-PR-AUC under Best Validation Best PR-AUC: 0.833
2024-12-05 11:45 - INFO - ---------------------------------------------
2024-12-05 11:53 - INFO - ---------------------------------------------
2024-12-05 11:53 - INFO - Epoch: 09 | Time: 8m 2s
2024-12-05 11:53 - INFO - 	 New best val_rocauc loss was found, current best value is 0.88857
2024-12-05 11:53 - INFO - 	 Train Loss: 0.068
2024-12-05 11:53 - INFO - 	 Val. Loss: 0.060
2024-12-05 11:53 - INFO - 	 ROC-AUC: 0.988
2024-12-05 11:53 - INFO - 	 PR-AUC: 0.889
2024-12-05 11:53 - INFO - 	 Best Val. Loss: 0.060
2024-12-05 11:53 - INFO - 	 Best ROC-AUC: 0.988
2024-12-05 11:53 - INFO - 	 Best PR-AUC: 0.889
2024-12-05 11:53 - INFO - 	 Test-ROC-AUC under Best Validation ROC-AUC: 0.985
2024-12-05 11:53 - INFO - 	 Test-PR-AUC under Best Validation Best PR-AUC: 0.867
2024-12-05 11:53 - INFO - ---------------------------------------------
2024-12-05 12:01 - INFO - ---------------------------------------------
2024-12-05 12:01 - INFO - Epoch: 10 | Time: 8m 2s
2024-12-05 12:01 - INFO - 	 Train Loss: 0.067
2024-12-05 12:01 - INFO - 	 Val. Loss: 0.063
2024-12-05 12:01 - INFO - 	 ROC-AUC: 0.987
2024-12-05 12:01 - INFO - 	 PR-AUC: 0.865
2024-12-05 12:01 - INFO - 	 Best Val. Loss: 0.060
2024-12-05 12:01 - INFO - 	 Best ROC-AUC: 0.988
2024-12-05 12:01 - INFO - 	 Best PR-AUC: 0.889
2024-12-05 12:01 - INFO - 	 Test-ROC-AUC under Best Validation ROC-AUC: 0.985
2024-12-05 12:01 - INFO - 	 Test-PR-AUC under Best Validation Best PR-AUC: 0.867
2024-12-05 12:01 - INFO - ---------------------------------------------
2024-12-05 12:03 - INFO - Fit the preprocessing pipeline
2024-12-05 12:03 - INFO - Training using device: cuda
2024-12-05 12:03 - INFO - Creating generators
2024-12-05 12:03 - INFO - The model has 2,246,929 trainable parameters
2024-12-05 12:03 - INFO - * Model:
2024-12-05 12:03 - INFO - * -----------
2024-12-05 12:03 - INFO - CombinedModel(
  (upstream_model): TSTransformerEncoderCNN(
    (project_input): Linear(in_features=12, out_features=128, bias=True)
    (encoder): Linear(in_features=12, out_features=128, bias=True)
    (transformer_encoder): TransformerEncoder(
      (layers): ModuleList(
        (0-7): 8 x TransformerEncoderLayer(
          (self_attn): MultiheadAttention(
            (out_proj): NonDynamicallyQuantizableLinear(in_features=128, out_features=128, bias=True)
          )
          (linear1): Linear(in_features=128, out_features=512, bias=True)
          (dropout): Dropout(p=0.4, inplace=False)
          (linear2): Linear(in_features=512, out_features=128, bias=True)
          (norm1): LayerNorm((128,), eps=1e-05, elementwise_affine=True)
          (norm2): LayerNorm((128,), eps=1e-05, elementwise_affine=True)
          (dropout1): Dropout(p=0.4, inplace=False)
          (dropout2): Dropout(p=0.4, inplace=False)
        )
      )
    )
    (output_layer): Linear(in_features=128, out_features=12, bias=True)
    (dropout1): Dropout(p=0.4, inplace=False)
    (cnn): Conv1d(128, 12, kernel_size=(3,), stride=(1,), padding=(1,))
  )
  (downstream_model): DownstreamInception(
    (conv1): ConvBlock(
      (conv): Conv1d(12, 64, kernel_size=(7,), stride=(2,), padding=(3,))
      (bn): BatchNorm1d(64, eps=1e-05, momentum=0.1, affine=True, track_running_stats=True)
    )
    (conv2): ConvBlock(
      (conv): Conv1d(64, 128, kernel_size=(3,), stride=(1,), padding=(1,))
      (bn): BatchNorm1d(128, eps=1e-05, momentum=0.1, affine=True, track_running_stats=True)
    )
    (maxpool): MaxPool1d(kernel_size=3, stride=2, padding=1, dilation=1, ceil_mode=False)
    (inception3a): InceptionBlock(
      (branch1): ConvBlock(
        (conv): Conv1d(128, 64, kernel_size=(1,), stride=(1,))
        (bn): BatchNorm1d(64, eps=1e-05, momentum=0.1, affine=True, track_running_stats=True)
      )
      (branch2): Sequential(
        (0): ConvBlock(
          (conv): Conv1d(128, 96, kernel_size=(1,), stride=(1,))
          (bn): BatchNorm1d(96, eps=1e-05, momentum=0.1, affine=True, track_running_stats=True)
        )
        (1): ConvBlock(
          (conv): Conv1d(96, 128, kernel_size=(3,), stride=(1,), padding=(1,))
          (bn): BatchNorm1d(128, eps=1e-05, momentum=0.1, affine=True, track_running_stats=True)
        )
      )
      (branch3): Sequential(
        (0): ConvBlock(
          (conv): Conv1d(128, 16, kernel_size=(1,), stride=(1,))
          (bn): BatchNorm1d(16, eps=1e-05, momentum=0.1, affine=True, track_running_stats=True)
        )
        (1): ConvBlock(
          (conv): Conv1d(16, 32, kernel_size=(5,), stride=(1,), padding=(2,))
          (bn): BatchNorm1d(32, eps=1e-05, momentum=0.1, affine=True, track_running_stats=True)
        )
      )
      (branch4): Sequential(
        (0): MaxPool2d(kernel_size=3, stride=1, padding=1, dilation=1, ceil_mode=False)
        (1): ConvBlock(
          (conv): Conv1d(128, 32, kernel_size=(1,), stride=(1,))
          (bn): BatchNorm1d(32, eps=1e-05, momentum=0.1, affine=True, track_running_stats=True)
        )
      )
    )
    (inception3b): InceptionBlock(
      (branch1): ConvBlock(
        (conv): Conv1d(256, 128, kernel_size=(1,), stride=(1,))
        (bn): BatchNorm1d(128, eps=1e-05, momentum=0.1, affine=True, track_running_stats=True)
      )
      (branch2): Sequential(
        (0): ConvBlock(
          (conv): Conv1d(256, 128, kernel_size=(1,), stride=(1,))
          (bn): BatchNorm1d(128, eps=1e-05, momentum=0.1, affine=True, track_running_stats=True)
        )
        (1): ConvBlock(
          (conv): Conv1d(128, 192, kernel_size=(3,), stride=(1,), padding=(1,))
          (bn): BatchNorm1d(192, eps=1e-05, momentum=0.1, affine=True, track_running_stats=True)
        )
      )
      (branch3): Sequential(
        (0): ConvBlock(
          (conv): Conv1d(256, 32, kernel_size=(1,), stride=(1,))
          (bn): BatchNorm1d(32, eps=1e-05, momentum=0.1, affine=True, track_running_stats=True)
        )
        (1): ConvBlock(
          (conv): Conv1d(32, 96, kernel_size=(5,), stride=(1,), padding=(2,))
          (bn): BatchNorm1d(96, eps=1e-05, momentum=0.1, affine=True, track_running_stats=True)
        )
      )
      (branch4): Sequential(
        (0): MaxPool2d(kernel_size=3, stride=1, padding=1, dilation=1, ceil_mode=False)
        (1): ConvBlock(
          (conv): Conv1d(256, 64, kernel_size=(1,), stride=(1,))
          (bn): BatchNorm1d(64, eps=1e-05, momentum=0.1, affine=True, track_running_stats=True)
        )
      )
    )
    (inception4a): InceptionBlock(
      (branch1): ConvBlock(
        (conv): Conv1d(480, 192, kernel_size=(1,), stride=(1,))
        (bn): BatchNorm1d(192, eps=1e-05, momentum=0.1, affine=True, track_running_stats=True)
      )
      (branch2): Sequential(
        (0): ConvBlock(
          (conv): Conv1d(480, 96, kernel_size=(1,), stride=(1,))
          (bn): BatchNorm1d(96, eps=1e-05, momentum=0.1, affine=True, track_running_stats=True)
        )
        (1): ConvBlock(
          (conv): Conv1d(96, 208, kernel_size=(3,), stride=(1,), padding=(1,))
          (bn): BatchNorm1d(208, eps=1e-05, momentum=0.1, affine=True, track_running_stats=True)
        )
      )
      (branch3): Sequential(
        (0): ConvBlock(
          (conv): Conv1d(480, 16, kernel_size=(1,), stride=(1,))
          (bn): BatchNorm1d(16, eps=1e-05, momentum=0.1, affine=True, track_running_stats=True)
        )
        (1): ConvBlock(
          (conv): Conv1d(16, 48, kernel_size=(5,), stride=(1,), padding=(2,))
          (bn): BatchNorm1d(48, eps=1e-05, momentum=0.1, affine=True, track_running_stats=True)
        )
      )
      (branch4): Sequential(
        (0): MaxPool2d(kernel_size=3, stride=1, padding=1, dilation=1, ceil_mode=False)
        (1): ConvBlock(
          (conv): Conv1d(480, 64, kernel_size=(1,), stride=(1,))
          (bn): BatchNorm1d(64, eps=1e-05, momentum=0.1, affine=True, track_running_stats=True)
        )
      )
    )
    (inception4b): InceptionBlock(
      (branch1): ConvBlock(
        (conv): Conv1d(512, 32, kernel_size=(1,), stride=(1,))
        (bn): BatchNorm1d(32, eps=1e-05, momentum=0.1, affine=True, track_running_stats=True)
      )
      (branch2): Sequential(
        (0): ConvBlock(
          (conv): Conv1d(512, 112, kernel_size=(1,), stride=(1,))
          (bn): BatchNorm1d(112, eps=1e-05, momentum=0.1, affine=True, track_running_stats=True)
        )
        (1): ConvBlock(
          (conv): Conv1d(112, 32, kernel_size=(3,), stride=(1,), padding=(1,))
          (bn): BatchNorm1d(32, eps=1e-05, momentum=0.1, affine=True, track_running_stats=True)
        )
      )
      (branch3): Sequential(
        (0): ConvBlock(
          (conv): Conv1d(512, 24, kernel_size=(1,), stride=(1,))
          (bn): BatchNorm1d(24, eps=1e-05, momentum=0.1, affine=True, track_running_stats=True)
        )
        (1): ConvBlock(
          (conv): Conv1d(24, 64, kernel_size=(5,), stride=(1,), padding=(2,))
          (bn): BatchNorm1d(64, eps=1e-05, momentum=0.1, affine=True, track_running_stats=True)
        )
      )
      (branch4): Sequential(
        (0): MaxPool2d(kernel_size=3, stride=1, padding=1, dilation=1, ceil_mode=False)
        (1): ConvBlock(
          (conv): Conv1d(512, 32, kernel_size=(1,), stride=(1,))
          (bn): BatchNorm1d(32, eps=1e-05, momentum=0.1, affine=True, track_running_stats=True)
        )
      )
    )
    (avgpool): AvgPool1d(kernel_size=(5,), stride=(1,), padding=(0,))
    (dropout): Dropout(p=0.5, inplace=False)
    (fc): Linear(in_features=8480, out_features=1, bias=True)
    (sigmoid): Sigmoid()
  )
)
2024-12-05 12:03 - INFO - * -----------
2024-12-05 12:11 - INFO - ---------------------------------------------
2024-12-05 12:11 - INFO - Epoch: 01 | Time: 8m 1s
2024-12-05 12:11 - INFO - 	 New best val_rocauc loss was found, current best value is 0.30511
2024-12-05 12:11 - INFO - 	 Train Loss: 0.238
2024-12-05 12:11 - INFO - 	 Val. Loss: 0.200
2024-12-05 12:11 - INFO - 	 ROC-AUC: 0.857
2024-12-05 12:11 - INFO - 	 PR-AUC: 0.305
2024-12-05 12:11 - INFO - 	 Best Val. Loss: 0.200
2024-12-05 12:11 - INFO - 	 Best ROC-AUC: 0.857
2024-12-05 12:11 - INFO - 	 Best PR-AUC: 0.305
2024-12-05 12:11 - INFO - 	 Test-ROC-AUC under Best Validation ROC-AUC: 0.856
2024-12-05 12:11 - INFO - 	 Test-PR-AUC under Best Validation Best PR-AUC: 0.365
2024-12-05 12:11 - INFO - ---------------------------------------------
2024-12-05 12:19 - INFO - ---------------------------------------------
2024-12-05 12:19 - INFO - Epoch: 02 | Time: 8m 1s
2024-12-05 12:19 - INFO - 	 New best val_rocauc loss was found, current best value is 0.77081
2024-12-05 12:19 - INFO - 	 Train Loss: 0.121
2024-12-05 12:19 - INFO - 	 Val. Loss: 0.086
2024-12-05 12:19 - INFO - 	 ROC-AUC: 0.977
2024-12-05 12:19 - INFO - 	 PR-AUC: 0.771
2024-12-05 12:19 - INFO - 	 Best Val. Loss: 0.086
2024-12-05 12:19 - INFO - 	 Best ROC-AUC: 0.977
2024-12-05 12:19 - INFO - 	 Best PR-AUC: 0.771
2024-12-05 12:19 - INFO - 	 Test-ROC-AUC under Best Validation ROC-AUC: 0.978
2024-12-05 12:19 - INFO - 	 Test-PR-AUC under Best Validation Best PR-AUC: 0.791
2024-12-05 12:19 - INFO - ---------------------------------------------
2024-12-05 12:27 - INFO - ---------------------------------------------
2024-12-05 12:27 - INFO - Epoch: 03 | Time: 8m 1s
2024-12-05 12:27 - INFO - 	 New best val_rocauc loss was found, current best value is 0.8371
2024-12-05 12:27 - INFO - 	 Train Loss: 0.085
2024-12-05 12:27 - INFO - 	 Val. Loss: 0.072
2024-12-05 12:27 - INFO - 	 ROC-AUC: 0.984
2024-12-05 12:27 - INFO - 	 PR-AUC: 0.837
2024-12-05 12:27 - INFO - 	 Best Val. Loss: 0.072
2024-12-05 12:27 - INFO - 	 Best ROC-AUC: 0.984
2024-12-05 12:27 - INFO - 	 Best PR-AUC: 0.837
2024-12-05 12:27 - INFO - 	 Test-ROC-AUC under Best Validation ROC-AUC: 0.980
2024-12-05 12:27 - INFO - 	 Test-PR-AUC under Best Validation Best PR-AUC: 0.821
2024-12-05 12:27 - INFO - ---------------------------------------------
2024-12-05 12:36 - INFO - ---------------------------------------------
2024-12-05 12:36 - INFO - Epoch: 04 | Time: 8m 2s
2024-12-05 12:36 - INFO - 	 New best val_rocauc loss was found, current best value is 0.8501
2024-12-05 12:36 - INFO - 	 Train Loss: 0.079
2024-12-05 12:36 - INFO - 	 Val. Loss: 0.068
2024-12-05 12:36 - INFO - 	 ROC-AUC: 0.985
2024-12-05 12:36 - INFO - 	 PR-AUC: 0.850
2024-12-05 12:36 - INFO - 	 Best Val. Loss: 0.068
2024-12-05 12:36 - INFO - 	 Best ROC-AUC: 0.985
2024-12-05 12:36 - INFO - 	 Best PR-AUC: 0.850
2024-12-05 12:36 - INFO - 	 Test-ROC-AUC under Best Validation ROC-AUC: 0.982
2024-12-05 12:36 - INFO - 	 Test-PR-AUC under Best Validation Best PR-AUC: 0.832
2024-12-05 12:36 - INFO - ---------------------------------------------
2024-12-05 12:44 - INFO - ---------------------------------------------
2024-12-05 12:44 - INFO - Epoch: 05 | Time: 8m 1s
2024-12-05 12:44 - INFO - 	 Train Loss: 0.076
2024-12-05 12:44 - INFO - 	 Val. Loss: 0.070
2024-12-05 12:44 - INFO - 	 ROC-AUC: 0.984
2024-12-05 12:44 - INFO - 	 PR-AUC: 0.846
2024-12-05 12:44 - INFO - 	 Best Val. Loss: 0.068
2024-12-05 12:44 - INFO - 	 Best ROC-AUC: 0.985
2024-12-05 12:44 - INFO - 	 Best PR-AUC: 0.850
2024-12-05 12:44 - INFO - 	 Test-ROC-AUC under Best Validation ROC-AUC: 0.982
2024-12-05 12:44 - INFO - 	 Test-PR-AUC under Best Validation Best PR-AUC: 0.832
2024-12-05 12:44 - INFO - ---------------------------------------------
2024-12-05 12:52 - INFO - ---------------------------------------------
2024-12-05 12:52 - INFO - Epoch: 06 | Time: 8m 1s
2024-12-05 12:52 - INFO - 	 Train Loss: 0.073
2024-12-05 12:52 - INFO - 	 Val. Loss: 0.073
2024-12-05 12:52 - INFO - 	 ROC-AUC: 0.985
2024-12-05 12:52 - INFO - 	 PR-AUC: 0.843
2024-12-05 12:52 - INFO - 	 Best Val. Loss: 0.068
2024-12-05 12:52 - INFO - 	 Best ROC-AUC: 0.985
2024-12-05 12:52 - INFO - 	 Best PR-AUC: 0.850
2024-12-05 12:52 - INFO - 	 Test-ROC-AUC under Best Validation ROC-AUC: 0.984
2024-12-05 12:52 - INFO - 	 Test-PR-AUC under Best Validation Best PR-AUC: 0.832
2024-12-05 12:52 - INFO - ---------------------------------------------
2024-12-05 13:00 - INFO - ---------------------------------------------
2024-12-05 13:00 - INFO - Epoch: 07 | Time: 8m 2s
2024-12-05 13:00 - INFO - 	 New best val_rocauc loss was found, current best value is 0.87324
2024-12-05 13:00 - INFO - 	 Train Loss: 0.072
2024-12-05 13:00 - INFO - 	 Val. Loss: 0.062
2024-12-05 13:00 - INFO - 	 ROC-AUC: 0.987
2024-12-05 13:00 - INFO - 	 PR-AUC: 0.873
2024-12-05 13:00 - INFO - 	 Best Val. Loss: 0.062
2024-12-05 13:00 - INFO - 	 Best ROC-AUC: 0.987
2024-12-05 13:00 - INFO - 	 Best PR-AUC: 0.873
2024-12-05 13:00 - INFO - 	 Test-ROC-AUC under Best Validation ROC-AUC: 0.984
2024-12-05 13:00 - INFO - 	 Test-PR-AUC under Best Validation Best PR-AUC: 0.836
2024-12-05 13:00 - INFO - ---------------------------------------------
2024-12-05 13:08 - INFO - ---------------------------------------------
2024-12-05 13:08 - INFO - Epoch: 08 | Time: 8m 2s
2024-12-05 13:08 - INFO - 	 Train Loss: 0.071
2024-12-05 13:08 - INFO - 	 Val. Loss: 0.064
2024-12-05 13:08 - INFO - 	 ROC-AUC: 0.986
2024-12-05 13:08 - INFO - 	 PR-AUC: 0.863
2024-12-05 13:08 - INFO - 	 Best Val. Loss: 0.062
2024-12-05 13:08 - INFO - 	 Best ROC-AUC: 0.987
2024-12-05 13:08 - INFO - 	 Best PR-AUC: 0.873
2024-12-05 13:08 - INFO - 	 Test-ROC-AUC under Best Validation ROC-AUC: 0.984
2024-12-05 13:08 - INFO - 	 Test-PR-AUC under Best Validation Best PR-AUC: 0.836
2024-12-05 13:08 - INFO - ---------------------------------------------
2024-12-05 13:16 - INFO - ---------------------------------------------
2024-12-05 13:16 - INFO - Epoch: 09 | Time: 8m 1s
2024-12-05 13:16 - INFO - 	 New best val_rocauc loss was found, current best value is 0.87699
2024-12-05 13:16 - INFO - 	 Train Loss: 0.068
2024-12-05 13:16 - INFO - 	 Val. Loss: 0.062
2024-12-05 13:16 - INFO - 	 ROC-AUC: 0.987
2024-12-05 13:16 - INFO - 	 PR-AUC: 0.877
2024-12-05 13:16 - INFO - 	 Best Val. Loss: 0.062
2024-12-05 13:16 - INFO - 	 Best ROC-AUC: 0.987
2024-12-05 13:16 - INFO - 	 Best PR-AUC: 0.877
2024-12-05 13:16 - INFO - 	 Test-ROC-AUC under Best Validation ROC-AUC: 0.985
2024-12-05 13:16 - INFO - 	 Test-PR-AUC under Best Validation Best PR-AUC: 0.845
2024-12-05 13:16 - INFO - ---------------------------------------------
2024-12-05 13:24 - INFO - ---------------------------------------------
2024-12-05 13:24 - INFO - Epoch: 10 | Time: 8m 1s
2024-12-05 13:24 - INFO - 	 New best val_rocauc loss was found, current best value is 0.87964
2024-12-05 13:24 - INFO - 	 Train Loss: 0.066
2024-12-05 13:24 - INFO - 	 Val. Loss: 0.062
2024-12-05 13:24 - INFO - 	 ROC-AUC: 0.988
2024-12-05 13:24 - INFO - 	 PR-AUC: 0.880
2024-12-05 13:24 - INFO - 	 Best Val. Loss: 0.062
2024-12-05 13:24 - INFO - 	 Best ROC-AUC: 0.988
2024-12-05 13:24 - INFO - 	 Best PR-AUC: 0.880
2024-12-05 13:24 - INFO - 	 Test-ROC-AUC under Best Validation ROC-AUC: 0.985
2024-12-05 13:24 - INFO - 	 Test-PR-AUC under Best Validation Best PR-AUC: 0.864
2024-12-05 13:24 - INFO - ---------------------------------------------
2024-12-05 13:26 - INFO - Fit the preprocessing pipeline
2024-12-05 13:26 - INFO - Training using device: cuda
2024-12-05 13:26 - INFO - Creating generators
2024-12-05 13:26 - INFO - The model has 2,246,929 trainable parameters
2024-12-05 13:26 - INFO - * Model:
2024-12-05 13:26 - INFO - * -----------
2024-12-05 13:26 - INFO - CombinedModel(
  (upstream_model): TSTransformerEncoderCNN(
    (project_input): Linear(in_features=12, out_features=128, bias=True)
    (encoder): Linear(in_features=12, out_features=128, bias=True)
    (transformer_encoder): TransformerEncoder(
      (layers): ModuleList(
        (0-7): 8 x TransformerEncoderLayer(
          (self_attn): MultiheadAttention(
            (out_proj): NonDynamicallyQuantizableLinear(in_features=128, out_features=128, bias=True)
          )
          (linear1): Linear(in_features=128, out_features=512, bias=True)
          (dropout): Dropout(p=0.4, inplace=False)
          (linear2): Linear(in_features=512, out_features=128, bias=True)
          (norm1): LayerNorm((128,), eps=1e-05, elementwise_affine=True)
          (norm2): LayerNorm((128,), eps=1e-05, elementwise_affine=True)
          (dropout1): Dropout(p=0.4, inplace=False)
          (dropout2): Dropout(p=0.4, inplace=False)
        )
      )
    )
    (output_layer): Linear(in_features=128, out_features=12, bias=True)
    (dropout1): Dropout(p=0.4, inplace=False)
    (cnn): Conv1d(128, 12, kernel_size=(3,), stride=(1,), padding=(1,))
  )
  (downstream_model): DownstreamInception(
    (conv1): ConvBlock(
      (conv): Conv1d(12, 64, kernel_size=(7,), stride=(2,), padding=(3,))
      (bn): BatchNorm1d(64, eps=1e-05, momentum=0.1, affine=True, track_running_stats=True)
    )
    (conv2): ConvBlock(
      (conv): Conv1d(64, 128, kernel_size=(3,), stride=(1,), padding=(1,))
      (bn): BatchNorm1d(128, eps=1e-05, momentum=0.1, affine=True, track_running_stats=True)
    )
    (maxpool): MaxPool1d(kernel_size=3, stride=2, padding=1, dilation=1, ceil_mode=False)
    (inception3a): InceptionBlock(
      (branch1): ConvBlock(
        (conv): Conv1d(128, 64, kernel_size=(1,), stride=(1,))
        (bn): BatchNorm1d(64, eps=1e-05, momentum=0.1, affine=True, track_running_stats=True)
      )
      (branch2): Sequential(
        (0): ConvBlock(
          (conv): Conv1d(128, 96, kernel_size=(1,), stride=(1,))
          (bn): BatchNorm1d(96, eps=1e-05, momentum=0.1, affine=True, track_running_stats=True)
        )
        (1): ConvBlock(
          (conv): Conv1d(96, 128, kernel_size=(3,), stride=(1,), padding=(1,))
          (bn): BatchNorm1d(128, eps=1e-05, momentum=0.1, affine=True, track_running_stats=True)
        )
      )
      (branch3): Sequential(
        (0): ConvBlock(
          (conv): Conv1d(128, 16, kernel_size=(1,), stride=(1,))
          (bn): BatchNorm1d(16, eps=1e-05, momentum=0.1, affine=True, track_running_stats=True)
        )
        (1): ConvBlock(
          (conv): Conv1d(16, 32, kernel_size=(5,), stride=(1,), padding=(2,))
          (bn): BatchNorm1d(32, eps=1e-05, momentum=0.1, affine=True, track_running_stats=True)
        )
      )
      (branch4): Sequential(
        (0): MaxPool2d(kernel_size=3, stride=1, padding=1, dilation=1, ceil_mode=False)
        (1): ConvBlock(
          (conv): Conv1d(128, 32, kernel_size=(1,), stride=(1,))
          (bn): BatchNorm1d(32, eps=1e-05, momentum=0.1, affine=True, track_running_stats=True)
        )
      )
    )
    (inception3b): InceptionBlock(
      (branch1): ConvBlock(
        (conv): Conv1d(256, 128, kernel_size=(1,), stride=(1,))
        (bn): BatchNorm1d(128, eps=1e-05, momentum=0.1, affine=True, track_running_stats=True)
      )
      (branch2): Sequential(
        (0): ConvBlock(
          (conv): Conv1d(256, 128, kernel_size=(1,), stride=(1,))
          (bn): BatchNorm1d(128, eps=1e-05, momentum=0.1, affine=True, track_running_stats=True)
        )
        (1): ConvBlock(
          (conv): Conv1d(128, 192, kernel_size=(3,), stride=(1,), padding=(1,))
          (bn): BatchNorm1d(192, eps=1e-05, momentum=0.1, affine=True, track_running_stats=True)
        )
      )
      (branch3): Sequential(
        (0): ConvBlock(
          (conv): Conv1d(256, 32, kernel_size=(1,), stride=(1,))
          (bn): BatchNorm1d(32, eps=1e-05, momentum=0.1, affine=True, track_running_stats=True)
        )
        (1): ConvBlock(
          (conv): Conv1d(32, 96, kernel_size=(5,), stride=(1,), padding=(2,))
          (bn): BatchNorm1d(96, eps=1e-05, momentum=0.1, affine=True, track_running_stats=True)
        )
      )
      (branch4): Sequential(
        (0): MaxPool2d(kernel_size=3, stride=1, padding=1, dilation=1, ceil_mode=False)
        (1): ConvBlock(
          (conv): Conv1d(256, 64, kernel_size=(1,), stride=(1,))
          (bn): BatchNorm1d(64, eps=1e-05, momentum=0.1, affine=True, track_running_stats=True)
        )
      )
    )
    (inception4a): InceptionBlock(
      (branch1): ConvBlock(
        (conv): Conv1d(480, 192, kernel_size=(1,), stride=(1,))
        (bn): BatchNorm1d(192, eps=1e-05, momentum=0.1, affine=True, track_running_stats=True)
      )
      (branch2): Sequential(
        (0): ConvBlock(
          (conv): Conv1d(480, 96, kernel_size=(1,), stride=(1,))
          (bn): BatchNorm1d(96, eps=1e-05, momentum=0.1, affine=True, track_running_stats=True)
        )
        (1): ConvBlock(
          (conv): Conv1d(96, 208, kernel_size=(3,), stride=(1,), padding=(1,))
          (bn): BatchNorm1d(208, eps=1e-05, momentum=0.1, affine=True, track_running_stats=True)
        )
      )
      (branch3): Sequential(
        (0): ConvBlock(
          (conv): Conv1d(480, 16, kernel_size=(1,), stride=(1,))
          (bn): BatchNorm1d(16, eps=1e-05, momentum=0.1, affine=True, track_running_stats=True)
        )
        (1): ConvBlock(
          (conv): Conv1d(16, 48, kernel_size=(5,), stride=(1,), padding=(2,))
          (bn): BatchNorm1d(48, eps=1e-05, momentum=0.1, affine=True, track_running_stats=True)
        )
      )
      (branch4): Sequential(
        (0): MaxPool2d(kernel_size=3, stride=1, padding=1, dilation=1, ceil_mode=False)
        (1): ConvBlock(
          (conv): Conv1d(480, 64, kernel_size=(1,), stride=(1,))
          (bn): BatchNorm1d(64, eps=1e-05, momentum=0.1, affine=True, track_running_stats=True)
        )
      )
    )
    (inception4b): InceptionBlock(
      (branch1): ConvBlock(
        (conv): Conv1d(512, 32, kernel_size=(1,), stride=(1,))
        (bn): BatchNorm1d(32, eps=1e-05, momentum=0.1, affine=True, track_running_stats=True)
      )
      (branch2): Sequential(
        (0): ConvBlock(
          (conv): Conv1d(512, 112, kernel_size=(1,), stride=(1,))
          (bn): BatchNorm1d(112, eps=1e-05, momentum=0.1, affine=True, track_running_stats=True)
        )
        (1): ConvBlock(
          (conv): Conv1d(112, 32, kernel_size=(3,), stride=(1,), padding=(1,))
          (bn): BatchNorm1d(32, eps=1e-05, momentum=0.1, affine=True, track_running_stats=True)
        )
      )
      (branch3): Sequential(
        (0): ConvBlock(
          (conv): Conv1d(512, 24, kernel_size=(1,), stride=(1,))
          (bn): BatchNorm1d(24, eps=1e-05, momentum=0.1, affine=True, track_running_stats=True)
        )
        (1): ConvBlock(
          (conv): Conv1d(24, 64, kernel_size=(5,), stride=(1,), padding=(2,))
          (bn): BatchNorm1d(64, eps=1e-05, momentum=0.1, affine=True, track_running_stats=True)
        )
      )
      (branch4): Sequential(
        (0): MaxPool2d(kernel_size=3, stride=1, padding=1, dilation=1, ceil_mode=False)
        (1): ConvBlock(
          (conv): Conv1d(512, 32, kernel_size=(1,), stride=(1,))
          (bn): BatchNorm1d(32, eps=1e-05, momentum=0.1, affine=True, track_running_stats=True)
        )
      )
    )
    (avgpool): AvgPool1d(kernel_size=(5,), stride=(1,), padding=(0,))
    (dropout): Dropout(p=0.5, inplace=False)
    (fc): Linear(in_features=8480, out_features=1, bias=True)
    (sigmoid): Sigmoid()
  )
)
2024-12-05 13:26 - INFO - * -----------
2024-12-05 13:34 - INFO - ---------------------------------------------
2024-12-05 13:34 - INFO - Epoch: 01 | Time: 8m 1s
2024-12-05 13:34 - INFO - 	 New best val_rocauc loss was found, current best value is 0.39704
2024-12-05 13:34 - INFO - 	 Train Loss: 0.228
2024-12-05 13:34 - INFO - 	 Val. Loss: 0.186
2024-12-05 13:34 - INFO - 	 ROC-AUC: 0.922
2024-12-05 13:34 - INFO - 	 PR-AUC: 0.397
2024-12-05 13:34 - INFO - 	 Best Val. Loss: 0.186
2024-12-05 13:34 - INFO - 	 Best ROC-AUC: 0.922
2024-12-05 13:34 - INFO - 	 Best PR-AUC: 0.397
2024-12-05 13:34 - INFO - 	 Test-ROC-AUC under Best Validation ROC-AUC: 0.924
2024-12-05 13:34 - INFO - 	 Test-PR-AUC under Best Validation Best PR-AUC: 0.457
2024-12-05 13:34 - INFO - ---------------------------------------------
2024-12-05 13:42 - INFO - ---------------------------------------------
2024-12-05 13:42 - INFO - Epoch: 02 | Time: 8m 2s
2024-12-05 13:42 - INFO - 	 New best val_rocauc loss was found, current best value is 0.79443
2024-12-05 13:42 - INFO - 	 Train Loss: 0.107
2024-12-05 13:42 - INFO - 	 Val. Loss: 0.081
2024-12-05 13:42 - INFO - 	 ROC-AUC: 0.980
2024-12-05 13:42 - INFO - 	 PR-AUC: 0.794
2024-12-05 13:42 - INFO - 	 Best Val. Loss: 0.081
2024-12-05 13:42 - INFO - 	 Best ROC-AUC: 0.980
2024-12-05 13:42 - INFO - 	 Best PR-AUC: 0.794
2024-12-05 13:42 - INFO - 	 Test-ROC-AUC under Best Validation ROC-AUC: 0.977
2024-12-05 13:42 - INFO - 	 Test-PR-AUC under Best Validation Best PR-AUC: 0.784
2024-12-05 13:42 - INFO - ---------------------------------------------
2024-12-05 13:50 - INFO - ---------------------------------------------
2024-12-05 13:50 - INFO - Epoch: 03 | Time: 8m 2s
2024-12-05 13:50 - INFO - 	 New best val_rocauc loss was found, current best value is 0.8327
2024-12-05 13:50 - INFO - 	 Train Loss: 0.085
2024-12-05 13:50 - INFO - 	 Val. Loss: 0.074
2024-12-05 13:50 - INFO - 	 ROC-AUC: 0.982
2024-12-05 13:50 - INFO - 	 PR-AUC: 0.833
2024-12-05 13:50 - INFO - 	 Best Val. Loss: 0.074
2024-12-05 13:50 - INFO - 	 Best ROC-AUC: 0.982
2024-12-05 13:50 - INFO - 	 Best PR-AUC: 0.833
2024-12-05 13:50 - INFO - 	 Test-ROC-AUC under Best Validation ROC-AUC: 0.979
2024-12-05 13:50 - INFO - 	 Test-PR-AUC under Best Validation Best PR-AUC: 0.804
2024-12-05 13:50 - INFO - ---------------------------------------------
2024-12-05 13:58 - INFO - ---------------------------------------------
2024-12-05 13:58 - INFO - Epoch: 04 | Time: 8m 1s
2024-12-05 13:58 - INFO - 	 New best val_rocauc loss was found, current best value is 0.84121
2024-12-05 13:58 - INFO - 	 Train Loss: 0.079
2024-12-05 13:58 - INFO - 	 Val. Loss: 0.072
2024-12-05 13:58 - INFO - 	 ROC-AUC: 0.984
2024-12-05 13:58 - INFO - 	 PR-AUC: 0.841
2024-12-05 13:58 - INFO - 	 Best Val. Loss: 0.072
2024-12-05 13:58 - INFO - 	 Best ROC-AUC: 0.984
2024-12-05 13:58 - INFO - 	 Best PR-AUC: 0.841
2024-12-05 13:58 - INFO - 	 Test-ROC-AUC under Best Validation ROC-AUC: 0.983
2024-12-05 13:58 - INFO - 	 Test-PR-AUC under Best Validation Best PR-AUC: 0.842
2024-12-05 13:58 - INFO - ---------------------------------------------
2024-12-05 14:06 - INFO - ---------------------------------------------
2024-12-05 14:06 - INFO - Epoch: 05 | Time: 8m 2s
2024-12-05 14:06 - INFO - 	 New best val_rocauc loss was found, current best value is 0.86576
2024-12-05 14:06 - INFO - 	 Train Loss: 0.075
2024-12-05 14:06 - INFO - 	 Val. Loss: 0.066
2024-12-05 14:06 - INFO - 	 ROC-AUC: 0.985
2024-12-05 14:06 - INFO - 	 PR-AUC: 0.866
2024-12-05 14:06 - INFO - 	 Best Val. Loss: 0.066
2024-12-05 14:06 - INFO - 	 Best ROC-AUC: 0.985
2024-12-05 14:06 - INFO - 	 Best PR-AUC: 0.866
2024-12-05 14:06 - INFO - 	 Test-ROC-AUC under Best Validation ROC-AUC: 0.982
2024-12-05 14:06 - INFO - 	 Test-PR-AUC under Best Validation Best PR-AUC: 0.828
2024-12-05 14:06 - INFO - ---------------------------------------------
2024-12-05 14:14 - INFO - ---------------------------------------------
2024-12-05 14:14 - INFO - Epoch: 06 | Time: 8m 1s
2024-12-05 14:14 - INFO - 	 Train Loss: 0.074
2024-12-05 14:14 - INFO - 	 Val. Loss: 0.069
2024-12-05 14:14 - INFO - 	 ROC-AUC: 0.984
2024-12-05 14:14 - INFO - 	 PR-AUC: 0.853
2024-12-05 14:14 - INFO - 	 Best Val. Loss: 0.066
2024-12-05 14:14 - INFO - 	 Best ROC-AUC: 0.985
2024-12-05 14:14 - INFO - 	 Best PR-AUC: 0.866
2024-12-05 14:14 - INFO - 	 Test-ROC-AUC under Best Validation ROC-AUC: 0.982
2024-12-05 14:14 - INFO - 	 Test-PR-AUC under Best Validation Best PR-AUC: 0.828
2024-12-05 14:14 - INFO - ---------------------------------------------
2024-12-05 14:22 - INFO - ---------------------------------------------
2024-12-05 14:22 - INFO - Epoch: 07 | Time: 8m 1s
2024-12-05 14:22 - INFO - 	 Train Loss: 0.072
2024-12-05 14:22 - INFO - 	 Val. Loss: 0.066
2024-12-05 14:22 - INFO - 	 ROC-AUC: 0.985
2024-12-05 14:22 - INFO - 	 PR-AUC: 0.856
2024-12-05 14:22 - INFO - 	 Best Val. Loss: 0.066
2024-12-05 14:22 - INFO - 	 Best ROC-AUC: 0.985
2024-12-05 14:22 - INFO - 	 Best PR-AUC: 0.866
2024-12-05 14:22 - INFO - 	 Test-ROC-AUC under Best Validation ROC-AUC: 0.982
2024-12-05 14:22 - INFO - 	 Test-PR-AUC under Best Validation Best PR-AUC: 0.828
2024-12-05 14:22 - INFO - ---------------------------------------------
2024-12-05 14:30 - INFO - ---------------------------------------------
2024-12-05 14:30 - INFO - Epoch: 08 | Time: 8m 2s
2024-12-05 14:30 - INFO - 	 Train Loss: 0.069
2024-12-05 14:30 - INFO - 	 Val. Loss: 0.064
2024-12-05 14:30 - INFO - 	 ROC-AUC: 0.987
2024-12-05 14:30 - INFO - 	 PR-AUC: 0.864
2024-12-05 14:30 - INFO - 	 Best Val. Loss: 0.064
2024-12-05 14:30 - INFO - 	 Best ROC-AUC: 0.987
2024-12-05 14:30 - INFO - 	 Best PR-AUC: 0.866
2024-12-05 14:30 - INFO - 	 Test-ROC-AUC under Best Validation ROC-AUC: 0.984
2024-12-05 14:30 - INFO - 	 Test-PR-AUC under Best Validation Best PR-AUC: 0.828
2024-12-05 14:30 - INFO - ---------------------------------------------
2024-12-05 14:38 - INFO - ---------------------------------------------
2024-12-05 14:38 - INFO - Epoch: 09 | Time: 8m 1s
2024-12-05 14:38 - INFO - 	 New best val_rocauc loss was found, current best value is 0.86612
2024-12-05 14:38 - INFO - 	 Train Loss: 0.068
2024-12-05 14:38 - INFO - 	 Val. Loss: 0.067
2024-12-05 14:38 - INFO - 	 ROC-AUC: 0.986
2024-12-05 14:38 - INFO - 	 PR-AUC: 0.866
2024-12-05 14:38 - INFO - 	 Best Val. Loss: 0.064
2024-12-05 14:38 - INFO - 	 Best ROC-AUC: 0.987
2024-12-05 14:38 - INFO - 	 Best PR-AUC: 0.866
2024-12-05 14:38 - INFO - 	 Test-ROC-AUC under Best Validation ROC-AUC: 0.984
2024-12-05 14:38 - INFO - 	 Test-PR-AUC under Best Validation Best PR-AUC: 0.848
2024-12-05 14:38 - INFO - ---------------------------------------------
2024-12-05 14:46 - INFO - ---------------------------------------------
2024-12-05 14:46 - INFO - Epoch: 10 | Time: 8m 1s
2024-12-05 14:46 - INFO - 	 Train Loss: 0.067
2024-12-05 14:46 - INFO - 	 Val. Loss: 0.063
2024-12-05 14:46 - INFO - 	 ROC-AUC: 0.987
2024-12-05 14:46 - INFO - 	 PR-AUC: 0.858
2024-12-05 14:46 - INFO - 	 Best Val. Loss: 0.063
2024-12-05 14:46 - INFO - 	 Best ROC-AUC: 0.987
2024-12-05 14:46 - INFO - 	 Best PR-AUC: 0.866
2024-12-05 14:46 - INFO - 	 Test-ROC-AUC under Best Validation ROC-AUC: 0.984
2024-12-05 14:46 - INFO - 	 Test-PR-AUC under Best Validation Best PR-AUC: 0.848
2024-12-05 14:46 - INFO - ---------------------------------------------
2024-12-05 14:49 - INFO - Fit the preprocessing pipeline
2024-12-05 14:49 - INFO - Training using device: cuda
2024-12-05 14:49 - INFO - Creating generators
2024-12-05 14:49 - INFO - The model has 2,246,929 trainable parameters
2024-12-05 14:49 - INFO - * Model:
2024-12-05 14:49 - INFO - * -----------
2024-12-05 14:49 - INFO - CombinedModel(
  (upstream_model): TSTransformerEncoderCNN(
    (project_input): Linear(in_features=12, out_features=128, bias=True)
    (encoder): Linear(in_features=12, out_features=128, bias=True)
    (transformer_encoder): TransformerEncoder(
      (layers): ModuleList(
        (0-7): 8 x TransformerEncoderLayer(
          (self_attn): MultiheadAttention(
            (out_proj): NonDynamicallyQuantizableLinear(in_features=128, out_features=128, bias=True)
          )
          (linear1): Linear(in_features=128, out_features=512, bias=True)
          (dropout): Dropout(p=0.4, inplace=False)
          (linear2): Linear(in_features=512, out_features=128, bias=True)
          (norm1): LayerNorm((128,), eps=1e-05, elementwise_affine=True)
          (norm2): LayerNorm((128,), eps=1e-05, elementwise_affine=True)
          (dropout1): Dropout(p=0.4, inplace=False)
          (dropout2): Dropout(p=0.4, inplace=False)
        )
      )
    )
    (output_layer): Linear(in_features=128, out_features=12, bias=True)
    (dropout1): Dropout(p=0.4, inplace=False)
    (cnn): Conv1d(128, 12, kernel_size=(3,), stride=(1,), padding=(1,))
  )
  (downstream_model): DownstreamInception(
    (conv1): ConvBlock(
      (conv): Conv1d(12, 64, kernel_size=(7,), stride=(2,), padding=(3,))
      (bn): BatchNorm1d(64, eps=1e-05, momentum=0.1, affine=True, track_running_stats=True)
    )
    (conv2): ConvBlock(
      (conv): Conv1d(64, 128, kernel_size=(3,), stride=(1,), padding=(1,))
      (bn): BatchNorm1d(128, eps=1e-05, momentum=0.1, affine=True, track_running_stats=True)
    )
    (maxpool): MaxPool1d(kernel_size=3, stride=2, padding=1, dilation=1, ceil_mode=False)
    (inception3a): InceptionBlock(
      (branch1): ConvBlock(
        (conv): Conv1d(128, 64, kernel_size=(1,), stride=(1,))
        (bn): BatchNorm1d(64, eps=1e-05, momentum=0.1, affine=True, track_running_stats=True)
      )
      (branch2): Sequential(
        (0): ConvBlock(
          (conv): Conv1d(128, 96, kernel_size=(1,), stride=(1,))
          (bn): BatchNorm1d(96, eps=1e-05, momentum=0.1, affine=True, track_running_stats=True)
        )
        (1): ConvBlock(
          (conv): Conv1d(96, 128, kernel_size=(3,), stride=(1,), padding=(1,))
          (bn): BatchNorm1d(128, eps=1e-05, momentum=0.1, affine=True, track_running_stats=True)
        )
      )
      (branch3): Sequential(
        (0): ConvBlock(
          (conv): Conv1d(128, 16, kernel_size=(1,), stride=(1,))
          (bn): BatchNorm1d(16, eps=1e-05, momentum=0.1, affine=True, track_running_stats=True)
        )
        (1): ConvBlock(
          (conv): Conv1d(16, 32, kernel_size=(5,), stride=(1,), padding=(2,))
          (bn): BatchNorm1d(32, eps=1e-05, momentum=0.1, affine=True, track_running_stats=True)
        )
      )
      (branch4): Sequential(
        (0): MaxPool2d(kernel_size=3, stride=1, padding=1, dilation=1, ceil_mode=False)
        (1): ConvBlock(
          (conv): Conv1d(128, 32, kernel_size=(1,), stride=(1,))
          (bn): BatchNorm1d(32, eps=1e-05, momentum=0.1, affine=True, track_running_stats=True)
        )
      )
    )
    (inception3b): InceptionBlock(
      (branch1): ConvBlock(
        (conv): Conv1d(256, 128, kernel_size=(1,), stride=(1,))
        (bn): BatchNorm1d(128, eps=1e-05, momentum=0.1, affine=True, track_running_stats=True)
      )
      (branch2): Sequential(
        (0): ConvBlock(
          (conv): Conv1d(256, 128, kernel_size=(1,), stride=(1,))
          (bn): BatchNorm1d(128, eps=1e-05, momentum=0.1, affine=True, track_running_stats=True)
        )
        (1): ConvBlock(
          (conv): Conv1d(128, 192, kernel_size=(3,), stride=(1,), padding=(1,))
          (bn): BatchNorm1d(192, eps=1e-05, momentum=0.1, affine=True, track_running_stats=True)
        )
      )
      (branch3): Sequential(
        (0): ConvBlock(
          (conv): Conv1d(256, 32, kernel_size=(1,), stride=(1,))
          (bn): BatchNorm1d(32, eps=1e-05, momentum=0.1, affine=True, track_running_stats=True)
        )
        (1): ConvBlock(
          (conv): Conv1d(32, 96, kernel_size=(5,), stride=(1,), padding=(2,))
          (bn): BatchNorm1d(96, eps=1e-05, momentum=0.1, affine=True, track_running_stats=True)
        )
      )
      (branch4): Sequential(
        (0): MaxPool2d(kernel_size=3, stride=1, padding=1, dilation=1, ceil_mode=False)
        (1): ConvBlock(
          (conv): Conv1d(256, 64, kernel_size=(1,), stride=(1,))
          (bn): BatchNorm1d(64, eps=1e-05, momentum=0.1, affine=True, track_running_stats=True)
        )
      )
    )
    (inception4a): InceptionBlock(
      (branch1): ConvBlock(
        (conv): Conv1d(480, 192, kernel_size=(1,), stride=(1,))
        (bn): BatchNorm1d(192, eps=1e-05, momentum=0.1, affine=True, track_running_stats=True)
      )
      (branch2): Sequential(
        (0): ConvBlock(
          (conv): Conv1d(480, 96, kernel_size=(1,), stride=(1,))
          (bn): BatchNorm1d(96, eps=1e-05, momentum=0.1, affine=True, track_running_stats=True)
        )
        (1): ConvBlock(
          (conv): Conv1d(96, 208, kernel_size=(3,), stride=(1,), padding=(1,))
          (bn): BatchNorm1d(208, eps=1e-05, momentum=0.1, affine=True, track_running_stats=True)
        )
      )
      (branch3): Sequential(
        (0): ConvBlock(
          (conv): Conv1d(480, 16, kernel_size=(1,), stride=(1,))
          (bn): BatchNorm1d(16, eps=1e-05, momentum=0.1, affine=True, track_running_stats=True)
        )
        (1): ConvBlock(
          (conv): Conv1d(16, 48, kernel_size=(5,), stride=(1,), padding=(2,))
          (bn): BatchNorm1d(48, eps=1e-05, momentum=0.1, affine=True, track_running_stats=True)
        )
      )
      (branch4): Sequential(
        (0): MaxPool2d(kernel_size=3, stride=1, padding=1, dilation=1, ceil_mode=False)
        (1): ConvBlock(
          (conv): Conv1d(480, 64, kernel_size=(1,), stride=(1,))
          (bn): BatchNorm1d(64, eps=1e-05, momentum=0.1, affine=True, track_running_stats=True)
        )
      )
    )
    (inception4b): InceptionBlock(
      (branch1): ConvBlock(
        (conv): Conv1d(512, 32, kernel_size=(1,), stride=(1,))
        (bn): BatchNorm1d(32, eps=1e-05, momentum=0.1, affine=True, track_running_stats=True)
      )
      (branch2): Sequential(
        (0): ConvBlock(
          (conv): Conv1d(512, 112, kernel_size=(1,), stride=(1,))
          (bn): BatchNorm1d(112, eps=1e-05, momentum=0.1, affine=True, track_running_stats=True)
        )
        (1): ConvBlock(
          (conv): Conv1d(112, 32, kernel_size=(3,), stride=(1,), padding=(1,))
          (bn): BatchNorm1d(32, eps=1e-05, momentum=0.1, affine=True, track_running_stats=True)
        )
      )
      (branch3): Sequential(
        (0): ConvBlock(
          (conv): Conv1d(512, 24, kernel_size=(1,), stride=(1,))
          (bn): BatchNorm1d(24, eps=1e-05, momentum=0.1, affine=True, track_running_stats=True)
        )
        (1): ConvBlock(
          (conv): Conv1d(24, 64, kernel_size=(5,), stride=(1,), padding=(2,))
          (bn): BatchNorm1d(64, eps=1e-05, momentum=0.1, affine=True, track_running_stats=True)
        )
      )
      (branch4): Sequential(
        (0): MaxPool2d(kernel_size=3, stride=1, padding=1, dilation=1, ceil_mode=False)
        (1): ConvBlock(
          (conv): Conv1d(512, 32, kernel_size=(1,), stride=(1,))
          (bn): BatchNorm1d(32, eps=1e-05, momentum=0.1, affine=True, track_running_stats=True)
        )
      )
    )
    (avgpool): AvgPool1d(kernel_size=(5,), stride=(1,), padding=(0,))
    (dropout): Dropout(p=0.5, inplace=False)
    (fc): Linear(in_features=8480, out_features=1, bias=True)
    (sigmoid): Sigmoid()
  )
)
2024-12-05 14:49 - INFO - * -----------
2024-12-05 14:57 - INFO - ---------------------------------------------
2024-12-05 14:57 - INFO - Epoch: 01 | Time: 8m 1s
2024-12-05 14:57 - INFO - 	 New best val_rocauc loss was found, current best value is 0.32197
2024-12-05 14:57 - INFO - 	 Train Loss: 0.236
2024-12-05 14:57 - INFO - 	 Val. Loss: 0.234
2024-12-05 14:57 - INFO - 	 ROC-AUC: 0.867
2024-12-05 14:57 - INFO - 	 PR-AUC: 0.322
2024-12-05 14:57 - INFO - 	 Best Val. Loss: 0.234
2024-12-05 14:57 - INFO - 	 Best ROC-AUC: 0.867
2024-12-05 14:57 - INFO - 	 Best PR-AUC: 0.322
2024-12-05 14:57 - INFO - 	 Test-ROC-AUC under Best Validation ROC-AUC: 0.863
2024-12-05 14:57 - INFO - 	 Test-PR-AUC under Best Validation Best PR-AUC: 0.374
2024-12-05 14:57 - INFO - ---------------------------------------------
2024-12-05 15:05 - INFO - ---------------------------------------------
2024-12-05 15:05 - INFO - Epoch: 02 | Time: 8m 1s
2024-12-05 15:05 - INFO - 	 New best val_rocauc loss was found, current best value is 0.79259
2024-12-05 15:05 - INFO - 	 Train Loss: 0.120
2024-12-05 15:05 - INFO - 	 Val. Loss: 0.091
2024-12-05 15:05 - INFO - 	 ROC-AUC: 0.978
2024-12-05 15:05 - INFO - 	 PR-AUC: 0.793
2024-12-05 15:05 - INFO - 	 Best Val. Loss: 0.091
2024-12-05 15:05 - INFO - 	 Best ROC-AUC: 0.978
2024-12-05 15:05 - INFO - 	 Best PR-AUC: 0.793
2024-12-05 15:05 - INFO - 	 Test-ROC-AUC under Best Validation ROC-AUC: 0.978
2024-12-05 15:05 - INFO - 	 Test-PR-AUC under Best Validation Best PR-AUC: 0.781
2024-12-05 15:05 - INFO - ---------------------------------------------
2024-12-05 15:13 - INFO - ---------------------------------------------
2024-12-05 15:13 - INFO - Epoch: 03 | Time: 8m 1s
2024-12-05 15:13 - INFO - 	 New best val_rocauc loss was found, current best value is 0.83969
2024-12-05 15:13 - INFO - 	 Train Loss: 0.088
2024-12-05 15:13 - INFO - 	 Val. Loss: 0.075
2024-12-05 15:13 - INFO - 	 ROC-AUC: 0.982
2024-12-05 15:13 - INFO - 	 PR-AUC: 0.840
2024-12-05 15:13 - INFO - 	 Best Val. Loss: 0.075
2024-12-05 15:13 - INFO - 	 Best ROC-AUC: 0.982
2024-12-05 15:13 - INFO - 	 Best PR-AUC: 0.840
2024-12-05 15:13 - INFO - 	 Test-ROC-AUC under Best Validation ROC-AUC: 0.982
2024-12-05 15:13 - INFO - 	 Test-PR-AUC under Best Validation Best PR-AUC: 0.818
2024-12-05 15:13 - INFO - ---------------------------------------------
2024-12-05 15:21 - INFO - ---------------------------------------------
2024-12-05 15:21 - INFO - Epoch: 04 | Time: 8m 1s
2024-12-05 15:21 - INFO - 	 New best val_rocauc loss was found, current best value is 0.8579
2024-12-05 15:21 - INFO - 	 Train Loss: 0.079
2024-12-05 15:21 - INFO - 	 Val. Loss: 0.077
2024-12-05 15:21 - INFO - 	 ROC-AUC: 0.984
2024-12-05 15:21 - INFO - 	 PR-AUC: 0.858
2024-12-05 15:21 - INFO - 	 Best Val. Loss: 0.075
2024-12-05 15:21 - INFO - 	 Best ROC-AUC: 0.984
2024-12-05 15:21 - INFO - 	 Best PR-AUC: 0.858
2024-12-05 15:21 - INFO - 	 Test-ROC-AUC under Best Validation ROC-AUC: 0.983
2024-12-05 15:21 - INFO - 	 Test-PR-AUC under Best Validation Best PR-AUC: 0.834
2024-12-05 15:21 - INFO - ---------------------------------------------
2024-12-05 15:29 - INFO - ---------------------------------------------
2024-12-05 15:29 - INFO - Epoch: 05 | Time: 8m 1s
2024-12-05 15:29 - INFO - 	 New best val_rocauc loss was found, current best value is 0.8687
2024-12-05 15:29 - INFO - 	 Train Loss: 0.076
2024-12-05 15:29 - INFO - 	 Val. Loss: 0.066
2024-12-05 15:29 - INFO - 	 ROC-AUC: 0.985
2024-12-05 15:29 - INFO - 	 PR-AUC: 0.869
2024-12-05 15:29 - INFO - 	 Best Val. Loss: 0.066
2024-12-05 15:29 - INFO - 	 Best ROC-AUC: 0.985
2024-12-05 15:29 - INFO - 	 Best PR-AUC: 0.869
2024-12-05 15:29 - INFO - 	 Test-ROC-AUC under Best Validation ROC-AUC: 0.984
2024-12-05 15:29 - INFO - 	 Test-PR-AUC under Best Validation Best PR-AUC: 0.848
2024-12-05 15:29 - INFO - ---------------------------------------------
2024-12-05 15:37 - INFO - ---------------------------------------------
2024-12-05 15:37 - INFO - Epoch: 06 | Time: 8m 1s
2024-12-05 15:37 - INFO - 	 New best val_rocauc loss was found, current best value is 0.87074
2024-12-05 15:37 - INFO - 	 Train Loss: 0.073
2024-12-05 15:37 - INFO - 	 Val. Loss: 0.062
2024-12-05 15:37 - INFO - 	 ROC-AUC: 0.986
2024-12-05 15:37 - INFO - 	 PR-AUC: 0.871
2024-12-05 15:37 - INFO - 	 Best Val. Loss: 0.062
2024-12-05 15:37 - INFO - 	 Best ROC-AUC: 0.986
2024-12-05 15:37 - INFO - 	 Best PR-AUC: 0.871
2024-12-05 15:37 - INFO - 	 Test-ROC-AUC under Best Validation ROC-AUC: 0.984
2024-12-05 15:37 - INFO - 	 Test-PR-AUC under Best Validation Best PR-AUC: 0.855
2024-12-05 15:37 - INFO - ---------------------------------------------
2024-12-05 15:45 - INFO - ---------------------------------------------
2024-12-05 15:45 - INFO - Epoch: 07 | Time: 8m 1s
2024-12-05 15:45 - INFO - 	 Train Loss: 0.071
2024-12-05 15:45 - INFO - 	 Val. Loss: 0.066
2024-12-05 15:45 - INFO - 	 ROC-AUC: 0.986
2024-12-05 15:45 - INFO - 	 PR-AUC: 0.858
2024-12-05 15:45 - INFO - 	 Best Val. Loss: 0.062
2024-12-05 15:45 - INFO - 	 Best ROC-AUC: 0.986
2024-12-05 15:45 - INFO - 	 Best PR-AUC: 0.871
2024-12-05 15:45 - INFO - 	 Test-ROC-AUC under Best Validation ROC-AUC: 0.984
2024-12-05 15:45 - INFO - 	 Test-PR-AUC under Best Validation Best PR-AUC: 0.855
2024-12-05 15:45 - INFO - ---------------------------------------------
2024-12-05 15:53 - INFO - ---------------------------------------------
2024-12-05 15:53 - INFO - Epoch: 08 | Time: 8m 1s
2024-12-05 15:53 - INFO - 	 Train Loss: 0.069
2024-12-05 15:53 - INFO - 	 Val. Loss: 0.066
2024-12-05 15:53 - INFO - 	 ROC-AUC: 0.986
2024-12-05 15:53 - INFO - 	 PR-AUC: 0.864
2024-12-05 15:53 - INFO - 	 Best Val. Loss: 0.062
2024-12-05 15:53 - INFO - 	 Best ROC-AUC: 0.986
2024-12-05 15:53 - INFO - 	 Best PR-AUC: 0.871
2024-12-05 15:53 - INFO - 	 Test-ROC-AUC under Best Validation ROC-AUC: 0.984
2024-12-05 15:53 - INFO - 	 Test-PR-AUC under Best Validation Best PR-AUC: 0.855
2024-12-05 15:53 - INFO - ---------------------------------------------
2024-12-05 16:01 - INFO - ---------------------------------------------
2024-12-05 16:01 - INFO - Epoch: 09 | Time: 8m 1s
2024-12-05 16:01 - INFO - 	 New best val_rocauc loss was found, current best value is 0.87462
2024-12-05 16:01 - INFO - 	 Train Loss: 0.068
2024-12-05 16:01 - INFO - 	 Val. Loss: 0.062
2024-12-05 16:01 - INFO - 	 ROC-AUC: 0.987
2024-12-05 16:01 - INFO - 	 PR-AUC: 0.875
2024-12-05 16:01 - INFO - 	 Best Val. Loss: 0.062
2024-12-05 16:01 - INFO - 	 Best ROC-AUC: 0.987
2024-12-05 16:01 - INFO - 	 Best PR-AUC: 0.875
2024-12-05 16:01 - INFO - 	 Test-ROC-AUC under Best Validation ROC-AUC: 0.986
2024-12-05 16:01 - INFO - 	 Test-PR-AUC under Best Validation Best PR-AUC: 0.861
2024-12-05 16:01 - INFO - ---------------------------------------------
2024-12-05 16:09 - INFO - ---------------------------------------------
2024-12-05 16:09 - INFO - Epoch: 10 | Time: 8m 1s
2024-12-05 16:09 - INFO - 	 Train Loss: 0.067
2024-12-05 16:09 - INFO - 	 Val. Loss: 0.063
2024-12-05 16:09 - INFO - 	 ROC-AUC: 0.986
2024-12-05 16:09 - INFO - 	 PR-AUC: 0.870
2024-12-05 16:09 - INFO - 	 Best Val. Loss: 0.062
2024-12-05 16:09 - INFO - 	 Best ROC-AUC: 0.987
2024-12-05 16:09 - INFO - 	 Best PR-AUC: 0.875
2024-12-05 16:09 - INFO - 	 Test-ROC-AUC under Best Validation ROC-AUC: 0.986
2024-12-05 16:09 - INFO - 	 Test-PR-AUC under Best Validation Best PR-AUC: 0.861
2024-12-05 16:09 - INFO - ---------------------------------------------
