2024-10-04 23:28 - INFO - Fit the preprocessing pipeline
2024-10-04 23:28 - INFO - Training using device: cuda
2024-10-04 23:28 - INFO - Creating generators
2024-10-04 23:28 - INFO - The model has 2,246,929 trainable parameters
2024-10-04 23:28 - INFO - * Model:
2024-10-04 23:28 - INFO - * -----------
2024-10-04 23:28 - INFO - CombinedModel(
  (upstream_model): TSTransformerEncoderCNN(
    (project_input): Linear(in_features=12, out_features=128, bias=True)
    (encoder): Linear(in_features=12, out_features=128, bias=True)
    (transformer_encoder): TransformerEncoder(
      (layers): ModuleList(
        (0-7): 8 x TransformerEncoderLayer(
          (self_attn): MultiheadAttention(
            (out_proj): NonDynamicallyQuantizableLinear(in_features=128, out_features=128, bias=True)
          )
          (linear1): Linear(in_features=128, out_features=512, bias=True)
          (dropout): Dropout(p=0.4, inplace=False)
          (linear2): Linear(in_features=512, out_features=128, bias=True)
          (norm1): LayerNorm((128,), eps=1e-05, elementwise_affine=True)
          (norm2): LayerNorm((128,), eps=1e-05, elementwise_affine=True)
          (dropout1): Dropout(p=0.4, inplace=False)
          (dropout2): Dropout(p=0.4, inplace=False)
        )
      )
    )
    (output_layer): Linear(in_features=128, out_features=12, bias=True)
    (dropout1): Dropout(p=0.4, inplace=False)
    (cnn): Conv1d(128, 12, kernel_size=(3,), stride=(1,), padding=(1,))
  )
  (downstream_model): DownstreamInception(
    (conv1): ConvBlock(
      (conv): Conv1d(12, 64, kernel_size=(7,), stride=(2,), padding=(3,))
      (bn): BatchNorm1d(64, eps=1e-05, momentum=0.1, affine=True, track_running_stats=True)
    )
    (conv2): ConvBlock(
      (conv): Conv1d(64, 128, kernel_size=(3,), stride=(1,), padding=(1,))
      (bn): BatchNorm1d(128, eps=1e-05, momentum=0.1, affine=True, track_running_stats=True)
    )
    (maxpool): MaxPool1d(kernel_size=3, stride=2, padding=1, dilation=1, ceil_mode=False)
    (inception3a): InceptionBlock(
      (branch1): ConvBlock(
        (conv): Conv1d(128, 64, kernel_size=(1,), stride=(1,))
        (bn): BatchNorm1d(64, eps=1e-05, momentum=0.1, affine=True, track_running_stats=True)
      )
      (branch2): Sequential(
        (0): ConvBlock(
          (conv): Conv1d(128, 96, kernel_size=(1,), stride=(1,))
          (bn): BatchNorm1d(96, eps=1e-05, momentum=0.1, affine=True, track_running_stats=True)
        )
        (1): ConvBlock(
          (conv): Conv1d(96, 128, kernel_size=(3,), stride=(1,), padding=(1,))
          (bn): BatchNorm1d(128, eps=1e-05, momentum=0.1, affine=True, track_running_stats=True)
        )
      )
      (branch3): Sequential(
        (0): ConvBlock(
          (conv): Conv1d(128, 16, kernel_size=(1,), stride=(1,))
          (bn): BatchNorm1d(16, eps=1e-05, momentum=0.1, affine=True, track_running_stats=True)
        )
        (1): ConvBlock(
          (conv): Conv1d(16, 32, kernel_size=(5,), stride=(1,), padding=(2,))
          (bn): BatchNorm1d(32, eps=1e-05, momentum=0.1, affine=True, track_running_stats=True)
        )
      )
      (branch4): Sequential(
        (0): MaxPool2d(kernel_size=3, stride=1, padding=1, dilation=1, ceil_mode=False)
        (1): ConvBlock(
          (conv): Conv1d(128, 32, kernel_size=(1,), stride=(1,))
          (bn): BatchNorm1d(32, eps=1e-05, momentum=0.1, affine=True, track_running_stats=True)
        )
      )
    )
    (inception3b): InceptionBlock(
      (branch1): ConvBlock(
        (conv): Conv1d(256, 128, kernel_size=(1,), stride=(1,))
        (bn): BatchNorm1d(128, eps=1e-05, momentum=0.1, affine=True, track_running_stats=True)
      )
      (branch2): Sequential(
        (0): ConvBlock(
          (conv): Conv1d(256, 128, kernel_size=(1,), stride=(1,))
          (bn): BatchNorm1d(128, eps=1e-05, momentum=0.1, affine=True, track_running_stats=True)
        )
        (1): ConvBlock(
          (conv): Conv1d(128, 192, kernel_size=(3,), stride=(1,), padding=(1,))
          (bn): BatchNorm1d(192, eps=1e-05, momentum=0.1, affine=True, track_running_stats=True)
        )
      )
      (branch3): Sequential(
        (0): ConvBlock(
          (conv): Conv1d(256, 32, kernel_size=(1,), stride=(1,))
          (bn): BatchNorm1d(32, eps=1e-05, momentum=0.1, affine=True, track_running_stats=True)
        )
        (1): ConvBlock(
          (conv): Conv1d(32, 96, kernel_size=(5,), stride=(1,), padding=(2,))
          (bn): BatchNorm1d(96, eps=1e-05, momentum=0.1, affine=True, track_running_stats=True)
        )
      )
      (branch4): Sequential(
        (0): MaxPool2d(kernel_size=3, stride=1, padding=1, dilation=1, ceil_mode=False)
        (1): ConvBlock(
          (conv): Conv1d(256, 64, kernel_size=(1,), stride=(1,))
          (bn): BatchNorm1d(64, eps=1e-05, momentum=0.1, affine=True, track_running_stats=True)
        )
      )
    )
    (inception4a): InceptionBlock(
      (branch1): ConvBlock(
        (conv): Conv1d(480, 192, kernel_size=(1,), stride=(1,))
        (bn): BatchNorm1d(192, eps=1e-05, momentum=0.1, affine=True, track_running_stats=True)
      )
      (branch2): Sequential(
        (0): ConvBlock(
          (conv): Conv1d(480, 96, kernel_size=(1,), stride=(1,))
          (bn): BatchNorm1d(96, eps=1e-05, momentum=0.1, affine=True, track_running_stats=True)
        )
        (1): ConvBlock(
          (conv): Conv1d(96, 208, kernel_size=(3,), stride=(1,), padding=(1,))
          (bn): BatchNorm1d(208, eps=1e-05, momentum=0.1, affine=True, track_running_stats=True)
        )
      )
      (branch3): Sequential(
        (0): ConvBlock(
          (conv): Conv1d(480, 16, kernel_size=(1,), stride=(1,))
          (bn): BatchNorm1d(16, eps=1e-05, momentum=0.1, affine=True, track_running_stats=True)
        )
        (1): ConvBlock(
          (conv): Conv1d(16, 48, kernel_size=(5,), stride=(1,), padding=(2,))
          (bn): BatchNorm1d(48, eps=1e-05, momentum=0.1, affine=True, track_running_stats=True)
        )
      )
      (branch4): Sequential(
        (0): MaxPool2d(kernel_size=3, stride=1, padding=1, dilation=1, ceil_mode=False)
        (1): ConvBlock(
          (conv): Conv1d(480, 64, kernel_size=(1,), stride=(1,))
          (bn): BatchNorm1d(64, eps=1e-05, momentum=0.1, affine=True, track_running_stats=True)
        )
      )
    )
    (inception4b): InceptionBlock(
      (branch1): ConvBlock(
        (conv): Conv1d(512, 32, kernel_size=(1,), stride=(1,))
        (bn): BatchNorm1d(32, eps=1e-05, momentum=0.1, affine=True, track_running_stats=True)
      )
      (branch2): Sequential(
        (0): ConvBlock(
          (conv): Conv1d(512, 112, kernel_size=(1,), stride=(1,))
          (bn): BatchNorm1d(112, eps=1e-05, momentum=0.1, affine=True, track_running_stats=True)
        )
        (1): ConvBlock(
          (conv): Conv1d(112, 32, kernel_size=(3,), stride=(1,), padding=(1,))
          (bn): BatchNorm1d(32, eps=1e-05, momentum=0.1, affine=True, track_running_stats=True)
        )
      )
      (branch3): Sequential(
        (0): ConvBlock(
          (conv): Conv1d(512, 24, kernel_size=(1,), stride=(1,))
          (bn): BatchNorm1d(24, eps=1e-05, momentum=0.1, affine=True, track_running_stats=True)
        )
        (1): ConvBlock(
          (conv): Conv1d(24, 64, kernel_size=(5,), stride=(1,), padding=(2,))
          (bn): BatchNorm1d(64, eps=1e-05, momentum=0.1, affine=True, track_running_stats=True)
        )
      )
      (branch4): Sequential(
        (0): MaxPool2d(kernel_size=3, stride=1, padding=1, dilation=1, ceil_mode=False)
        (1): ConvBlock(
          (conv): Conv1d(512, 32, kernel_size=(1,), stride=(1,))
          (bn): BatchNorm1d(32, eps=1e-05, momentum=0.1, affine=True, track_running_stats=True)
        )
      )
    )
    (avgpool): AvgPool1d(kernel_size=(5,), stride=(1,), padding=(0,))
    (dropout): Dropout(p=0.5, inplace=False)
    (fc): Linear(in_features=8480, out_features=1, bias=True)
    (sigmoid): Sigmoid()
  )
)
2024-10-04 23:28 - INFO - * -----------
2024-10-05 00:13 - INFO - ---------------------------------------------
2024-10-05 00:13 - INFO - Epoch: 01 | Time: 45m 1s
2024-10-05 00:13 - INFO - 	 New best val_rocauc loss was found, current best value is 0.70335
2024-10-05 00:13 - INFO - 	 Train Loss: 0.004
2024-10-05 00:13 - INFO - 	 Val. Loss: 0.003
2024-10-05 00:13 - INFO - 	 ROC-AUC: 0.703
2024-10-05 00:13 - INFO - 	 PR-AUC: 0.415
2024-10-05 00:13 - INFO - 	 Best Val. Loss: 0.003
2024-10-05 00:13 - INFO - 	 Best ROC-AUC: 0.703
2024-10-05 00:13 - INFO - 	 Best PR-AUC: 0.415
2024-10-05 00:13 - INFO - 	 Test-ROC-AUC under Best Validation ROC-AUC: 0.692
2024-10-05 00:13 - INFO - 	 Test-PR-AUC under Best Validation Best PR-AUC: 0.415
2024-10-05 00:13 - INFO - ---------------------------------------------
2024-10-05 00:59 - INFO - ---------------------------------------------
2024-10-05 00:59 - INFO - Epoch: 02 | Time: 45m 16s
2024-10-05 00:59 - INFO - 	 New best val_rocauc loss was found, current best value is 0.73125
2024-10-05 00:59 - INFO - 	 Train Loss: 0.258
2024-10-05 00:59 - INFO - 	 Val. Loss: 0.252
2024-10-05 00:59 - INFO - 	 ROC-AUC: 0.731
2024-10-05 00:59 - INFO - 	 PR-AUC: 0.442
2024-10-05 00:59 - INFO - 	 Best Val. Loss: 0.003
2024-10-05 00:59 - INFO - 	 Best ROC-AUC: 0.731
2024-10-05 00:59 - INFO - 	 Best PR-AUC: 0.442
2024-10-05 00:59 - INFO - 	 Test-ROC-AUC under Best Validation ROC-AUC: 0.710
2024-10-05 00:59 - INFO - 	 Test-PR-AUC under Best Validation Best PR-AUC: 0.430
2024-10-05 00:59 - INFO - ---------------------------------------------
2024-10-05 01:44 - INFO - ---------------------------------------------
2024-10-05 01:44 - INFO - Epoch: 03 | Time: 45m 14s
2024-10-05 01:44 - INFO - 	 New best val_rocauc loss was found, current best value is 0.73217
2024-10-05 01:44 - INFO - 	 Train Loss: 0.351
2024-10-05 01:44 - INFO - 	 Val. Loss: 0.349
2024-10-05 01:44 - INFO - 	 ROC-AUC: 0.732
2024-10-05 01:44 - INFO - 	 PR-AUC: 0.445
2024-10-05 01:44 - INFO - 	 Best Val. Loss: 0.003
2024-10-05 01:44 - INFO - 	 Best ROC-AUC: 0.732
2024-10-05 01:44 - INFO - 	 Best PR-AUC: 0.445
2024-10-05 01:44 - INFO - 	 Test-ROC-AUC under Best Validation ROC-AUC: 0.709
2024-10-05 01:44 - INFO - 	 Test-PR-AUC under Best Validation Best PR-AUC: 0.430
2024-10-05 01:44 - INFO - ---------------------------------------------
2024-10-05 02:29 - INFO - ---------------------------------------------
2024-10-05 02:29 - INFO - Epoch: 04 | Time: 44m 51s
2024-10-05 02:29 - INFO - 	 Train Loss: 0.399
2024-10-05 02:29 - INFO - 	 Val. Loss: 0.405
2024-10-05 02:29 - INFO - 	 ROC-AUC: 0.728
2024-10-05 02:29 - INFO - 	 PR-AUC: 0.439
2024-10-05 02:29 - INFO - 	 Best Val. Loss: 0.003
2024-10-05 02:29 - INFO - 	 Best ROC-AUC: 0.732
2024-10-05 02:29 - INFO - 	 Best PR-AUC: 0.445
2024-10-05 02:29 - INFO - 	 Test-ROC-AUC under Best Validation ROC-AUC: 0.709
2024-10-05 02:29 - INFO - 	 Test-PR-AUC under Best Validation Best PR-AUC: 0.430
2024-10-05 02:29 - INFO - ---------------------------------------------
2024-10-05 03:14 - INFO - ---------------------------------------------
2024-10-05 03:14 - INFO - Epoch: 05 | Time: 44m 53s
2024-10-05 03:14 - INFO - 	 Train Loss: 0.399
2024-10-05 03:14 - INFO - 	 Val. Loss: 0.400
2024-10-05 03:14 - INFO - 	 ROC-AUC: 0.730
2024-10-05 03:14 - INFO - 	 PR-AUC: 0.444
2024-10-05 03:14 - INFO - 	 Best Val. Loss: 0.003
2024-10-05 03:14 - INFO - 	 Best ROC-AUC: 0.732
2024-10-05 03:14 - INFO - 	 Best PR-AUC: 0.445
2024-10-05 03:14 - INFO - 	 Test-ROC-AUC under Best Validation ROC-AUC: 0.709
2024-10-05 03:14 - INFO - 	 Test-PR-AUC under Best Validation Best PR-AUC: 0.430
2024-10-05 03:14 - INFO - ---------------------------------------------
2024-10-05 03:59 - INFO - ---------------------------------------------
2024-10-05 03:59 - INFO - Epoch: 06 | Time: 45m 20s
2024-10-05 03:59 - INFO - 	 Train Loss: 0.400
2024-10-05 03:59 - INFO - 	 Val. Loss: 0.410
2024-10-05 03:59 - INFO - 	 ROC-AUC: 0.720
2024-10-05 03:59 - INFO - 	 PR-AUC: 0.424
2024-10-05 03:59 - INFO - 	 Best Val. Loss: 0.003
2024-10-05 03:59 - INFO - 	 Best ROC-AUC: 0.732
2024-10-05 03:59 - INFO - 	 Best PR-AUC: 0.445
2024-10-05 03:59 - INFO - 	 Test-ROC-AUC under Best Validation ROC-AUC: 0.709
2024-10-05 03:59 - INFO - 	 Test-PR-AUC under Best Validation Best PR-AUC: 0.430
2024-10-05 03:59 - INFO - ---------------------------------------------
2024-10-05 04:51 - INFO - Fit the preprocessing pipeline
2024-10-05 04:51 - INFO - Training using device: cuda
2024-10-05 04:51 - INFO - Creating generators
2024-10-05 04:51 - INFO - The model has 2,246,929 trainable parameters
2024-10-05 04:51 - INFO - * Model:
2024-10-05 04:51 - INFO - * -----------
2024-10-05 04:51 - INFO - CombinedModel(
  (upstream_model): TSTransformerEncoderCNN(
    (project_input): Linear(in_features=12, out_features=128, bias=True)
    (encoder): Linear(in_features=12, out_features=128, bias=True)
    (transformer_encoder): TransformerEncoder(
      (layers): ModuleList(
        (0-7): 8 x TransformerEncoderLayer(
          (self_attn): MultiheadAttention(
            (out_proj): NonDynamicallyQuantizableLinear(in_features=128, out_features=128, bias=True)
          )
          (linear1): Linear(in_features=128, out_features=512, bias=True)
          (dropout): Dropout(p=0.4, inplace=False)
          (linear2): Linear(in_features=512, out_features=128, bias=True)
          (norm1): LayerNorm((128,), eps=1e-05, elementwise_affine=True)
          (norm2): LayerNorm((128,), eps=1e-05, elementwise_affine=True)
          (dropout1): Dropout(p=0.4, inplace=False)
          (dropout2): Dropout(p=0.4, inplace=False)
        )
      )
    )
    (output_layer): Linear(in_features=128, out_features=12, bias=True)
    (dropout1): Dropout(p=0.4, inplace=False)
    (cnn): Conv1d(128, 12, kernel_size=(3,), stride=(1,), padding=(1,))
  )
  (downstream_model): DownstreamInception(
    (conv1): ConvBlock(
      (conv): Conv1d(12, 64, kernel_size=(7,), stride=(2,), padding=(3,))
      (bn): BatchNorm1d(64, eps=1e-05, momentum=0.1, affine=True, track_running_stats=True)
    )
    (conv2): ConvBlock(
      (conv): Conv1d(64, 128, kernel_size=(3,), stride=(1,), padding=(1,))
      (bn): BatchNorm1d(128, eps=1e-05, momentum=0.1, affine=True, track_running_stats=True)
    )
    (maxpool): MaxPool1d(kernel_size=3, stride=2, padding=1, dilation=1, ceil_mode=False)
    (inception3a): InceptionBlock(
      (branch1): ConvBlock(
        (conv): Conv1d(128, 64, kernel_size=(1,), stride=(1,))
        (bn): BatchNorm1d(64, eps=1e-05, momentum=0.1, affine=True, track_running_stats=True)
      )
      (branch2): Sequential(
        (0): ConvBlock(
          (conv): Conv1d(128, 96, kernel_size=(1,), stride=(1,))
          (bn): BatchNorm1d(96, eps=1e-05, momentum=0.1, affine=True, track_running_stats=True)
        )
        (1): ConvBlock(
          (conv): Conv1d(96, 128, kernel_size=(3,), stride=(1,), padding=(1,))
          (bn): BatchNorm1d(128, eps=1e-05, momentum=0.1, affine=True, track_running_stats=True)
        )
      )
      (branch3): Sequential(
        (0): ConvBlock(
          (conv): Conv1d(128, 16, kernel_size=(1,), stride=(1,))
          (bn): BatchNorm1d(16, eps=1e-05, momentum=0.1, affine=True, track_running_stats=True)
        )
        (1): ConvBlock(
          (conv): Conv1d(16, 32, kernel_size=(5,), stride=(1,), padding=(2,))
          (bn): BatchNorm1d(32, eps=1e-05, momentum=0.1, affine=True, track_running_stats=True)
        )
      )
      (branch4): Sequential(
        (0): MaxPool2d(kernel_size=3, stride=1, padding=1, dilation=1, ceil_mode=False)
        (1): ConvBlock(
          (conv): Conv1d(128, 32, kernel_size=(1,), stride=(1,))
          (bn): BatchNorm1d(32, eps=1e-05, momentum=0.1, affine=True, track_running_stats=True)
        )
      )
    )
    (inception3b): InceptionBlock(
      (branch1): ConvBlock(
        (conv): Conv1d(256, 128, kernel_size=(1,), stride=(1,))
        (bn): BatchNorm1d(128, eps=1e-05, momentum=0.1, affine=True, track_running_stats=True)
      )
      (branch2): Sequential(
        (0): ConvBlock(
          (conv): Conv1d(256, 128, kernel_size=(1,), stride=(1,))
          (bn): BatchNorm1d(128, eps=1e-05, momentum=0.1, affine=True, track_running_stats=True)
        )
        (1): ConvBlock(
          (conv): Conv1d(128, 192, kernel_size=(3,), stride=(1,), padding=(1,))
          (bn): BatchNorm1d(192, eps=1e-05, momentum=0.1, affine=True, track_running_stats=True)
        )
      )
      (branch3): Sequential(
        (0): ConvBlock(
          (conv): Conv1d(256, 32, kernel_size=(1,), stride=(1,))
          (bn): BatchNorm1d(32, eps=1e-05, momentum=0.1, affine=True, track_running_stats=True)
        )
        (1): ConvBlock(
          (conv): Conv1d(32, 96, kernel_size=(5,), stride=(1,), padding=(2,))
          (bn): BatchNorm1d(96, eps=1e-05, momentum=0.1, affine=True, track_running_stats=True)
        )
      )
      (branch4): Sequential(
        (0): MaxPool2d(kernel_size=3, stride=1, padding=1, dilation=1, ceil_mode=False)
        (1): ConvBlock(
          (conv): Conv1d(256, 64, kernel_size=(1,), stride=(1,))
          (bn): BatchNorm1d(64, eps=1e-05, momentum=0.1, affine=True, track_running_stats=True)
        )
      )
    )
    (inception4a): InceptionBlock(
      (branch1): ConvBlock(
        (conv): Conv1d(480, 192, kernel_size=(1,), stride=(1,))
        (bn): BatchNorm1d(192, eps=1e-05, momentum=0.1, affine=True, track_running_stats=True)
      )
      (branch2): Sequential(
        (0): ConvBlock(
          (conv): Conv1d(480, 96, kernel_size=(1,), stride=(1,))
          (bn): BatchNorm1d(96, eps=1e-05, momentum=0.1, affine=True, track_running_stats=True)
        )
        (1): ConvBlock(
          (conv): Conv1d(96, 208, kernel_size=(3,), stride=(1,), padding=(1,))
          (bn): BatchNorm1d(208, eps=1e-05, momentum=0.1, affine=True, track_running_stats=True)
        )
      )
      (branch3): Sequential(
        (0): ConvBlock(
          (conv): Conv1d(480, 16, kernel_size=(1,), stride=(1,))
          (bn): BatchNorm1d(16, eps=1e-05, momentum=0.1, affine=True, track_running_stats=True)
        )
        (1): ConvBlock(
          (conv): Conv1d(16, 48, kernel_size=(5,), stride=(1,), padding=(2,))
          (bn): BatchNorm1d(48, eps=1e-05, momentum=0.1, affine=True, track_running_stats=True)
        )
      )
      (branch4): Sequential(
        (0): MaxPool2d(kernel_size=3, stride=1, padding=1, dilation=1, ceil_mode=False)
        (1): ConvBlock(
          (conv): Conv1d(480, 64, kernel_size=(1,), stride=(1,))
          (bn): BatchNorm1d(64, eps=1e-05, momentum=0.1, affine=True, track_running_stats=True)
        )
      )
    )
    (inception4b): InceptionBlock(
      (branch1): ConvBlock(
        (conv): Conv1d(512, 32, kernel_size=(1,), stride=(1,))
        (bn): BatchNorm1d(32, eps=1e-05, momentum=0.1, affine=True, track_running_stats=True)
      )
      (branch2): Sequential(
        (0): ConvBlock(
          (conv): Conv1d(512, 112, kernel_size=(1,), stride=(1,))
          (bn): BatchNorm1d(112, eps=1e-05, momentum=0.1, affine=True, track_running_stats=True)
        )
        (1): ConvBlock(
          (conv): Conv1d(112, 32, kernel_size=(3,), stride=(1,), padding=(1,))
          (bn): BatchNorm1d(32, eps=1e-05, momentum=0.1, affine=True, track_running_stats=True)
        )
      )
      (branch3): Sequential(
        (0): ConvBlock(
          (conv): Conv1d(512, 24, kernel_size=(1,), stride=(1,))
          (bn): BatchNorm1d(24, eps=1e-05, momentum=0.1, affine=True, track_running_stats=True)
        )
        (1): ConvBlock(
          (conv): Conv1d(24, 64, kernel_size=(5,), stride=(1,), padding=(2,))
          (bn): BatchNorm1d(64, eps=1e-05, momentum=0.1, affine=True, track_running_stats=True)
        )
      )
      (branch4): Sequential(
        (0): MaxPool2d(kernel_size=3, stride=1, padding=1, dilation=1, ceil_mode=False)
        (1): ConvBlock(
          (conv): Conv1d(512, 32, kernel_size=(1,), stride=(1,))
          (bn): BatchNorm1d(32, eps=1e-05, momentum=0.1, affine=True, track_running_stats=True)
        )
      )
    )
    (avgpool): AvgPool1d(kernel_size=(5,), stride=(1,), padding=(0,))
    (dropout): Dropout(p=0.5, inplace=False)
    (fc): Linear(in_features=8480, out_features=1, bias=True)
    (sigmoid): Sigmoid()
  )
)
2024-10-05 04:51 - INFO - * -----------
2024-10-05 05:37 - INFO - ---------------------------------------------
2024-10-05 05:37 - INFO - Epoch: 01 | Time: 45m 24s
2024-10-05 05:37 - INFO - 	 New best val_rocauc loss was found, current best value is 0.70397
2024-10-05 05:37 - INFO - 	 Train Loss: 0.004
2024-10-05 05:37 - INFO - 	 Val. Loss: 0.003
2024-10-05 05:37 - INFO - 	 ROC-AUC: 0.704
2024-10-05 05:37 - INFO - 	 PR-AUC: 0.416
2024-10-05 05:37 - INFO - 	 Best Val. Loss: 0.003
2024-10-05 05:37 - INFO - 	 Best ROC-AUC: 0.704
2024-10-05 05:37 - INFO - 	 Best PR-AUC: 0.416
2024-10-05 05:37 - INFO - 	 Test-ROC-AUC under Best Validation ROC-AUC: 0.692
2024-10-05 05:37 - INFO - 	 Test-PR-AUC under Best Validation Best PR-AUC: 0.415
2024-10-05 05:37 - INFO - ---------------------------------------------
2024-10-05 06:22 - INFO - ---------------------------------------------
2024-10-05 06:22 - INFO - Epoch: 02 | Time: 44m 51s
2024-10-05 06:22 - INFO - 	 New best val_rocauc loss was found, current best value is 0.73322
2024-10-05 06:22 - INFO - 	 Train Loss: 0.258
2024-10-05 06:22 - INFO - 	 Val. Loss: 0.252
2024-10-05 06:22 - INFO - 	 ROC-AUC: 0.733
2024-10-05 06:22 - INFO - 	 PR-AUC: 0.442
2024-10-05 06:22 - INFO - 	 Best Val. Loss: 0.003
2024-10-05 06:22 - INFO - 	 Best ROC-AUC: 0.733
2024-10-05 06:22 - INFO - 	 Best PR-AUC: 0.442
2024-10-05 06:22 - INFO - 	 Test-ROC-AUC under Best Validation ROC-AUC: 0.710
2024-10-05 06:22 - INFO - 	 Test-PR-AUC under Best Validation Best PR-AUC: 0.433
2024-10-05 06:22 - INFO - ---------------------------------------------
2024-10-05 07:07 - INFO - ---------------------------------------------
2024-10-05 07:07 - INFO - Epoch: 03 | Time: 44m 53s
2024-10-05 07:07 - INFO - 	 Train Loss: 0.351
2024-10-05 07:07 - INFO - 	 Val. Loss: 0.351
2024-10-05 07:07 - INFO - 	 ROC-AUC: 0.729
2024-10-05 07:07 - INFO - 	 PR-AUC: 0.437
2024-10-05 07:07 - INFO - 	 Best Val. Loss: 0.003
2024-10-05 07:07 - INFO - 	 Best ROC-AUC: 0.733
2024-10-05 07:07 - INFO - 	 Best PR-AUC: 0.442
2024-10-05 07:07 - INFO - 	 Test-ROC-AUC under Best Validation ROC-AUC: 0.710
2024-10-05 07:07 - INFO - 	 Test-PR-AUC under Best Validation Best PR-AUC: 0.433
2024-10-05 07:07 - INFO - ---------------------------------------------
