2024-12-06 05:58 - INFO - Fit the preprocessing pipeline
2024-12-06 05:58 - INFO - Training using device: cuda
2024-12-06 05:58 - INFO - Creating generators
2024-12-06 05:58 - INFO - The model has 2,246,929 trainable parameters
2024-12-06 05:58 - INFO - * Model:
2024-12-06 05:58 - INFO - * -----------
2024-12-06 05:58 - INFO - CombinedModel(
  (upstream_model): TSTransformerEncoderCNN(
    (project_input): Linear(in_features=12, out_features=128, bias=True)
    (encoder): Linear(in_features=12, out_features=128, bias=True)
    (transformer_encoder): TransformerEncoder(
      (layers): ModuleList(
        (0-7): 8 x TransformerEncoderLayer(
          (self_attn): MultiheadAttention(
            (out_proj): NonDynamicallyQuantizableLinear(in_features=128, out_features=128, bias=True)
          )
          (linear1): Linear(in_features=128, out_features=512, bias=True)
          (dropout): Dropout(p=0.4, inplace=False)
          (linear2): Linear(in_features=512, out_features=128, bias=True)
          (norm1): LayerNorm((128,), eps=1e-05, elementwise_affine=True)
          (norm2): LayerNorm((128,), eps=1e-05, elementwise_affine=True)
          (dropout1): Dropout(p=0.4, inplace=False)
          (dropout2): Dropout(p=0.4, inplace=False)
        )
      )
    )
    (output_layer): Linear(in_features=128, out_features=12, bias=True)
    (dropout1): Dropout(p=0.4, inplace=False)
    (cnn): Conv1d(128, 12, kernel_size=(3,), stride=(1,), padding=(1,))
  )
  (downstream_model): DownstreamInception(
    (conv1): ConvBlock(
      (conv): Conv1d(12, 64, kernel_size=(7,), stride=(2,), padding=(3,))
      (bn): BatchNorm1d(64, eps=1e-05, momentum=0.1, affine=True, track_running_stats=True)
    )
    (conv2): ConvBlock(
      (conv): Conv1d(64, 128, kernel_size=(3,), stride=(1,), padding=(1,))
      (bn): BatchNorm1d(128, eps=1e-05, momentum=0.1, affine=True, track_running_stats=True)
    )
    (maxpool): MaxPool1d(kernel_size=3, stride=2, padding=1, dilation=1, ceil_mode=False)
    (inception3a): InceptionBlock(
      (branch1): ConvBlock(
        (conv): Conv1d(128, 64, kernel_size=(1,), stride=(1,))
        (bn): BatchNorm1d(64, eps=1e-05, momentum=0.1, affine=True, track_running_stats=True)
      )
      (branch2): Sequential(
        (0): ConvBlock(
          (conv): Conv1d(128, 96, kernel_size=(1,), stride=(1,))
          (bn): BatchNorm1d(96, eps=1e-05, momentum=0.1, affine=True, track_running_stats=True)
        )
        (1): ConvBlock(
          (conv): Conv1d(96, 128, kernel_size=(3,), stride=(1,), padding=(1,))
          (bn): BatchNorm1d(128, eps=1e-05, momentum=0.1, affine=True, track_running_stats=True)
        )
      )
      (branch3): Sequential(
        (0): ConvBlock(
          (conv): Conv1d(128, 16, kernel_size=(1,), stride=(1,))
          (bn): BatchNorm1d(16, eps=1e-05, momentum=0.1, affine=True, track_running_stats=True)
        )
        (1): ConvBlock(
          (conv): Conv1d(16, 32, kernel_size=(5,), stride=(1,), padding=(2,))
          (bn): BatchNorm1d(32, eps=1e-05, momentum=0.1, affine=True, track_running_stats=True)
        )
      )
      (branch4): Sequential(
        (0): MaxPool2d(kernel_size=3, stride=1, padding=1, dilation=1, ceil_mode=False)
        (1): ConvBlock(
          (conv): Conv1d(128, 32, kernel_size=(1,), stride=(1,))
          (bn): BatchNorm1d(32, eps=1e-05, momentum=0.1, affine=True, track_running_stats=True)
        )
      )
    )
    (inception3b): InceptionBlock(
      (branch1): ConvBlock(
        (conv): Conv1d(256, 128, kernel_size=(1,), stride=(1,))
        (bn): BatchNorm1d(128, eps=1e-05, momentum=0.1, affine=True, track_running_stats=True)
      )
      (branch2): Sequential(
        (0): ConvBlock(
          (conv): Conv1d(256, 128, kernel_size=(1,), stride=(1,))
          (bn): BatchNorm1d(128, eps=1e-05, momentum=0.1, affine=True, track_running_stats=True)
        )
        (1): ConvBlock(
          (conv): Conv1d(128, 192, kernel_size=(3,), stride=(1,), padding=(1,))
          (bn): BatchNorm1d(192, eps=1e-05, momentum=0.1, affine=True, track_running_stats=True)
        )
      )
      (branch3): Sequential(
        (0): ConvBlock(
          (conv): Conv1d(256, 32, kernel_size=(1,), stride=(1,))
          (bn): BatchNorm1d(32, eps=1e-05, momentum=0.1, affine=True, track_running_stats=True)
        )
        (1): ConvBlock(
          (conv): Conv1d(32, 96, kernel_size=(5,), stride=(1,), padding=(2,))
          (bn): BatchNorm1d(96, eps=1e-05, momentum=0.1, affine=True, track_running_stats=True)
        )
      )
      (branch4): Sequential(
        (0): MaxPool2d(kernel_size=3, stride=1, padding=1, dilation=1, ceil_mode=False)
        (1): ConvBlock(
          (conv): Conv1d(256, 64, kernel_size=(1,), stride=(1,))
          (bn): BatchNorm1d(64, eps=1e-05, momentum=0.1, affine=True, track_running_stats=True)
        )
      )
    )
    (inception4a): InceptionBlock(
      (branch1): ConvBlock(
        (conv): Conv1d(480, 192, kernel_size=(1,), stride=(1,))
        (bn): BatchNorm1d(192, eps=1e-05, momentum=0.1, affine=True, track_running_stats=True)
      )
      (branch2): Sequential(
        (0): ConvBlock(
          (conv): Conv1d(480, 96, kernel_size=(1,), stride=(1,))
          (bn): BatchNorm1d(96, eps=1e-05, momentum=0.1, affine=True, track_running_stats=True)
        )
        (1): ConvBlock(
          (conv): Conv1d(96, 208, kernel_size=(3,), stride=(1,), padding=(1,))
          (bn): BatchNorm1d(208, eps=1e-05, momentum=0.1, affine=True, track_running_stats=True)
        )
      )
      (branch3): Sequential(
        (0): ConvBlock(
          (conv): Conv1d(480, 16, kernel_size=(1,), stride=(1,))
          (bn): BatchNorm1d(16, eps=1e-05, momentum=0.1, affine=True, track_running_stats=True)
        )
        (1): ConvBlock(
          (conv): Conv1d(16, 48, kernel_size=(5,), stride=(1,), padding=(2,))
          (bn): BatchNorm1d(48, eps=1e-05, momentum=0.1, affine=True, track_running_stats=True)
        )
      )
      (branch4): Sequential(
        (0): MaxPool2d(kernel_size=3, stride=1, padding=1, dilation=1, ceil_mode=False)
        (1): ConvBlock(
          (conv): Conv1d(480, 64, kernel_size=(1,), stride=(1,))
          (bn): BatchNorm1d(64, eps=1e-05, momentum=0.1, affine=True, track_running_stats=True)
        )
      )
    )
    (inception4b): InceptionBlock(
      (branch1): ConvBlock(
        (conv): Conv1d(512, 32, kernel_size=(1,), stride=(1,))
        (bn): BatchNorm1d(32, eps=1e-05, momentum=0.1, affine=True, track_running_stats=True)
      )
      (branch2): Sequential(
        (0): ConvBlock(
          (conv): Conv1d(512, 112, kernel_size=(1,), stride=(1,))
          (bn): BatchNorm1d(112, eps=1e-05, momentum=0.1, affine=True, track_running_stats=True)
        )
        (1): ConvBlock(
          (conv): Conv1d(112, 32, kernel_size=(3,), stride=(1,), padding=(1,))
          (bn): BatchNorm1d(32, eps=1e-05, momentum=0.1, affine=True, track_running_stats=True)
        )
      )
      (branch3): Sequential(
        (0): ConvBlock(
          (conv): Conv1d(512, 24, kernel_size=(1,), stride=(1,))
          (bn): BatchNorm1d(24, eps=1e-05, momentum=0.1, affine=True, track_running_stats=True)
        )
        (1): ConvBlock(
          (conv): Conv1d(24, 64, kernel_size=(5,), stride=(1,), padding=(2,))
          (bn): BatchNorm1d(64, eps=1e-05, momentum=0.1, affine=True, track_running_stats=True)
        )
      )
      (branch4): Sequential(
        (0): MaxPool2d(kernel_size=3, stride=1, padding=1, dilation=1, ceil_mode=False)
        (1): ConvBlock(
          (conv): Conv1d(512, 32, kernel_size=(1,), stride=(1,))
          (bn): BatchNorm1d(32, eps=1e-05, momentum=0.1, affine=True, track_running_stats=True)
        )
      )
    )
    (avgpool): AvgPool1d(kernel_size=(5,), stride=(1,), padding=(0,))
    (dropout): Dropout(p=0.5, inplace=False)
    (fc): Linear(in_features=8480, out_features=1, bias=True)
    (sigmoid): Sigmoid()
  )
)
2024-12-06 05:58 - INFO - * -----------
2024-12-06 06:06 - INFO - ---------------------------------------------
2024-12-06 06:06 - INFO - Epoch: 01 | Time: 8m 2s
2024-12-06 06:06 - INFO - 	 New best val_rocauc loss was found, current best value is 0.25186
2024-12-06 06:06 - INFO - 	 Train Loss: 0.245
2024-12-06 06:06 - INFO - 	 Val. Loss: 0.230
2024-12-06 06:06 - INFO - 	 ROC-AUC: 0.815
2024-12-06 06:06 - INFO - 	 PR-AUC: 0.252
2024-12-06 06:06 - INFO - 	 Best Val. Loss: 0.230
2024-12-06 06:06 - INFO - 	 Best ROC-AUC: 0.815
2024-12-06 06:06 - INFO - 	 Best PR-AUC: 0.252
2024-12-06 06:06 - INFO - 	 Test-ROC-AUC under Best Validation ROC-AUC: 0.778
2024-12-06 06:06 - INFO - 	 Test-PR-AUC under Best Validation Best PR-AUC: 0.265
2024-12-06 06:06 - INFO - ---------------------------------------------
2024-12-06 06:14 - INFO - ---------------------------------------------
2024-12-06 06:14 - INFO - Epoch: 02 | Time: 8m 1s
2024-12-06 06:14 - INFO - 	 New best val_rocauc loss was found, current best value is 0.67823
2024-12-06 06:14 - INFO - 	 Train Loss: 0.155
2024-12-06 06:14 - INFO - 	 Val. Loss: 0.112
2024-12-06 06:14 - INFO - 	 ROC-AUC: 0.967
2024-12-06 06:14 - INFO - 	 PR-AUC: 0.678
2024-12-06 06:14 - INFO - 	 Best Val. Loss: 0.112
2024-12-06 06:14 - INFO - 	 Best ROC-AUC: 0.967
2024-12-06 06:14 - INFO - 	 Best PR-AUC: 0.678
2024-12-06 06:14 - INFO - 	 Test-ROC-AUC under Best Validation ROC-AUC: 0.969
2024-12-06 06:14 - INFO - 	 Test-PR-AUC under Best Validation Best PR-AUC: 0.690
2024-12-06 06:14 - INFO - ---------------------------------------------
2024-12-06 06:22 - INFO - ---------------------------------------------
2024-12-06 06:22 - INFO - Epoch: 03 | Time: 8m 1s
2024-12-06 06:22 - INFO - 	 New best val_rocauc loss was found, current best value is 0.73566
2024-12-06 06:22 - INFO - 	 Train Loss: 0.105
2024-12-06 06:22 - INFO - 	 Val. Loss: 0.119
2024-12-06 06:22 - INFO - 	 ROC-AUC: 0.973
2024-12-06 06:22 - INFO - 	 PR-AUC: 0.736
2024-12-06 06:22 - INFO - 	 Best Val. Loss: 0.112
2024-12-06 06:22 - INFO - 	 Best ROC-AUC: 0.973
2024-12-06 06:22 - INFO - 	 Best PR-AUC: 0.736
2024-12-06 06:22 - INFO - 	 Test-ROC-AUC under Best Validation ROC-AUC: 0.975
2024-12-06 06:22 - INFO - 	 Test-PR-AUC under Best Validation Best PR-AUC: 0.753
2024-12-06 06:22 - INFO - ---------------------------------------------
2024-12-06 06:30 - INFO - ---------------------------------------------
2024-12-06 06:30 - INFO - Epoch: 04 | Time: 8m 0s
2024-12-06 06:30 - INFO - 	 New best val_rocauc loss was found, current best value is 0.78864
2024-12-06 06:30 - INFO - 	 Train Loss: 0.097
2024-12-06 06:30 - INFO - 	 Val. Loss: 0.081
2024-12-06 06:30 - INFO - 	 ROC-AUC: 0.980
2024-12-06 06:30 - INFO - 	 PR-AUC: 0.789
2024-12-06 06:30 - INFO - 	 Best Val. Loss: 0.081
2024-12-06 06:30 - INFO - 	 Best ROC-AUC: 0.980
2024-12-06 06:30 - INFO - 	 Best PR-AUC: 0.789
2024-12-06 06:30 - INFO - 	 Test-ROC-AUC under Best Validation ROC-AUC: 0.978
2024-12-06 06:30 - INFO - 	 Test-PR-AUC under Best Validation Best PR-AUC: 0.769
2024-12-06 06:30 - INFO - ---------------------------------------------
2024-12-06 06:38 - INFO - ---------------------------------------------
2024-12-06 06:38 - INFO - Epoch: 05 | Time: 8m 2s
2024-12-06 06:38 - INFO - 	 Train Loss: 0.090
2024-12-06 06:38 - INFO - 	 Val. Loss: 0.092
2024-12-06 06:38 - INFO - 	 ROC-AUC: 0.977
2024-12-06 06:38 - INFO - 	 PR-AUC: 0.758
2024-12-06 06:38 - INFO - 	 Best Val. Loss: 0.081
2024-12-06 06:38 - INFO - 	 Best ROC-AUC: 0.980
2024-12-06 06:38 - INFO - 	 Best PR-AUC: 0.789
2024-12-06 06:38 - INFO - 	 Test-ROC-AUC under Best Validation ROC-AUC: 0.978
2024-12-06 06:38 - INFO - 	 Test-PR-AUC under Best Validation Best PR-AUC: 0.769
2024-12-06 06:38 - INFO - ---------------------------------------------
2024-12-06 06:46 - INFO - ---------------------------------------------
2024-12-06 06:46 - INFO - Epoch: 06 | Time: 8m 2s
2024-12-06 06:46 - INFO - 	 New best val_rocauc loss was found, current best value is 0.79847
2024-12-06 06:46 - INFO - 	 Train Loss: 0.088
2024-12-06 06:46 - INFO - 	 Val. Loss: 0.081
2024-12-06 06:46 - INFO - 	 ROC-AUC: 0.980
2024-12-06 06:46 - INFO - 	 PR-AUC: 0.798
2024-12-06 06:46 - INFO - 	 Best Val. Loss: 0.081
2024-12-06 06:46 - INFO - 	 Best ROC-AUC: 0.980
2024-12-06 06:46 - INFO - 	 Best PR-AUC: 0.798
2024-12-06 06:46 - INFO - 	 Test-ROC-AUC under Best Validation ROC-AUC: 0.978
2024-12-06 06:46 - INFO - 	 Test-PR-AUC under Best Validation Best PR-AUC: 0.798
2024-12-06 06:46 - INFO - ---------------------------------------------
2024-12-06 06:54 - INFO - ---------------------------------------------
2024-12-06 06:54 - INFO - Epoch: 07 | Time: 8m 2s
2024-12-06 06:54 - INFO - 	 New best val_rocauc loss was found, current best value is 0.81529
2024-12-06 06:54 - INFO - 	 Train Loss: 0.085
2024-12-06 06:54 - INFO - 	 Val. Loss: 0.079
2024-12-06 06:54 - INFO - 	 ROC-AUC: 0.981
2024-12-06 06:54 - INFO - 	 PR-AUC: 0.815
2024-12-06 06:54 - INFO - 	 Best Val. Loss: 0.079
2024-12-06 06:54 - INFO - 	 Best ROC-AUC: 0.981
2024-12-06 06:54 - INFO - 	 Best PR-AUC: 0.815
2024-12-06 06:54 - INFO - 	 Test-ROC-AUC under Best Validation ROC-AUC: 0.980
2024-12-06 06:54 - INFO - 	 Test-PR-AUC under Best Validation Best PR-AUC: 0.810
2024-12-06 06:54 - INFO - ---------------------------------------------
2024-12-06 07:02 - INFO - ---------------------------------------------
2024-12-06 07:02 - INFO - Epoch: 08 | Time: 8m 2s
2024-12-06 07:02 - INFO - 	 Train Loss: 0.084
2024-12-06 07:02 - INFO - 	 Val. Loss: 0.077
2024-12-06 07:02 - INFO - 	 ROC-AUC: 0.981
2024-12-06 07:02 - INFO - 	 PR-AUC: 0.807
2024-12-06 07:02 - INFO - 	 Best Val. Loss: 0.077
2024-12-06 07:02 - INFO - 	 Best ROC-AUC: 0.981
2024-12-06 07:02 - INFO - 	 Best PR-AUC: 0.815
2024-12-06 07:02 - INFO - 	 Test-ROC-AUC under Best Validation ROC-AUC: 0.980
2024-12-06 07:02 - INFO - 	 Test-PR-AUC under Best Validation Best PR-AUC: 0.810
2024-12-06 07:02 - INFO - ---------------------------------------------
2024-12-06 07:10 - INFO - ---------------------------------------------
2024-12-06 07:10 - INFO - Epoch: 09 | Time: 8m 2s
2024-12-06 07:10 - INFO - 	 Train Loss: 0.083
2024-12-06 07:10 - INFO - 	 Val. Loss: 0.080
2024-12-06 07:10 - INFO - 	 ROC-AUC: 0.980
2024-12-06 07:10 - INFO - 	 PR-AUC: 0.800
2024-12-06 07:10 - INFO - 	 Best Val. Loss: 0.077
2024-12-06 07:10 - INFO - 	 Best ROC-AUC: 0.981
2024-12-06 07:10 - INFO - 	 Best PR-AUC: 0.815
2024-12-06 07:10 - INFO - 	 Test-ROC-AUC under Best Validation ROC-AUC: 0.980
2024-12-06 07:10 - INFO - 	 Test-PR-AUC under Best Validation Best PR-AUC: 0.810
2024-12-06 07:10 - INFO - ---------------------------------------------
2024-12-06 07:18 - INFO - ---------------------------------------------
2024-12-06 07:18 - INFO - Epoch: 10 | Time: 8m 2s
2024-12-06 07:18 - INFO - 	 New best val_rocauc loss was found, current best value is 0.82813
2024-12-06 07:18 - INFO - 	 Train Loss: 0.083
2024-12-06 07:18 - INFO - 	 Val. Loss: 0.073
2024-12-06 07:18 - INFO - 	 ROC-AUC: 0.984
2024-12-06 07:18 - INFO - 	 PR-AUC: 0.828
2024-12-06 07:18 - INFO - 	 Best Val. Loss: 0.073
2024-12-06 07:18 - INFO - 	 Best ROC-AUC: 0.984
2024-12-06 07:18 - INFO - 	 Best PR-AUC: 0.828
2024-12-06 07:18 - INFO - 	 Test-ROC-AUC under Best Validation ROC-AUC: 0.980
2024-12-06 07:18 - INFO - 	 Test-PR-AUC under Best Validation Best PR-AUC: 0.811
2024-12-06 07:18 - INFO - ---------------------------------------------
2024-12-06 07:21 - INFO - Fit the preprocessing pipeline
2024-12-06 07:21 - INFO - Training using device: cuda
2024-12-06 07:21 - INFO - Creating generators
2024-12-06 07:21 - INFO - The model has 2,246,929 trainable parameters
2024-12-06 07:21 - INFO - * Model:
2024-12-06 07:21 - INFO - * -----------
2024-12-06 07:21 - INFO - CombinedModel(
  (upstream_model): TSTransformerEncoderCNN(
    (project_input): Linear(in_features=12, out_features=128, bias=True)
    (encoder): Linear(in_features=12, out_features=128, bias=True)
    (transformer_encoder): TransformerEncoder(
      (layers): ModuleList(
        (0-7): 8 x TransformerEncoderLayer(
          (self_attn): MultiheadAttention(
            (out_proj): NonDynamicallyQuantizableLinear(in_features=128, out_features=128, bias=True)
          )
          (linear1): Linear(in_features=128, out_features=512, bias=True)
          (dropout): Dropout(p=0.4, inplace=False)
          (linear2): Linear(in_features=512, out_features=128, bias=True)
          (norm1): LayerNorm((128,), eps=1e-05, elementwise_affine=True)
          (norm2): LayerNorm((128,), eps=1e-05, elementwise_affine=True)
          (dropout1): Dropout(p=0.4, inplace=False)
          (dropout2): Dropout(p=0.4, inplace=False)
        )
      )
    )
    (output_layer): Linear(in_features=128, out_features=12, bias=True)
    (dropout1): Dropout(p=0.4, inplace=False)
    (cnn): Conv1d(128, 12, kernel_size=(3,), stride=(1,), padding=(1,))
  )
  (downstream_model): DownstreamInception(
    (conv1): ConvBlock(
      (conv): Conv1d(12, 64, kernel_size=(7,), stride=(2,), padding=(3,))
      (bn): BatchNorm1d(64, eps=1e-05, momentum=0.1, affine=True, track_running_stats=True)
    )
    (conv2): ConvBlock(
      (conv): Conv1d(64, 128, kernel_size=(3,), stride=(1,), padding=(1,))
      (bn): BatchNorm1d(128, eps=1e-05, momentum=0.1, affine=True, track_running_stats=True)
    )
    (maxpool): MaxPool1d(kernel_size=3, stride=2, padding=1, dilation=1, ceil_mode=False)
    (inception3a): InceptionBlock(
      (branch1): ConvBlock(
        (conv): Conv1d(128, 64, kernel_size=(1,), stride=(1,))
        (bn): BatchNorm1d(64, eps=1e-05, momentum=0.1, affine=True, track_running_stats=True)
      )
      (branch2): Sequential(
        (0): ConvBlock(
          (conv): Conv1d(128, 96, kernel_size=(1,), stride=(1,))
          (bn): BatchNorm1d(96, eps=1e-05, momentum=0.1, affine=True, track_running_stats=True)
        )
        (1): ConvBlock(
          (conv): Conv1d(96, 128, kernel_size=(3,), stride=(1,), padding=(1,))
          (bn): BatchNorm1d(128, eps=1e-05, momentum=0.1, affine=True, track_running_stats=True)
        )
      )
      (branch3): Sequential(
        (0): ConvBlock(
          (conv): Conv1d(128, 16, kernel_size=(1,), stride=(1,))
          (bn): BatchNorm1d(16, eps=1e-05, momentum=0.1, affine=True, track_running_stats=True)
        )
        (1): ConvBlock(
          (conv): Conv1d(16, 32, kernel_size=(5,), stride=(1,), padding=(2,))
          (bn): BatchNorm1d(32, eps=1e-05, momentum=0.1, affine=True, track_running_stats=True)
        )
      )
      (branch4): Sequential(
        (0): MaxPool2d(kernel_size=3, stride=1, padding=1, dilation=1, ceil_mode=False)
        (1): ConvBlock(
          (conv): Conv1d(128, 32, kernel_size=(1,), stride=(1,))
          (bn): BatchNorm1d(32, eps=1e-05, momentum=0.1, affine=True, track_running_stats=True)
        )
      )
    )
    (inception3b): InceptionBlock(
      (branch1): ConvBlock(
        (conv): Conv1d(256, 128, kernel_size=(1,), stride=(1,))
        (bn): BatchNorm1d(128, eps=1e-05, momentum=0.1, affine=True, track_running_stats=True)
      )
      (branch2): Sequential(
        (0): ConvBlock(
          (conv): Conv1d(256, 128, kernel_size=(1,), stride=(1,))
          (bn): BatchNorm1d(128, eps=1e-05, momentum=0.1, affine=True, track_running_stats=True)
        )
        (1): ConvBlock(
          (conv): Conv1d(128, 192, kernel_size=(3,), stride=(1,), padding=(1,))
          (bn): BatchNorm1d(192, eps=1e-05, momentum=0.1, affine=True, track_running_stats=True)
        )
      )
      (branch3): Sequential(
        (0): ConvBlock(
          (conv): Conv1d(256, 32, kernel_size=(1,), stride=(1,))
          (bn): BatchNorm1d(32, eps=1e-05, momentum=0.1, affine=True, track_running_stats=True)
        )
        (1): ConvBlock(
          (conv): Conv1d(32, 96, kernel_size=(5,), stride=(1,), padding=(2,))
          (bn): BatchNorm1d(96, eps=1e-05, momentum=0.1, affine=True, track_running_stats=True)
        )
      )
      (branch4): Sequential(
        (0): MaxPool2d(kernel_size=3, stride=1, padding=1, dilation=1, ceil_mode=False)
        (1): ConvBlock(
          (conv): Conv1d(256, 64, kernel_size=(1,), stride=(1,))
          (bn): BatchNorm1d(64, eps=1e-05, momentum=0.1, affine=True, track_running_stats=True)
        )
      )
    )
    (inception4a): InceptionBlock(
      (branch1): ConvBlock(
        (conv): Conv1d(480, 192, kernel_size=(1,), stride=(1,))
        (bn): BatchNorm1d(192, eps=1e-05, momentum=0.1, affine=True, track_running_stats=True)
      )
      (branch2): Sequential(
        (0): ConvBlock(
          (conv): Conv1d(480, 96, kernel_size=(1,), stride=(1,))
          (bn): BatchNorm1d(96, eps=1e-05, momentum=0.1, affine=True, track_running_stats=True)
        )
        (1): ConvBlock(
          (conv): Conv1d(96, 208, kernel_size=(3,), stride=(1,), padding=(1,))
          (bn): BatchNorm1d(208, eps=1e-05, momentum=0.1, affine=True, track_running_stats=True)
        )
      )
      (branch3): Sequential(
        (0): ConvBlock(
          (conv): Conv1d(480, 16, kernel_size=(1,), stride=(1,))
          (bn): BatchNorm1d(16, eps=1e-05, momentum=0.1, affine=True, track_running_stats=True)
        )
        (1): ConvBlock(
          (conv): Conv1d(16, 48, kernel_size=(5,), stride=(1,), padding=(2,))
          (bn): BatchNorm1d(48, eps=1e-05, momentum=0.1, affine=True, track_running_stats=True)
        )
      )
      (branch4): Sequential(
        (0): MaxPool2d(kernel_size=3, stride=1, padding=1, dilation=1, ceil_mode=False)
        (1): ConvBlock(
          (conv): Conv1d(480, 64, kernel_size=(1,), stride=(1,))
          (bn): BatchNorm1d(64, eps=1e-05, momentum=0.1, affine=True, track_running_stats=True)
        )
      )
    )
    (inception4b): InceptionBlock(
      (branch1): ConvBlock(
        (conv): Conv1d(512, 32, kernel_size=(1,), stride=(1,))
        (bn): BatchNorm1d(32, eps=1e-05, momentum=0.1, affine=True, track_running_stats=True)
      )
      (branch2): Sequential(
        (0): ConvBlock(
          (conv): Conv1d(512, 112, kernel_size=(1,), stride=(1,))
          (bn): BatchNorm1d(112, eps=1e-05, momentum=0.1, affine=True, track_running_stats=True)
        )
        (1): ConvBlock(
          (conv): Conv1d(112, 32, kernel_size=(3,), stride=(1,), padding=(1,))
          (bn): BatchNorm1d(32, eps=1e-05, momentum=0.1, affine=True, track_running_stats=True)
        )
      )
      (branch3): Sequential(
        (0): ConvBlock(
          (conv): Conv1d(512, 24, kernel_size=(1,), stride=(1,))
          (bn): BatchNorm1d(24, eps=1e-05, momentum=0.1, affine=True, track_running_stats=True)
        )
        (1): ConvBlock(
          (conv): Conv1d(24, 64, kernel_size=(5,), stride=(1,), padding=(2,))
          (bn): BatchNorm1d(64, eps=1e-05, momentum=0.1, affine=True, track_running_stats=True)
        )
      )
      (branch4): Sequential(
        (0): MaxPool2d(kernel_size=3, stride=1, padding=1, dilation=1, ceil_mode=False)
        (1): ConvBlock(
          (conv): Conv1d(512, 32, kernel_size=(1,), stride=(1,))
          (bn): BatchNorm1d(32, eps=1e-05, momentum=0.1, affine=True, track_running_stats=True)
        )
      )
    )
    (avgpool): AvgPool1d(kernel_size=(5,), stride=(1,), padding=(0,))
    (dropout): Dropout(p=0.5, inplace=False)
    (fc): Linear(in_features=8480, out_features=1, bias=True)
    (sigmoid): Sigmoid()
  )
)
2024-12-06 07:21 - INFO - * -----------
2024-12-06 07:29 - INFO - ---------------------------------------------
2024-12-06 07:29 - INFO - Epoch: 01 | Time: 8m 2s
2024-12-06 07:29 - INFO - 	 New best val_rocauc loss was found, current best value is 0.24489
2024-12-06 07:29 - INFO - 	 Train Loss: 0.247
2024-12-06 07:29 - INFO - 	 Val. Loss: 0.226
2024-12-06 07:29 - INFO - 	 ROC-AUC: 0.805
2024-12-06 07:29 - INFO - 	 PR-AUC: 0.245
2024-12-06 07:29 - INFO - 	 Best Val. Loss: 0.226
2024-12-06 07:29 - INFO - 	 Best ROC-AUC: 0.805
2024-12-06 07:29 - INFO - 	 Best PR-AUC: 0.245
2024-12-06 07:29 - INFO - 	 Test-ROC-AUC under Best Validation ROC-AUC: 0.781
2024-12-06 07:29 - INFO - 	 Test-PR-AUC under Best Validation Best PR-AUC: 0.261
2024-12-06 07:29 - INFO - ---------------------------------------------
2024-12-06 07:37 - INFO - ---------------------------------------------
2024-12-06 07:37 - INFO - Epoch: 02 | Time: 8m 1s
2024-12-06 07:37 - INFO - 	 New best val_rocauc loss was found, current best value is 0.5733
2024-12-06 07:37 - INFO - 	 Train Loss: 0.172
2024-12-06 07:37 - INFO - 	 Val. Loss: 0.148
2024-12-06 07:37 - INFO - 	 ROC-AUC: 0.957
2024-12-06 07:37 - INFO - 	 PR-AUC: 0.573
2024-12-06 07:37 - INFO - 	 Best Val. Loss: 0.148
2024-12-06 07:37 - INFO - 	 Best ROC-AUC: 0.957
2024-12-06 07:37 - INFO - 	 Best PR-AUC: 0.573
2024-12-06 07:37 - INFO - 	 Test-ROC-AUC under Best Validation ROC-AUC: 0.958
2024-12-06 07:37 - INFO - 	 Test-PR-AUC under Best Validation Best PR-AUC: 0.637
2024-12-06 07:37 - INFO - ---------------------------------------------
2024-12-06 07:45 - INFO - ---------------------------------------------
2024-12-06 07:45 - INFO - Epoch: 03 | Time: 8m 2s
2024-12-06 07:45 - INFO - 	 New best val_rocauc loss was found, current best value is 0.75456
2024-12-06 07:45 - INFO - 	 Train Loss: 0.110
2024-12-06 07:45 - INFO - 	 Val. Loss: 0.128
2024-12-06 07:45 - INFO - 	 ROC-AUC: 0.977
2024-12-06 07:45 - INFO - 	 PR-AUC: 0.755
2024-12-06 07:45 - INFO - 	 Best Val. Loss: 0.128
2024-12-06 07:45 - INFO - 	 Best ROC-AUC: 0.977
2024-12-06 07:45 - INFO - 	 Best PR-AUC: 0.755
2024-12-06 07:45 - INFO - 	 Test-ROC-AUC under Best Validation ROC-AUC: 0.974
2024-12-06 07:45 - INFO - 	 Test-PR-AUC under Best Validation Best PR-AUC: 0.742
2024-12-06 07:45 - INFO - ---------------------------------------------
2024-12-06 07:53 - INFO - ---------------------------------------------
2024-12-06 07:53 - INFO - Epoch: 04 | Time: 8m 1s
2024-12-06 07:53 - INFO - 	 New best val_rocauc loss was found, current best value is 0.77684
2024-12-06 07:53 - INFO - 	 Train Loss: 0.095
2024-12-06 07:53 - INFO - 	 Val. Loss: 0.089
2024-12-06 07:53 - INFO - 	 ROC-AUC: 0.979
2024-12-06 07:53 - INFO - 	 PR-AUC: 0.777
2024-12-06 07:53 - INFO - 	 Best Val. Loss: 0.089
2024-12-06 07:53 - INFO - 	 Best ROC-AUC: 0.979
2024-12-06 07:53 - INFO - 	 Best PR-AUC: 0.777
2024-12-06 07:53 - INFO - 	 Test-ROC-AUC under Best Validation ROC-AUC: 0.977
2024-12-06 07:53 - INFO - 	 Test-PR-AUC under Best Validation Best PR-AUC: 0.769
2024-12-06 07:53 - INFO - ---------------------------------------------
2024-12-06 08:01 - INFO - ---------------------------------------------
2024-12-06 08:01 - INFO - Epoch: 05 | Time: 8m 2s
2024-12-06 08:01 - INFO - 	 New best val_rocauc loss was found, current best value is 0.81256
2024-12-06 08:01 - INFO - 	 Train Loss: 0.089
2024-12-06 08:01 - INFO - 	 Val. Loss: 0.095
2024-12-06 08:01 - INFO - 	 ROC-AUC: 0.981
2024-12-06 08:01 - INFO - 	 PR-AUC: 0.813
2024-12-06 08:01 - INFO - 	 Best Val. Loss: 0.089
2024-12-06 08:01 - INFO - 	 Best ROC-AUC: 0.981
2024-12-06 08:01 - INFO - 	 Best PR-AUC: 0.813
2024-12-06 08:01 - INFO - 	 Test-ROC-AUC under Best Validation ROC-AUC: 0.980
2024-12-06 08:01 - INFO - 	 Test-PR-AUC under Best Validation Best PR-AUC: 0.800
2024-12-06 08:01 - INFO - ---------------------------------------------
2024-12-06 08:09 - INFO - ---------------------------------------------
2024-12-06 08:09 - INFO - Epoch: 06 | Time: 8m 1s
2024-12-06 08:09 - INFO - 	 Train Loss: 0.086
2024-12-06 08:09 - INFO - 	 Val. Loss: 0.085
2024-12-06 08:09 - INFO - 	 ROC-AUC: 0.981
2024-12-06 08:09 - INFO - 	 PR-AUC: 0.809
2024-12-06 08:09 - INFO - 	 Best Val. Loss: 0.085
2024-12-06 08:09 - INFO - 	 Best ROC-AUC: 0.981
2024-12-06 08:09 - INFO - 	 Best PR-AUC: 0.813
2024-12-06 08:09 - INFO - 	 Test-ROC-AUC under Best Validation ROC-AUC: 0.980
2024-12-06 08:09 - INFO - 	 Test-PR-AUC under Best Validation Best PR-AUC: 0.800
2024-12-06 08:09 - INFO - ---------------------------------------------
2024-12-06 08:17 - INFO - ---------------------------------------------
2024-12-06 08:17 - INFO - Epoch: 07 | Time: 8m 2s
2024-12-06 08:17 - INFO - 	 New best val_rocauc loss was found, current best value is 0.81866
2024-12-06 08:17 - INFO - 	 Train Loss: 0.084
2024-12-06 08:17 - INFO - 	 Val. Loss: 0.081
2024-12-06 08:17 - INFO - 	 ROC-AUC: 0.980
2024-12-06 08:17 - INFO - 	 PR-AUC: 0.819
2024-12-06 08:17 - INFO - 	 Best Val. Loss: 0.081
2024-12-06 08:17 - INFO - 	 Best ROC-AUC: 0.981
2024-12-06 08:17 - INFO - 	 Best PR-AUC: 0.819
2024-12-06 08:17 - INFO - 	 Test-ROC-AUC under Best Validation ROC-AUC: 0.980
2024-12-06 08:17 - INFO - 	 Test-PR-AUC under Best Validation Best PR-AUC: 0.795
2024-12-06 08:17 - INFO - ---------------------------------------------
2024-12-06 08:25 - INFO - ---------------------------------------------
2024-12-06 08:25 - INFO - Epoch: 08 | Time: 8m 2s
2024-12-06 08:25 - INFO - 	 Train Loss: 0.081
2024-12-06 08:25 - INFO - 	 Val. Loss: 0.075
2024-12-06 08:25 - INFO - 	 ROC-AUC: 0.982
2024-12-06 08:25 - INFO - 	 PR-AUC: 0.819
2024-12-06 08:25 - INFO - 	 Best Val. Loss: 0.075
2024-12-06 08:25 - INFO - 	 Best ROC-AUC: 0.982
2024-12-06 08:25 - INFO - 	 Best PR-AUC: 0.819
2024-12-06 08:25 - INFO - 	 Test-ROC-AUC under Best Validation ROC-AUC: 0.981
2024-12-06 08:25 - INFO - 	 Test-PR-AUC under Best Validation Best PR-AUC: 0.795
2024-12-06 08:25 - INFO - ---------------------------------------------
2024-12-06 08:33 - INFO - ---------------------------------------------
2024-12-06 08:33 - INFO - Epoch: 09 | Time: 8m 2s
2024-12-06 08:33 - INFO - 	 Train Loss: 0.080
2024-12-06 08:33 - INFO - 	 Val. Loss: 0.074
2024-12-06 08:33 - INFO - 	 ROC-AUC: 0.982
2024-12-06 08:33 - INFO - 	 PR-AUC: 0.818
2024-12-06 08:33 - INFO - 	 Best Val. Loss: 0.074
2024-12-06 08:33 - INFO - 	 Best ROC-AUC: 0.982
2024-12-06 08:33 - INFO - 	 Best PR-AUC: 0.819
2024-12-06 08:33 - INFO - 	 Test-ROC-AUC under Best Validation ROC-AUC: 0.981
2024-12-06 08:33 - INFO - 	 Test-PR-AUC under Best Validation Best PR-AUC: 0.795
2024-12-06 08:33 - INFO - ---------------------------------------------
2024-12-06 08:41 - INFO - ---------------------------------------------
2024-12-06 08:41 - INFO - Epoch: 10 | Time: 8m 2s
2024-12-06 08:41 - INFO - 	 New best val_rocauc loss was found, current best value is 0.83462
2024-12-06 08:41 - INFO - 	 Train Loss: 0.077
2024-12-06 08:41 - INFO - 	 Val. Loss: 0.072
2024-12-06 08:41 - INFO - 	 ROC-AUC: 0.983
2024-12-06 08:41 - INFO - 	 PR-AUC: 0.835
2024-12-06 08:41 - INFO - 	 Best Val. Loss: 0.072
2024-12-06 08:41 - INFO - 	 Best ROC-AUC: 0.983
2024-12-06 08:41 - INFO - 	 Best PR-AUC: 0.835
2024-12-06 08:41 - INFO - 	 Test-ROC-AUC under Best Validation ROC-AUC: 0.981
2024-12-06 08:41 - INFO - 	 Test-PR-AUC under Best Validation Best PR-AUC: 0.818
2024-12-06 08:41 - INFO - ---------------------------------------------
2024-12-06 08:43 - INFO - Fit the preprocessing pipeline
2024-12-06 08:43 - INFO - Training using device: cuda
2024-12-06 08:43 - INFO - Creating generators
2024-12-06 08:43 - INFO - The model has 2,246,929 trainable parameters
2024-12-06 08:43 - INFO - * Model:
2024-12-06 08:43 - INFO - * -----------
2024-12-06 08:43 - INFO - CombinedModel(
  (upstream_model): TSTransformerEncoderCNN(
    (project_input): Linear(in_features=12, out_features=128, bias=True)
    (encoder): Linear(in_features=12, out_features=128, bias=True)
    (transformer_encoder): TransformerEncoder(
      (layers): ModuleList(
        (0-7): 8 x TransformerEncoderLayer(
          (self_attn): MultiheadAttention(
            (out_proj): NonDynamicallyQuantizableLinear(in_features=128, out_features=128, bias=True)
          )
          (linear1): Linear(in_features=128, out_features=512, bias=True)
          (dropout): Dropout(p=0.4, inplace=False)
          (linear2): Linear(in_features=512, out_features=128, bias=True)
          (norm1): LayerNorm((128,), eps=1e-05, elementwise_affine=True)
          (norm2): LayerNorm((128,), eps=1e-05, elementwise_affine=True)
          (dropout1): Dropout(p=0.4, inplace=False)
          (dropout2): Dropout(p=0.4, inplace=False)
        )
      )
    )
    (output_layer): Linear(in_features=128, out_features=12, bias=True)
    (dropout1): Dropout(p=0.4, inplace=False)
    (cnn): Conv1d(128, 12, kernel_size=(3,), stride=(1,), padding=(1,))
  )
  (downstream_model): DownstreamInception(
    (conv1): ConvBlock(
      (conv): Conv1d(12, 64, kernel_size=(7,), stride=(2,), padding=(3,))
      (bn): BatchNorm1d(64, eps=1e-05, momentum=0.1, affine=True, track_running_stats=True)
    )
    (conv2): ConvBlock(
      (conv): Conv1d(64, 128, kernel_size=(3,), stride=(1,), padding=(1,))
      (bn): BatchNorm1d(128, eps=1e-05, momentum=0.1, affine=True, track_running_stats=True)
    )
    (maxpool): MaxPool1d(kernel_size=3, stride=2, padding=1, dilation=1, ceil_mode=False)
    (inception3a): InceptionBlock(
      (branch1): ConvBlock(
        (conv): Conv1d(128, 64, kernel_size=(1,), stride=(1,))
        (bn): BatchNorm1d(64, eps=1e-05, momentum=0.1, affine=True, track_running_stats=True)
      )
      (branch2): Sequential(
        (0): ConvBlock(
          (conv): Conv1d(128, 96, kernel_size=(1,), stride=(1,))
          (bn): BatchNorm1d(96, eps=1e-05, momentum=0.1, affine=True, track_running_stats=True)
        )
        (1): ConvBlock(
          (conv): Conv1d(96, 128, kernel_size=(3,), stride=(1,), padding=(1,))
          (bn): BatchNorm1d(128, eps=1e-05, momentum=0.1, affine=True, track_running_stats=True)
        )
      )
      (branch3): Sequential(
        (0): ConvBlock(
          (conv): Conv1d(128, 16, kernel_size=(1,), stride=(1,))
          (bn): BatchNorm1d(16, eps=1e-05, momentum=0.1, affine=True, track_running_stats=True)
        )
        (1): ConvBlock(
          (conv): Conv1d(16, 32, kernel_size=(5,), stride=(1,), padding=(2,))
          (bn): BatchNorm1d(32, eps=1e-05, momentum=0.1, affine=True, track_running_stats=True)
        )
      )
      (branch4): Sequential(
        (0): MaxPool2d(kernel_size=3, stride=1, padding=1, dilation=1, ceil_mode=False)
        (1): ConvBlock(
          (conv): Conv1d(128, 32, kernel_size=(1,), stride=(1,))
          (bn): BatchNorm1d(32, eps=1e-05, momentum=0.1, affine=True, track_running_stats=True)
        )
      )
    )
    (inception3b): InceptionBlock(
      (branch1): ConvBlock(
        (conv): Conv1d(256, 128, kernel_size=(1,), stride=(1,))
        (bn): BatchNorm1d(128, eps=1e-05, momentum=0.1, affine=True, track_running_stats=True)
      )
      (branch2): Sequential(
        (0): ConvBlock(
          (conv): Conv1d(256, 128, kernel_size=(1,), stride=(1,))
          (bn): BatchNorm1d(128, eps=1e-05, momentum=0.1, affine=True, track_running_stats=True)
        )
        (1): ConvBlock(
          (conv): Conv1d(128, 192, kernel_size=(3,), stride=(1,), padding=(1,))
          (bn): BatchNorm1d(192, eps=1e-05, momentum=0.1, affine=True, track_running_stats=True)
        )
      )
      (branch3): Sequential(
        (0): ConvBlock(
          (conv): Conv1d(256, 32, kernel_size=(1,), stride=(1,))
          (bn): BatchNorm1d(32, eps=1e-05, momentum=0.1, affine=True, track_running_stats=True)
        )
        (1): ConvBlock(
          (conv): Conv1d(32, 96, kernel_size=(5,), stride=(1,), padding=(2,))
          (bn): BatchNorm1d(96, eps=1e-05, momentum=0.1, affine=True, track_running_stats=True)
        )
      )
      (branch4): Sequential(
        (0): MaxPool2d(kernel_size=3, stride=1, padding=1, dilation=1, ceil_mode=False)
        (1): ConvBlock(
          (conv): Conv1d(256, 64, kernel_size=(1,), stride=(1,))
          (bn): BatchNorm1d(64, eps=1e-05, momentum=0.1, affine=True, track_running_stats=True)
        )
      )
    )
    (inception4a): InceptionBlock(
      (branch1): ConvBlock(
        (conv): Conv1d(480, 192, kernel_size=(1,), stride=(1,))
        (bn): BatchNorm1d(192, eps=1e-05, momentum=0.1, affine=True, track_running_stats=True)
      )
      (branch2): Sequential(
        (0): ConvBlock(
          (conv): Conv1d(480, 96, kernel_size=(1,), stride=(1,))
          (bn): BatchNorm1d(96, eps=1e-05, momentum=0.1, affine=True, track_running_stats=True)
        )
        (1): ConvBlock(
          (conv): Conv1d(96, 208, kernel_size=(3,), stride=(1,), padding=(1,))
          (bn): BatchNorm1d(208, eps=1e-05, momentum=0.1, affine=True, track_running_stats=True)
        )
      )
      (branch3): Sequential(
        (0): ConvBlock(
          (conv): Conv1d(480, 16, kernel_size=(1,), stride=(1,))
          (bn): BatchNorm1d(16, eps=1e-05, momentum=0.1, affine=True, track_running_stats=True)
        )
        (1): ConvBlock(
          (conv): Conv1d(16, 48, kernel_size=(5,), stride=(1,), padding=(2,))
          (bn): BatchNorm1d(48, eps=1e-05, momentum=0.1, affine=True, track_running_stats=True)
        )
      )
      (branch4): Sequential(
        (0): MaxPool2d(kernel_size=3, stride=1, padding=1, dilation=1, ceil_mode=False)
        (1): ConvBlock(
          (conv): Conv1d(480, 64, kernel_size=(1,), stride=(1,))
          (bn): BatchNorm1d(64, eps=1e-05, momentum=0.1, affine=True, track_running_stats=True)
        )
      )
    )
    (inception4b): InceptionBlock(
      (branch1): ConvBlock(
        (conv): Conv1d(512, 32, kernel_size=(1,), stride=(1,))
        (bn): BatchNorm1d(32, eps=1e-05, momentum=0.1, affine=True, track_running_stats=True)
      )
      (branch2): Sequential(
        (0): ConvBlock(
          (conv): Conv1d(512, 112, kernel_size=(1,), stride=(1,))
          (bn): BatchNorm1d(112, eps=1e-05, momentum=0.1, affine=True, track_running_stats=True)
        )
        (1): ConvBlock(
          (conv): Conv1d(112, 32, kernel_size=(3,), stride=(1,), padding=(1,))
          (bn): BatchNorm1d(32, eps=1e-05, momentum=0.1, affine=True, track_running_stats=True)
        )
      )
      (branch3): Sequential(
        (0): ConvBlock(
          (conv): Conv1d(512, 24, kernel_size=(1,), stride=(1,))
          (bn): BatchNorm1d(24, eps=1e-05, momentum=0.1, affine=True, track_running_stats=True)
        )
        (1): ConvBlock(
          (conv): Conv1d(24, 64, kernel_size=(5,), stride=(1,), padding=(2,))
          (bn): BatchNorm1d(64, eps=1e-05, momentum=0.1, affine=True, track_running_stats=True)
        )
      )
      (branch4): Sequential(
        (0): MaxPool2d(kernel_size=3, stride=1, padding=1, dilation=1, ceil_mode=False)
        (1): ConvBlock(
          (conv): Conv1d(512, 32, kernel_size=(1,), stride=(1,))
          (bn): BatchNorm1d(32, eps=1e-05, momentum=0.1, affine=True, track_running_stats=True)
        )
      )
    )
    (avgpool): AvgPool1d(kernel_size=(5,), stride=(1,), padding=(0,))
    (dropout): Dropout(p=0.5, inplace=False)
    (fc): Linear(in_features=8480, out_features=1, bias=True)
    (sigmoid): Sigmoid()
  )
)
2024-12-06 08:43 - INFO - * -----------
2024-12-06 08:51 - INFO - ---------------------------------------------
2024-12-06 08:51 - INFO - Epoch: 01 | Time: 8m 1s
2024-12-06 08:51 - INFO - 	 New best val_rocauc loss was found, current best value is 0.24819
2024-12-06 08:51 - INFO - 	 Train Loss: 0.244
2024-12-06 08:51 - INFO - 	 Val. Loss: 0.214
2024-12-06 08:51 - INFO - 	 ROC-AUC: 0.811
2024-12-06 08:51 - INFO - 	 PR-AUC: 0.248
2024-12-06 08:51 - INFO - 	 Best Val. Loss: 0.214
2024-12-06 08:51 - INFO - 	 Best ROC-AUC: 0.811
2024-12-06 08:51 - INFO - 	 Best PR-AUC: 0.248
2024-12-06 08:51 - INFO - 	 Test-ROC-AUC under Best Validation ROC-AUC: 0.806
2024-12-06 08:51 - INFO - 	 Test-PR-AUC under Best Validation Best PR-AUC: 0.286
2024-12-06 08:51 - INFO - ---------------------------------------------
2024-12-06 09:00 - INFO - ---------------------------------------------
2024-12-06 09:00 - INFO - Epoch: 02 | Time: 8m 1s
2024-12-06 09:00 - INFO - 	 New best val_rocauc loss was found, current best value is 0.55226
2024-12-06 09:00 - INFO - 	 Train Loss: 0.177
2024-12-06 09:00 - INFO - 	 Val. Loss: 0.149
2024-12-06 09:00 - INFO - 	 ROC-AUC: 0.948
2024-12-06 09:00 - INFO - 	 PR-AUC: 0.552
2024-12-06 09:00 - INFO - 	 Best Val. Loss: 0.149
2024-12-06 09:00 - INFO - 	 Best ROC-AUC: 0.948
2024-12-06 09:00 - INFO - 	 Best PR-AUC: 0.552
2024-12-06 09:00 - INFO - 	 Test-ROC-AUC under Best Validation ROC-AUC: 0.949
2024-12-06 09:00 - INFO - 	 Test-PR-AUC under Best Validation Best PR-AUC: 0.585
2024-12-06 09:00 - INFO - ---------------------------------------------
2024-12-06 09:08 - INFO - ---------------------------------------------
2024-12-06 09:08 - INFO - Epoch: 03 | Time: 8m 1s
2024-12-06 09:08 - INFO - 	 New best val_rocauc loss was found, current best value is 0.7495
2024-12-06 09:08 - INFO - 	 Train Loss: 0.107
2024-12-06 09:08 - INFO - 	 Val. Loss: 0.093
2024-12-06 09:08 - INFO - 	 ROC-AUC: 0.975
2024-12-06 09:08 - INFO - 	 PR-AUC: 0.749
2024-12-06 09:08 - INFO - 	 Best Val. Loss: 0.093
2024-12-06 09:08 - INFO - 	 Best ROC-AUC: 0.975
2024-12-06 09:08 - INFO - 	 Best PR-AUC: 0.749
2024-12-06 09:08 - INFO - 	 Test-ROC-AUC under Best Validation ROC-AUC: 0.975
2024-12-06 09:08 - INFO - 	 Test-PR-AUC under Best Validation Best PR-AUC: 0.758
2024-12-06 09:08 - INFO - ---------------------------------------------
2024-12-06 09:16 - INFO - ---------------------------------------------
2024-12-06 09:16 - INFO - Epoch: 04 | Time: 8m 0s
2024-12-06 09:16 - INFO - 	 New best val_rocauc loss was found, current best value is 0.82393
2024-12-06 09:16 - INFO - 	 Train Loss: 0.096
2024-12-06 09:16 - INFO - 	 Val. Loss: 0.090
2024-12-06 09:16 - INFO - 	 ROC-AUC: 0.981
2024-12-06 09:16 - INFO - 	 PR-AUC: 0.824
2024-12-06 09:16 - INFO - 	 Best Val. Loss: 0.090
2024-12-06 09:16 - INFO - 	 Best ROC-AUC: 0.981
2024-12-06 09:16 - INFO - 	 Best PR-AUC: 0.824
2024-12-06 09:16 - INFO - 	 Test-ROC-AUC under Best Validation ROC-AUC: 0.979
2024-12-06 09:16 - INFO - 	 Test-PR-AUC under Best Validation Best PR-AUC: 0.800
2024-12-06 09:16 - INFO - ---------------------------------------------
2024-12-06 09:24 - INFO - ---------------------------------------------
2024-12-06 09:24 - INFO - Epoch: 05 | Time: 8m 0s
2024-12-06 09:24 - INFO - 	 Train Loss: 0.090
2024-12-06 09:24 - INFO - 	 Val. Loss: 0.087
2024-12-06 09:24 - INFO - 	 ROC-AUC: 0.979
2024-12-06 09:24 - INFO - 	 PR-AUC: 0.779
2024-12-06 09:24 - INFO - 	 Best Val. Loss: 0.087
2024-12-06 09:24 - INFO - 	 Best ROC-AUC: 0.981
2024-12-06 09:24 - INFO - 	 Best PR-AUC: 0.824
2024-12-06 09:24 - INFO - 	 Test-ROC-AUC under Best Validation ROC-AUC: 0.979
2024-12-06 09:24 - INFO - 	 Test-PR-AUC under Best Validation Best PR-AUC: 0.800
2024-12-06 09:24 - INFO - ---------------------------------------------
2024-12-06 09:32 - INFO - ---------------------------------------------
2024-12-06 09:32 - INFO - Epoch: 06 | Time: 8m 1s
2024-12-06 09:32 - INFO - 	 Train Loss: 0.086
2024-12-06 09:32 - INFO - 	 Val. Loss: 0.078
2024-12-06 09:32 - INFO - 	 ROC-AUC: 0.982
2024-12-06 09:32 - INFO - 	 PR-AUC: 0.810
2024-12-06 09:32 - INFO - 	 Best Val. Loss: 0.078
2024-12-06 09:32 - INFO - 	 Best ROC-AUC: 0.982
2024-12-06 09:32 - INFO - 	 Best PR-AUC: 0.824
2024-12-06 09:32 - INFO - 	 Test-ROC-AUC under Best Validation ROC-AUC: 0.981
2024-12-06 09:32 - INFO - 	 Test-PR-AUC under Best Validation Best PR-AUC: 0.800
2024-12-06 09:32 - INFO - ---------------------------------------------
2024-12-06 09:40 - INFO - ---------------------------------------------
2024-12-06 09:40 - INFO - Epoch: 07 | Time: 8m 2s
2024-12-06 09:40 - INFO - 	 New best val_rocauc loss was found, current best value is 0.83316
2024-12-06 09:40 - INFO - 	 Train Loss: 0.085
2024-12-06 09:40 - INFO - 	 Val. Loss: 0.074
2024-12-06 09:40 - INFO - 	 ROC-AUC: 0.983
2024-12-06 09:40 - INFO - 	 PR-AUC: 0.833
2024-12-06 09:40 - INFO - 	 Best Val. Loss: 0.074
2024-12-06 09:40 - INFO - 	 Best ROC-AUC: 0.983
2024-12-06 09:40 - INFO - 	 Best PR-AUC: 0.833
2024-12-06 09:40 - INFO - 	 Test-ROC-AUC under Best Validation ROC-AUC: 0.980
2024-12-06 09:40 - INFO - 	 Test-PR-AUC under Best Validation Best PR-AUC: 0.827
2024-12-06 09:40 - INFO - ---------------------------------------------
2024-12-06 09:48 - INFO - ---------------------------------------------
2024-12-06 09:48 - INFO - Epoch: 08 | Time: 8m 2s
2024-12-06 09:48 - INFO - 	 Train Loss: 0.083
2024-12-06 09:48 - INFO - 	 Val. Loss: 0.078
2024-12-06 09:48 - INFO - 	 ROC-AUC: 0.981
2024-12-06 09:48 - INFO - 	 PR-AUC: 0.811
2024-12-06 09:48 - INFO - 	 Best Val. Loss: 0.074
2024-12-06 09:48 - INFO - 	 Best ROC-AUC: 0.983
2024-12-06 09:48 - INFO - 	 Best PR-AUC: 0.833
2024-12-06 09:48 - INFO - 	 Test-ROC-AUC under Best Validation ROC-AUC: 0.980
2024-12-06 09:48 - INFO - 	 Test-PR-AUC under Best Validation Best PR-AUC: 0.827
2024-12-06 09:48 - INFO - ---------------------------------------------
2024-12-06 09:56 - INFO - ---------------------------------------------
2024-12-06 09:56 - INFO - Epoch: 09 | Time: 8m 2s
2024-12-06 09:56 - INFO - 	 Train Loss: 0.081
2024-12-06 09:56 - INFO - 	 Val. Loss: 0.074
2024-12-06 09:56 - INFO - 	 ROC-AUC: 0.983
2024-12-06 09:56 - INFO - 	 PR-AUC: 0.819
2024-12-06 09:56 - INFO - 	 Best Val. Loss: 0.074
2024-12-06 09:56 - INFO - 	 Best ROC-AUC: 0.983
2024-12-06 09:56 - INFO - 	 Best PR-AUC: 0.833
2024-12-06 09:56 - INFO - 	 Test-ROC-AUC under Best Validation ROC-AUC: 0.980
2024-12-06 09:56 - INFO - 	 Test-PR-AUC under Best Validation Best PR-AUC: 0.827
2024-12-06 09:56 - INFO - ---------------------------------------------
2024-12-06 10:04 - INFO - ---------------------------------------------
2024-12-06 10:04 - INFO - Epoch: 10 | Time: 8m 2s
2024-12-06 10:04 - INFO - 	 New best val_rocauc loss was found, current best value is 0.8434
2024-12-06 10:04 - INFO - 	 Train Loss: 0.081
2024-12-06 10:04 - INFO - 	 Val. Loss: 0.072
2024-12-06 10:04 - INFO - 	 ROC-AUC: 0.983
2024-12-06 10:04 - INFO - 	 PR-AUC: 0.843
2024-12-06 10:04 - INFO - 	 Best Val. Loss: 0.072
2024-12-06 10:04 - INFO - 	 Best ROC-AUC: 0.983
2024-12-06 10:04 - INFO - 	 Best PR-AUC: 0.843
2024-12-06 10:04 - INFO - 	 Test-ROC-AUC under Best Validation ROC-AUC: 0.980
2024-12-06 10:04 - INFO - 	 Test-PR-AUC under Best Validation Best PR-AUC: 0.843
2024-12-06 10:04 - INFO - ---------------------------------------------
2024-12-06 10:06 - INFO - Fit the preprocessing pipeline
2024-12-06 10:06 - INFO - Training using device: cuda
2024-12-06 10:06 - INFO - Creating generators
2024-12-06 10:06 - INFO - The model has 2,246,929 trainable parameters
2024-12-06 10:06 - INFO - * Model:
2024-12-06 10:06 - INFO - * -----------
2024-12-06 10:06 - INFO - CombinedModel(
  (upstream_model): TSTransformerEncoderCNN(
    (project_input): Linear(in_features=12, out_features=128, bias=True)
    (encoder): Linear(in_features=12, out_features=128, bias=True)
    (transformer_encoder): TransformerEncoder(
      (layers): ModuleList(
        (0-7): 8 x TransformerEncoderLayer(
          (self_attn): MultiheadAttention(
            (out_proj): NonDynamicallyQuantizableLinear(in_features=128, out_features=128, bias=True)
          )
          (linear1): Linear(in_features=128, out_features=512, bias=True)
          (dropout): Dropout(p=0.4, inplace=False)
          (linear2): Linear(in_features=512, out_features=128, bias=True)
          (norm1): LayerNorm((128,), eps=1e-05, elementwise_affine=True)
          (norm2): LayerNorm((128,), eps=1e-05, elementwise_affine=True)
          (dropout1): Dropout(p=0.4, inplace=False)
          (dropout2): Dropout(p=0.4, inplace=False)
        )
      )
    )
    (output_layer): Linear(in_features=128, out_features=12, bias=True)
    (dropout1): Dropout(p=0.4, inplace=False)
    (cnn): Conv1d(128, 12, kernel_size=(3,), stride=(1,), padding=(1,))
  )
  (downstream_model): DownstreamInception(
    (conv1): ConvBlock(
      (conv): Conv1d(12, 64, kernel_size=(7,), stride=(2,), padding=(3,))
      (bn): BatchNorm1d(64, eps=1e-05, momentum=0.1, affine=True, track_running_stats=True)
    )
    (conv2): ConvBlock(
      (conv): Conv1d(64, 128, kernel_size=(3,), stride=(1,), padding=(1,))
      (bn): BatchNorm1d(128, eps=1e-05, momentum=0.1, affine=True, track_running_stats=True)
    )
    (maxpool): MaxPool1d(kernel_size=3, stride=2, padding=1, dilation=1, ceil_mode=False)
    (inception3a): InceptionBlock(
      (branch1): ConvBlock(
        (conv): Conv1d(128, 64, kernel_size=(1,), stride=(1,))
        (bn): BatchNorm1d(64, eps=1e-05, momentum=0.1, affine=True, track_running_stats=True)
      )
      (branch2): Sequential(
        (0): ConvBlock(
          (conv): Conv1d(128, 96, kernel_size=(1,), stride=(1,))
          (bn): BatchNorm1d(96, eps=1e-05, momentum=0.1, affine=True, track_running_stats=True)
        )
        (1): ConvBlock(
          (conv): Conv1d(96, 128, kernel_size=(3,), stride=(1,), padding=(1,))
          (bn): BatchNorm1d(128, eps=1e-05, momentum=0.1, affine=True, track_running_stats=True)
        )
      )
      (branch3): Sequential(
        (0): ConvBlock(
          (conv): Conv1d(128, 16, kernel_size=(1,), stride=(1,))
          (bn): BatchNorm1d(16, eps=1e-05, momentum=0.1, affine=True, track_running_stats=True)
        )
        (1): ConvBlock(
          (conv): Conv1d(16, 32, kernel_size=(5,), stride=(1,), padding=(2,))
          (bn): BatchNorm1d(32, eps=1e-05, momentum=0.1, affine=True, track_running_stats=True)
        )
      )
      (branch4): Sequential(
        (0): MaxPool2d(kernel_size=3, stride=1, padding=1, dilation=1, ceil_mode=False)
        (1): ConvBlock(
          (conv): Conv1d(128, 32, kernel_size=(1,), stride=(1,))
          (bn): BatchNorm1d(32, eps=1e-05, momentum=0.1, affine=True, track_running_stats=True)
        )
      )
    )
    (inception3b): InceptionBlock(
      (branch1): ConvBlock(
        (conv): Conv1d(256, 128, kernel_size=(1,), stride=(1,))
        (bn): BatchNorm1d(128, eps=1e-05, momentum=0.1, affine=True, track_running_stats=True)
      )
      (branch2): Sequential(
        (0): ConvBlock(
          (conv): Conv1d(256, 128, kernel_size=(1,), stride=(1,))
          (bn): BatchNorm1d(128, eps=1e-05, momentum=0.1, affine=True, track_running_stats=True)
        )
        (1): ConvBlock(
          (conv): Conv1d(128, 192, kernel_size=(3,), stride=(1,), padding=(1,))
          (bn): BatchNorm1d(192, eps=1e-05, momentum=0.1, affine=True, track_running_stats=True)
        )
      )
      (branch3): Sequential(
        (0): ConvBlock(
          (conv): Conv1d(256, 32, kernel_size=(1,), stride=(1,))
          (bn): BatchNorm1d(32, eps=1e-05, momentum=0.1, affine=True, track_running_stats=True)
        )
        (1): ConvBlock(
          (conv): Conv1d(32, 96, kernel_size=(5,), stride=(1,), padding=(2,))
          (bn): BatchNorm1d(96, eps=1e-05, momentum=0.1, affine=True, track_running_stats=True)
        )
      )
      (branch4): Sequential(
        (0): MaxPool2d(kernel_size=3, stride=1, padding=1, dilation=1, ceil_mode=False)
        (1): ConvBlock(
          (conv): Conv1d(256, 64, kernel_size=(1,), stride=(1,))
          (bn): BatchNorm1d(64, eps=1e-05, momentum=0.1, affine=True, track_running_stats=True)
        )
      )
    )
    (inception4a): InceptionBlock(
      (branch1): ConvBlock(
        (conv): Conv1d(480, 192, kernel_size=(1,), stride=(1,))
        (bn): BatchNorm1d(192, eps=1e-05, momentum=0.1, affine=True, track_running_stats=True)
      )
      (branch2): Sequential(
        (0): ConvBlock(
          (conv): Conv1d(480, 96, kernel_size=(1,), stride=(1,))
          (bn): BatchNorm1d(96, eps=1e-05, momentum=0.1, affine=True, track_running_stats=True)
        )
        (1): ConvBlock(
          (conv): Conv1d(96, 208, kernel_size=(3,), stride=(1,), padding=(1,))
          (bn): BatchNorm1d(208, eps=1e-05, momentum=0.1, affine=True, track_running_stats=True)
        )
      )
      (branch3): Sequential(
        (0): ConvBlock(
          (conv): Conv1d(480, 16, kernel_size=(1,), stride=(1,))
          (bn): BatchNorm1d(16, eps=1e-05, momentum=0.1, affine=True, track_running_stats=True)
        )
        (1): ConvBlock(
          (conv): Conv1d(16, 48, kernel_size=(5,), stride=(1,), padding=(2,))
          (bn): BatchNorm1d(48, eps=1e-05, momentum=0.1, affine=True, track_running_stats=True)
        )
      )
      (branch4): Sequential(
        (0): MaxPool2d(kernel_size=3, stride=1, padding=1, dilation=1, ceil_mode=False)
        (1): ConvBlock(
          (conv): Conv1d(480, 64, kernel_size=(1,), stride=(1,))
          (bn): BatchNorm1d(64, eps=1e-05, momentum=0.1, affine=True, track_running_stats=True)
        )
      )
    )
    (inception4b): InceptionBlock(
      (branch1): ConvBlock(
        (conv): Conv1d(512, 32, kernel_size=(1,), stride=(1,))
        (bn): BatchNorm1d(32, eps=1e-05, momentum=0.1, affine=True, track_running_stats=True)
      )
      (branch2): Sequential(
        (0): ConvBlock(
          (conv): Conv1d(512, 112, kernel_size=(1,), stride=(1,))
          (bn): BatchNorm1d(112, eps=1e-05, momentum=0.1, affine=True, track_running_stats=True)
        )
        (1): ConvBlock(
          (conv): Conv1d(112, 32, kernel_size=(3,), stride=(1,), padding=(1,))
          (bn): BatchNorm1d(32, eps=1e-05, momentum=0.1, affine=True, track_running_stats=True)
        )
      )
      (branch3): Sequential(
        (0): ConvBlock(
          (conv): Conv1d(512, 24, kernel_size=(1,), stride=(1,))
          (bn): BatchNorm1d(24, eps=1e-05, momentum=0.1, affine=True, track_running_stats=True)
        )
        (1): ConvBlock(
          (conv): Conv1d(24, 64, kernel_size=(5,), stride=(1,), padding=(2,))
          (bn): BatchNorm1d(64, eps=1e-05, momentum=0.1, affine=True, track_running_stats=True)
        )
      )
      (branch4): Sequential(
        (0): MaxPool2d(kernel_size=3, stride=1, padding=1, dilation=1, ceil_mode=False)
        (1): ConvBlock(
          (conv): Conv1d(512, 32, kernel_size=(1,), stride=(1,))
          (bn): BatchNorm1d(32, eps=1e-05, momentum=0.1, affine=True, track_running_stats=True)
        )
      )
    )
    (avgpool): AvgPool1d(kernel_size=(5,), stride=(1,), padding=(0,))
    (dropout): Dropout(p=0.5, inplace=False)
    (fc): Linear(in_features=8480, out_features=1, bias=True)
    (sigmoid): Sigmoid()
  )
)
2024-12-06 10:06 - INFO - * -----------
2024-12-06 10:14 - INFO - ---------------------------------------------
2024-12-06 10:14 - INFO - Epoch: 01 | Time: 8m 2s
2024-12-06 10:14 - INFO - 	 New best val_rocauc loss was found, current best value is 0.23208
2024-12-06 10:14 - INFO - 	 Train Loss: 0.245
2024-12-06 10:14 - INFO - 	 Val. Loss: 0.225
2024-12-06 10:14 - INFO - 	 ROC-AUC: 0.791
2024-12-06 10:14 - INFO - 	 PR-AUC: 0.232
2024-12-06 10:14 - INFO - 	 Best Val. Loss: 0.225
2024-12-06 10:14 - INFO - 	 Best ROC-AUC: 0.791
2024-12-06 10:14 - INFO - 	 Best PR-AUC: 0.232
2024-12-06 10:14 - INFO - 	 Test-ROC-AUC under Best Validation ROC-AUC: 0.777
2024-12-06 10:14 - INFO - 	 Test-PR-AUC under Best Validation Best PR-AUC: 0.265
2024-12-06 10:14 - INFO - ---------------------------------------------
2024-12-06 10:22 - INFO - ---------------------------------------------
2024-12-06 10:22 - INFO - Epoch: 02 | Time: 8m 2s
2024-12-06 10:22 - INFO - 	 New best val_rocauc loss was found, current best value is 0.67527
2024-12-06 10:22 - INFO - 	 Train Loss: 0.158
2024-12-06 10:22 - INFO - 	 Val. Loss: 0.101
2024-12-06 10:22 - INFO - 	 ROC-AUC: 0.969
2024-12-06 10:22 - INFO - 	 PR-AUC: 0.675
2024-12-06 10:22 - INFO - 	 Best Val. Loss: 0.101
2024-12-06 10:22 - INFO - 	 Best ROC-AUC: 0.969
2024-12-06 10:22 - INFO - 	 Best PR-AUC: 0.675
2024-12-06 10:22 - INFO - 	 Test-ROC-AUC under Best Validation ROC-AUC: 0.968
2024-12-06 10:22 - INFO - 	 Test-PR-AUC under Best Validation Best PR-AUC: 0.704
2024-12-06 10:22 - INFO - ---------------------------------------------
2024-12-06 10:30 - INFO - ---------------------------------------------
2024-12-06 10:30 - INFO - Epoch: 03 | Time: 8m 2s
2024-12-06 10:30 - INFO - 	 New best val_rocauc loss was found, current best value is 0.77302
2024-12-06 10:30 - INFO - 	 Train Loss: 0.106
2024-12-06 10:30 - INFO - 	 Val. Loss: 0.111
2024-12-06 10:30 - INFO - 	 ROC-AUC: 0.975
2024-12-06 10:30 - INFO - 	 PR-AUC: 0.773
2024-12-06 10:30 - INFO - 	 Best Val. Loss: 0.101
2024-12-06 10:30 - INFO - 	 Best ROC-AUC: 0.975
2024-12-06 10:30 - INFO - 	 Best PR-AUC: 0.773
2024-12-06 10:30 - INFO - 	 Test-ROC-AUC under Best Validation ROC-AUC: 0.975
2024-12-06 10:30 - INFO - 	 Test-PR-AUC under Best Validation Best PR-AUC: 0.746
2024-12-06 10:30 - INFO - ---------------------------------------------
2024-12-06 10:38 - INFO - ---------------------------------------------
2024-12-06 10:38 - INFO - Epoch: 04 | Time: 8m 2s
2024-12-06 10:38 - INFO - 	 New best val_rocauc loss was found, current best value is 0.79996
2024-12-06 10:38 - INFO - 	 Train Loss: 0.095
2024-12-06 10:38 - INFO - 	 Val. Loss: 0.089
2024-12-06 10:38 - INFO - 	 ROC-AUC: 0.979
2024-12-06 10:38 - INFO - 	 PR-AUC: 0.800
2024-12-06 10:38 - INFO - 	 Best Val. Loss: 0.089
2024-12-06 10:38 - INFO - 	 Best ROC-AUC: 0.979
2024-12-06 10:38 - INFO - 	 Best PR-AUC: 0.800
2024-12-06 10:38 - INFO - 	 Test-ROC-AUC under Best Validation ROC-AUC: 0.977
2024-12-06 10:38 - INFO - 	 Test-PR-AUC under Best Validation Best PR-AUC: 0.786
2024-12-06 10:38 - INFO - ---------------------------------------------
2024-12-06 10:46 - INFO - ---------------------------------------------
2024-12-06 10:46 - INFO - Epoch: 05 | Time: 8m 2s
2024-12-06 10:46 - INFO - 	 New best val_rocauc loss was found, current best value is 0.80327
2024-12-06 10:46 - INFO - 	 Train Loss: 0.089
2024-12-06 10:46 - INFO - 	 Val. Loss: 0.081
2024-12-06 10:46 - INFO - 	 ROC-AUC: 0.979
2024-12-06 10:46 - INFO - 	 PR-AUC: 0.803
2024-12-06 10:46 - INFO - 	 Best Val. Loss: 0.081
2024-12-06 10:46 - INFO - 	 Best ROC-AUC: 0.979
2024-12-06 10:46 - INFO - 	 Best PR-AUC: 0.803
2024-12-06 10:46 - INFO - 	 Test-ROC-AUC under Best Validation ROC-AUC: 0.979
2024-12-06 10:46 - INFO - 	 Test-PR-AUC under Best Validation Best PR-AUC: 0.802
2024-12-06 10:46 - INFO - ---------------------------------------------
2024-12-06 10:54 - INFO - ---------------------------------------------
2024-12-06 10:54 - INFO - Epoch: 06 | Time: 8m 2s
2024-12-06 10:54 - INFO - 	 Train Loss: 0.087
2024-12-06 10:54 - INFO - 	 Val. Loss: 0.080
2024-12-06 10:54 - INFO - 	 ROC-AUC: 0.980
2024-12-06 10:54 - INFO - 	 PR-AUC: 0.798
2024-12-06 10:54 - INFO - 	 Best Val. Loss: 0.080
2024-12-06 10:54 - INFO - 	 Best ROC-AUC: 0.980
2024-12-06 10:54 - INFO - 	 Best PR-AUC: 0.803
2024-12-06 10:54 - INFO - 	 Test-ROC-AUC under Best Validation ROC-AUC: 0.980
2024-12-06 10:54 - INFO - 	 Test-PR-AUC under Best Validation Best PR-AUC: 0.802
2024-12-06 10:54 - INFO - ---------------------------------------------
2024-12-06 11:02 - INFO - ---------------------------------------------
2024-12-06 11:02 - INFO - Epoch: 07 | Time: 8m 2s
2024-12-06 11:02 - INFO - 	 Train Loss: 0.085
2024-12-06 11:02 - INFO - 	 Val. Loss: 0.078
2024-12-06 11:02 - INFO - 	 ROC-AUC: 0.981
2024-12-06 11:02 - INFO - 	 PR-AUC: 0.802
2024-12-06 11:02 - INFO - 	 Best Val. Loss: 0.078
2024-12-06 11:02 - INFO - 	 Best ROC-AUC: 0.981
2024-12-06 11:02 - INFO - 	 Best PR-AUC: 0.803
2024-12-06 11:02 - INFO - 	 Test-ROC-AUC under Best Validation ROC-AUC: 0.979
2024-12-06 11:02 - INFO - 	 Test-PR-AUC under Best Validation Best PR-AUC: 0.802
2024-12-06 11:02 - INFO - ---------------------------------------------
2024-12-06 11:10 - INFO - ---------------------------------------------
2024-12-06 11:10 - INFO - Epoch: 08 | Time: 8m 1s
2024-12-06 11:10 - INFO - 	 New best val_rocauc loss was found, current best value is 0.82775
2024-12-06 11:10 - INFO - 	 Train Loss: 0.083
2024-12-06 11:10 - INFO - 	 Val. Loss: 0.075
2024-12-06 11:10 - INFO - 	 ROC-AUC: 0.982
2024-12-06 11:10 - INFO - 	 PR-AUC: 0.828
2024-12-06 11:10 - INFO - 	 Best Val. Loss: 0.075
2024-12-06 11:10 - INFO - 	 Best ROC-AUC: 0.982
2024-12-06 11:10 - INFO - 	 Best PR-AUC: 0.828
2024-12-06 11:10 - INFO - 	 Test-ROC-AUC under Best Validation ROC-AUC: 0.981
2024-12-06 11:10 - INFO - 	 Test-PR-AUC under Best Validation Best PR-AUC: 0.834
2024-12-06 11:10 - INFO - ---------------------------------------------
2024-12-06 11:19 - INFO - ---------------------------------------------
2024-12-06 11:19 - INFO - Epoch: 09 | Time: 8m 2s
2024-12-06 11:19 - INFO - 	 Train Loss: 0.081
2024-12-06 11:19 - INFO - 	 Val. Loss: 0.073
2024-12-06 11:19 - INFO - 	 ROC-AUC: 0.983
2024-12-06 11:19 - INFO - 	 PR-AUC: 0.826
2024-12-06 11:19 - INFO - 	 Best Val. Loss: 0.073
2024-12-06 11:19 - INFO - 	 Best ROC-AUC: 0.983
2024-12-06 11:19 - INFO - 	 Best PR-AUC: 0.828
2024-12-06 11:19 - INFO - 	 Test-ROC-AUC under Best Validation ROC-AUC: 0.981
2024-12-06 11:19 - INFO - 	 Test-PR-AUC under Best Validation Best PR-AUC: 0.834
2024-12-06 11:19 - INFO - ---------------------------------------------
2024-12-06 11:27 - INFO - ---------------------------------------------
2024-12-06 11:27 - INFO - Epoch: 10 | Time: 8m 2s
2024-12-06 11:27 - INFO - 	 New best val_rocauc loss was found, current best value is 0.83032
2024-12-06 11:27 - INFO - 	 Train Loss: 0.080
2024-12-06 11:27 - INFO - 	 Val. Loss: 0.071
2024-12-06 11:27 - INFO - 	 ROC-AUC: 0.983
2024-12-06 11:27 - INFO - 	 PR-AUC: 0.830
2024-12-06 11:27 - INFO - 	 Best Val. Loss: 0.071
2024-12-06 11:27 - INFO - 	 Best ROC-AUC: 0.983
2024-12-06 11:27 - INFO - 	 Best PR-AUC: 0.830
2024-12-06 11:27 - INFO - 	 Test-ROC-AUC under Best Validation ROC-AUC: 0.981
2024-12-06 11:27 - INFO - 	 Test-PR-AUC under Best Validation Best PR-AUC: 0.822
2024-12-06 11:27 - INFO - ---------------------------------------------
2024-12-06 11:29 - INFO - Fit the preprocessing pipeline
2024-12-06 11:29 - INFO - Training using device: cuda
2024-12-06 11:29 - INFO - Creating generators
2024-12-06 11:29 - INFO - The model has 2,246,929 trainable parameters
2024-12-06 11:29 - INFO - * Model:
2024-12-06 11:29 - INFO - * -----------
2024-12-06 11:29 - INFO - CombinedModel(
  (upstream_model): TSTransformerEncoderCNN(
    (project_input): Linear(in_features=12, out_features=128, bias=True)
    (encoder): Linear(in_features=12, out_features=128, bias=True)
    (transformer_encoder): TransformerEncoder(
      (layers): ModuleList(
        (0-7): 8 x TransformerEncoderLayer(
          (self_attn): MultiheadAttention(
            (out_proj): NonDynamicallyQuantizableLinear(in_features=128, out_features=128, bias=True)
          )
          (linear1): Linear(in_features=128, out_features=512, bias=True)
          (dropout): Dropout(p=0.4, inplace=False)
          (linear2): Linear(in_features=512, out_features=128, bias=True)
          (norm1): LayerNorm((128,), eps=1e-05, elementwise_affine=True)
          (norm2): LayerNorm((128,), eps=1e-05, elementwise_affine=True)
          (dropout1): Dropout(p=0.4, inplace=False)
          (dropout2): Dropout(p=0.4, inplace=False)
        )
      )
    )
    (output_layer): Linear(in_features=128, out_features=12, bias=True)
    (dropout1): Dropout(p=0.4, inplace=False)
    (cnn): Conv1d(128, 12, kernel_size=(3,), stride=(1,), padding=(1,))
  )
  (downstream_model): DownstreamInception(
    (conv1): ConvBlock(
      (conv): Conv1d(12, 64, kernel_size=(7,), stride=(2,), padding=(3,))
      (bn): BatchNorm1d(64, eps=1e-05, momentum=0.1, affine=True, track_running_stats=True)
    )
    (conv2): ConvBlock(
      (conv): Conv1d(64, 128, kernel_size=(3,), stride=(1,), padding=(1,))
      (bn): BatchNorm1d(128, eps=1e-05, momentum=0.1, affine=True, track_running_stats=True)
    )
    (maxpool): MaxPool1d(kernel_size=3, stride=2, padding=1, dilation=1, ceil_mode=False)
    (inception3a): InceptionBlock(
      (branch1): ConvBlock(
        (conv): Conv1d(128, 64, kernel_size=(1,), stride=(1,))
        (bn): BatchNorm1d(64, eps=1e-05, momentum=0.1, affine=True, track_running_stats=True)
      )
      (branch2): Sequential(
        (0): ConvBlock(
          (conv): Conv1d(128, 96, kernel_size=(1,), stride=(1,))
          (bn): BatchNorm1d(96, eps=1e-05, momentum=0.1, affine=True, track_running_stats=True)
        )
        (1): ConvBlock(
          (conv): Conv1d(96, 128, kernel_size=(3,), stride=(1,), padding=(1,))
          (bn): BatchNorm1d(128, eps=1e-05, momentum=0.1, affine=True, track_running_stats=True)
        )
      )
      (branch3): Sequential(
        (0): ConvBlock(
          (conv): Conv1d(128, 16, kernel_size=(1,), stride=(1,))
          (bn): BatchNorm1d(16, eps=1e-05, momentum=0.1, affine=True, track_running_stats=True)
        )
        (1): ConvBlock(
          (conv): Conv1d(16, 32, kernel_size=(5,), stride=(1,), padding=(2,))
          (bn): BatchNorm1d(32, eps=1e-05, momentum=0.1, affine=True, track_running_stats=True)
        )
      )
      (branch4): Sequential(
        (0): MaxPool2d(kernel_size=3, stride=1, padding=1, dilation=1, ceil_mode=False)
        (1): ConvBlock(
          (conv): Conv1d(128, 32, kernel_size=(1,), stride=(1,))
          (bn): BatchNorm1d(32, eps=1e-05, momentum=0.1, affine=True, track_running_stats=True)
        )
      )
    )
    (inception3b): InceptionBlock(
      (branch1): ConvBlock(
        (conv): Conv1d(256, 128, kernel_size=(1,), stride=(1,))
        (bn): BatchNorm1d(128, eps=1e-05, momentum=0.1, affine=True, track_running_stats=True)
      )
      (branch2): Sequential(
        (0): ConvBlock(
          (conv): Conv1d(256, 128, kernel_size=(1,), stride=(1,))
          (bn): BatchNorm1d(128, eps=1e-05, momentum=0.1, affine=True, track_running_stats=True)
        )
        (1): ConvBlock(
          (conv): Conv1d(128, 192, kernel_size=(3,), stride=(1,), padding=(1,))
          (bn): BatchNorm1d(192, eps=1e-05, momentum=0.1, affine=True, track_running_stats=True)
        )
      )
      (branch3): Sequential(
        (0): ConvBlock(
          (conv): Conv1d(256, 32, kernel_size=(1,), stride=(1,))
          (bn): BatchNorm1d(32, eps=1e-05, momentum=0.1, affine=True, track_running_stats=True)
        )
        (1): ConvBlock(
          (conv): Conv1d(32, 96, kernel_size=(5,), stride=(1,), padding=(2,))
          (bn): BatchNorm1d(96, eps=1e-05, momentum=0.1, affine=True, track_running_stats=True)
        )
      )
      (branch4): Sequential(
        (0): MaxPool2d(kernel_size=3, stride=1, padding=1, dilation=1, ceil_mode=False)
        (1): ConvBlock(
          (conv): Conv1d(256, 64, kernel_size=(1,), stride=(1,))
          (bn): BatchNorm1d(64, eps=1e-05, momentum=0.1, affine=True, track_running_stats=True)
        )
      )
    )
    (inception4a): InceptionBlock(
      (branch1): ConvBlock(
        (conv): Conv1d(480, 192, kernel_size=(1,), stride=(1,))
        (bn): BatchNorm1d(192, eps=1e-05, momentum=0.1, affine=True, track_running_stats=True)
      )
      (branch2): Sequential(
        (0): ConvBlock(
          (conv): Conv1d(480, 96, kernel_size=(1,), stride=(1,))
          (bn): BatchNorm1d(96, eps=1e-05, momentum=0.1, affine=True, track_running_stats=True)
        )
        (1): ConvBlock(
          (conv): Conv1d(96, 208, kernel_size=(3,), stride=(1,), padding=(1,))
          (bn): BatchNorm1d(208, eps=1e-05, momentum=0.1, affine=True, track_running_stats=True)
        )
      )
      (branch3): Sequential(
        (0): ConvBlock(
          (conv): Conv1d(480, 16, kernel_size=(1,), stride=(1,))
          (bn): BatchNorm1d(16, eps=1e-05, momentum=0.1, affine=True, track_running_stats=True)
        )
        (1): ConvBlock(
          (conv): Conv1d(16, 48, kernel_size=(5,), stride=(1,), padding=(2,))
          (bn): BatchNorm1d(48, eps=1e-05, momentum=0.1, affine=True, track_running_stats=True)
        )
      )
      (branch4): Sequential(
        (0): MaxPool2d(kernel_size=3, stride=1, padding=1, dilation=1, ceil_mode=False)
        (1): ConvBlock(
          (conv): Conv1d(480, 64, kernel_size=(1,), stride=(1,))
          (bn): BatchNorm1d(64, eps=1e-05, momentum=0.1, affine=True, track_running_stats=True)
        )
      )
    )
    (inception4b): InceptionBlock(
      (branch1): ConvBlock(
        (conv): Conv1d(512, 32, kernel_size=(1,), stride=(1,))
        (bn): BatchNorm1d(32, eps=1e-05, momentum=0.1, affine=True, track_running_stats=True)
      )
      (branch2): Sequential(
        (0): ConvBlock(
          (conv): Conv1d(512, 112, kernel_size=(1,), stride=(1,))
          (bn): BatchNorm1d(112, eps=1e-05, momentum=0.1, affine=True, track_running_stats=True)
        )
        (1): ConvBlock(
          (conv): Conv1d(112, 32, kernel_size=(3,), stride=(1,), padding=(1,))
          (bn): BatchNorm1d(32, eps=1e-05, momentum=0.1, affine=True, track_running_stats=True)
        )
      )
      (branch3): Sequential(
        (0): ConvBlock(
          (conv): Conv1d(512, 24, kernel_size=(1,), stride=(1,))
          (bn): BatchNorm1d(24, eps=1e-05, momentum=0.1, affine=True, track_running_stats=True)
        )
        (1): ConvBlock(
          (conv): Conv1d(24, 64, kernel_size=(5,), stride=(1,), padding=(2,))
          (bn): BatchNorm1d(64, eps=1e-05, momentum=0.1, affine=True, track_running_stats=True)
        )
      )
      (branch4): Sequential(
        (0): MaxPool2d(kernel_size=3, stride=1, padding=1, dilation=1, ceil_mode=False)
        (1): ConvBlock(
          (conv): Conv1d(512, 32, kernel_size=(1,), stride=(1,))
          (bn): BatchNorm1d(32, eps=1e-05, momentum=0.1, affine=True, track_running_stats=True)
        )
      )
    )
    (avgpool): AvgPool1d(kernel_size=(5,), stride=(1,), padding=(0,))
    (dropout): Dropout(p=0.5, inplace=False)
    (fc): Linear(in_features=8480, out_features=1, bias=True)
    (sigmoid): Sigmoid()
  )
)
2024-12-06 11:29 - INFO - * -----------
2024-12-06 11:37 - INFO - ---------------------------------------------
2024-12-06 11:37 - INFO - Epoch: 01 | Time: 8m 1s
2024-12-06 11:37 - INFO - 	 New best val_rocauc loss was found, current best value is 0.26038
2024-12-06 11:37 - INFO - 	 Train Loss: 0.244
2024-12-06 11:37 - INFO - 	 Val. Loss: 0.224
2024-12-06 11:37 - INFO - 	 ROC-AUC: 0.826
2024-12-06 11:37 - INFO - 	 PR-AUC: 0.260
2024-12-06 11:37 - INFO - 	 Best Val. Loss: 0.224
2024-12-06 11:37 - INFO - 	 Best ROC-AUC: 0.826
2024-12-06 11:37 - INFO - 	 Best PR-AUC: 0.260
2024-12-06 11:37 - INFO - 	 Test-ROC-AUC under Best Validation ROC-AUC: 0.806
2024-12-06 11:37 - INFO - 	 Test-PR-AUC under Best Validation Best PR-AUC: 0.286
2024-12-06 11:37 - INFO - ---------------------------------------------
2024-12-06 11:45 - INFO - ---------------------------------------------
2024-12-06 11:45 - INFO - Epoch: 02 | Time: 8m 2s
2024-12-06 11:45 - INFO - 	 New best val_rocauc loss was found, current best value is 0.70933
2024-12-06 11:45 - INFO - 	 Train Loss: 0.154
2024-12-06 11:45 - INFO - 	 Val. Loss: 0.107
2024-12-06 11:45 - INFO - 	 ROC-AUC: 0.971
2024-12-06 11:45 - INFO - 	 PR-AUC: 0.709
2024-12-06 11:45 - INFO - 	 Best Val. Loss: 0.107
2024-12-06 11:45 - INFO - 	 Best ROC-AUC: 0.971
2024-12-06 11:45 - INFO - 	 Best PR-AUC: 0.709
2024-12-06 11:45 - INFO - 	 Test-ROC-AUC under Best Validation ROC-AUC: 0.965
2024-12-06 11:45 - INFO - 	 Test-PR-AUC under Best Validation Best PR-AUC: 0.687
2024-12-06 11:45 - INFO - ---------------------------------------------
2024-12-06 11:53 - INFO - ---------------------------------------------
2024-12-06 11:53 - INFO - Epoch: 03 | Time: 8m 2s
2024-12-06 11:53 - INFO - 	 New best val_rocauc loss was found, current best value is 0.79358
2024-12-06 11:53 - INFO - 	 Train Loss: 0.104
2024-12-06 11:53 - INFO - 	 Val. Loss: 0.084
2024-12-06 11:53 - INFO - 	 ROC-AUC: 0.979
2024-12-06 11:53 - INFO - 	 PR-AUC: 0.794
2024-12-06 11:53 - INFO - 	 Best Val. Loss: 0.084
2024-12-06 11:53 - INFO - 	 Best ROC-AUC: 0.979
2024-12-06 11:53 - INFO - 	 Best PR-AUC: 0.794
2024-12-06 11:53 - INFO - 	 Test-ROC-AUC under Best Validation ROC-AUC: 0.978
2024-12-06 11:53 - INFO - 	 Test-PR-AUC under Best Validation Best PR-AUC: 0.779
2024-12-06 11:53 - INFO - ---------------------------------------------
2024-12-06 12:01 - INFO - ---------------------------------------------
2024-12-06 12:01 - INFO - Epoch: 04 | Time: 8m 0s
2024-12-06 12:01 - INFO - 	 New best val_rocauc loss was found, current best value is 0.80271
2024-12-06 12:01 - INFO - 	 Train Loss: 0.094
2024-12-06 12:01 - INFO - 	 Val. Loss: 0.084
2024-12-06 12:01 - INFO - 	 ROC-AUC: 0.977
2024-12-06 12:01 - INFO - 	 PR-AUC: 0.803
2024-12-06 12:01 - INFO - 	 Best Val. Loss: 0.084
2024-12-06 12:01 - INFO - 	 Best ROC-AUC: 0.979
2024-12-06 12:01 - INFO - 	 Best PR-AUC: 0.803
2024-12-06 12:01 - INFO - 	 Test-ROC-AUC under Best Validation ROC-AUC: 0.978
2024-12-06 12:01 - INFO - 	 Test-PR-AUC under Best Validation Best PR-AUC: 0.776
2024-12-06 12:01 - INFO - ---------------------------------------------
2024-12-06 12:09 - INFO - ---------------------------------------------
2024-12-06 12:09 - INFO - Epoch: 05 | Time: 8m 2s
2024-12-06 12:09 - INFO - 	 New best val_rocauc loss was found, current best value is 0.81075
2024-12-06 12:09 - INFO - 	 Train Loss: 0.090
2024-12-06 12:09 - INFO - 	 Val. Loss: 0.086
2024-12-06 12:09 - INFO - 	 ROC-AUC: 0.980
2024-12-06 12:09 - INFO - 	 PR-AUC: 0.811
2024-12-06 12:09 - INFO - 	 Best Val. Loss: 0.084
2024-12-06 12:09 - INFO - 	 Best ROC-AUC: 0.980
2024-12-06 12:09 - INFO - 	 Best PR-AUC: 0.811
2024-12-06 12:09 - INFO - 	 Test-ROC-AUC under Best Validation ROC-AUC: 0.976
2024-12-06 12:09 - INFO - 	 Test-PR-AUC under Best Validation Best PR-AUC: 0.781
2024-12-06 12:09 - INFO - ---------------------------------------------
2024-12-06 12:17 - INFO - ---------------------------------------------
2024-12-06 12:17 - INFO - Epoch: 06 | Time: 8m 1s
2024-12-06 12:17 - INFO - 	 New best val_rocauc loss was found, current best value is 0.82612
2024-12-06 12:17 - INFO - 	 Train Loss: 0.087
2024-12-06 12:17 - INFO - 	 Val. Loss: 0.077
2024-12-06 12:17 - INFO - 	 ROC-AUC: 0.981
2024-12-06 12:17 - INFO - 	 PR-AUC: 0.826
2024-12-06 12:17 - INFO - 	 Best Val. Loss: 0.077
2024-12-06 12:17 - INFO - 	 Best ROC-AUC: 0.981
2024-12-06 12:17 - INFO - 	 Best PR-AUC: 0.826
2024-12-06 12:17 - INFO - 	 Test-ROC-AUC under Best Validation ROC-AUC: 0.981
2024-12-06 12:17 - INFO - 	 Test-PR-AUC under Best Validation Best PR-AUC: 0.813
2024-12-06 12:17 - INFO - ---------------------------------------------
2024-12-06 12:25 - INFO - ---------------------------------------------
2024-12-06 12:25 - INFO - Epoch: 07 | Time: 8m 1s
2024-12-06 12:25 - INFO - 	 Train Loss: 0.084
2024-12-06 12:25 - INFO - 	 Val. Loss: 0.078
2024-12-06 12:25 - INFO - 	 ROC-AUC: 0.982
2024-12-06 12:25 - INFO - 	 PR-AUC: 0.821
2024-12-06 12:25 - INFO - 	 Best Val. Loss: 0.077
2024-12-06 12:25 - INFO - 	 Best ROC-AUC: 0.982
2024-12-06 12:25 - INFO - 	 Best PR-AUC: 0.826
2024-12-06 12:25 - INFO - 	 Test-ROC-AUC under Best Validation ROC-AUC: 0.980
2024-12-06 12:25 - INFO - 	 Test-PR-AUC under Best Validation Best PR-AUC: 0.813
2024-12-06 12:25 - INFO - ---------------------------------------------
2024-12-06 12:33 - INFO - ---------------------------------------------
2024-12-06 12:33 - INFO - Epoch: 08 | Time: 8m 2s
2024-12-06 12:33 - INFO - 	 New best val_rocauc loss was found, current best value is 0.83088
2024-12-06 12:33 - INFO - 	 Train Loss: 0.083
2024-12-06 12:33 - INFO - 	 Val. Loss: 0.073
2024-12-06 12:33 - INFO - 	 ROC-AUC: 0.982
2024-12-06 12:33 - INFO - 	 PR-AUC: 0.831
2024-12-06 12:33 - INFO - 	 Best Val. Loss: 0.073
2024-12-06 12:33 - INFO - 	 Best ROC-AUC: 0.982
2024-12-06 12:33 - INFO - 	 Best PR-AUC: 0.831
2024-12-06 12:33 - INFO - 	 Test-ROC-AUC under Best Validation ROC-AUC: 0.980
2024-12-06 12:33 - INFO - 	 Test-PR-AUC under Best Validation Best PR-AUC: 0.810
2024-12-06 12:33 - INFO - ---------------------------------------------
2024-12-06 12:41 - INFO - ---------------------------------------------
2024-12-06 12:41 - INFO - Epoch: 09 | Time: 8m 1s
2024-12-06 12:41 - INFO - 	 New best val_rocauc loss was found, current best value is 0.83395
2024-12-06 12:41 - INFO - 	 Train Loss: 0.081
2024-12-06 12:41 - INFO - 	 Val. Loss: 0.075
2024-12-06 12:41 - INFO - 	 ROC-AUC: 0.982
2024-12-06 12:41 - INFO - 	 PR-AUC: 0.834
2024-12-06 12:41 - INFO - 	 Best Val. Loss: 0.073
2024-12-06 12:41 - INFO - 	 Best ROC-AUC: 0.982
2024-12-06 12:41 - INFO - 	 Best PR-AUC: 0.834
2024-12-06 12:41 - INFO - 	 Test-ROC-AUC under Best Validation ROC-AUC: 0.982
2024-12-06 12:41 - INFO - 	 Test-PR-AUC under Best Validation Best PR-AUC: 0.823
2024-12-06 12:41 - INFO - ---------------------------------------------
2024-12-06 12:49 - INFO - ---------------------------------------------
2024-12-06 12:49 - INFO - Epoch: 10 | Time: 8m 1s
2024-12-06 12:49 - INFO - 	 Train Loss: 0.079
2024-12-06 12:49 - INFO - 	 Val. Loss: 0.072
2024-12-06 12:49 - INFO - 	 ROC-AUC: 0.982
2024-12-06 12:49 - INFO - 	 PR-AUC: 0.830
2024-12-06 12:49 - INFO - 	 Best Val. Loss: 0.072
2024-12-06 12:49 - INFO - 	 Best ROC-AUC: 0.982
2024-12-06 12:49 - INFO - 	 Best PR-AUC: 0.834
2024-12-06 12:49 - INFO - 	 Test-ROC-AUC under Best Validation ROC-AUC: 0.981
2024-12-06 12:49 - INFO - 	 Test-PR-AUC under Best Validation Best PR-AUC: 0.823
2024-12-06 12:49 - INFO - ---------------------------------------------
