2024-04-08 21:43 - INFO - Fit the preprocessing pipeline
2024-04-08 21:43 - INFO - Training using device: cuda
2024-04-08 21:43 - INFO - Creating generators
2024-04-08 21:43 - INFO - The model has 2,246,929 trainable parameters
2024-04-08 21:43 - INFO - * Model:
2024-04-08 21:43 - INFO - * -----------
2024-04-08 21:43 - INFO - CombinedModel(
  (upstream_model): TSTransformerEncoderCNN(
    (project_input): Linear(in_features=12, out_features=128, bias=True)
    (encoder): Linear(in_features=12, out_features=128, bias=True)
    (transformer_encoder): TransformerEncoder(
      (layers): ModuleList(
        (0-7): 8 x TransformerEncoderLayer(
          (self_attn): MultiheadAttention(
            (out_proj): NonDynamicallyQuantizableLinear(in_features=128, out_features=128, bias=True)
          )
          (linear1): Linear(in_features=128, out_features=512, bias=True)
          (dropout): Dropout(p=0.4, inplace=False)
          (linear2): Linear(in_features=512, out_features=128, bias=True)
          (norm1): LayerNorm((128,), eps=1e-05, elementwise_affine=True)
          (norm2): LayerNorm((128,), eps=1e-05, elementwise_affine=True)
          (dropout1): Dropout(p=0.4, inplace=False)
          (dropout2): Dropout(p=0.4, inplace=False)
        )
      )
    )
    (output_layer): Linear(in_features=128, out_features=12, bias=True)
    (dropout1): Dropout(p=0.4, inplace=False)
    (cnn): Conv1d(128, 12, kernel_size=(3,), stride=(1,), padding=(1,))
  )
  (downstream_model): DownstreamInception(
    (conv1): ConvBlock(
      (conv): Conv1d(12, 64, kernel_size=(7,), stride=(2,), padding=(3,))
      (bn): BatchNorm1d(64, eps=1e-05, momentum=0.1, affine=True, track_running_stats=True)
    )
    (conv2): ConvBlock(
      (conv): Conv1d(64, 128, kernel_size=(3,), stride=(1,), padding=(1,))
      (bn): BatchNorm1d(128, eps=1e-05, momentum=0.1, affine=True, track_running_stats=True)
    )
    (maxpool): MaxPool1d(kernel_size=3, stride=2, padding=1, dilation=1, ceil_mode=False)
    (inception3a): InceptionBlock(
      (branch1): ConvBlock(
        (conv): Conv1d(128, 64, kernel_size=(1,), stride=(1,))
        (bn): BatchNorm1d(64, eps=1e-05, momentum=0.1, affine=True, track_running_stats=True)
      )
      (branch2): Sequential(
        (0): ConvBlock(
          (conv): Conv1d(128, 96, kernel_size=(1,), stride=(1,))
          (bn): BatchNorm1d(96, eps=1e-05, momentum=0.1, affine=True, track_running_stats=True)
        )
        (1): ConvBlock(
          (conv): Conv1d(96, 128, kernel_size=(3,), stride=(1,), padding=(1,))
          (bn): BatchNorm1d(128, eps=1e-05, momentum=0.1, affine=True, track_running_stats=True)
        )
      )
      (branch3): Sequential(
        (0): ConvBlock(
          (conv): Conv1d(128, 16, kernel_size=(1,), stride=(1,))
          (bn): BatchNorm1d(16, eps=1e-05, momentum=0.1, affine=True, track_running_stats=True)
        )
        (1): ConvBlock(
          (conv): Conv1d(16, 32, kernel_size=(5,), stride=(1,), padding=(2,))
          (bn): BatchNorm1d(32, eps=1e-05, momentum=0.1, affine=True, track_running_stats=True)
        )
      )
      (branch4): Sequential(
        (0): MaxPool2d(kernel_size=3, stride=1, padding=1, dilation=1, ceil_mode=False)
        (1): ConvBlock(
          (conv): Conv1d(128, 32, kernel_size=(1,), stride=(1,))
          (bn): BatchNorm1d(32, eps=1e-05, momentum=0.1, affine=True, track_running_stats=True)
        )
      )
    )
    (inception3b): InceptionBlock(
      (branch1): ConvBlock(
        (conv): Conv1d(256, 128, kernel_size=(1,), stride=(1,))
        (bn): BatchNorm1d(128, eps=1e-05, momentum=0.1, affine=True, track_running_stats=True)
      )
      (branch2): Sequential(
        (0): ConvBlock(
          (conv): Conv1d(256, 128, kernel_size=(1,), stride=(1,))
          (bn): BatchNorm1d(128, eps=1e-05, momentum=0.1, affine=True, track_running_stats=True)
        )
        (1): ConvBlock(
          (conv): Conv1d(128, 192, kernel_size=(3,), stride=(1,), padding=(1,))
          (bn): BatchNorm1d(192, eps=1e-05, momentum=0.1, affine=True, track_running_stats=True)
        )
      )
      (branch3): Sequential(
        (0): ConvBlock(
          (conv): Conv1d(256, 32, kernel_size=(1,), stride=(1,))
          (bn): BatchNorm1d(32, eps=1e-05, momentum=0.1, affine=True, track_running_stats=True)
        )
        (1): ConvBlock(
          (conv): Conv1d(32, 96, kernel_size=(5,), stride=(1,), padding=(2,))
          (bn): BatchNorm1d(96, eps=1e-05, momentum=0.1, affine=True, track_running_stats=True)
        )
      )
      (branch4): Sequential(
        (0): MaxPool2d(kernel_size=3, stride=1, padding=1, dilation=1, ceil_mode=False)
        (1): ConvBlock(
          (conv): Conv1d(256, 64, kernel_size=(1,), stride=(1,))
          (bn): BatchNorm1d(64, eps=1e-05, momentum=0.1, affine=True, track_running_stats=True)
        )
      )
    )
    (inception4a): InceptionBlock(
      (branch1): ConvBlock(
        (conv): Conv1d(480, 192, kernel_size=(1,), stride=(1,))
        (bn): BatchNorm1d(192, eps=1e-05, momentum=0.1, affine=True, track_running_stats=True)
      )
      (branch2): Sequential(
        (0): ConvBlock(
          (conv): Conv1d(480, 96, kernel_size=(1,), stride=(1,))
          (bn): BatchNorm1d(96, eps=1e-05, momentum=0.1, affine=True, track_running_stats=True)
        )
        (1): ConvBlock(
          (conv): Conv1d(96, 208, kernel_size=(3,), stride=(1,), padding=(1,))
          (bn): BatchNorm1d(208, eps=1e-05, momentum=0.1, affine=True, track_running_stats=True)
        )
      )
      (branch3): Sequential(
        (0): ConvBlock(
          (conv): Conv1d(480, 16, kernel_size=(1,), stride=(1,))
          (bn): BatchNorm1d(16, eps=1e-05, momentum=0.1, affine=True, track_running_stats=True)
        )
        (1): ConvBlock(
          (conv): Conv1d(16, 48, kernel_size=(5,), stride=(1,), padding=(2,))
          (bn): BatchNorm1d(48, eps=1e-05, momentum=0.1, affine=True, track_running_stats=True)
        )
      )
      (branch4): Sequential(
        (0): MaxPool2d(kernel_size=3, stride=1, padding=1, dilation=1, ceil_mode=False)
        (1): ConvBlock(
          (conv): Conv1d(480, 64, kernel_size=(1,), stride=(1,))
          (bn): BatchNorm1d(64, eps=1e-05, momentum=0.1, affine=True, track_running_stats=True)
        )
      )
    )
    (inception4b): InceptionBlock(
      (branch1): ConvBlock(
        (conv): Conv1d(512, 32, kernel_size=(1,), stride=(1,))
        (bn): BatchNorm1d(32, eps=1e-05, momentum=0.1, affine=True, track_running_stats=True)
      )
      (branch2): Sequential(
        (0): ConvBlock(
          (conv): Conv1d(512, 112, kernel_size=(1,), stride=(1,))
          (bn): BatchNorm1d(112, eps=1e-05, momentum=0.1, affine=True, track_running_stats=True)
        )
        (1): ConvBlock(
          (conv): Conv1d(112, 32, kernel_size=(3,), stride=(1,), padding=(1,))
          (bn): BatchNorm1d(32, eps=1e-05, momentum=0.1, affine=True, track_running_stats=True)
        )
      )
      (branch3): Sequential(
        (0): ConvBlock(
          (conv): Conv1d(512, 24, kernel_size=(1,), stride=(1,))
          (bn): BatchNorm1d(24, eps=1e-05, momentum=0.1, affine=True, track_running_stats=True)
        )
        (1): ConvBlock(
          (conv): Conv1d(24, 64, kernel_size=(5,), stride=(1,), padding=(2,))
          (bn): BatchNorm1d(64, eps=1e-05, momentum=0.1, affine=True, track_running_stats=True)
        )
      )
      (branch4): Sequential(
        (0): MaxPool2d(kernel_size=3, stride=1, padding=1, dilation=1, ceil_mode=False)
        (1): ConvBlock(
          (conv): Conv1d(512, 32, kernel_size=(1,), stride=(1,))
          (bn): BatchNorm1d(32, eps=1e-05, momentum=0.1, affine=True, track_running_stats=True)
        )
      )
    )
    (avgpool): AvgPool1d(kernel_size=(5,), stride=(1,), padding=(0,))
    (dropout): Dropout(p=0.5, inplace=False)
    (fc): Linear(in_features=8480, out_features=1, bias=True)
    (sigmoid): Sigmoid()
  )
)
2024-04-08 21:43 - INFO - * -----------
2024-04-08 22:27 - INFO - ---------------------------------------------
2024-04-08 22:27 - INFO - Epoch: 01 | Time: 44m 21s
2024-04-08 22:27 - INFO - 	 New best val_rocauc loss was found, current best value is 0.72122
2024-04-08 22:27 - INFO - 	 Train Loss: 0.259
2024-04-08 22:27 - INFO - 	 Val. Loss: 0.263
2024-04-08 22:27 - INFO - 	 ROC-AUC: 0.721
2024-04-08 22:27 - INFO - 	 PR-AUC: 0.429
2024-04-08 22:27 - INFO - 	 Best Val. Loss: 0.263
2024-04-08 22:27 - INFO - 	 Best ROC-AUC: 0.721
2024-04-08 22:27 - INFO - 	 Best PR-AUC: 0.429
2024-04-08 22:27 - INFO - 	 Test-ROC-AUC under Best Validation ROC-AUC: 0.701
2024-04-08 22:27 - INFO - 	 Test-PR-AUC under Best Validation Best PR-AUC: 0.426
2024-04-08 22:27 - INFO - ---------------------------------------------
2024-04-08 23:12 - INFO - ---------------------------------------------
2024-04-08 23:12 - INFO - Epoch: 02 | Time: 44m 51s
2024-04-08 23:12 - INFO - 	 New best val_rocauc loss was found, current best value is 0.7288
2024-04-08 23:12 - INFO - 	 Train Loss: 0.254
2024-04-08 23:12 - INFO - 	 Val. Loss: 0.257
2024-04-08 23:12 - INFO - 	 ROC-AUC: 0.729
2024-04-08 23:12 - INFO - 	 PR-AUC: 0.442
2024-04-08 23:12 - INFO - 	 Best Val. Loss: 0.257
2024-04-08 23:12 - INFO - 	 Best ROC-AUC: 0.729
2024-04-08 23:12 - INFO - 	 Best PR-AUC: 0.442
2024-04-08 23:12 - INFO - 	 Test-ROC-AUC under Best Validation ROC-AUC: 0.710
2024-04-08 23:12 - INFO - 	 Test-PR-AUC under Best Validation Best PR-AUC: 0.437
2024-04-08 23:12 - INFO - ---------------------------------------------
2024-04-08 23:56 - INFO - ---------------------------------------------
2024-04-08 23:56 - INFO - Epoch: 03 | Time: 44m 26s
2024-04-08 23:56 - INFO - 	 Train Loss: 0.253
2024-04-08 23:56 - INFO - 	 Val. Loss: 0.260
2024-04-08 23:56 - INFO - 	 ROC-AUC: 0.727
2024-04-08 23:56 - INFO - 	 PR-AUC: 0.433
2024-04-08 23:56 - INFO - 	 Best Val. Loss: 0.257
2024-04-08 23:56 - INFO - 	 Best ROC-AUC: 0.729
2024-04-08 23:56 - INFO - 	 Best PR-AUC: 0.442
2024-04-08 23:56 - INFO - 	 Test-ROC-AUC under Best Validation ROC-AUC: 0.710
2024-04-08 23:56 - INFO - 	 Test-PR-AUC under Best Validation Best PR-AUC: 0.437
2024-04-08 23:56 - INFO - ---------------------------------------------
2024-04-09 00:41 - INFO - ---------------------------------------------
2024-04-09 00:41 - INFO - Epoch: 04 | Time: 44m 47s
2024-04-09 00:41 - INFO - 	 Train Loss: 0.252
2024-04-09 00:41 - INFO - 	 Val. Loss: 0.262
2024-04-09 00:41 - INFO - 	 ROC-AUC: 0.717
2024-04-09 00:41 - INFO - 	 PR-AUC: 0.427
2024-04-09 00:41 - INFO - 	 Best Val. Loss: 0.257
2024-04-09 00:41 - INFO - 	 Best ROC-AUC: 0.729
2024-04-09 00:41 - INFO - 	 Best PR-AUC: 0.442
2024-04-09 00:41 - INFO - 	 Test-ROC-AUC under Best Validation ROC-AUC: 0.710
2024-04-09 00:41 - INFO - 	 Test-PR-AUC under Best Validation Best PR-AUC: 0.437
2024-04-09 00:41 - INFO - ---------------------------------------------
2024-04-09 01:26 - INFO - ---------------------------------------------
2024-04-09 01:26 - INFO - Epoch: 05 | Time: 44m 49s
2024-04-09 01:26 - INFO - 	 Train Loss: 0.252
2024-04-09 01:26 - INFO - 	 Val. Loss: 0.260
2024-04-09 01:26 - INFO - 	 ROC-AUC: 0.718
2024-04-09 01:26 - INFO - 	 PR-AUC: 0.430
2024-04-09 01:26 - INFO - 	 Best Val. Loss: 0.257
2024-04-09 01:26 - INFO - 	 Best ROC-AUC: 0.729
2024-04-09 01:26 - INFO - 	 Best PR-AUC: 0.442
2024-04-09 01:26 - INFO - 	 Test-ROC-AUC under Best Validation ROC-AUC: 0.710
2024-04-09 01:26 - INFO - 	 Test-PR-AUC under Best Validation Best PR-AUC: 0.437
2024-04-09 01:26 - INFO - ---------------------------------------------
2024-04-09 02:16 - INFO - Fit the preprocessing pipeline
2024-04-09 02:16 - INFO - Training using device: cuda
2024-04-09 02:16 - INFO - Creating generators
2024-04-09 02:16 - INFO - The model has 2,246,929 trainable parameters
2024-04-09 02:16 - INFO - * Model:
2024-04-09 02:16 - INFO - * -----------
2024-04-09 02:16 - INFO - CombinedModel(
  (upstream_model): TSTransformerEncoderCNN(
    (project_input): Linear(in_features=12, out_features=128, bias=True)
    (encoder): Linear(in_features=12, out_features=128, bias=True)
    (transformer_encoder): TransformerEncoder(
      (layers): ModuleList(
        (0-7): 8 x TransformerEncoderLayer(
          (self_attn): MultiheadAttention(
            (out_proj): NonDynamicallyQuantizableLinear(in_features=128, out_features=128, bias=True)
          )
          (linear1): Linear(in_features=128, out_features=512, bias=True)
          (dropout): Dropout(p=0.4, inplace=False)
          (linear2): Linear(in_features=512, out_features=128, bias=True)
          (norm1): LayerNorm((128,), eps=1e-05, elementwise_affine=True)
          (norm2): LayerNorm((128,), eps=1e-05, elementwise_affine=True)
          (dropout1): Dropout(p=0.4, inplace=False)
          (dropout2): Dropout(p=0.4, inplace=False)
        )
      )
    )
    (output_layer): Linear(in_features=128, out_features=12, bias=True)
    (dropout1): Dropout(p=0.4, inplace=False)
    (cnn): Conv1d(128, 12, kernel_size=(3,), stride=(1,), padding=(1,))
  )
  (downstream_model): DownstreamInception(
    (conv1): ConvBlock(
      (conv): Conv1d(12, 64, kernel_size=(7,), stride=(2,), padding=(3,))
      (bn): BatchNorm1d(64, eps=1e-05, momentum=0.1, affine=True, track_running_stats=True)
    )
    (conv2): ConvBlock(
      (conv): Conv1d(64, 128, kernel_size=(3,), stride=(1,), padding=(1,))
      (bn): BatchNorm1d(128, eps=1e-05, momentum=0.1, affine=True, track_running_stats=True)
    )
    (maxpool): MaxPool1d(kernel_size=3, stride=2, padding=1, dilation=1, ceil_mode=False)
    (inception3a): InceptionBlock(
      (branch1): ConvBlock(
        (conv): Conv1d(128, 64, kernel_size=(1,), stride=(1,))
        (bn): BatchNorm1d(64, eps=1e-05, momentum=0.1, affine=True, track_running_stats=True)
      )
      (branch2): Sequential(
        (0): ConvBlock(
          (conv): Conv1d(128, 96, kernel_size=(1,), stride=(1,))
          (bn): BatchNorm1d(96, eps=1e-05, momentum=0.1, affine=True, track_running_stats=True)
        )
        (1): ConvBlock(
          (conv): Conv1d(96, 128, kernel_size=(3,), stride=(1,), padding=(1,))
          (bn): BatchNorm1d(128, eps=1e-05, momentum=0.1, affine=True, track_running_stats=True)
        )
      )
      (branch3): Sequential(
        (0): ConvBlock(
          (conv): Conv1d(128, 16, kernel_size=(1,), stride=(1,))
          (bn): BatchNorm1d(16, eps=1e-05, momentum=0.1, affine=True, track_running_stats=True)
        )
        (1): ConvBlock(
          (conv): Conv1d(16, 32, kernel_size=(5,), stride=(1,), padding=(2,))
          (bn): BatchNorm1d(32, eps=1e-05, momentum=0.1, affine=True, track_running_stats=True)
        )
      )
      (branch4): Sequential(
        (0): MaxPool2d(kernel_size=3, stride=1, padding=1, dilation=1, ceil_mode=False)
        (1): ConvBlock(
          (conv): Conv1d(128, 32, kernel_size=(1,), stride=(1,))
          (bn): BatchNorm1d(32, eps=1e-05, momentum=0.1, affine=True, track_running_stats=True)
        )
      )
    )
    (inception3b): InceptionBlock(
      (branch1): ConvBlock(
        (conv): Conv1d(256, 128, kernel_size=(1,), stride=(1,))
        (bn): BatchNorm1d(128, eps=1e-05, momentum=0.1, affine=True, track_running_stats=True)
      )
      (branch2): Sequential(
        (0): ConvBlock(
          (conv): Conv1d(256, 128, kernel_size=(1,), stride=(1,))
          (bn): BatchNorm1d(128, eps=1e-05, momentum=0.1, affine=True, track_running_stats=True)
        )
        (1): ConvBlock(
          (conv): Conv1d(128, 192, kernel_size=(3,), stride=(1,), padding=(1,))
          (bn): BatchNorm1d(192, eps=1e-05, momentum=0.1, affine=True, track_running_stats=True)
        )
      )
      (branch3): Sequential(
        (0): ConvBlock(
          (conv): Conv1d(256, 32, kernel_size=(1,), stride=(1,))
          (bn): BatchNorm1d(32, eps=1e-05, momentum=0.1, affine=True, track_running_stats=True)
        )
        (1): ConvBlock(
          (conv): Conv1d(32, 96, kernel_size=(5,), stride=(1,), padding=(2,))
          (bn): BatchNorm1d(96, eps=1e-05, momentum=0.1, affine=True, track_running_stats=True)
        )
      )
      (branch4): Sequential(
        (0): MaxPool2d(kernel_size=3, stride=1, padding=1, dilation=1, ceil_mode=False)
        (1): ConvBlock(
          (conv): Conv1d(256, 64, kernel_size=(1,), stride=(1,))
          (bn): BatchNorm1d(64, eps=1e-05, momentum=0.1, affine=True, track_running_stats=True)
        )
      )
    )
    (inception4a): InceptionBlock(
      (branch1): ConvBlock(
        (conv): Conv1d(480, 192, kernel_size=(1,), stride=(1,))
        (bn): BatchNorm1d(192, eps=1e-05, momentum=0.1, affine=True, track_running_stats=True)
      )
      (branch2): Sequential(
        (0): ConvBlock(
          (conv): Conv1d(480, 96, kernel_size=(1,), stride=(1,))
          (bn): BatchNorm1d(96, eps=1e-05, momentum=0.1, affine=True, track_running_stats=True)
        )
        (1): ConvBlock(
          (conv): Conv1d(96, 208, kernel_size=(3,), stride=(1,), padding=(1,))
          (bn): BatchNorm1d(208, eps=1e-05, momentum=0.1, affine=True, track_running_stats=True)
        )
      )
      (branch3): Sequential(
        (0): ConvBlock(
          (conv): Conv1d(480, 16, kernel_size=(1,), stride=(1,))
          (bn): BatchNorm1d(16, eps=1e-05, momentum=0.1, affine=True, track_running_stats=True)
        )
        (1): ConvBlock(
          (conv): Conv1d(16, 48, kernel_size=(5,), stride=(1,), padding=(2,))
          (bn): BatchNorm1d(48, eps=1e-05, momentum=0.1, affine=True, track_running_stats=True)
        )
      )
      (branch4): Sequential(
        (0): MaxPool2d(kernel_size=3, stride=1, padding=1, dilation=1, ceil_mode=False)
        (1): ConvBlock(
          (conv): Conv1d(480, 64, kernel_size=(1,), stride=(1,))
          (bn): BatchNorm1d(64, eps=1e-05, momentum=0.1, affine=True, track_running_stats=True)
        )
      )
    )
    (inception4b): InceptionBlock(
      (branch1): ConvBlock(
        (conv): Conv1d(512, 32, kernel_size=(1,), stride=(1,))
        (bn): BatchNorm1d(32, eps=1e-05, momentum=0.1, affine=True, track_running_stats=True)
      )
      (branch2): Sequential(
        (0): ConvBlock(
          (conv): Conv1d(512, 112, kernel_size=(1,), stride=(1,))
          (bn): BatchNorm1d(112, eps=1e-05, momentum=0.1, affine=True, track_running_stats=True)
        )
        (1): ConvBlock(
          (conv): Conv1d(112, 32, kernel_size=(3,), stride=(1,), padding=(1,))
          (bn): BatchNorm1d(32, eps=1e-05, momentum=0.1, affine=True, track_running_stats=True)
        )
      )
      (branch3): Sequential(
        (0): ConvBlock(
          (conv): Conv1d(512, 24, kernel_size=(1,), stride=(1,))
          (bn): BatchNorm1d(24, eps=1e-05, momentum=0.1, affine=True, track_running_stats=True)
        )
        (1): ConvBlock(
          (conv): Conv1d(24, 64, kernel_size=(5,), stride=(1,), padding=(2,))
          (bn): BatchNorm1d(64, eps=1e-05, momentum=0.1, affine=True, track_running_stats=True)
        )
      )
      (branch4): Sequential(
        (0): MaxPool2d(kernel_size=3, stride=1, padding=1, dilation=1, ceil_mode=False)
        (1): ConvBlock(
          (conv): Conv1d(512, 32, kernel_size=(1,), stride=(1,))
          (bn): BatchNorm1d(32, eps=1e-05, momentum=0.1, affine=True, track_running_stats=True)
        )
      )
    )
    (avgpool): AvgPool1d(kernel_size=(5,), stride=(1,), padding=(0,))
    (dropout): Dropout(p=0.5, inplace=False)
    (fc): Linear(in_features=8480, out_features=1, bias=True)
    (sigmoid): Sigmoid()
  )
)
2024-04-09 02:16 - INFO - * -----------
2024-04-09 03:01 - INFO - ---------------------------------------------
2024-04-09 03:01 - INFO - Epoch: 01 | Time: 44m 29s
2024-04-09 03:01 - INFO - 	 New best val_rocauc loss was found, current best value is 0.72764
2024-04-09 03:01 - INFO - 	 Train Loss: 0.259
2024-04-09 03:01 - INFO - 	 Val. Loss: 0.257
2024-04-09 03:01 - INFO - 	 ROC-AUC: 0.728
2024-04-09 03:01 - INFO - 	 PR-AUC: 0.443
2024-04-09 03:01 - INFO - 	 Best Val. Loss: 0.257
2024-04-09 03:01 - INFO - 	 Best ROC-AUC: 0.728
2024-04-09 03:01 - INFO - 	 Best PR-AUC: 0.443
2024-04-09 03:01 - INFO - 	 Test-ROC-AUC under Best Validation ROC-AUC: 0.700
2024-04-09 03:01 - INFO - 	 Test-PR-AUC under Best Validation Best PR-AUC: 0.429
2024-04-09 03:01 - INFO - ---------------------------------------------
2024-04-09 03:46 - INFO - ---------------------------------------------
2024-04-09 03:46 - INFO - Epoch: 02 | Time: 45m 13s
2024-04-09 03:46 - INFO - 	 Train Loss: 0.254
2024-04-09 03:46 - INFO - 	 Val. Loss: 0.266
2024-04-09 03:46 - INFO - 	 ROC-AUC: 0.713
2024-04-09 03:46 - INFO - 	 PR-AUC: 0.417
2024-04-09 03:46 - INFO - 	 Best Val. Loss: 0.257
2024-04-09 03:46 - INFO - 	 Best ROC-AUC: 0.728
2024-04-09 03:46 - INFO - 	 Best PR-AUC: 0.443
2024-04-09 03:46 - INFO - 	 Test-ROC-AUC under Best Validation ROC-AUC: 0.700
2024-04-09 03:46 - INFO - 	 Test-PR-AUC under Best Validation Best PR-AUC: 0.429
2024-04-09 03:46 - INFO - ---------------------------------------------
2024-04-09 04:30 - INFO - ---------------------------------------------
2024-04-09 04:30 - INFO - Epoch: 03 | Time: 44m 21s
2024-04-09 04:30 - INFO - 	 Train Loss: 0.253
2024-04-09 04:30 - INFO - 	 Val. Loss: 0.260
2024-04-09 04:30 - INFO - 	 ROC-AUC: 0.719
2024-04-09 04:30 - INFO - 	 PR-AUC: 0.418
2024-04-09 04:30 - INFO - 	 Best Val. Loss: 0.257
2024-04-09 04:30 - INFO - 	 Best ROC-AUC: 0.728
2024-04-09 04:30 - INFO - 	 Best PR-AUC: 0.443
2024-04-09 04:30 - INFO - 	 Test-ROC-AUC under Best Validation ROC-AUC: 0.700
2024-04-09 04:30 - INFO - 	 Test-PR-AUC under Best Validation Best PR-AUC: 0.429
2024-04-09 04:30 - INFO - ---------------------------------------------
2024-04-09 05:15 - INFO - ---------------------------------------------
2024-04-09 05:15 - INFO - Epoch: 04 | Time: 44m 55s
2024-04-09 05:15 - INFO - 	 Train Loss: 0.253
2024-04-09 05:15 - INFO - 	 Val. Loss: 0.263
2024-04-09 05:15 - INFO - 	 ROC-AUC: 0.714
2024-04-09 05:15 - INFO - 	 PR-AUC: 0.424
2024-04-09 05:15 - INFO - 	 Best Val. Loss: 0.257
2024-04-09 05:15 - INFO - 	 Best ROC-AUC: 0.728
2024-04-09 05:15 - INFO - 	 Best PR-AUC: 0.443
2024-04-09 05:15 - INFO - 	 Test-ROC-AUC under Best Validation ROC-AUC: 0.700
2024-04-09 05:15 - INFO - 	 Test-PR-AUC under Best Validation Best PR-AUC: 0.429
2024-04-09 05:15 - INFO - ---------------------------------------------
2024-04-09 06:06 - INFO - Fit the preprocessing pipeline
2024-04-09 06:06 - INFO - Training using device: cuda
2024-04-09 06:06 - INFO - Creating generators
2024-04-09 06:06 - INFO - The model has 2,246,929 trainable parameters
2024-04-09 06:06 - INFO - * Model:
2024-04-09 06:06 - INFO - * -----------
2024-04-09 06:06 - INFO - CombinedModel(
  (upstream_model): TSTransformerEncoderCNN(
    (project_input): Linear(in_features=12, out_features=128, bias=True)
    (encoder): Linear(in_features=12, out_features=128, bias=True)
    (transformer_encoder): TransformerEncoder(
      (layers): ModuleList(
        (0-7): 8 x TransformerEncoderLayer(
          (self_attn): MultiheadAttention(
            (out_proj): NonDynamicallyQuantizableLinear(in_features=128, out_features=128, bias=True)
          )
          (linear1): Linear(in_features=128, out_features=512, bias=True)
          (dropout): Dropout(p=0.4, inplace=False)
          (linear2): Linear(in_features=512, out_features=128, bias=True)
          (norm1): LayerNorm((128,), eps=1e-05, elementwise_affine=True)
          (norm2): LayerNorm((128,), eps=1e-05, elementwise_affine=True)
          (dropout1): Dropout(p=0.4, inplace=False)
          (dropout2): Dropout(p=0.4, inplace=False)
        )
      )
    )
    (output_layer): Linear(in_features=128, out_features=12, bias=True)
    (dropout1): Dropout(p=0.4, inplace=False)
    (cnn): Conv1d(128, 12, kernel_size=(3,), stride=(1,), padding=(1,))
  )
  (downstream_model): DownstreamInception(
    (conv1): ConvBlock(
      (conv): Conv1d(12, 64, kernel_size=(7,), stride=(2,), padding=(3,))
      (bn): BatchNorm1d(64, eps=1e-05, momentum=0.1, affine=True, track_running_stats=True)
    )
    (conv2): ConvBlock(
      (conv): Conv1d(64, 128, kernel_size=(3,), stride=(1,), padding=(1,))
      (bn): BatchNorm1d(128, eps=1e-05, momentum=0.1, affine=True, track_running_stats=True)
    )
    (maxpool): MaxPool1d(kernel_size=3, stride=2, padding=1, dilation=1, ceil_mode=False)
    (inception3a): InceptionBlock(
      (branch1): ConvBlock(
        (conv): Conv1d(128, 64, kernel_size=(1,), stride=(1,))
        (bn): BatchNorm1d(64, eps=1e-05, momentum=0.1, affine=True, track_running_stats=True)
      )
      (branch2): Sequential(
        (0): ConvBlock(
          (conv): Conv1d(128, 96, kernel_size=(1,), stride=(1,))
          (bn): BatchNorm1d(96, eps=1e-05, momentum=0.1, affine=True, track_running_stats=True)
        )
        (1): ConvBlock(
          (conv): Conv1d(96, 128, kernel_size=(3,), stride=(1,), padding=(1,))
          (bn): BatchNorm1d(128, eps=1e-05, momentum=0.1, affine=True, track_running_stats=True)
        )
      )
      (branch3): Sequential(
        (0): ConvBlock(
          (conv): Conv1d(128, 16, kernel_size=(1,), stride=(1,))
          (bn): BatchNorm1d(16, eps=1e-05, momentum=0.1, affine=True, track_running_stats=True)
        )
        (1): ConvBlock(
          (conv): Conv1d(16, 32, kernel_size=(5,), stride=(1,), padding=(2,))
          (bn): BatchNorm1d(32, eps=1e-05, momentum=0.1, affine=True, track_running_stats=True)
        )
      )
      (branch4): Sequential(
        (0): MaxPool2d(kernel_size=3, stride=1, padding=1, dilation=1, ceil_mode=False)
        (1): ConvBlock(
          (conv): Conv1d(128, 32, kernel_size=(1,), stride=(1,))
          (bn): BatchNorm1d(32, eps=1e-05, momentum=0.1, affine=True, track_running_stats=True)
        )
      )
    )
    (inception3b): InceptionBlock(
      (branch1): ConvBlock(
        (conv): Conv1d(256, 128, kernel_size=(1,), stride=(1,))
        (bn): BatchNorm1d(128, eps=1e-05, momentum=0.1, affine=True, track_running_stats=True)
      )
      (branch2): Sequential(
        (0): ConvBlock(
          (conv): Conv1d(256, 128, kernel_size=(1,), stride=(1,))
          (bn): BatchNorm1d(128, eps=1e-05, momentum=0.1, affine=True, track_running_stats=True)
        )
        (1): ConvBlock(
          (conv): Conv1d(128, 192, kernel_size=(3,), stride=(1,), padding=(1,))
          (bn): BatchNorm1d(192, eps=1e-05, momentum=0.1, affine=True, track_running_stats=True)
        )
      )
      (branch3): Sequential(
        (0): ConvBlock(
          (conv): Conv1d(256, 32, kernel_size=(1,), stride=(1,))
          (bn): BatchNorm1d(32, eps=1e-05, momentum=0.1, affine=True, track_running_stats=True)
        )
        (1): ConvBlock(
          (conv): Conv1d(32, 96, kernel_size=(5,), stride=(1,), padding=(2,))
          (bn): BatchNorm1d(96, eps=1e-05, momentum=0.1, affine=True, track_running_stats=True)
        )
      )
      (branch4): Sequential(
        (0): MaxPool2d(kernel_size=3, stride=1, padding=1, dilation=1, ceil_mode=False)
        (1): ConvBlock(
          (conv): Conv1d(256, 64, kernel_size=(1,), stride=(1,))
          (bn): BatchNorm1d(64, eps=1e-05, momentum=0.1, affine=True, track_running_stats=True)
        )
      )
    )
    (inception4a): InceptionBlock(
      (branch1): ConvBlock(
        (conv): Conv1d(480, 192, kernel_size=(1,), stride=(1,))
        (bn): BatchNorm1d(192, eps=1e-05, momentum=0.1, affine=True, track_running_stats=True)
      )
      (branch2): Sequential(
        (0): ConvBlock(
          (conv): Conv1d(480, 96, kernel_size=(1,), stride=(1,))
          (bn): BatchNorm1d(96, eps=1e-05, momentum=0.1, affine=True, track_running_stats=True)
        )
        (1): ConvBlock(
          (conv): Conv1d(96, 208, kernel_size=(3,), stride=(1,), padding=(1,))
          (bn): BatchNorm1d(208, eps=1e-05, momentum=0.1, affine=True, track_running_stats=True)
        )
      )
      (branch3): Sequential(
        (0): ConvBlock(
          (conv): Conv1d(480, 16, kernel_size=(1,), stride=(1,))
          (bn): BatchNorm1d(16, eps=1e-05, momentum=0.1, affine=True, track_running_stats=True)
        )
        (1): ConvBlock(
          (conv): Conv1d(16, 48, kernel_size=(5,), stride=(1,), padding=(2,))
          (bn): BatchNorm1d(48, eps=1e-05, momentum=0.1, affine=True, track_running_stats=True)
        )
      )
      (branch4): Sequential(
        (0): MaxPool2d(kernel_size=3, stride=1, padding=1, dilation=1, ceil_mode=False)
        (1): ConvBlock(
          (conv): Conv1d(480, 64, kernel_size=(1,), stride=(1,))
          (bn): BatchNorm1d(64, eps=1e-05, momentum=0.1, affine=True, track_running_stats=True)
        )
      )
    )
    (inception4b): InceptionBlock(
      (branch1): ConvBlock(
        (conv): Conv1d(512, 32, kernel_size=(1,), stride=(1,))
        (bn): BatchNorm1d(32, eps=1e-05, momentum=0.1, affine=True, track_running_stats=True)
      )
      (branch2): Sequential(
        (0): ConvBlock(
          (conv): Conv1d(512, 112, kernel_size=(1,), stride=(1,))
          (bn): BatchNorm1d(112, eps=1e-05, momentum=0.1, affine=True, track_running_stats=True)
        )
        (1): ConvBlock(
          (conv): Conv1d(112, 32, kernel_size=(3,), stride=(1,), padding=(1,))
          (bn): BatchNorm1d(32, eps=1e-05, momentum=0.1, affine=True, track_running_stats=True)
        )
      )
      (branch3): Sequential(
        (0): ConvBlock(
          (conv): Conv1d(512, 24, kernel_size=(1,), stride=(1,))
          (bn): BatchNorm1d(24, eps=1e-05, momentum=0.1, affine=True, track_running_stats=True)
        )
        (1): ConvBlock(
          (conv): Conv1d(24, 64, kernel_size=(5,), stride=(1,), padding=(2,))
          (bn): BatchNorm1d(64, eps=1e-05, momentum=0.1, affine=True, track_running_stats=True)
        )
      )
      (branch4): Sequential(
        (0): MaxPool2d(kernel_size=3, stride=1, padding=1, dilation=1, ceil_mode=False)
        (1): ConvBlock(
          (conv): Conv1d(512, 32, kernel_size=(1,), stride=(1,))
          (bn): BatchNorm1d(32, eps=1e-05, momentum=0.1, affine=True, track_running_stats=True)
        )
      )
    )
    (avgpool): AvgPool1d(kernel_size=(5,), stride=(1,), padding=(0,))
    (dropout): Dropout(p=0.5, inplace=False)
    (fc): Linear(in_features=8480, out_features=1, bias=True)
    (sigmoid): Sigmoid()
  )
)
2024-04-09 06:06 - INFO - * -----------
2024-04-09 06:50 - INFO - ---------------------------------------------
2024-04-09 06:50 - INFO - Epoch: 01 | Time: 44m 25s
2024-04-09 06:50 - INFO - 	 New best val_rocauc loss was found, current best value is 0.71362
2024-04-09 06:50 - INFO - 	 Train Loss: 0.259
2024-04-09 06:50 - INFO - 	 Val. Loss: 0.265
2024-04-09 06:50 - INFO - 	 ROC-AUC: 0.714
2024-04-09 06:50 - INFO - 	 PR-AUC: 0.415
2024-04-09 06:50 - INFO - 	 Best Val. Loss: 0.265
2024-04-09 06:50 - INFO - 	 Best ROC-AUC: 0.714
2024-04-09 06:50 - INFO - 	 Best PR-AUC: 0.415
2024-04-09 06:50 - INFO - 	 Test-ROC-AUC under Best Validation ROC-AUC: 0.694
2024-04-09 06:50 - INFO - 	 Test-PR-AUC under Best Validation Best PR-AUC: 0.424
2024-04-09 06:50 - INFO - ---------------------------------------------
2024-04-09 07:35 - INFO - ---------------------------------------------
2024-04-09 07:35 - INFO - Epoch: 02 | Time: 44m 55s
2024-04-09 07:35 - INFO - 	 New best val_rocauc loss was found, current best value is 0.7206
2024-04-09 07:35 - INFO - 	 Train Loss: 0.254
2024-04-09 07:35 - INFO - 	 Val. Loss: 0.262
2024-04-09 07:35 - INFO - 	 ROC-AUC: 0.721
2024-04-09 07:35 - INFO - 	 PR-AUC: 0.428
2024-04-09 07:35 - INFO - 	 Best Val. Loss: 0.262
2024-04-09 07:35 - INFO - 	 Best ROC-AUC: 0.721
2024-04-09 07:35 - INFO - 	 Best PR-AUC: 0.428
2024-04-09 07:35 - INFO - 	 Test-ROC-AUC under Best Validation ROC-AUC: 0.695
2024-04-09 07:35 - INFO - 	 Test-PR-AUC under Best Validation Best PR-AUC: 0.420
2024-04-09 07:35 - INFO - ---------------------------------------------
2024-04-09 08:21 - INFO - ---------------------------------------------
2024-04-09 08:21 - INFO - Epoch: 03 | Time: 45m 16s
2024-04-09 08:21 - INFO - 	 New best val_rocauc loss was found, current best value is 0.72542
2024-04-09 08:21 - INFO - 	 Train Loss: 0.253
2024-04-09 08:21 - INFO - 	 Val. Loss: 0.261
2024-04-09 08:21 - INFO - 	 ROC-AUC: 0.725
2024-04-09 08:21 - INFO - 	 PR-AUC: 0.437
2024-04-09 08:21 - INFO - 	 Best Val. Loss: 0.261
2024-04-09 08:21 - INFO - 	 Best ROC-AUC: 0.725
2024-04-09 08:21 - INFO - 	 Best PR-AUC: 0.437
2024-04-09 08:21 - INFO - 	 Test-ROC-AUC under Best Validation ROC-AUC: 0.705
2024-04-09 08:21 - INFO - 	 Test-PR-AUC under Best Validation Best PR-AUC: 0.439
2024-04-09 08:21 - INFO - ---------------------------------------------
2024-04-09 09:06 - INFO - ---------------------------------------------
2024-04-09 09:06 - INFO - Epoch: 04 | Time: 44m 54s
2024-04-09 09:06 - INFO - 	 Train Loss: 0.253
2024-04-09 09:06 - INFO - 	 Val. Loss: 0.259
2024-04-09 09:06 - INFO - 	 ROC-AUC: 0.722
2024-04-09 09:06 - INFO - 	 PR-AUC: 0.434
2024-04-09 09:06 - INFO - 	 Best Val. Loss: 0.259
2024-04-09 09:06 - INFO - 	 Best ROC-AUC: 0.725
2024-04-09 09:06 - INFO - 	 Best PR-AUC: 0.437
2024-04-09 09:06 - INFO - 	 Test-ROC-AUC under Best Validation ROC-AUC: 0.705
2024-04-09 09:06 - INFO - 	 Test-PR-AUC under Best Validation Best PR-AUC: 0.439
2024-04-09 09:06 - INFO - ---------------------------------------------
2024-04-09 09:51 - INFO - ---------------------------------------------
2024-04-09 09:51 - INFO - Epoch: 05 | Time: 45m 46s
2024-04-09 09:51 - INFO - 	 Train Loss: 0.253
2024-04-09 09:51 - INFO - 	 Val. Loss: 0.264
2024-04-09 09:51 - INFO - 	 ROC-AUC: 0.709
2024-04-09 09:51 - INFO - 	 PR-AUC: 0.418
2024-04-09 09:51 - INFO - 	 Best Val. Loss: 0.259
2024-04-09 09:51 - INFO - 	 Best ROC-AUC: 0.725
2024-04-09 09:51 - INFO - 	 Best PR-AUC: 0.437
2024-04-09 09:51 - INFO - 	 Test-ROC-AUC under Best Validation ROC-AUC: 0.705
2024-04-09 09:51 - INFO - 	 Test-PR-AUC under Best Validation Best PR-AUC: 0.439
2024-04-09 09:51 - INFO - ---------------------------------------------
2024-04-09 10:36 - INFO - ---------------------------------------------
2024-04-09 10:36 - INFO - Epoch: 06 | Time: 44m 45s
2024-04-09 10:36 - INFO - 	 Train Loss: 0.253
2024-04-09 10:36 - INFO - 	 Val. Loss: 0.257
2024-04-09 10:36 - INFO - 	 ROC-AUC: 0.722
2024-04-09 10:36 - INFO - 	 PR-AUC: 0.432
2024-04-09 10:36 - INFO - 	 Best Val. Loss: 0.257
2024-04-09 10:36 - INFO - 	 Best ROC-AUC: 0.725
2024-04-09 10:36 - INFO - 	 Best PR-AUC: 0.437
2024-04-09 10:36 - INFO - 	 Test-ROC-AUC under Best Validation ROC-AUC: 0.705
2024-04-09 10:36 - INFO - 	 Test-PR-AUC under Best Validation Best PR-AUC: 0.439
2024-04-09 10:36 - INFO - ---------------------------------------------
2024-04-09 11:27 - INFO - Fit the preprocessing pipeline
2024-04-09 11:27 - INFO - Training using device: cuda
2024-04-09 11:27 - INFO - Creating generators
2024-04-09 11:27 - INFO - The model has 2,246,929 trainable parameters
2024-04-09 11:27 - INFO - * Model:
2024-04-09 11:27 - INFO - * -----------
2024-04-09 11:27 - INFO - CombinedModel(
  (upstream_model): TSTransformerEncoderCNN(
    (project_input): Linear(in_features=12, out_features=128, bias=True)
    (encoder): Linear(in_features=12, out_features=128, bias=True)
    (transformer_encoder): TransformerEncoder(
      (layers): ModuleList(
        (0-7): 8 x TransformerEncoderLayer(
          (self_attn): MultiheadAttention(
            (out_proj): NonDynamicallyQuantizableLinear(in_features=128, out_features=128, bias=True)
          )
          (linear1): Linear(in_features=128, out_features=512, bias=True)
          (dropout): Dropout(p=0.4, inplace=False)
          (linear2): Linear(in_features=512, out_features=128, bias=True)
          (norm1): LayerNorm((128,), eps=1e-05, elementwise_affine=True)
          (norm2): LayerNorm((128,), eps=1e-05, elementwise_affine=True)
          (dropout1): Dropout(p=0.4, inplace=False)
          (dropout2): Dropout(p=0.4, inplace=False)
        )
      )
    )
    (output_layer): Linear(in_features=128, out_features=12, bias=True)
    (dropout1): Dropout(p=0.4, inplace=False)
    (cnn): Conv1d(128, 12, kernel_size=(3,), stride=(1,), padding=(1,))
  )
  (downstream_model): DownstreamInception(
    (conv1): ConvBlock(
      (conv): Conv1d(12, 64, kernel_size=(7,), stride=(2,), padding=(3,))
      (bn): BatchNorm1d(64, eps=1e-05, momentum=0.1, affine=True, track_running_stats=True)
    )
    (conv2): ConvBlock(
      (conv): Conv1d(64, 128, kernel_size=(3,), stride=(1,), padding=(1,))
      (bn): BatchNorm1d(128, eps=1e-05, momentum=0.1, affine=True, track_running_stats=True)
    )
    (maxpool): MaxPool1d(kernel_size=3, stride=2, padding=1, dilation=1, ceil_mode=False)
    (inception3a): InceptionBlock(
      (branch1): ConvBlock(
        (conv): Conv1d(128, 64, kernel_size=(1,), stride=(1,))
        (bn): BatchNorm1d(64, eps=1e-05, momentum=0.1, affine=True, track_running_stats=True)
      )
      (branch2): Sequential(
        (0): ConvBlock(
          (conv): Conv1d(128, 96, kernel_size=(1,), stride=(1,))
          (bn): BatchNorm1d(96, eps=1e-05, momentum=0.1, affine=True, track_running_stats=True)
        )
        (1): ConvBlock(
          (conv): Conv1d(96, 128, kernel_size=(3,), stride=(1,), padding=(1,))
          (bn): BatchNorm1d(128, eps=1e-05, momentum=0.1, affine=True, track_running_stats=True)
        )
      )
      (branch3): Sequential(
        (0): ConvBlock(
          (conv): Conv1d(128, 16, kernel_size=(1,), stride=(1,))
          (bn): BatchNorm1d(16, eps=1e-05, momentum=0.1, affine=True, track_running_stats=True)
        )
        (1): ConvBlock(
          (conv): Conv1d(16, 32, kernel_size=(5,), stride=(1,), padding=(2,))
          (bn): BatchNorm1d(32, eps=1e-05, momentum=0.1, affine=True, track_running_stats=True)
        )
      )
      (branch4): Sequential(
        (0): MaxPool2d(kernel_size=3, stride=1, padding=1, dilation=1, ceil_mode=False)
        (1): ConvBlock(
          (conv): Conv1d(128, 32, kernel_size=(1,), stride=(1,))
          (bn): BatchNorm1d(32, eps=1e-05, momentum=0.1, affine=True, track_running_stats=True)
        )
      )
    )
    (inception3b): InceptionBlock(
      (branch1): ConvBlock(
        (conv): Conv1d(256, 128, kernel_size=(1,), stride=(1,))
        (bn): BatchNorm1d(128, eps=1e-05, momentum=0.1, affine=True, track_running_stats=True)
      )
      (branch2): Sequential(
        (0): ConvBlock(
          (conv): Conv1d(256, 128, kernel_size=(1,), stride=(1,))
          (bn): BatchNorm1d(128, eps=1e-05, momentum=0.1, affine=True, track_running_stats=True)
        )
        (1): ConvBlock(
          (conv): Conv1d(128, 192, kernel_size=(3,), stride=(1,), padding=(1,))
          (bn): BatchNorm1d(192, eps=1e-05, momentum=0.1, affine=True, track_running_stats=True)
        )
      )
      (branch3): Sequential(
        (0): ConvBlock(
          (conv): Conv1d(256, 32, kernel_size=(1,), stride=(1,))
          (bn): BatchNorm1d(32, eps=1e-05, momentum=0.1, affine=True, track_running_stats=True)
        )
        (1): ConvBlock(
          (conv): Conv1d(32, 96, kernel_size=(5,), stride=(1,), padding=(2,))
          (bn): BatchNorm1d(96, eps=1e-05, momentum=0.1, affine=True, track_running_stats=True)
        )
      )
      (branch4): Sequential(
        (0): MaxPool2d(kernel_size=3, stride=1, padding=1, dilation=1, ceil_mode=False)
        (1): ConvBlock(
          (conv): Conv1d(256, 64, kernel_size=(1,), stride=(1,))
          (bn): BatchNorm1d(64, eps=1e-05, momentum=0.1, affine=True, track_running_stats=True)
        )
      )
    )
    (inception4a): InceptionBlock(
      (branch1): ConvBlock(
        (conv): Conv1d(480, 192, kernel_size=(1,), stride=(1,))
        (bn): BatchNorm1d(192, eps=1e-05, momentum=0.1, affine=True, track_running_stats=True)
      )
      (branch2): Sequential(
        (0): ConvBlock(
          (conv): Conv1d(480, 96, kernel_size=(1,), stride=(1,))
          (bn): BatchNorm1d(96, eps=1e-05, momentum=0.1, affine=True, track_running_stats=True)
        )
        (1): ConvBlock(
          (conv): Conv1d(96, 208, kernel_size=(3,), stride=(1,), padding=(1,))
          (bn): BatchNorm1d(208, eps=1e-05, momentum=0.1, affine=True, track_running_stats=True)
        )
      )
      (branch3): Sequential(
        (0): ConvBlock(
          (conv): Conv1d(480, 16, kernel_size=(1,), stride=(1,))
          (bn): BatchNorm1d(16, eps=1e-05, momentum=0.1, affine=True, track_running_stats=True)
        )
        (1): ConvBlock(
          (conv): Conv1d(16, 48, kernel_size=(5,), stride=(1,), padding=(2,))
          (bn): BatchNorm1d(48, eps=1e-05, momentum=0.1, affine=True, track_running_stats=True)
        )
      )
      (branch4): Sequential(
        (0): MaxPool2d(kernel_size=3, stride=1, padding=1, dilation=1, ceil_mode=False)
        (1): ConvBlock(
          (conv): Conv1d(480, 64, kernel_size=(1,), stride=(1,))
          (bn): BatchNorm1d(64, eps=1e-05, momentum=0.1, affine=True, track_running_stats=True)
        )
      )
    )
    (inception4b): InceptionBlock(
      (branch1): ConvBlock(
        (conv): Conv1d(512, 32, kernel_size=(1,), stride=(1,))
        (bn): BatchNorm1d(32, eps=1e-05, momentum=0.1, affine=True, track_running_stats=True)
      )
      (branch2): Sequential(
        (0): ConvBlock(
          (conv): Conv1d(512, 112, kernel_size=(1,), stride=(1,))
          (bn): BatchNorm1d(112, eps=1e-05, momentum=0.1, affine=True, track_running_stats=True)
        )
        (1): ConvBlock(
          (conv): Conv1d(112, 32, kernel_size=(3,), stride=(1,), padding=(1,))
          (bn): BatchNorm1d(32, eps=1e-05, momentum=0.1, affine=True, track_running_stats=True)
        )
      )
      (branch3): Sequential(
        (0): ConvBlock(
          (conv): Conv1d(512, 24, kernel_size=(1,), stride=(1,))
          (bn): BatchNorm1d(24, eps=1e-05, momentum=0.1, affine=True, track_running_stats=True)
        )
        (1): ConvBlock(
          (conv): Conv1d(24, 64, kernel_size=(5,), stride=(1,), padding=(2,))
          (bn): BatchNorm1d(64, eps=1e-05, momentum=0.1, affine=True, track_running_stats=True)
        )
      )
      (branch4): Sequential(
        (0): MaxPool2d(kernel_size=3, stride=1, padding=1, dilation=1, ceil_mode=False)
        (1): ConvBlock(
          (conv): Conv1d(512, 32, kernel_size=(1,), stride=(1,))
          (bn): BatchNorm1d(32, eps=1e-05, momentum=0.1, affine=True, track_running_stats=True)
        )
      )
    )
    (avgpool): AvgPool1d(kernel_size=(5,), stride=(1,), padding=(0,))
    (dropout): Dropout(p=0.5, inplace=False)
    (fc): Linear(in_features=8480, out_features=1, bias=True)
    (sigmoid): Sigmoid()
  )
)
2024-04-09 11:27 - INFO - * -----------
2024-04-09 12:11 - INFO - ---------------------------------------------
2024-04-09 12:11 - INFO - Epoch: 01 | Time: 44m 24s
2024-04-09 12:11 - INFO - 	 New best val_rocauc loss was found, current best value is 0.71217
2024-04-09 12:11 - INFO - 	 Train Loss: 0.259
2024-04-09 12:11 - INFO - 	 Val. Loss: 0.265
2024-04-09 12:11 - INFO - 	 ROC-AUC: 0.712
2024-04-09 12:11 - INFO - 	 PR-AUC: 0.418
2024-04-09 12:11 - INFO - 	 Best Val. Loss: 0.265
2024-04-09 12:11 - INFO - 	 Best ROC-AUC: 0.712
2024-04-09 12:11 - INFO - 	 Best PR-AUC: 0.418
2024-04-09 12:11 - INFO - 	 Test-ROC-AUC under Best Validation ROC-AUC: 0.695
2024-04-09 12:11 - INFO - 	 Test-PR-AUC under Best Validation Best PR-AUC: 0.423
2024-04-09 12:11 - INFO - ---------------------------------------------
2024-04-09 12:55 - INFO - ---------------------------------------------
2024-04-09 12:55 - INFO - Epoch: 02 | Time: 44m 22s
2024-04-09 12:55 - INFO - 	 New best val_rocauc loss was found, current best value is 0.7181
2024-04-09 12:55 - INFO - 	 Train Loss: 0.254
2024-04-09 12:55 - INFO - 	 Val. Loss: 0.260
2024-04-09 12:55 - INFO - 	 ROC-AUC: 0.718
2024-04-09 12:55 - INFO - 	 PR-AUC: 0.424
2024-04-09 12:55 - INFO - 	 Best Val. Loss: 0.260
2024-04-09 12:55 - INFO - 	 Best ROC-AUC: 0.718
2024-04-09 12:55 - INFO - 	 Best PR-AUC: 0.424
2024-04-09 12:55 - INFO - 	 Test-ROC-AUC under Best Validation ROC-AUC: 0.691
2024-04-09 12:55 - INFO - 	 Test-PR-AUC under Best Validation Best PR-AUC: 0.421
2024-04-09 12:55 - INFO - ---------------------------------------------
2024-04-09 13:40 - INFO - ---------------------------------------------
2024-04-09 13:40 - INFO - Epoch: 03 | Time: 44m 21s
2024-04-09 13:40 - INFO - 	 New best val_rocauc loss was found, current best value is 0.71844
2024-04-09 13:40 - INFO - 	 Train Loss: 0.253
2024-04-09 13:40 - INFO - 	 Val. Loss: 0.258
2024-04-09 13:40 - INFO - 	 ROC-AUC: 0.718
2024-04-09 13:40 - INFO - 	 PR-AUC: 0.425
2024-04-09 13:40 - INFO - 	 Best Val. Loss: 0.258
2024-04-09 13:40 - INFO - 	 Best ROC-AUC: 0.718
2024-04-09 13:40 - INFO - 	 Best PR-AUC: 0.425
2024-04-09 13:40 - INFO - 	 Test-ROC-AUC under Best Validation ROC-AUC: 0.701
2024-04-09 13:40 - INFO - 	 Test-PR-AUC under Best Validation Best PR-AUC: 0.424
2024-04-09 13:40 - INFO - ---------------------------------------------
2024-04-09 14:25 - INFO - ---------------------------------------------
2024-04-09 14:25 - INFO - Epoch: 04 | Time: 45m 27s
2024-04-09 14:25 - INFO - 	 New best val_rocauc loss was found, current best value is 0.71982
2024-04-09 14:25 - INFO - 	 Train Loss: 0.253
2024-04-09 14:25 - INFO - 	 Val. Loss: 0.258
2024-04-09 14:25 - INFO - 	 ROC-AUC: 0.720
2024-04-09 14:25 - INFO - 	 PR-AUC: 0.428
2024-04-09 14:25 - INFO - 	 Best Val. Loss: 0.258
2024-04-09 14:25 - INFO - 	 Best ROC-AUC: 0.720
2024-04-09 14:25 - INFO - 	 Best PR-AUC: 0.428
2024-04-09 14:25 - INFO - 	 Test-ROC-AUC under Best Validation ROC-AUC: 0.698
2024-04-09 14:25 - INFO - 	 Test-PR-AUC under Best Validation Best PR-AUC: 0.424
2024-04-09 14:25 - INFO - ---------------------------------------------
2024-04-09 15:10 - INFO - ---------------------------------------------
2024-04-09 15:10 - INFO - Epoch: 05 | Time: 44m 25s
2024-04-09 15:10 - INFO - 	 Train Loss: 0.253
2024-04-09 15:10 - INFO - 	 Val. Loss: 0.260
2024-04-09 15:10 - INFO - 	 ROC-AUC: 0.715
2024-04-09 15:10 - INFO - 	 PR-AUC: 0.421
2024-04-09 15:10 - INFO - 	 Best Val. Loss: 0.258
2024-04-09 15:10 - INFO - 	 Best ROC-AUC: 0.720
2024-04-09 15:10 - INFO - 	 Best PR-AUC: 0.428
2024-04-09 15:10 - INFO - 	 Test-ROC-AUC under Best Validation ROC-AUC: 0.698
2024-04-09 15:10 - INFO - 	 Test-PR-AUC under Best Validation Best PR-AUC: 0.424
2024-04-09 15:10 - INFO - ---------------------------------------------
2024-04-09 15:54 - INFO - ---------------------------------------------
2024-04-09 15:54 - INFO - Epoch: 06 | Time: 44m 25s
2024-04-09 15:54 - INFO - 	 New best val_rocauc loss was found, current best value is 0.72718
2024-04-09 15:54 - INFO - 	 Train Loss: 0.253
2024-04-09 15:54 - INFO - 	 Val. Loss: 0.256
2024-04-09 15:54 - INFO - 	 ROC-AUC: 0.727
2024-04-09 15:54 - INFO - 	 PR-AUC: 0.433
2024-04-09 15:54 - INFO - 	 Best Val. Loss: 0.256
2024-04-09 15:54 - INFO - 	 Best ROC-AUC: 0.727
2024-04-09 15:54 - INFO - 	 Best PR-AUC: 0.433
2024-04-09 15:54 - INFO - 	 Test-ROC-AUC under Best Validation ROC-AUC: 0.700
2024-04-09 15:54 - INFO - 	 Test-PR-AUC under Best Validation Best PR-AUC: 0.427
2024-04-09 15:54 - INFO - ---------------------------------------------
2024-04-09 16:38 - INFO - ---------------------------------------------
2024-04-09 16:38 - INFO - Epoch: 07 | Time: 44m 21s
2024-04-09 16:38 - INFO - 	 Train Loss: 0.253
2024-04-09 16:38 - INFO - 	 Val. Loss: 0.254
2024-04-09 16:38 - INFO - 	 ROC-AUC: 0.725
2024-04-09 16:38 - INFO - 	 PR-AUC: 0.436
2024-04-09 16:38 - INFO - 	 Best Val. Loss: 0.254
2024-04-09 16:38 - INFO - 	 Best ROC-AUC: 0.727
2024-04-09 16:38 - INFO - 	 Best PR-AUC: 0.436
2024-04-09 16:38 - INFO - 	 Test-ROC-AUC under Best Validation ROC-AUC: 0.700
2024-04-09 16:38 - INFO - 	 Test-PR-AUC under Best Validation Best PR-AUC: 0.427
2024-04-09 16:38 - INFO - ---------------------------------------------
2024-04-09 17:23 - INFO - ---------------------------------------------
2024-04-09 17:23 - INFO - Epoch: 08 | Time: 44m 21s
2024-04-09 17:23 - INFO - 	 Train Loss: 0.253
2024-04-09 17:23 - INFO - 	 Val. Loss: 0.257
2024-04-09 17:23 - INFO - 	 ROC-AUC: 0.723
2024-04-09 17:23 - INFO - 	 PR-AUC: 0.428
2024-04-09 17:23 - INFO - 	 Best Val. Loss: 0.254
2024-04-09 17:23 - INFO - 	 Best ROC-AUC: 0.727
2024-04-09 17:23 - INFO - 	 Best PR-AUC: 0.436
2024-04-09 17:23 - INFO - 	 Test-ROC-AUC under Best Validation ROC-AUC: 0.700
2024-04-09 17:23 - INFO - 	 Test-PR-AUC under Best Validation Best PR-AUC: 0.427
2024-04-09 17:23 - INFO - ---------------------------------------------
2024-04-09 18:07 - INFO - ---------------------------------------------
2024-04-09 18:07 - INFO - Epoch: 09 | Time: 44m 25s
2024-04-09 18:07 - INFO - 	 New best val_rocauc loss was found, current best value is 0.73326
2024-04-09 18:07 - INFO - 	 Train Loss: 0.253
2024-04-09 18:07 - INFO - 	 Val. Loss: 0.255
2024-04-09 18:07 - INFO - 	 ROC-AUC: 0.733
2024-04-09 18:07 - INFO - 	 PR-AUC: 0.447
2024-04-09 18:07 - INFO - 	 Best Val. Loss: 0.254
2024-04-09 18:07 - INFO - 	 Best ROC-AUC: 0.733
2024-04-09 18:07 - INFO - 	 Best PR-AUC: 0.447
2024-04-09 18:07 - INFO - 	 Test-ROC-AUC under Best Validation ROC-AUC: 0.698
2024-04-09 18:07 - INFO - 	 Test-PR-AUC under Best Validation Best PR-AUC: 0.429
2024-04-09 18:07 - INFO - ---------------------------------------------
2024-04-09 18:52 - INFO - ---------------------------------------------
2024-04-09 18:52 - INFO - Epoch: 10 | Time: 44m 49s
2024-04-09 18:52 - INFO - 	 Train Loss: 0.253
2024-04-09 18:52 - INFO - 	 Val. Loss: 0.257
2024-04-09 18:52 - INFO - 	 ROC-AUC: 0.720
2024-04-09 18:52 - INFO - 	 PR-AUC: 0.436
2024-04-09 18:52 - INFO - 	 Best Val. Loss: 0.254
2024-04-09 18:52 - INFO - 	 Best ROC-AUC: 0.733
2024-04-09 18:52 - INFO - 	 Best PR-AUC: 0.447
2024-04-09 18:52 - INFO - 	 Test-ROC-AUC under Best Validation ROC-AUC: 0.698
2024-04-09 18:52 - INFO - 	 Test-PR-AUC under Best Validation Best PR-AUC: 0.429
2024-04-09 18:52 - INFO - ---------------------------------------------
2024-04-09 18:58 - INFO - Fit the preprocessing pipeline
2024-04-09 18:58 - INFO - Training using device: cuda
2024-04-09 18:58 - INFO - Creating generators
2024-04-09 18:58 - INFO - The model has 2,246,929 trainable parameters
2024-04-09 18:58 - INFO - * Model:
2024-04-09 18:58 - INFO - * -----------
2024-04-09 18:58 - INFO - CombinedModel(
  (upstream_model): TSTransformerEncoderCNN(
    (project_input): Linear(in_features=12, out_features=128, bias=True)
    (encoder): Linear(in_features=12, out_features=128, bias=True)
    (transformer_encoder): TransformerEncoder(
      (layers): ModuleList(
        (0-7): 8 x TransformerEncoderLayer(
          (self_attn): MultiheadAttention(
            (out_proj): NonDynamicallyQuantizableLinear(in_features=128, out_features=128, bias=True)
          )
          (linear1): Linear(in_features=128, out_features=512, bias=True)
          (dropout): Dropout(p=0.4, inplace=False)
          (linear2): Linear(in_features=512, out_features=128, bias=True)
          (norm1): LayerNorm((128,), eps=1e-05, elementwise_affine=True)
          (norm2): LayerNorm((128,), eps=1e-05, elementwise_affine=True)
          (dropout1): Dropout(p=0.4, inplace=False)
          (dropout2): Dropout(p=0.4, inplace=False)
        )
      )
    )
    (output_layer): Linear(in_features=128, out_features=12, bias=True)
    (dropout1): Dropout(p=0.4, inplace=False)
    (cnn): Conv1d(128, 12, kernel_size=(3,), stride=(1,), padding=(1,))
  )
  (downstream_model): DownstreamInception(
    (conv1): ConvBlock(
      (conv): Conv1d(12, 64, kernel_size=(7,), stride=(2,), padding=(3,))
      (bn): BatchNorm1d(64, eps=1e-05, momentum=0.1, affine=True, track_running_stats=True)
    )
    (conv2): ConvBlock(
      (conv): Conv1d(64, 128, kernel_size=(3,), stride=(1,), padding=(1,))
      (bn): BatchNorm1d(128, eps=1e-05, momentum=0.1, affine=True, track_running_stats=True)
    )
    (maxpool): MaxPool1d(kernel_size=3, stride=2, padding=1, dilation=1, ceil_mode=False)
    (inception3a): InceptionBlock(
      (branch1): ConvBlock(
        (conv): Conv1d(128, 64, kernel_size=(1,), stride=(1,))
        (bn): BatchNorm1d(64, eps=1e-05, momentum=0.1, affine=True, track_running_stats=True)
      )
      (branch2): Sequential(
        (0): ConvBlock(
          (conv): Conv1d(128, 96, kernel_size=(1,), stride=(1,))
          (bn): BatchNorm1d(96, eps=1e-05, momentum=0.1, affine=True, track_running_stats=True)
        )
        (1): ConvBlock(
          (conv): Conv1d(96, 128, kernel_size=(3,), stride=(1,), padding=(1,))
          (bn): BatchNorm1d(128, eps=1e-05, momentum=0.1, affine=True, track_running_stats=True)
        )
      )
      (branch3): Sequential(
        (0): ConvBlock(
          (conv): Conv1d(128, 16, kernel_size=(1,), stride=(1,))
          (bn): BatchNorm1d(16, eps=1e-05, momentum=0.1, affine=True, track_running_stats=True)
        )
        (1): ConvBlock(
          (conv): Conv1d(16, 32, kernel_size=(5,), stride=(1,), padding=(2,))
          (bn): BatchNorm1d(32, eps=1e-05, momentum=0.1, affine=True, track_running_stats=True)
        )
      )
      (branch4): Sequential(
        (0): MaxPool2d(kernel_size=3, stride=1, padding=1, dilation=1, ceil_mode=False)
        (1): ConvBlock(
          (conv): Conv1d(128, 32, kernel_size=(1,), stride=(1,))
          (bn): BatchNorm1d(32, eps=1e-05, momentum=0.1, affine=True, track_running_stats=True)
        )
      )
    )
    (inception3b): InceptionBlock(
      (branch1): ConvBlock(
        (conv): Conv1d(256, 128, kernel_size=(1,), stride=(1,))
        (bn): BatchNorm1d(128, eps=1e-05, momentum=0.1, affine=True, track_running_stats=True)
      )
      (branch2): Sequential(
        (0): ConvBlock(
          (conv): Conv1d(256, 128, kernel_size=(1,), stride=(1,))
          (bn): BatchNorm1d(128, eps=1e-05, momentum=0.1, affine=True, track_running_stats=True)
        )
        (1): ConvBlock(
          (conv): Conv1d(128, 192, kernel_size=(3,), stride=(1,), padding=(1,))
          (bn): BatchNorm1d(192, eps=1e-05, momentum=0.1, affine=True, track_running_stats=True)
        )
      )
      (branch3): Sequential(
        (0): ConvBlock(
          (conv): Conv1d(256, 32, kernel_size=(1,), stride=(1,))
          (bn): BatchNorm1d(32, eps=1e-05, momentum=0.1, affine=True, track_running_stats=True)
        )
        (1): ConvBlock(
          (conv): Conv1d(32, 96, kernel_size=(5,), stride=(1,), padding=(2,))
          (bn): BatchNorm1d(96, eps=1e-05, momentum=0.1, affine=True, track_running_stats=True)
        )
      )
      (branch4): Sequential(
        (0): MaxPool2d(kernel_size=3, stride=1, padding=1, dilation=1, ceil_mode=False)
        (1): ConvBlock(
          (conv): Conv1d(256, 64, kernel_size=(1,), stride=(1,))
          (bn): BatchNorm1d(64, eps=1e-05, momentum=0.1, affine=True, track_running_stats=True)
        )
      )
    )
    (inception4a): InceptionBlock(
      (branch1): ConvBlock(
        (conv): Conv1d(480, 192, kernel_size=(1,), stride=(1,))
        (bn): BatchNorm1d(192, eps=1e-05, momentum=0.1, affine=True, track_running_stats=True)
      )
      (branch2): Sequential(
        (0): ConvBlock(
          (conv): Conv1d(480, 96, kernel_size=(1,), stride=(1,))
          (bn): BatchNorm1d(96, eps=1e-05, momentum=0.1, affine=True, track_running_stats=True)
        )
        (1): ConvBlock(
          (conv): Conv1d(96, 208, kernel_size=(3,), stride=(1,), padding=(1,))
          (bn): BatchNorm1d(208, eps=1e-05, momentum=0.1, affine=True, track_running_stats=True)
        )
      )
      (branch3): Sequential(
        (0): ConvBlock(
          (conv): Conv1d(480, 16, kernel_size=(1,), stride=(1,))
          (bn): BatchNorm1d(16, eps=1e-05, momentum=0.1, affine=True, track_running_stats=True)
        )
        (1): ConvBlock(
          (conv): Conv1d(16, 48, kernel_size=(5,), stride=(1,), padding=(2,))
          (bn): BatchNorm1d(48, eps=1e-05, momentum=0.1, affine=True, track_running_stats=True)
        )
      )
      (branch4): Sequential(
        (0): MaxPool2d(kernel_size=3, stride=1, padding=1, dilation=1, ceil_mode=False)
        (1): ConvBlock(
          (conv): Conv1d(480, 64, kernel_size=(1,), stride=(1,))
          (bn): BatchNorm1d(64, eps=1e-05, momentum=0.1, affine=True, track_running_stats=True)
        )
      )
    )
    (inception4b): InceptionBlock(
      (branch1): ConvBlock(
        (conv): Conv1d(512, 32, kernel_size=(1,), stride=(1,))
        (bn): BatchNorm1d(32, eps=1e-05, momentum=0.1, affine=True, track_running_stats=True)
      )
      (branch2): Sequential(
        (0): ConvBlock(
          (conv): Conv1d(512, 112, kernel_size=(1,), stride=(1,))
          (bn): BatchNorm1d(112, eps=1e-05, momentum=0.1, affine=True, track_running_stats=True)
        )
        (1): ConvBlock(
          (conv): Conv1d(112, 32, kernel_size=(3,), stride=(1,), padding=(1,))
          (bn): BatchNorm1d(32, eps=1e-05, momentum=0.1, affine=True, track_running_stats=True)
        )
      )
      (branch3): Sequential(
        (0): ConvBlock(
          (conv): Conv1d(512, 24, kernel_size=(1,), stride=(1,))
          (bn): BatchNorm1d(24, eps=1e-05, momentum=0.1, affine=True, track_running_stats=True)
        )
        (1): ConvBlock(
          (conv): Conv1d(24, 64, kernel_size=(5,), stride=(1,), padding=(2,))
          (bn): BatchNorm1d(64, eps=1e-05, momentum=0.1, affine=True, track_running_stats=True)
        )
      )
      (branch4): Sequential(
        (0): MaxPool2d(kernel_size=3, stride=1, padding=1, dilation=1, ceil_mode=False)
        (1): ConvBlock(
          (conv): Conv1d(512, 32, kernel_size=(1,), stride=(1,))
          (bn): BatchNorm1d(32, eps=1e-05, momentum=0.1, affine=True, track_running_stats=True)
        )
      )
    )
    (avgpool): AvgPool1d(kernel_size=(5,), stride=(1,), padding=(0,))
    (dropout): Dropout(p=0.5, inplace=False)
    (fc): Linear(in_features=8480, out_features=1, bias=True)
    (sigmoid): Sigmoid()
  )
)
2024-04-09 18:58 - INFO - * -----------
2024-04-09 19:43 - INFO - ---------------------------------------------
2024-04-09 19:43 - INFO - Epoch: 01 | Time: 45m 1s
2024-04-09 19:43 - INFO - 	 New best val_rocauc loss was found, current best value is 0.71411
2024-04-09 19:43 - INFO - 	 Train Loss: 0.259
2024-04-09 19:43 - INFO - 	 Val. Loss: 0.263
2024-04-09 19:43 - INFO - 	 ROC-AUC: 0.714
2024-04-09 19:43 - INFO - 	 PR-AUC: 0.418
2024-04-09 19:43 - INFO - 	 Best Val. Loss: 0.263
2024-04-09 19:43 - INFO - 	 Best ROC-AUC: 0.714
2024-04-09 19:43 - INFO - 	 Best PR-AUC: 0.418
2024-04-09 19:43 - INFO - 	 Test-ROC-AUC under Best Validation ROC-AUC: 0.696
2024-04-09 19:43 - INFO - 	 Test-PR-AUC under Best Validation Best PR-AUC: 0.427
2024-04-09 19:43 - INFO - ---------------------------------------------
2024-04-09 20:27 - INFO - ---------------------------------------------
2024-04-09 20:27 - INFO - Epoch: 02 | Time: 44m 23s
2024-04-09 20:27 - INFO - 	 New best val_rocauc loss was found, current best value is 0.72833
2024-04-09 20:27 - INFO - 	 Train Loss: 0.254
2024-04-09 20:27 - INFO - 	 Val. Loss: 0.258
2024-04-09 20:27 - INFO - 	 ROC-AUC: 0.728
2024-04-09 20:27 - INFO - 	 PR-AUC: 0.439
2024-04-09 20:27 - INFO - 	 Best Val. Loss: 0.258
2024-04-09 20:27 - INFO - 	 Best ROC-AUC: 0.728
2024-04-09 20:27 - INFO - 	 Best PR-AUC: 0.439
2024-04-09 20:27 - INFO - 	 Test-ROC-AUC under Best Validation ROC-AUC: 0.703
2024-04-09 20:27 - INFO - 	 Test-PR-AUC under Best Validation Best PR-AUC: 0.437
2024-04-09 20:27 - INFO - ---------------------------------------------
2024-04-09 21:12 - INFO - ---------------------------------------------
2024-04-09 21:12 - INFO - Epoch: 03 | Time: 45m 2s
2024-04-09 21:12 - INFO - 	 Train Loss: 0.253
2024-04-09 21:12 - INFO - 	 Val. Loss: 0.260
2024-04-09 21:12 - INFO - 	 ROC-AUC: 0.721
2024-04-09 21:12 - INFO - 	 PR-AUC: 0.423
2024-04-09 21:12 - INFO - 	 Best Val. Loss: 0.258
2024-04-09 21:12 - INFO - 	 Best ROC-AUC: 0.728
2024-04-09 21:12 - INFO - 	 Best PR-AUC: 0.439
2024-04-09 21:12 - INFO - 	 Test-ROC-AUC under Best Validation ROC-AUC: 0.703
2024-04-09 21:12 - INFO - 	 Test-PR-AUC under Best Validation Best PR-AUC: 0.437
2024-04-09 21:12 - INFO - ---------------------------------------------
