2024-10-07 14:00 - INFO - Fit the preprocessing pipeline
2024-10-07 14:00 - INFO - Training using device: cuda
2024-10-07 14:00 - INFO - Creating generators
2024-10-07 14:00 - INFO - The model has 2,246,929 trainable parameters
2024-10-07 14:00 - INFO - * Model:
2024-10-07 14:00 - INFO - * -----------
2024-10-07 14:00 - INFO - CombinedModel(
  (upstream_model): TSTransformerEncoderCNN(
    (project_input): Linear(in_features=12, out_features=128, bias=True)
    (encoder): Linear(in_features=12, out_features=128, bias=True)
    (transformer_encoder): TransformerEncoder(
      (layers): ModuleList(
        (0-7): 8 x TransformerEncoderLayer(
          (self_attn): MultiheadAttention(
            (out_proj): NonDynamicallyQuantizableLinear(in_features=128, out_features=128, bias=True)
          )
          (linear1): Linear(in_features=128, out_features=512, bias=True)
          (dropout): Dropout(p=0.4, inplace=False)
          (linear2): Linear(in_features=512, out_features=128, bias=True)
          (norm1): LayerNorm((128,), eps=1e-05, elementwise_affine=True)
          (norm2): LayerNorm((128,), eps=1e-05, elementwise_affine=True)
          (dropout1): Dropout(p=0.4, inplace=False)
          (dropout2): Dropout(p=0.4, inplace=False)
        )
      )
    )
    (output_layer): Linear(in_features=128, out_features=12, bias=True)
    (dropout1): Dropout(p=0.4, inplace=False)
    (cnn): Conv1d(128, 12, kernel_size=(3,), stride=(1,), padding=(1,))
  )
  (downstream_model): DownstreamInception(
    (conv1): ConvBlock(
      (conv): Conv1d(12, 64, kernel_size=(7,), stride=(2,), padding=(3,))
      (bn): BatchNorm1d(64, eps=1e-05, momentum=0.1, affine=True, track_running_stats=True)
    )
    (conv2): ConvBlock(
      (conv): Conv1d(64, 128, kernel_size=(3,), stride=(1,), padding=(1,))
      (bn): BatchNorm1d(128, eps=1e-05, momentum=0.1, affine=True, track_running_stats=True)
    )
    (maxpool): MaxPool1d(kernel_size=3, stride=2, padding=1, dilation=1, ceil_mode=False)
    (inception3a): InceptionBlock(
      (branch1): ConvBlock(
        (conv): Conv1d(128, 64, kernel_size=(1,), stride=(1,))
        (bn): BatchNorm1d(64, eps=1e-05, momentum=0.1, affine=True, track_running_stats=True)
      )
      (branch2): Sequential(
        (0): ConvBlock(
          (conv): Conv1d(128, 96, kernel_size=(1,), stride=(1,))
          (bn): BatchNorm1d(96, eps=1e-05, momentum=0.1, affine=True, track_running_stats=True)
        )
        (1): ConvBlock(
          (conv): Conv1d(96, 128, kernel_size=(3,), stride=(1,), padding=(1,))
          (bn): BatchNorm1d(128, eps=1e-05, momentum=0.1, affine=True, track_running_stats=True)
        )
      )
      (branch3): Sequential(
        (0): ConvBlock(
          (conv): Conv1d(128, 16, kernel_size=(1,), stride=(1,))
          (bn): BatchNorm1d(16, eps=1e-05, momentum=0.1, affine=True, track_running_stats=True)
        )
        (1): ConvBlock(
          (conv): Conv1d(16, 32, kernel_size=(5,), stride=(1,), padding=(2,))
          (bn): BatchNorm1d(32, eps=1e-05, momentum=0.1, affine=True, track_running_stats=True)
        )
      )
      (branch4): Sequential(
        (0): MaxPool2d(kernel_size=3, stride=1, padding=1, dilation=1, ceil_mode=False)
        (1): ConvBlock(
          (conv): Conv1d(128, 32, kernel_size=(1,), stride=(1,))
          (bn): BatchNorm1d(32, eps=1e-05, momentum=0.1, affine=True, track_running_stats=True)
        )
      )
    )
    (inception3b): InceptionBlock(
      (branch1): ConvBlock(
        (conv): Conv1d(256, 128, kernel_size=(1,), stride=(1,))
        (bn): BatchNorm1d(128, eps=1e-05, momentum=0.1, affine=True, track_running_stats=True)
      )
      (branch2): Sequential(
        (0): ConvBlock(
          (conv): Conv1d(256, 128, kernel_size=(1,), stride=(1,))
          (bn): BatchNorm1d(128, eps=1e-05, momentum=0.1, affine=True, track_running_stats=True)
        )
        (1): ConvBlock(
          (conv): Conv1d(128, 192, kernel_size=(3,), stride=(1,), padding=(1,))
          (bn): BatchNorm1d(192, eps=1e-05, momentum=0.1, affine=True, track_running_stats=True)
        )
      )
      (branch3): Sequential(
        (0): ConvBlock(
          (conv): Conv1d(256, 32, kernel_size=(1,), stride=(1,))
          (bn): BatchNorm1d(32, eps=1e-05, momentum=0.1, affine=True, track_running_stats=True)
        )
        (1): ConvBlock(
          (conv): Conv1d(32, 96, kernel_size=(5,), stride=(1,), padding=(2,))
          (bn): BatchNorm1d(96, eps=1e-05, momentum=0.1, affine=True, track_running_stats=True)
        )
      )
      (branch4): Sequential(
        (0): MaxPool2d(kernel_size=3, stride=1, padding=1, dilation=1, ceil_mode=False)
        (1): ConvBlock(
          (conv): Conv1d(256, 64, kernel_size=(1,), stride=(1,))
          (bn): BatchNorm1d(64, eps=1e-05, momentum=0.1, affine=True, track_running_stats=True)
        )
      )
    )
    (inception4a): InceptionBlock(
      (branch1): ConvBlock(
        (conv): Conv1d(480, 192, kernel_size=(1,), stride=(1,))
        (bn): BatchNorm1d(192, eps=1e-05, momentum=0.1, affine=True, track_running_stats=True)
      )
      (branch2): Sequential(
        (0): ConvBlock(
          (conv): Conv1d(480, 96, kernel_size=(1,), stride=(1,))
          (bn): BatchNorm1d(96, eps=1e-05, momentum=0.1, affine=True, track_running_stats=True)
        )
        (1): ConvBlock(
          (conv): Conv1d(96, 208, kernel_size=(3,), stride=(1,), padding=(1,))
          (bn): BatchNorm1d(208, eps=1e-05, momentum=0.1, affine=True, track_running_stats=True)
        )
      )
      (branch3): Sequential(
        (0): ConvBlock(
          (conv): Conv1d(480, 16, kernel_size=(1,), stride=(1,))
          (bn): BatchNorm1d(16, eps=1e-05, momentum=0.1, affine=True, track_running_stats=True)
        )
        (1): ConvBlock(
          (conv): Conv1d(16, 48, kernel_size=(5,), stride=(1,), padding=(2,))
          (bn): BatchNorm1d(48, eps=1e-05, momentum=0.1, affine=True, track_running_stats=True)
        )
      )
      (branch4): Sequential(
        (0): MaxPool2d(kernel_size=3, stride=1, padding=1, dilation=1, ceil_mode=False)
        (1): ConvBlock(
          (conv): Conv1d(480, 64, kernel_size=(1,), stride=(1,))
          (bn): BatchNorm1d(64, eps=1e-05, momentum=0.1, affine=True, track_running_stats=True)
        )
      )
    )
    (inception4b): InceptionBlock(
      (branch1): ConvBlock(
        (conv): Conv1d(512, 32, kernel_size=(1,), stride=(1,))
        (bn): BatchNorm1d(32, eps=1e-05, momentum=0.1, affine=True, track_running_stats=True)
      )
      (branch2): Sequential(
        (0): ConvBlock(
          (conv): Conv1d(512, 112, kernel_size=(1,), stride=(1,))
          (bn): BatchNorm1d(112, eps=1e-05, momentum=0.1, affine=True, track_running_stats=True)
        )
        (1): ConvBlock(
          (conv): Conv1d(112, 32, kernel_size=(3,), stride=(1,), padding=(1,))
          (bn): BatchNorm1d(32, eps=1e-05, momentum=0.1, affine=True, track_running_stats=True)
        )
      )
      (branch3): Sequential(
        (0): ConvBlock(
          (conv): Conv1d(512, 24, kernel_size=(1,), stride=(1,))
          (bn): BatchNorm1d(24, eps=1e-05, momentum=0.1, affine=True, track_running_stats=True)
        )
        (1): ConvBlock(
          (conv): Conv1d(24, 64, kernel_size=(5,), stride=(1,), padding=(2,))
          (bn): BatchNorm1d(64, eps=1e-05, momentum=0.1, affine=True, track_running_stats=True)
        )
      )
      (branch4): Sequential(
        (0): MaxPool2d(kernel_size=3, stride=1, padding=1, dilation=1, ceil_mode=False)
        (1): ConvBlock(
          (conv): Conv1d(512, 32, kernel_size=(1,), stride=(1,))
          (bn): BatchNorm1d(32, eps=1e-05, momentum=0.1, affine=True, track_running_stats=True)
        )
      )
    )
    (avgpool): AvgPool1d(kernel_size=(5,), stride=(1,), padding=(0,))
    (dropout): Dropout(p=0.5, inplace=False)
    (fc): Linear(in_features=8480, out_features=1, bias=True)
    (sigmoid): Sigmoid()
  )
)
2024-10-07 14:00 - INFO - * -----------
2024-10-07 14:33 - INFO - ---------------------------------------------
2024-10-07 14:33 - INFO - Epoch: 01 | Time: 33m 16s
2024-10-07 14:33 - INFO - 	 New best val_rocauc loss was found, current best value is 0.74163
2024-10-07 14:33 - INFO - 	 Train Loss: 0.478
2024-10-07 14:33 - INFO - 	 Val. Loss: 0.489
2024-10-07 14:33 - INFO - 	 ROC-AUC: 0.742
2024-10-07 14:33 - INFO - 	 PR-AUC: 0.458
2024-10-07 14:33 - INFO - 	 Best Val. Loss: 0.489
2024-10-07 14:33 - INFO - 	 Best ROC-AUC: 0.742
2024-10-07 14:33 - INFO - 	 Best PR-AUC: 0.458
2024-10-07 14:33 - INFO - 	 Test-ROC-AUC under Best Validation ROC-AUC: 0.716
2024-10-07 14:33 - INFO - 	 Test-PR-AUC under Best Validation Best PR-AUC: 0.440
2024-10-07 14:33 - INFO - ---------------------------------------------
2024-10-07 15:06 - INFO - ---------------------------------------------
2024-10-07 15:06 - INFO - Epoch: 02 | Time: 32m 44s
2024-10-07 15:06 - INFO - 	 Train Loss: 0.473
2024-10-07 15:06 - INFO - 	 Val. Loss: 0.492
2024-10-07 15:06 - INFO - 	 ROC-AUC: 0.736
2024-10-07 15:06 - INFO - 	 PR-AUC: 0.449
2024-10-07 15:06 - INFO - 	 Best Val. Loss: 0.489
2024-10-07 15:06 - INFO - 	 Best ROC-AUC: 0.742
2024-10-07 15:06 - INFO - 	 Best PR-AUC: 0.458
2024-10-07 15:06 - INFO - 	 Test-ROC-AUC under Best Validation ROC-AUC: 0.716
2024-10-07 15:06 - INFO - 	 Test-PR-AUC under Best Validation Best PR-AUC: 0.440
2024-10-07 15:06 - INFO - ---------------------------------------------
2024-10-07 15:38 - INFO - ---------------------------------------------
2024-10-07 15:38 - INFO - Epoch: 03 | Time: 32m 37s
2024-10-07 15:38 - INFO - 	 Train Loss: 0.472
2024-10-07 15:38 - INFO - 	 Val. Loss: 0.494
2024-10-07 15:38 - INFO - 	 ROC-AUC: 0.734
2024-10-07 15:38 - INFO - 	 PR-AUC: 0.443
2024-10-07 15:38 - INFO - 	 Best Val. Loss: 0.489
2024-10-07 15:38 - INFO - 	 Best ROC-AUC: 0.742
2024-10-07 15:38 - INFO - 	 Best PR-AUC: 0.458
2024-10-07 15:38 - INFO - 	 Test-ROC-AUC under Best Validation ROC-AUC: 0.716
2024-10-07 15:38 - INFO - 	 Test-PR-AUC under Best Validation Best PR-AUC: 0.440
2024-10-07 15:38 - INFO - ---------------------------------------------
2024-10-07 16:11 - INFO - ---------------------------------------------
2024-10-07 16:11 - INFO - Epoch: 04 | Time: 32m 51s
2024-10-07 16:11 - INFO - 	 Train Loss: 0.471
2024-10-07 16:11 - INFO - 	 Val. Loss: 0.492
2024-10-07 16:11 - INFO - 	 ROC-AUC: 0.737
2024-10-07 16:11 - INFO - 	 PR-AUC: 0.449
2024-10-07 16:11 - INFO - 	 Best Val. Loss: 0.489
2024-10-07 16:11 - INFO - 	 Best ROC-AUC: 0.742
2024-10-07 16:11 - INFO - 	 Best PR-AUC: 0.458
2024-10-07 16:11 - INFO - 	 Test-ROC-AUC under Best Validation ROC-AUC: 0.716
2024-10-07 16:11 - INFO - 	 Test-PR-AUC under Best Validation Best PR-AUC: 0.440
2024-10-07 16:11 - INFO - ---------------------------------------------
2024-10-07 16:50 - INFO - Fit the preprocessing pipeline
2024-10-07 16:50 - INFO - Training using device: cuda
2024-10-07 16:50 - INFO - Creating generators
2024-10-07 16:50 - INFO - The model has 2,246,929 trainable parameters
2024-10-07 16:50 - INFO - * Model:
2024-10-07 16:50 - INFO - * -----------
2024-10-07 16:50 - INFO - CombinedModel(
  (upstream_model): TSTransformerEncoderCNN(
    (project_input): Linear(in_features=12, out_features=128, bias=True)
    (encoder): Linear(in_features=12, out_features=128, bias=True)
    (transformer_encoder): TransformerEncoder(
      (layers): ModuleList(
        (0-7): 8 x TransformerEncoderLayer(
          (self_attn): MultiheadAttention(
            (out_proj): NonDynamicallyQuantizableLinear(in_features=128, out_features=128, bias=True)
          )
          (linear1): Linear(in_features=128, out_features=512, bias=True)
          (dropout): Dropout(p=0.4, inplace=False)
          (linear2): Linear(in_features=512, out_features=128, bias=True)
          (norm1): LayerNorm((128,), eps=1e-05, elementwise_affine=True)
          (norm2): LayerNorm((128,), eps=1e-05, elementwise_affine=True)
          (dropout1): Dropout(p=0.4, inplace=False)
          (dropout2): Dropout(p=0.4, inplace=False)
        )
      )
    )
    (output_layer): Linear(in_features=128, out_features=12, bias=True)
    (dropout1): Dropout(p=0.4, inplace=False)
    (cnn): Conv1d(128, 12, kernel_size=(3,), stride=(1,), padding=(1,))
  )
  (downstream_model): DownstreamInception(
    (conv1): ConvBlock(
      (conv): Conv1d(12, 64, kernel_size=(7,), stride=(2,), padding=(3,))
      (bn): BatchNorm1d(64, eps=1e-05, momentum=0.1, affine=True, track_running_stats=True)
    )
    (conv2): ConvBlock(
      (conv): Conv1d(64, 128, kernel_size=(3,), stride=(1,), padding=(1,))
      (bn): BatchNorm1d(128, eps=1e-05, momentum=0.1, affine=True, track_running_stats=True)
    )
    (maxpool): MaxPool1d(kernel_size=3, stride=2, padding=1, dilation=1, ceil_mode=False)
    (inception3a): InceptionBlock(
      (branch1): ConvBlock(
        (conv): Conv1d(128, 64, kernel_size=(1,), stride=(1,))
        (bn): BatchNorm1d(64, eps=1e-05, momentum=0.1, affine=True, track_running_stats=True)
      )
      (branch2): Sequential(
        (0): ConvBlock(
          (conv): Conv1d(128, 96, kernel_size=(1,), stride=(1,))
          (bn): BatchNorm1d(96, eps=1e-05, momentum=0.1, affine=True, track_running_stats=True)
        )
        (1): ConvBlock(
          (conv): Conv1d(96, 128, kernel_size=(3,), stride=(1,), padding=(1,))
          (bn): BatchNorm1d(128, eps=1e-05, momentum=0.1, affine=True, track_running_stats=True)
        )
      )
      (branch3): Sequential(
        (0): ConvBlock(
          (conv): Conv1d(128, 16, kernel_size=(1,), stride=(1,))
          (bn): BatchNorm1d(16, eps=1e-05, momentum=0.1, affine=True, track_running_stats=True)
        )
        (1): ConvBlock(
          (conv): Conv1d(16, 32, kernel_size=(5,), stride=(1,), padding=(2,))
          (bn): BatchNorm1d(32, eps=1e-05, momentum=0.1, affine=True, track_running_stats=True)
        )
      )
      (branch4): Sequential(
        (0): MaxPool2d(kernel_size=3, stride=1, padding=1, dilation=1, ceil_mode=False)
        (1): ConvBlock(
          (conv): Conv1d(128, 32, kernel_size=(1,), stride=(1,))
          (bn): BatchNorm1d(32, eps=1e-05, momentum=0.1, affine=True, track_running_stats=True)
        )
      )
    )
    (inception3b): InceptionBlock(
      (branch1): ConvBlock(
        (conv): Conv1d(256, 128, kernel_size=(1,), stride=(1,))
        (bn): BatchNorm1d(128, eps=1e-05, momentum=0.1, affine=True, track_running_stats=True)
      )
      (branch2): Sequential(
        (0): ConvBlock(
          (conv): Conv1d(256, 128, kernel_size=(1,), stride=(1,))
          (bn): BatchNorm1d(128, eps=1e-05, momentum=0.1, affine=True, track_running_stats=True)
        )
        (1): ConvBlock(
          (conv): Conv1d(128, 192, kernel_size=(3,), stride=(1,), padding=(1,))
          (bn): BatchNorm1d(192, eps=1e-05, momentum=0.1, affine=True, track_running_stats=True)
        )
      )
      (branch3): Sequential(
        (0): ConvBlock(
          (conv): Conv1d(256, 32, kernel_size=(1,), stride=(1,))
          (bn): BatchNorm1d(32, eps=1e-05, momentum=0.1, affine=True, track_running_stats=True)
        )
        (1): ConvBlock(
          (conv): Conv1d(32, 96, kernel_size=(5,), stride=(1,), padding=(2,))
          (bn): BatchNorm1d(96, eps=1e-05, momentum=0.1, affine=True, track_running_stats=True)
        )
      )
      (branch4): Sequential(
        (0): MaxPool2d(kernel_size=3, stride=1, padding=1, dilation=1, ceil_mode=False)
        (1): ConvBlock(
          (conv): Conv1d(256, 64, kernel_size=(1,), stride=(1,))
          (bn): BatchNorm1d(64, eps=1e-05, momentum=0.1, affine=True, track_running_stats=True)
        )
      )
    )
    (inception4a): InceptionBlock(
      (branch1): ConvBlock(
        (conv): Conv1d(480, 192, kernel_size=(1,), stride=(1,))
        (bn): BatchNorm1d(192, eps=1e-05, momentum=0.1, affine=True, track_running_stats=True)
      )
      (branch2): Sequential(
        (0): ConvBlock(
          (conv): Conv1d(480, 96, kernel_size=(1,), stride=(1,))
          (bn): BatchNorm1d(96, eps=1e-05, momentum=0.1, affine=True, track_running_stats=True)
        )
        (1): ConvBlock(
          (conv): Conv1d(96, 208, kernel_size=(3,), stride=(1,), padding=(1,))
          (bn): BatchNorm1d(208, eps=1e-05, momentum=0.1, affine=True, track_running_stats=True)
        )
      )
      (branch3): Sequential(
        (0): ConvBlock(
          (conv): Conv1d(480, 16, kernel_size=(1,), stride=(1,))
          (bn): BatchNorm1d(16, eps=1e-05, momentum=0.1, affine=True, track_running_stats=True)
        )
        (1): ConvBlock(
          (conv): Conv1d(16, 48, kernel_size=(5,), stride=(1,), padding=(2,))
          (bn): BatchNorm1d(48, eps=1e-05, momentum=0.1, affine=True, track_running_stats=True)
        )
      )
      (branch4): Sequential(
        (0): MaxPool2d(kernel_size=3, stride=1, padding=1, dilation=1, ceil_mode=False)
        (1): ConvBlock(
          (conv): Conv1d(480, 64, kernel_size=(1,), stride=(1,))
          (bn): BatchNorm1d(64, eps=1e-05, momentum=0.1, affine=True, track_running_stats=True)
        )
      )
    )
    (inception4b): InceptionBlock(
      (branch1): ConvBlock(
        (conv): Conv1d(512, 32, kernel_size=(1,), stride=(1,))
        (bn): BatchNorm1d(32, eps=1e-05, momentum=0.1, affine=True, track_running_stats=True)
      )
      (branch2): Sequential(
        (0): ConvBlock(
          (conv): Conv1d(512, 112, kernel_size=(1,), stride=(1,))
          (bn): BatchNorm1d(112, eps=1e-05, momentum=0.1, affine=True, track_running_stats=True)
        )
        (1): ConvBlock(
          (conv): Conv1d(112, 32, kernel_size=(3,), stride=(1,), padding=(1,))
          (bn): BatchNorm1d(32, eps=1e-05, momentum=0.1, affine=True, track_running_stats=True)
        )
      )
      (branch3): Sequential(
        (0): ConvBlock(
          (conv): Conv1d(512, 24, kernel_size=(1,), stride=(1,))
          (bn): BatchNorm1d(24, eps=1e-05, momentum=0.1, affine=True, track_running_stats=True)
        )
        (1): ConvBlock(
          (conv): Conv1d(24, 64, kernel_size=(5,), stride=(1,), padding=(2,))
          (bn): BatchNorm1d(64, eps=1e-05, momentum=0.1, affine=True, track_running_stats=True)
        )
      )
      (branch4): Sequential(
        (0): MaxPool2d(kernel_size=3, stride=1, padding=1, dilation=1, ceil_mode=False)
        (1): ConvBlock(
          (conv): Conv1d(512, 32, kernel_size=(1,), stride=(1,))
          (bn): BatchNorm1d(32, eps=1e-05, momentum=0.1, affine=True, track_running_stats=True)
        )
      )
    )
    (avgpool): AvgPool1d(kernel_size=(5,), stride=(1,), padding=(0,))
    (dropout): Dropout(p=0.5, inplace=False)
    (fc): Linear(in_features=8480, out_features=1, bias=True)
    (sigmoid): Sigmoid()
  )
)
2024-10-07 16:50 - INFO - * -----------
2024-10-07 17:23 - INFO - ---------------------------------------------
2024-10-07 17:23 - INFO - Epoch: 01 | Time: 33m 5s
2024-10-07 17:23 - INFO - 	 New best val_rocauc loss was found, current best value is 0.73748
2024-10-07 17:23 - INFO - 	 Train Loss: 0.478
2024-10-07 17:23 - INFO - 	 Val. Loss: 0.493
2024-10-07 17:23 - INFO - 	 ROC-AUC: 0.737
2024-10-07 17:23 - INFO - 	 PR-AUC: 0.452
2024-10-07 17:23 - INFO - 	 Best Val. Loss: 0.493
2024-10-07 17:23 - INFO - 	 Best ROC-AUC: 0.737
2024-10-07 17:23 - INFO - 	 Best PR-AUC: 0.452
2024-10-07 17:23 - INFO - 	 Test-ROC-AUC under Best Validation ROC-AUC: 0.716
2024-10-07 17:23 - INFO - 	 Test-PR-AUC under Best Validation Best PR-AUC: 0.439
2024-10-07 17:23 - INFO - ---------------------------------------------
2024-10-07 17:56 - INFO - ---------------------------------------------
2024-10-07 17:56 - INFO - Epoch: 02 | Time: 32m 40s
2024-10-07 17:56 - INFO - 	 Train Loss: 0.473
2024-10-07 17:56 - INFO - 	 Val. Loss: 0.494
2024-10-07 17:56 - INFO - 	 ROC-AUC: 0.733
2024-10-07 17:56 - INFO - 	 PR-AUC: 0.443
2024-10-07 17:56 - INFO - 	 Best Val. Loss: 0.493
2024-10-07 17:56 - INFO - 	 Best ROC-AUC: 0.737
2024-10-07 17:56 - INFO - 	 Best PR-AUC: 0.452
2024-10-07 17:56 - INFO - 	 Test-ROC-AUC under Best Validation ROC-AUC: 0.716
2024-10-07 17:56 - INFO - 	 Test-PR-AUC under Best Validation Best PR-AUC: 0.439
2024-10-07 17:56 - INFO - ---------------------------------------------
2024-10-07 18:28 - INFO - ---------------------------------------------
2024-10-07 18:28 - INFO - Epoch: 03 | Time: 31m 58s
2024-10-07 18:28 - INFO - 	 New best val_rocauc loss was found, current best value is 0.73995
2024-10-07 18:28 - INFO - 	 Train Loss: 0.472
2024-10-07 18:28 - INFO - 	 Val. Loss: 0.489
2024-10-07 18:28 - INFO - 	 ROC-AUC: 0.740
2024-10-07 18:28 - INFO - 	 PR-AUC: 0.454
2024-10-07 18:28 - INFO - 	 Best Val. Loss: 0.489
2024-10-07 18:28 - INFO - 	 Best ROC-AUC: 0.740
2024-10-07 18:28 - INFO - 	 Best PR-AUC: 0.454
2024-10-07 18:28 - INFO - 	 Test-ROC-AUC under Best Validation ROC-AUC: 0.718
2024-10-07 18:28 - INFO - 	 Test-PR-AUC under Best Validation Best PR-AUC: 0.445
2024-10-07 18:28 - INFO - ---------------------------------------------
2024-10-07 18:59 - INFO - ---------------------------------------------
2024-10-07 18:59 - INFO - Epoch: 04 | Time: 31m 42s
2024-10-07 18:59 - INFO - 	 Train Loss: 0.471
2024-10-07 18:59 - INFO - 	 Val. Loss: 0.494
2024-10-07 18:59 - INFO - 	 ROC-AUC: 0.733
2024-10-07 18:59 - INFO - 	 PR-AUC: 0.442
2024-10-07 18:59 - INFO - 	 Best Val. Loss: 0.489
2024-10-07 18:59 - INFO - 	 Best ROC-AUC: 0.740
2024-10-07 18:59 - INFO - 	 Best PR-AUC: 0.454
2024-10-07 18:59 - INFO - 	 Test-ROC-AUC under Best Validation ROC-AUC: 0.718
2024-10-07 18:59 - INFO - 	 Test-PR-AUC under Best Validation Best PR-AUC: 0.445
2024-10-07 18:59 - INFO - ---------------------------------------------
2024-10-07 19:31 - INFO - ---------------------------------------------
2024-10-07 19:31 - INFO - Epoch: 05 | Time: 31m 45s
2024-10-07 19:31 - INFO - 	 Train Loss: 0.470
2024-10-07 19:31 - INFO - 	 Val. Loss: 0.494
2024-10-07 19:31 - INFO - 	 ROC-AUC: 0.733
2024-10-07 19:31 - INFO - 	 PR-AUC: 0.448
2024-10-07 19:31 - INFO - 	 Best Val. Loss: 0.489
2024-10-07 19:31 - INFO - 	 Best ROC-AUC: 0.740
2024-10-07 19:31 - INFO - 	 Best PR-AUC: 0.454
2024-10-07 19:31 - INFO - 	 Test-ROC-AUC under Best Validation ROC-AUC: 0.718
2024-10-07 19:31 - INFO - 	 Test-PR-AUC under Best Validation Best PR-AUC: 0.445
2024-10-07 19:31 - INFO - ---------------------------------------------
2024-10-07 20:03 - INFO - ---------------------------------------------
2024-10-07 20:03 - INFO - Epoch: 06 | Time: 31m 51s
2024-10-07 20:03 - INFO - 	 Train Loss: 0.471
2024-10-07 20:03 - INFO - 	 Val. Loss: 0.493
2024-10-07 20:03 - INFO - 	 ROC-AUC: 0.737
2024-10-07 20:03 - INFO - 	 PR-AUC: 0.447
2024-10-07 20:03 - INFO - 	 Best Val. Loss: 0.489
2024-10-07 20:03 - INFO - 	 Best ROC-AUC: 0.740
2024-10-07 20:03 - INFO - 	 Best PR-AUC: 0.454
2024-10-07 20:03 - INFO - 	 Test-ROC-AUC under Best Validation ROC-AUC: 0.718
2024-10-07 20:03 - INFO - 	 Test-PR-AUC under Best Validation Best PR-AUC: 0.445
2024-10-07 20:03 - INFO - ---------------------------------------------
2024-10-07 20:42 - INFO - Fit the preprocessing pipeline
2024-10-07 20:42 - INFO - Training using device: cuda
2024-10-07 20:42 - INFO - Creating generators
2024-10-07 20:42 - INFO - The model has 2,246,929 trainable parameters
2024-10-07 20:42 - INFO - * Model:
2024-10-07 20:42 - INFO - * -----------
2024-10-07 20:42 - INFO - CombinedModel(
  (upstream_model): TSTransformerEncoderCNN(
    (project_input): Linear(in_features=12, out_features=128, bias=True)
    (encoder): Linear(in_features=12, out_features=128, bias=True)
    (transformer_encoder): TransformerEncoder(
      (layers): ModuleList(
        (0-7): 8 x TransformerEncoderLayer(
          (self_attn): MultiheadAttention(
            (out_proj): NonDynamicallyQuantizableLinear(in_features=128, out_features=128, bias=True)
          )
          (linear1): Linear(in_features=128, out_features=512, bias=True)
          (dropout): Dropout(p=0.4, inplace=False)
          (linear2): Linear(in_features=512, out_features=128, bias=True)
          (norm1): LayerNorm((128,), eps=1e-05, elementwise_affine=True)
          (norm2): LayerNorm((128,), eps=1e-05, elementwise_affine=True)
          (dropout1): Dropout(p=0.4, inplace=False)
          (dropout2): Dropout(p=0.4, inplace=False)
        )
      )
    )
    (output_layer): Linear(in_features=128, out_features=12, bias=True)
    (dropout1): Dropout(p=0.4, inplace=False)
    (cnn): Conv1d(128, 12, kernel_size=(3,), stride=(1,), padding=(1,))
  )
  (downstream_model): DownstreamInception(
    (conv1): ConvBlock(
      (conv): Conv1d(12, 64, kernel_size=(7,), stride=(2,), padding=(3,))
      (bn): BatchNorm1d(64, eps=1e-05, momentum=0.1, affine=True, track_running_stats=True)
    )
    (conv2): ConvBlock(
      (conv): Conv1d(64, 128, kernel_size=(3,), stride=(1,), padding=(1,))
      (bn): BatchNorm1d(128, eps=1e-05, momentum=0.1, affine=True, track_running_stats=True)
    )
    (maxpool): MaxPool1d(kernel_size=3, stride=2, padding=1, dilation=1, ceil_mode=False)
    (inception3a): InceptionBlock(
      (branch1): ConvBlock(
        (conv): Conv1d(128, 64, kernel_size=(1,), stride=(1,))
        (bn): BatchNorm1d(64, eps=1e-05, momentum=0.1, affine=True, track_running_stats=True)
      )
      (branch2): Sequential(
        (0): ConvBlock(
          (conv): Conv1d(128, 96, kernel_size=(1,), stride=(1,))
          (bn): BatchNorm1d(96, eps=1e-05, momentum=0.1, affine=True, track_running_stats=True)
        )
        (1): ConvBlock(
          (conv): Conv1d(96, 128, kernel_size=(3,), stride=(1,), padding=(1,))
          (bn): BatchNorm1d(128, eps=1e-05, momentum=0.1, affine=True, track_running_stats=True)
        )
      )
      (branch3): Sequential(
        (0): ConvBlock(
          (conv): Conv1d(128, 16, kernel_size=(1,), stride=(1,))
          (bn): BatchNorm1d(16, eps=1e-05, momentum=0.1, affine=True, track_running_stats=True)
        )
        (1): ConvBlock(
          (conv): Conv1d(16, 32, kernel_size=(5,), stride=(1,), padding=(2,))
          (bn): BatchNorm1d(32, eps=1e-05, momentum=0.1, affine=True, track_running_stats=True)
        )
      )
      (branch4): Sequential(
        (0): MaxPool2d(kernel_size=3, stride=1, padding=1, dilation=1, ceil_mode=False)
        (1): ConvBlock(
          (conv): Conv1d(128, 32, kernel_size=(1,), stride=(1,))
          (bn): BatchNorm1d(32, eps=1e-05, momentum=0.1, affine=True, track_running_stats=True)
        )
      )
    )
    (inception3b): InceptionBlock(
      (branch1): ConvBlock(
        (conv): Conv1d(256, 128, kernel_size=(1,), stride=(1,))
        (bn): BatchNorm1d(128, eps=1e-05, momentum=0.1, affine=True, track_running_stats=True)
      )
      (branch2): Sequential(
        (0): ConvBlock(
          (conv): Conv1d(256, 128, kernel_size=(1,), stride=(1,))
          (bn): BatchNorm1d(128, eps=1e-05, momentum=0.1, affine=True, track_running_stats=True)
        )
        (1): ConvBlock(
          (conv): Conv1d(128, 192, kernel_size=(3,), stride=(1,), padding=(1,))
          (bn): BatchNorm1d(192, eps=1e-05, momentum=0.1, affine=True, track_running_stats=True)
        )
      )
      (branch3): Sequential(
        (0): ConvBlock(
          (conv): Conv1d(256, 32, kernel_size=(1,), stride=(1,))
          (bn): BatchNorm1d(32, eps=1e-05, momentum=0.1, affine=True, track_running_stats=True)
        )
        (1): ConvBlock(
          (conv): Conv1d(32, 96, kernel_size=(5,), stride=(1,), padding=(2,))
          (bn): BatchNorm1d(96, eps=1e-05, momentum=0.1, affine=True, track_running_stats=True)
        )
      )
      (branch4): Sequential(
        (0): MaxPool2d(kernel_size=3, stride=1, padding=1, dilation=1, ceil_mode=False)
        (1): ConvBlock(
          (conv): Conv1d(256, 64, kernel_size=(1,), stride=(1,))
          (bn): BatchNorm1d(64, eps=1e-05, momentum=0.1, affine=True, track_running_stats=True)
        )
      )
    )
    (inception4a): InceptionBlock(
      (branch1): ConvBlock(
        (conv): Conv1d(480, 192, kernel_size=(1,), stride=(1,))
        (bn): BatchNorm1d(192, eps=1e-05, momentum=0.1, affine=True, track_running_stats=True)
      )
      (branch2): Sequential(
        (0): ConvBlock(
          (conv): Conv1d(480, 96, kernel_size=(1,), stride=(1,))
          (bn): BatchNorm1d(96, eps=1e-05, momentum=0.1, affine=True, track_running_stats=True)
        )
        (1): ConvBlock(
          (conv): Conv1d(96, 208, kernel_size=(3,), stride=(1,), padding=(1,))
          (bn): BatchNorm1d(208, eps=1e-05, momentum=0.1, affine=True, track_running_stats=True)
        )
      )
      (branch3): Sequential(
        (0): ConvBlock(
          (conv): Conv1d(480, 16, kernel_size=(1,), stride=(1,))
          (bn): BatchNorm1d(16, eps=1e-05, momentum=0.1, affine=True, track_running_stats=True)
        )
        (1): ConvBlock(
          (conv): Conv1d(16, 48, kernel_size=(5,), stride=(1,), padding=(2,))
          (bn): BatchNorm1d(48, eps=1e-05, momentum=0.1, affine=True, track_running_stats=True)
        )
      )
      (branch4): Sequential(
        (0): MaxPool2d(kernel_size=3, stride=1, padding=1, dilation=1, ceil_mode=False)
        (1): ConvBlock(
          (conv): Conv1d(480, 64, kernel_size=(1,), stride=(1,))
          (bn): BatchNorm1d(64, eps=1e-05, momentum=0.1, affine=True, track_running_stats=True)
        )
      )
    )
    (inception4b): InceptionBlock(
      (branch1): ConvBlock(
        (conv): Conv1d(512, 32, kernel_size=(1,), stride=(1,))
        (bn): BatchNorm1d(32, eps=1e-05, momentum=0.1, affine=True, track_running_stats=True)
      )
      (branch2): Sequential(
        (0): ConvBlock(
          (conv): Conv1d(512, 112, kernel_size=(1,), stride=(1,))
          (bn): BatchNorm1d(112, eps=1e-05, momentum=0.1, affine=True, track_running_stats=True)
        )
        (1): ConvBlock(
          (conv): Conv1d(112, 32, kernel_size=(3,), stride=(1,), padding=(1,))
          (bn): BatchNorm1d(32, eps=1e-05, momentum=0.1, affine=True, track_running_stats=True)
        )
      )
      (branch3): Sequential(
        (0): ConvBlock(
          (conv): Conv1d(512, 24, kernel_size=(1,), stride=(1,))
          (bn): BatchNorm1d(24, eps=1e-05, momentum=0.1, affine=True, track_running_stats=True)
        )
        (1): ConvBlock(
          (conv): Conv1d(24, 64, kernel_size=(5,), stride=(1,), padding=(2,))
          (bn): BatchNorm1d(64, eps=1e-05, momentum=0.1, affine=True, track_running_stats=True)
        )
      )
      (branch4): Sequential(
        (0): MaxPool2d(kernel_size=3, stride=1, padding=1, dilation=1, ceil_mode=False)
        (1): ConvBlock(
          (conv): Conv1d(512, 32, kernel_size=(1,), stride=(1,))
          (bn): BatchNorm1d(32, eps=1e-05, momentum=0.1, affine=True, track_running_stats=True)
        )
      )
    )
    (avgpool): AvgPool1d(kernel_size=(5,), stride=(1,), padding=(0,))
    (dropout): Dropout(p=0.5, inplace=False)
    (fc): Linear(in_features=8480, out_features=1, bias=True)
    (sigmoid): Sigmoid()
  )
)
2024-10-07 20:42 - INFO - * -----------
2024-10-07 21:14 - INFO - ---------------------------------------------
2024-10-07 21:14 - INFO - Epoch: 01 | Time: 31m 44s
2024-10-07 21:14 - INFO - 	 New best val_rocauc loss was found, current best value is 0.7385
2024-10-07 21:14 - INFO - 	 Train Loss: 0.478
2024-10-07 21:14 - INFO - 	 Val. Loss: 0.490
2024-10-07 21:14 - INFO - 	 ROC-AUC: 0.739
2024-10-07 21:14 - INFO - 	 PR-AUC: 0.455
2024-10-07 21:14 - INFO - 	 Best Val. Loss: 0.490
2024-10-07 21:14 - INFO - 	 Best ROC-AUC: 0.739
2024-10-07 21:14 - INFO - 	 Best PR-AUC: 0.455
2024-10-07 21:14 - INFO - 	 Test-ROC-AUC under Best Validation ROC-AUC: 0.714
2024-10-07 21:14 - INFO - 	 Test-PR-AUC under Best Validation Best PR-AUC: 0.437
2024-10-07 21:14 - INFO - ---------------------------------------------
2024-10-07 21:47 - INFO - ---------------------------------------------
2024-10-07 21:47 - INFO - Epoch: 02 | Time: 32m 50s
2024-10-07 21:47 - INFO - 	 Train Loss: 0.473
2024-10-07 21:47 - INFO - 	 Val. Loss: 0.491
2024-10-07 21:47 - INFO - 	 ROC-AUC: 0.738
2024-10-07 21:47 - INFO - 	 PR-AUC: 0.450
2024-10-07 21:47 - INFO - 	 Best Val. Loss: 0.490
2024-10-07 21:47 - INFO - 	 Best ROC-AUC: 0.739
2024-10-07 21:47 - INFO - 	 Best PR-AUC: 0.455
2024-10-07 21:47 - INFO - 	 Test-ROC-AUC under Best Validation ROC-AUC: 0.714
2024-10-07 21:47 - INFO - 	 Test-PR-AUC under Best Validation Best PR-AUC: 0.437
2024-10-07 21:47 - INFO - ---------------------------------------------
2024-10-07 22:19 - INFO - ---------------------------------------------
2024-10-07 22:19 - INFO - Epoch: 03 | Time: 31m 39s
2024-10-07 22:19 - INFO - 	 Train Loss: 0.472
2024-10-07 22:19 - INFO - 	 Val. Loss: 0.494
2024-10-07 22:19 - INFO - 	 ROC-AUC: 0.734
2024-10-07 22:19 - INFO - 	 PR-AUC: 0.446
2024-10-07 22:19 - INFO - 	 Best Val. Loss: 0.490
2024-10-07 22:19 - INFO - 	 Best ROC-AUC: 0.739
2024-10-07 22:19 - INFO - 	 Best PR-AUC: 0.455
2024-10-07 22:19 - INFO - 	 Test-ROC-AUC under Best Validation ROC-AUC: 0.714
2024-10-07 22:19 - INFO - 	 Test-PR-AUC under Best Validation Best PR-AUC: 0.437
2024-10-07 22:19 - INFO - ---------------------------------------------
2024-10-07 22:51 - INFO - ---------------------------------------------
2024-10-07 22:51 - INFO - Epoch: 04 | Time: 32m 8s
2024-10-07 22:51 - INFO - 	 Train Loss: 0.471
2024-10-07 22:51 - INFO - 	 Val. Loss: 0.495
2024-10-07 22:51 - INFO - 	 ROC-AUC: 0.731
2024-10-07 22:51 - INFO - 	 PR-AUC: 0.441
2024-10-07 22:51 - INFO - 	 Best Val. Loss: 0.490
2024-10-07 22:51 - INFO - 	 Best ROC-AUC: 0.739
2024-10-07 22:51 - INFO - 	 Best PR-AUC: 0.455
2024-10-07 22:51 - INFO - 	 Test-ROC-AUC under Best Validation ROC-AUC: 0.714
2024-10-07 22:51 - INFO - 	 Test-PR-AUC under Best Validation Best PR-AUC: 0.437
2024-10-07 22:51 - INFO - ---------------------------------------------
2024-10-07 23:29 - INFO - Fit the preprocessing pipeline
2024-10-07 23:29 - INFO - Training using device: cuda
2024-10-07 23:29 - INFO - Creating generators
2024-10-07 23:30 - INFO - The model has 2,246,929 trainable parameters
2024-10-07 23:30 - INFO - * Model:
2024-10-07 23:30 - INFO - * -----------
2024-10-07 23:30 - INFO - CombinedModel(
  (upstream_model): TSTransformerEncoderCNN(
    (project_input): Linear(in_features=12, out_features=128, bias=True)
    (encoder): Linear(in_features=12, out_features=128, bias=True)
    (transformer_encoder): TransformerEncoder(
      (layers): ModuleList(
        (0-7): 8 x TransformerEncoderLayer(
          (self_attn): MultiheadAttention(
            (out_proj): NonDynamicallyQuantizableLinear(in_features=128, out_features=128, bias=True)
          )
          (linear1): Linear(in_features=128, out_features=512, bias=True)
          (dropout): Dropout(p=0.4, inplace=False)
          (linear2): Linear(in_features=512, out_features=128, bias=True)
          (norm1): LayerNorm((128,), eps=1e-05, elementwise_affine=True)
          (norm2): LayerNorm((128,), eps=1e-05, elementwise_affine=True)
          (dropout1): Dropout(p=0.4, inplace=False)
          (dropout2): Dropout(p=0.4, inplace=False)
        )
      )
    )
    (output_layer): Linear(in_features=128, out_features=12, bias=True)
    (dropout1): Dropout(p=0.4, inplace=False)
    (cnn): Conv1d(128, 12, kernel_size=(3,), stride=(1,), padding=(1,))
  )
  (downstream_model): DownstreamInception(
    (conv1): ConvBlock(
      (conv): Conv1d(12, 64, kernel_size=(7,), stride=(2,), padding=(3,))
      (bn): BatchNorm1d(64, eps=1e-05, momentum=0.1, affine=True, track_running_stats=True)
    )
    (conv2): ConvBlock(
      (conv): Conv1d(64, 128, kernel_size=(3,), stride=(1,), padding=(1,))
      (bn): BatchNorm1d(128, eps=1e-05, momentum=0.1, affine=True, track_running_stats=True)
    )
    (maxpool): MaxPool1d(kernel_size=3, stride=2, padding=1, dilation=1, ceil_mode=False)
    (inception3a): InceptionBlock(
      (branch1): ConvBlock(
        (conv): Conv1d(128, 64, kernel_size=(1,), stride=(1,))
        (bn): BatchNorm1d(64, eps=1e-05, momentum=0.1, affine=True, track_running_stats=True)
      )
      (branch2): Sequential(
        (0): ConvBlock(
          (conv): Conv1d(128, 96, kernel_size=(1,), stride=(1,))
          (bn): BatchNorm1d(96, eps=1e-05, momentum=0.1, affine=True, track_running_stats=True)
        )
        (1): ConvBlock(
          (conv): Conv1d(96, 128, kernel_size=(3,), stride=(1,), padding=(1,))
          (bn): BatchNorm1d(128, eps=1e-05, momentum=0.1, affine=True, track_running_stats=True)
        )
      )
      (branch3): Sequential(
        (0): ConvBlock(
          (conv): Conv1d(128, 16, kernel_size=(1,), stride=(1,))
          (bn): BatchNorm1d(16, eps=1e-05, momentum=0.1, affine=True, track_running_stats=True)
        )
        (1): ConvBlock(
          (conv): Conv1d(16, 32, kernel_size=(5,), stride=(1,), padding=(2,))
          (bn): BatchNorm1d(32, eps=1e-05, momentum=0.1, affine=True, track_running_stats=True)
        )
      )
      (branch4): Sequential(
        (0): MaxPool2d(kernel_size=3, stride=1, padding=1, dilation=1, ceil_mode=False)
        (1): ConvBlock(
          (conv): Conv1d(128, 32, kernel_size=(1,), stride=(1,))
          (bn): BatchNorm1d(32, eps=1e-05, momentum=0.1, affine=True, track_running_stats=True)
        )
      )
    )
    (inception3b): InceptionBlock(
      (branch1): ConvBlock(
        (conv): Conv1d(256, 128, kernel_size=(1,), stride=(1,))
        (bn): BatchNorm1d(128, eps=1e-05, momentum=0.1, affine=True, track_running_stats=True)
      )
      (branch2): Sequential(
        (0): ConvBlock(
          (conv): Conv1d(256, 128, kernel_size=(1,), stride=(1,))
          (bn): BatchNorm1d(128, eps=1e-05, momentum=0.1, affine=True, track_running_stats=True)
        )
        (1): ConvBlock(
          (conv): Conv1d(128, 192, kernel_size=(3,), stride=(1,), padding=(1,))
          (bn): BatchNorm1d(192, eps=1e-05, momentum=0.1, affine=True, track_running_stats=True)
        )
      )
      (branch3): Sequential(
        (0): ConvBlock(
          (conv): Conv1d(256, 32, kernel_size=(1,), stride=(1,))
          (bn): BatchNorm1d(32, eps=1e-05, momentum=0.1, affine=True, track_running_stats=True)
        )
        (1): ConvBlock(
          (conv): Conv1d(32, 96, kernel_size=(5,), stride=(1,), padding=(2,))
          (bn): BatchNorm1d(96, eps=1e-05, momentum=0.1, affine=True, track_running_stats=True)
        )
      )
      (branch4): Sequential(
        (0): MaxPool2d(kernel_size=3, stride=1, padding=1, dilation=1, ceil_mode=False)
        (1): ConvBlock(
          (conv): Conv1d(256, 64, kernel_size=(1,), stride=(1,))
          (bn): BatchNorm1d(64, eps=1e-05, momentum=0.1, affine=True, track_running_stats=True)
        )
      )
    )
    (inception4a): InceptionBlock(
      (branch1): ConvBlock(
        (conv): Conv1d(480, 192, kernel_size=(1,), stride=(1,))
        (bn): BatchNorm1d(192, eps=1e-05, momentum=0.1, affine=True, track_running_stats=True)
      )
      (branch2): Sequential(
        (0): ConvBlock(
          (conv): Conv1d(480, 96, kernel_size=(1,), stride=(1,))
          (bn): BatchNorm1d(96, eps=1e-05, momentum=0.1, affine=True, track_running_stats=True)
        )
        (1): ConvBlock(
          (conv): Conv1d(96, 208, kernel_size=(3,), stride=(1,), padding=(1,))
          (bn): BatchNorm1d(208, eps=1e-05, momentum=0.1, affine=True, track_running_stats=True)
        )
      )
      (branch3): Sequential(
        (0): ConvBlock(
          (conv): Conv1d(480, 16, kernel_size=(1,), stride=(1,))
          (bn): BatchNorm1d(16, eps=1e-05, momentum=0.1, affine=True, track_running_stats=True)
        )
        (1): ConvBlock(
          (conv): Conv1d(16, 48, kernel_size=(5,), stride=(1,), padding=(2,))
          (bn): BatchNorm1d(48, eps=1e-05, momentum=0.1, affine=True, track_running_stats=True)
        )
      )
      (branch4): Sequential(
        (0): MaxPool2d(kernel_size=3, stride=1, padding=1, dilation=1, ceil_mode=False)
        (1): ConvBlock(
          (conv): Conv1d(480, 64, kernel_size=(1,), stride=(1,))
          (bn): BatchNorm1d(64, eps=1e-05, momentum=0.1, affine=True, track_running_stats=True)
        )
      )
    )
    (inception4b): InceptionBlock(
      (branch1): ConvBlock(
        (conv): Conv1d(512, 32, kernel_size=(1,), stride=(1,))
        (bn): BatchNorm1d(32, eps=1e-05, momentum=0.1, affine=True, track_running_stats=True)
      )
      (branch2): Sequential(
        (0): ConvBlock(
          (conv): Conv1d(512, 112, kernel_size=(1,), stride=(1,))
          (bn): BatchNorm1d(112, eps=1e-05, momentum=0.1, affine=True, track_running_stats=True)
        )
        (1): ConvBlock(
          (conv): Conv1d(112, 32, kernel_size=(3,), stride=(1,), padding=(1,))
          (bn): BatchNorm1d(32, eps=1e-05, momentum=0.1, affine=True, track_running_stats=True)
        )
      )
      (branch3): Sequential(
        (0): ConvBlock(
          (conv): Conv1d(512, 24, kernel_size=(1,), stride=(1,))
          (bn): BatchNorm1d(24, eps=1e-05, momentum=0.1, affine=True, track_running_stats=True)
        )
        (1): ConvBlock(
          (conv): Conv1d(24, 64, kernel_size=(5,), stride=(1,), padding=(2,))
          (bn): BatchNorm1d(64, eps=1e-05, momentum=0.1, affine=True, track_running_stats=True)
        )
      )
      (branch4): Sequential(
        (0): MaxPool2d(kernel_size=3, stride=1, padding=1, dilation=1, ceil_mode=False)
        (1): ConvBlock(
          (conv): Conv1d(512, 32, kernel_size=(1,), stride=(1,))
          (bn): BatchNorm1d(32, eps=1e-05, momentum=0.1, affine=True, track_running_stats=True)
        )
      )
    )
    (avgpool): AvgPool1d(kernel_size=(5,), stride=(1,), padding=(0,))
    (dropout): Dropout(p=0.5, inplace=False)
    (fc): Linear(in_features=8480, out_features=1, bias=True)
    (sigmoid): Sigmoid()
  )
)
2024-10-07 23:30 - INFO - * -----------
2024-10-08 00:01 - INFO - ---------------------------------------------
2024-10-08 00:01 - INFO - Epoch: 01 | Time: 31m 42s
2024-10-08 00:01 - INFO - 	 New best val_rocauc loss was found, current best value is 0.73848
2024-10-08 00:01 - INFO - 	 Train Loss: 0.478
2024-10-08 00:01 - INFO - 	 Val. Loss: 0.490
2024-10-08 00:01 - INFO - 	 ROC-AUC: 0.738
2024-10-08 00:01 - INFO - 	 PR-AUC: 0.452
2024-10-08 00:01 - INFO - 	 Best Val. Loss: 0.490
2024-10-08 00:01 - INFO - 	 Best ROC-AUC: 0.738
2024-10-08 00:01 - INFO - 	 Best PR-AUC: 0.452
2024-10-08 00:01 - INFO - 	 Test-ROC-AUC under Best Validation ROC-AUC: 0.718
2024-10-08 00:01 - INFO - 	 Test-PR-AUC under Best Validation Best PR-AUC: 0.442
2024-10-08 00:01 - INFO - ---------------------------------------------
2024-10-08 00:34 - INFO - ---------------------------------------------
2024-10-08 00:34 - INFO - Epoch: 02 | Time: 32m 34s
2024-10-08 00:34 - INFO - 	 Train Loss: 0.474
2024-10-08 00:34 - INFO - 	 Val. Loss: 0.493
2024-10-08 00:34 - INFO - 	 ROC-AUC: 0.736
2024-10-08 00:34 - INFO - 	 PR-AUC: 0.447
2024-10-08 00:34 - INFO - 	 Best Val. Loss: 0.490
2024-10-08 00:34 - INFO - 	 Best ROC-AUC: 0.738
2024-10-08 00:34 - INFO - 	 Best PR-AUC: 0.452
2024-10-08 00:34 - INFO - 	 Test-ROC-AUC under Best Validation ROC-AUC: 0.718
2024-10-08 00:34 - INFO - 	 Test-PR-AUC under Best Validation Best PR-AUC: 0.442
2024-10-08 00:34 - INFO - ---------------------------------------------
2024-10-08 01:05 - INFO - ---------------------------------------------
2024-10-08 01:05 - INFO - Epoch: 03 | Time: 31m 39s
2024-10-08 01:05 - INFO - 	 Train Loss: 0.472
2024-10-08 01:05 - INFO - 	 Val. Loss: 0.493
2024-10-08 01:05 - INFO - 	 ROC-AUC: 0.735
2024-10-08 01:05 - INFO - 	 PR-AUC: 0.448
2024-10-08 01:05 - INFO - 	 Best Val. Loss: 0.490
2024-10-08 01:05 - INFO - 	 Best ROC-AUC: 0.738
2024-10-08 01:05 - INFO - 	 Best PR-AUC: 0.452
2024-10-08 01:05 - INFO - 	 Test-ROC-AUC under Best Validation ROC-AUC: 0.718
2024-10-08 01:05 - INFO - 	 Test-PR-AUC under Best Validation Best PR-AUC: 0.442
2024-10-08 01:05 - INFO - ---------------------------------------------
2024-10-08 01:37 - INFO - ---------------------------------------------
2024-10-08 01:37 - INFO - Epoch: 04 | Time: 31m 39s
2024-10-08 01:37 - INFO - 	 Train Loss: 0.471
2024-10-08 01:37 - INFO - 	 Val. Loss: 0.494
2024-10-08 01:37 - INFO - 	 ROC-AUC: 0.735
2024-10-08 01:37 - INFO - 	 PR-AUC: 0.446
2024-10-08 01:37 - INFO - 	 Best Val. Loss: 0.490
2024-10-08 01:37 - INFO - 	 Best ROC-AUC: 0.738
2024-10-08 01:37 - INFO - 	 Best PR-AUC: 0.452
2024-10-08 01:37 - INFO - 	 Test-ROC-AUC under Best Validation ROC-AUC: 0.718
2024-10-08 01:37 - INFO - 	 Test-PR-AUC under Best Validation Best PR-AUC: 0.442
2024-10-08 01:37 - INFO - ---------------------------------------------
2024-10-08 02:15 - INFO - Fit the preprocessing pipeline
2024-10-08 02:15 - INFO - Training using device: cuda
2024-10-08 02:15 - INFO - Creating generators
2024-10-08 02:15 - INFO - The model has 2,246,929 trainable parameters
2024-10-08 02:15 - INFO - * Model:
2024-10-08 02:15 - INFO - * -----------
2024-10-08 02:15 - INFO - CombinedModel(
  (upstream_model): TSTransformerEncoderCNN(
    (project_input): Linear(in_features=12, out_features=128, bias=True)
    (encoder): Linear(in_features=12, out_features=128, bias=True)
    (transformer_encoder): TransformerEncoder(
      (layers): ModuleList(
        (0-7): 8 x TransformerEncoderLayer(
          (self_attn): MultiheadAttention(
            (out_proj): NonDynamicallyQuantizableLinear(in_features=128, out_features=128, bias=True)
          )
          (linear1): Linear(in_features=128, out_features=512, bias=True)
          (dropout): Dropout(p=0.4, inplace=False)
          (linear2): Linear(in_features=512, out_features=128, bias=True)
          (norm1): LayerNorm((128,), eps=1e-05, elementwise_affine=True)
          (norm2): LayerNorm((128,), eps=1e-05, elementwise_affine=True)
          (dropout1): Dropout(p=0.4, inplace=False)
          (dropout2): Dropout(p=0.4, inplace=False)
        )
      )
    )
    (output_layer): Linear(in_features=128, out_features=12, bias=True)
    (dropout1): Dropout(p=0.4, inplace=False)
    (cnn): Conv1d(128, 12, kernel_size=(3,), stride=(1,), padding=(1,))
  )
  (downstream_model): DownstreamInception(
    (conv1): ConvBlock(
      (conv): Conv1d(12, 64, kernel_size=(7,), stride=(2,), padding=(3,))
      (bn): BatchNorm1d(64, eps=1e-05, momentum=0.1, affine=True, track_running_stats=True)
    )
    (conv2): ConvBlock(
      (conv): Conv1d(64, 128, kernel_size=(3,), stride=(1,), padding=(1,))
      (bn): BatchNorm1d(128, eps=1e-05, momentum=0.1, affine=True, track_running_stats=True)
    )
    (maxpool): MaxPool1d(kernel_size=3, stride=2, padding=1, dilation=1, ceil_mode=False)
    (inception3a): InceptionBlock(
      (branch1): ConvBlock(
        (conv): Conv1d(128, 64, kernel_size=(1,), stride=(1,))
        (bn): BatchNorm1d(64, eps=1e-05, momentum=0.1, affine=True, track_running_stats=True)
      )
      (branch2): Sequential(
        (0): ConvBlock(
          (conv): Conv1d(128, 96, kernel_size=(1,), stride=(1,))
          (bn): BatchNorm1d(96, eps=1e-05, momentum=0.1, affine=True, track_running_stats=True)
        )
        (1): ConvBlock(
          (conv): Conv1d(96, 128, kernel_size=(3,), stride=(1,), padding=(1,))
          (bn): BatchNorm1d(128, eps=1e-05, momentum=0.1, affine=True, track_running_stats=True)
        )
      )
      (branch3): Sequential(
        (0): ConvBlock(
          (conv): Conv1d(128, 16, kernel_size=(1,), stride=(1,))
          (bn): BatchNorm1d(16, eps=1e-05, momentum=0.1, affine=True, track_running_stats=True)
        )
        (1): ConvBlock(
          (conv): Conv1d(16, 32, kernel_size=(5,), stride=(1,), padding=(2,))
          (bn): BatchNorm1d(32, eps=1e-05, momentum=0.1, affine=True, track_running_stats=True)
        )
      )
      (branch4): Sequential(
        (0): MaxPool2d(kernel_size=3, stride=1, padding=1, dilation=1, ceil_mode=False)
        (1): ConvBlock(
          (conv): Conv1d(128, 32, kernel_size=(1,), stride=(1,))
          (bn): BatchNorm1d(32, eps=1e-05, momentum=0.1, affine=True, track_running_stats=True)
        )
      )
    )
    (inception3b): InceptionBlock(
      (branch1): ConvBlock(
        (conv): Conv1d(256, 128, kernel_size=(1,), stride=(1,))
        (bn): BatchNorm1d(128, eps=1e-05, momentum=0.1, affine=True, track_running_stats=True)
      )
      (branch2): Sequential(
        (0): ConvBlock(
          (conv): Conv1d(256, 128, kernel_size=(1,), stride=(1,))
          (bn): BatchNorm1d(128, eps=1e-05, momentum=0.1, affine=True, track_running_stats=True)
        )
        (1): ConvBlock(
          (conv): Conv1d(128, 192, kernel_size=(3,), stride=(1,), padding=(1,))
          (bn): BatchNorm1d(192, eps=1e-05, momentum=0.1, affine=True, track_running_stats=True)
        )
      )
      (branch3): Sequential(
        (0): ConvBlock(
          (conv): Conv1d(256, 32, kernel_size=(1,), stride=(1,))
          (bn): BatchNorm1d(32, eps=1e-05, momentum=0.1, affine=True, track_running_stats=True)
        )
        (1): ConvBlock(
          (conv): Conv1d(32, 96, kernel_size=(5,), stride=(1,), padding=(2,))
          (bn): BatchNorm1d(96, eps=1e-05, momentum=0.1, affine=True, track_running_stats=True)
        )
      )
      (branch4): Sequential(
        (0): MaxPool2d(kernel_size=3, stride=1, padding=1, dilation=1, ceil_mode=False)
        (1): ConvBlock(
          (conv): Conv1d(256, 64, kernel_size=(1,), stride=(1,))
          (bn): BatchNorm1d(64, eps=1e-05, momentum=0.1, affine=True, track_running_stats=True)
        )
      )
    )
    (inception4a): InceptionBlock(
      (branch1): ConvBlock(
        (conv): Conv1d(480, 192, kernel_size=(1,), stride=(1,))
        (bn): BatchNorm1d(192, eps=1e-05, momentum=0.1, affine=True, track_running_stats=True)
      )
      (branch2): Sequential(
        (0): ConvBlock(
          (conv): Conv1d(480, 96, kernel_size=(1,), stride=(1,))
          (bn): BatchNorm1d(96, eps=1e-05, momentum=0.1, affine=True, track_running_stats=True)
        )
        (1): ConvBlock(
          (conv): Conv1d(96, 208, kernel_size=(3,), stride=(1,), padding=(1,))
          (bn): BatchNorm1d(208, eps=1e-05, momentum=0.1, affine=True, track_running_stats=True)
        )
      )
      (branch3): Sequential(
        (0): ConvBlock(
          (conv): Conv1d(480, 16, kernel_size=(1,), stride=(1,))
          (bn): BatchNorm1d(16, eps=1e-05, momentum=0.1, affine=True, track_running_stats=True)
        )
        (1): ConvBlock(
          (conv): Conv1d(16, 48, kernel_size=(5,), stride=(1,), padding=(2,))
          (bn): BatchNorm1d(48, eps=1e-05, momentum=0.1, affine=True, track_running_stats=True)
        )
      )
      (branch4): Sequential(
        (0): MaxPool2d(kernel_size=3, stride=1, padding=1, dilation=1, ceil_mode=False)
        (1): ConvBlock(
          (conv): Conv1d(480, 64, kernel_size=(1,), stride=(1,))
          (bn): BatchNorm1d(64, eps=1e-05, momentum=0.1, affine=True, track_running_stats=True)
        )
      )
    )
    (inception4b): InceptionBlock(
      (branch1): ConvBlock(
        (conv): Conv1d(512, 32, kernel_size=(1,), stride=(1,))
        (bn): BatchNorm1d(32, eps=1e-05, momentum=0.1, affine=True, track_running_stats=True)
      )
      (branch2): Sequential(
        (0): ConvBlock(
          (conv): Conv1d(512, 112, kernel_size=(1,), stride=(1,))
          (bn): BatchNorm1d(112, eps=1e-05, momentum=0.1, affine=True, track_running_stats=True)
        )
        (1): ConvBlock(
          (conv): Conv1d(112, 32, kernel_size=(3,), stride=(1,), padding=(1,))
          (bn): BatchNorm1d(32, eps=1e-05, momentum=0.1, affine=True, track_running_stats=True)
        )
      )
      (branch3): Sequential(
        (0): ConvBlock(
          (conv): Conv1d(512, 24, kernel_size=(1,), stride=(1,))
          (bn): BatchNorm1d(24, eps=1e-05, momentum=0.1, affine=True, track_running_stats=True)
        )
        (1): ConvBlock(
          (conv): Conv1d(24, 64, kernel_size=(5,), stride=(1,), padding=(2,))
          (bn): BatchNorm1d(64, eps=1e-05, momentum=0.1, affine=True, track_running_stats=True)
        )
      )
      (branch4): Sequential(
        (0): MaxPool2d(kernel_size=3, stride=1, padding=1, dilation=1, ceil_mode=False)
        (1): ConvBlock(
          (conv): Conv1d(512, 32, kernel_size=(1,), stride=(1,))
          (bn): BatchNorm1d(32, eps=1e-05, momentum=0.1, affine=True, track_running_stats=True)
        )
      )
    )
    (avgpool): AvgPool1d(kernel_size=(5,), stride=(1,), padding=(0,))
    (dropout): Dropout(p=0.5, inplace=False)
    (fc): Linear(in_features=8480, out_features=1, bias=True)
    (sigmoid): Sigmoid()
  )
)
2024-10-08 02:15 - INFO - * -----------
2024-10-08 02:48 - INFO - ---------------------------------------------
2024-10-08 02:48 - INFO - Epoch: 01 | Time: 32m 27s
2024-10-08 02:48 - INFO - 	 New best val_rocauc loss was found, current best value is 0.73831
2024-10-08 02:48 - INFO - 	 Train Loss: 0.478
2024-10-08 02:48 - INFO - 	 Val. Loss: 0.490
2024-10-08 02:48 - INFO - 	 ROC-AUC: 0.738
2024-10-08 02:48 - INFO - 	 PR-AUC: 0.455
2024-10-08 02:48 - INFO - 	 Best Val. Loss: 0.490
2024-10-08 02:48 - INFO - 	 Best ROC-AUC: 0.738
2024-10-08 02:48 - INFO - 	 Best PR-AUC: 0.455
2024-10-08 02:48 - INFO - 	 Test-ROC-AUC under Best Validation ROC-AUC: 0.718
2024-10-08 02:48 - INFO - 	 Test-PR-AUC under Best Validation Best PR-AUC: 0.439
2024-10-08 02:48 - INFO - ---------------------------------------------
2024-10-08 03:20 - INFO - ---------------------------------------------
2024-10-08 03:20 - INFO - Epoch: 02 | Time: 32m 15s
2024-10-08 03:20 - INFO - 	 Train Loss: 0.474
2024-10-08 03:20 - INFO - 	 Val. Loss: 0.492
2024-10-08 03:20 - INFO - 	 ROC-AUC: 0.738
2024-10-08 03:20 - INFO - 	 PR-AUC: 0.451
2024-10-08 03:20 - INFO - 	 Best Val. Loss: 0.490
2024-10-08 03:20 - INFO - 	 Best ROC-AUC: 0.738
2024-10-08 03:20 - INFO - 	 Best PR-AUC: 0.455
2024-10-08 03:20 - INFO - 	 Test-ROC-AUC under Best Validation ROC-AUC: 0.718
2024-10-08 03:20 - INFO - 	 Test-PR-AUC under Best Validation Best PR-AUC: 0.439
2024-10-08 03:20 - INFO - ---------------------------------------------
2024-10-08 03:52 - INFO - ---------------------------------------------
2024-10-08 03:52 - INFO - Epoch: 03 | Time: 32m 9s
2024-10-08 03:52 - INFO - 	 Train Loss: 0.472
2024-10-08 03:52 - INFO - 	 Val. Loss: 0.492
2024-10-08 03:52 - INFO - 	 ROC-AUC: 0.735
2024-10-08 03:52 - INFO - 	 PR-AUC: 0.448
2024-10-08 03:52 - INFO - 	 Best Val. Loss: 0.490
2024-10-08 03:52 - INFO - 	 Best ROC-AUC: 0.738
2024-10-08 03:52 - INFO - 	 Best PR-AUC: 0.455
2024-10-08 03:52 - INFO - 	 Test-ROC-AUC under Best Validation ROC-AUC: 0.718
2024-10-08 03:52 - INFO - 	 Test-PR-AUC under Best Validation Best PR-AUC: 0.439
2024-10-08 03:52 - INFO - ---------------------------------------------
2024-10-08 04:24 - INFO - ---------------------------------------------
2024-10-08 04:24 - INFO - Epoch: 04 | Time: 32m 2s
2024-10-08 04:24 - INFO - 	 Train Loss: 0.472
2024-10-08 04:24 - INFO - 	 Val. Loss: 0.498
2024-10-08 04:24 - INFO - 	 ROC-AUC: 0.732
2024-10-08 04:24 - INFO - 	 PR-AUC: 0.444
2024-10-08 04:24 - INFO - 	 Best Val. Loss: 0.490
2024-10-08 04:24 - INFO - 	 Best ROC-AUC: 0.738
2024-10-08 04:24 - INFO - 	 Best PR-AUC: 0.455
2024-10-08 04:24 - INFO - 	 Test-ROC-AUC under Best Validation ROC-AUC: 0.718
2024-10-08 04:24 - INFO - 	 Test-PR-AUC under Best Validation Best PR-AUC: 0.439
2024-10-08 04:24 - INFO - ---------------------------------------------
2024-10-08 04:56 - INFO - ---------------------------------------------
2024-10-08 04:56 - INFO - Epoch: 05 | Time: 32m 9s
2024-10-08 04:56 - INFO - 	 New best val_rocauc loss was found, current best value is 0.73936
2024-10-08 04:56 - INFO - 	 Train Loss: 0.471
2024-10-08 04:56 - INFO - 	 Val. Loss: 0.490
2024-10-08 04:56 - INFO - 	 ROC-AUC: 0.739
2024-10-08 04:56 - INFO - 	 PR-AUC: 0.454
2024-10-08 04:56 - INFO - 	 Best Val. Loss: 0.490
2024-10-08 04:56 - INFO - 	 Best ROC-AUC: 0.739
2024-10-08 04:56 - INFO - 	 Best PR-AUC: 0.455
2024-10-08 04:56 - INFO - 	 Test-ROC-AUC under Best Validation ROC-AUC: 0.721
2024-10-08 04:56 - INFO - 	 Test-PR-AUC under Best Validation Best PR-AUC: 0.439
2024-10-08 04:56 - INFO - ---------------------------------------------
2024-10-08 05:28 - INFO - ---------------------------------------------
2024-10-08 05:28 - INFO - Epoch: 06 | Time: 32m 14s
2024-10-08 05:28 - INFO - 	 Train Loss: 0.471
2024-10-08 05:28 - INFO - 	 Val. Loss: 0.493
2024-10-08 05:28 - INFO - 	 ROC-AUC: 0.734
2024-10-08 05:28 - INFO - 	 PR-AUC: 0.445
2024-10-08 05:28 - INFO - 	 Best Val. Loss: 0.490
2024-10-08 05:28 - INFO - 	 Best ROC-AUC: 0.739
2024-10-08 05:28 - INFO - 	 Best PR-AUC: 0.455
2024-10-08 05:28 - INFO - 	 Test-ROC-AUC under Best Validation ROC-AUC: 0.721
2024-10-08 05:28 - INFO - 	 Test-PR-AUC under Best Validation Best PR-AUC: 0.439
2024-10-08 05:28 - INFO - ---------------------------------------------
2024-10-08 06:01 - INFO - ---------------------------------------------
2024-10-08 06:01 - INFO - Epoch: 07 | Time: 32m 5s
2024-10-08 06:01 - INFO - 	 Train Loss: 0.471
2024-10-08 06:01 - INFO - 	 Val. Loss: 0.494
2024-10-08 06:01 - INFO - 	 ROC-AUC: 0.737
2024-10-08 06:01 - INFO - 	 PR-AUC: 0.451
2024-10-08 06:01 - INFO - 	 Best Val. Loss: 0.490
2024-10-08 06:01 - INFO - 	 Best ROC-AUC: 0.739
2024-10-08 06:01 - INFO - 	 Best PR-AUC: 0.455
2024-10-08 06:01 - INFO - 	 Test-ROC-AUC under Best Validation ROC-AUC: 0.721
2024-10-08 06:01 - INFO - 	 Test-PR-AUC under Best Validation Best PR-AUC: 0.439
2024-10-08 06:01 - INFO - ---------------------------------------------
2024-10-08 06:33 - INFO - ---------------------------------------------
2024-10-08 06:33 - INFO - Epoch: 08 | Time: 32m 5s
2024-10-08 06:33 - INFO - 	 Train Loss: 0.471
2024-10-08 06:33 - INFO - 	 Val. Loss: 0.492
2024-10-08 06:33 - INFO - 	 ROC-AUC: 0.738
2024-10-08 06:33 - INFO - 	 PR-AUC: 0.454
2024-10-08 06:33 - INFO - 	 Best Val. Loss: 0.490
2024-10-08 06:33 - INFO - 	 Best ROC-AUC: 0.739
2024-10-08 06:33 - INFO - 	 Best PR-AUC: 0.455
2024-10-08 06:33 - INFO - 	 Test-ROC-AUC under Best Validation ROC-AUC: 0.721
2024-10-08 06:33 - INFO - 	 Test-PR-AUC under Best Validation Best PR-AUC: 0.439
2024-10-08 06:33 - INFO - ---------------------------------------------
2024-10-08 07:11 - INFO - Fit the preprocessing pipeline
2024-10-08 07:11 - INFO - Training using device: cuda
2024-10-08 07:11 - INFO - Creating generators
2024-10-08 07:11 - INFO - The model has 2,246,929 trainable parameters
2024-10-08 07:11 - INFO - * Model:
2024-10-08 07:11 - INFO - * -----------
2024-10-08 07:11 - INFO - CombinedModel(
  (upstream_model): TSTransformerEncoderCNN(
    (project_input): Linear(in_features=12, out_features=128, bias=True)
    (encoder): Linear(in_features=12, out_features=128, bias=True)
    (transformer_encoder): TransformerEncoder(
      (layers): ModuleList(
        (0-7): 8 x TransformerEncoderLayer(
          (self_attn): MultiheadAttention(
            (out_proj): NonDynamicallyQuantizableLinear(in_features=128, out_features=128, bias=True)
          )
          (linear1): Linear(in_features=128, out_features=512, bias=True)
          (dropout): Dropout(p=0.4, inplace=False)
          (linear2): Linear(in_features=512, out_features=128, bias=True)
          (norm1): LayerNorm((128,), eps=1e-05, elementwise_affine=True)
          (norm2): LayerNorm((128,), eps=1e-05, elementwise_affine=True)
          (dropout1): Dropout(p=0.4, inplace=False)
          (dropout2): Dropout(p=0.4, inplace=False)
        )
      )
    )
    (output_layer): Linear(in_features=128, out_features=12, bias=True)
    (dropout1): Dropout(p=0.4, inplace=False)
    (cnn): Conv1d(128, 12, kernel_size=(3,), stride=(1,), padding=(1,))
  )
  (downstream_model): DownstreamInception(
    (conv1): ConvBlock(
      (conv): Conv1d(12, 64, kernel_size=(7,), stride=(2,), padding=(3,))
      (bn): BatchNorm1d(64, eps=1e-05, momentum=0.1, affine=True, track_running_stats=True)
    )
    (conv2): ConvBlock(
      (conv): Conv1d(64, 128, kernel_size=(3,), stride=(1,), padding=(1,))
      (bn): BatchNorm1d(128, eps=1e-05, momentum=0.1, affine=True, track_running_stats=True)
    )
    (maxpool): MaxPool1d(kernel_size=3, stride=2, padding=1, dilation=1, ceil_mode=False)
    (inception3a): InceptionBlock(
      (branch1): ConvBlock(
        (conv): Conv1d(128, 64, kernel_size=(1,), stride=(1,))
        (bn): BatchNorm1d(64, eps=1e-05, momentum=0.1, affine=True, track_running_stats=True)
      )
      (branch2): Sequential(
        (0): ConvBlock(
          (conv): Conv1d(128, 96, kernel_size=(1,), stride=(1,))
          (bn): BatchNorm1d(96, eps=1e-05, momentum=0.1, affine=True, track_running_stats=True)
        )
        (1): ConvBlock(
          (conv): Conv1d(96, 128, kernel_size=(3,), stride=(1,), padding=(1,))
          (bn): BatchNorm1d(128, eps=1e-05, momentum=0.1, affine=True, track_running_stats=True)
        )
      )
      (branch3): Sequential(
        (0): ConvBlock(
          (conv): Conv1d(128, 16, kernel_size=(1,), stride=(1,))
          (bn): BatchNorm1d(16, eps=1e-05, momentum=0.1, affine=True, track_running_stats=True)
        )
        (1): ConvBlock(
          (conv): Conv1d(16, 32, kernel_size=(5,), stride=(1,), padding=(2,))
          (bn): BatchNorm1d(32, eps=1e-05, momentum=0.1, affine=True, track_running_stats=True)
        )
      )
      (branch4): Sequential(
        (0): MaxPool2d(kernel_size=3, stride=1, padding=1, dilation=1, ceil_mode=False)
        (1): ConvBlock(
          (conv): Conv1d(128, 32, kernel_size=(1,), stride=(1,))
          (bn): BatchNorm1d(32, eps=1e-05, momentum=0.1, affine=True, track_running_stats=True)
        )
      )
    )
    (inception3b): InceptionBlock(
      (branch1): ConvBlock(
        (conv): Conv1d(256, 128, kernel_size=(1,), stride=(1,))
        (bn): BatchNorm1d(128, eps=1e-05, momentum=0.1, affine=True, track_running_stats=True)
      )
      (branch2): Sequential(
        (0): ConvBlock(
          (conv): Conv1d(256, 128, kernel_size=(1,), stride=(1,))
          (bn): BatchNorm1d(128, eps=1e-05, momentum=0.1, affine=True, track_running_stats=True)
        )
        (1): ConvBlock(
          (conv): Conv1d(128, 192, kernel_size=(3,), stride=(1,), padding=(1,))
          (bn): BatchNorm1d(192, eps=1e-05, momentum=0.1, affine=True, track_running_stats=True)
        )
      )
      (branch3): Sequential(
        (0): ConvBlock(
          (conv): Conv1d(256, 32, kernel_size=(1,), stride=(1,))
          (bn): BatchNorm1d(32, eps=1e-05, momentum=0.1, affine=True, track_running_stats=True)
        )
        (1): ConvBlock(
          (conv): Conv1d(32, 96, kernel_size=(5,), stride=(1,), padding=(2,))
          (bn): BatchNorm1d(96, eps=1e-05, momentum=0.1, affine=True, track_running_stats=True)
        )
      )
      (branch4): Sequential(
        (0): MaxPool2d(kernel_size=3, stride=1, padding=1, dilation=1, ceil_mode=False)
        (1): ConvBlock(
          (conv): Conv1d(256, 64, kernel_size=(1,), stride=(1,))
          (bn): BatchNorm1d(64, eps=1e-05, momentum=0.1, affine=True, track_running_stats=True)
        )
      )
    )
    (inception4a): InceptionBlock(
      (branch1): ConvBlock(
        (conv): Conv1d(480, 192, kernel_size=(1,), stride=(1,))
        (bn): BatchNorm1d(192, eps=1e-05, momentum=0.1, affine=True, track_running_stats=True)
      )
      (branch2): Sequential(
        (0): ConvBlock(
          (conv): Conv1d(480, 96, kernel_size=(1,), stride=(1,))
          (bn): BatchNorm1d(96, eps=1e-05, momentum=0.1, affine=True, track_running_stats=True)
        )
        (1): ConvBlock(
          (conv): Conv1d(96, 208, kernel_size=(3,), stride=(1,), padding=(1,))
          (bn): BatchNorm1d(208, eps=1e-05, momentum=0.1, affine=True, track_running_stats=True)
        )
      )
      (branch3): Sequential(
        (0): ConvBlock(
          (conv): Conv1d(480, 16, kernel_size=(1,), stride=(1,))
          (bn): BatchNorm1d(16, eps=1e-05, momentum=0.1, affine=True, track_running_stats=True)
        )
        (1): ConvBlock(
          (conv): Conv1d(16, 48, kernel_size=(5,), stride=(1,), padding=(2,))
          (bn): BatchNorm1d(48, eps=1e-05, momentum=0.1, affine=True, track_running_stats=True)
        )
      )
      (branch4): Sequential(
        (0): MaxPool2d(kernel_size=3, stride=1, padding=1, dilation=1, ceil_mode=False)
        (1): ConvBlock(
          (conv): Conv1d(480, 64, kernel_size=(1,), stride=(1,))
          (bn): BatchNorm1d(64, eps=1e-05, momentum=0.1, affine=True, track_running_stats=True)
        )
      )
    )
    (inception4b): InceptionBlock(
      (branch1): ConvBlock(
        (conv): Conv1d(512, 32, kernel_size=(1,), stride=(1,))
        (bn): BatchNorm1d(32, eps=1e-05, momentum=0.1, affine=True, track_running_stats=True)
      )
      (branch2): Sequential(
        (0): ConvBlock(
          (conv): Conv1d(512, 112, kernel_size=(1,), stride=(1,))
          (bn): BatchNorm1d(112, eps=1e-05, momentum=0.1, affine=True, track_running_stats=True)
        )
        (1): ConvBlock(
          (conv): Conv1d(112, 32, kernel_size=(3,), stride=(1,), padding=(1,))
          (bn): BatchNorm1d(32, eps=1e-05, momentum=0.1, affine=True, track_running_stats=True)
        )
      )
      (branch3): Sequential(
        (0): ConvBlock(
          (conv): Conv1d(512, 24, kernel_size=(1,), stride=(1,))
          (bn): BatchNorm1d(24, eps=1e-05, momentum=0.1, affine=True, track_running_stats=True)
        )
        (1): ConvBlock(
          (conv): Conv1d(24, 64, kernel_size=(5,), stride=(1,), padding=(2,))
          (bn): BatchNorm1d(64, eps=1e-05, momentum=0.1, affine=True, track_running_stats=True)
        )
      )
      (branch4): Sequential(
        (0): MaxPool2d(kernel_size=3, stride=1, padding=1, dilation=1, ceil_mode=False)
        (1): ConvBlock(
          (conv): Conv1d(512, 32, kernel_size=(1,), stride=(1,))
          (bn): BatchNorm1d(32, eps=1e-05, momentum=0.1, affine=True, track_running_stats=True)
        )
      )
    )
    (avgpool): AvgPool1d(kernel_size=(5,), stride=(1,), padding=(0,))
    (dropout): Dropout(p=0.5, inplace=False)
    (fc): Linear(in_features=8480, out_features=1, bias=True)
    (sigmoid): Sigmoid()
  )
)
2024-10-08 07:11 - INFO - * -----------
