2024-12-05 02:24 - INFO - Fit the preprocessing pipeline
2024-12-05 02:24 - INFO - Training using device: cuda
2024-12-05 02:24 - INFO - Creating generators
2024-12-05 02:24 - INFO - The model has 2,246,929 trainable parameters
2024-12-05 02:24 - INFO - * Model:
2024-12-05 02:24 - INFO - * -----------
2024-12-05 02:24 - INFO - CombinedModel(
  (upstream_model): TSTransformerEncoderCNN(
    (project_input): Linear(in_features=12, out_features=128, bias=True)
    (encoder): Linear(in_features=12, out_features=128, bias=True)
    (transformer_encoder): TransformerEncoder(
      (layers): ModuleList(
        (0-7): 8 x TransformerEncoderLayer(
          (self_attn): MultiheadAttention(
            (out_proj): NonDynamicallyQuantizableLinear(in_features=128, out_features=128, bias=True)
          )
          (linear1): Linear(in_features=128, out_features=512, bias=True)
          (dropout): Dropout(p=0.4, inplace=False)
          (linear2): Linear(in_features=512, out_features=128, bias=True)
          (norm1): LayerNorm((128,), eps=1e-05, elementwise_affine=True)
          (norm2): LayerNorm((128,), eps=1e-05, elementwise_affine=True)
          (dropout1): Dropout(p=0.4, inplace=False)
          (dropout2): Dropout(p=0.4, inplace=False)
        )
      )
    )
    (output_layer): Linear(in_features=128, out_features=12, bias=True)
    (dropout1): Dropout(p=0.4, inplace=False)
    (cnn): Conv1d(128, 12, kernel_size=(3,), stride=(1,), padding=(1,))
  )
  (downstream_model): DownstreamInception(
    (conv1): ConvBlock(
      (conv): Conv1d(12, 64, kernel_size=(7,), stride=(2,), padding=(3,))
      (bn): BatchNorm1d(64, eps=1e-05, momentum=0.1, affine=True, track_running_stats=True)
    )
    (conv2): ConvBlock(
      (conv): Conv1d(64, 128, kernel_size=(3,), stride=(1,), padding=(1,))
      (bn): BatchNorm1d(128, eps=1e-05, momentum=0.1, affine=True, track_running_stats=True)
    )
    (maxpool): MaxPool1d(kernel_size=3, stride=2, padding=1, dilation=1, ceil_mode=False)
    (inception3a): InceptionBlock(
      (branch1): ConvBlock(
        (conv): Conv1d(128, 64, kernel_size=(1,), stride=(1,))
        (bn): BatchNorm1d(64, eps=1e-05, momentum=0.1, affine=True, track_running_stats=True)
      )
      (branch2): Sequential(
        (0): ConvBlock(
          (conv): Conv1d(128, 96, kernel_size=(1,), stride=(1,))
          (bn): BatchNorm1d(96, eps=1e-05, momentum=0.1, affine=True, track_running_stats=True)
        )
        (1): ConvBlock(
          (conv): Conv1d(96, 128, kernel_size=(3,), stride=(1,), padding=(1,))
          (bn): BatchNorm1d(128, eps=1e-05, momentum=0.1, affine=True, track_running_stats=True)
        )
      )
      (branch3): Sequential(
        (0): ConvBlock(
          (conv): Conv1d(128, 16, kernel_size=(1,), stride=(1,))
          (bn): BatchNorm1d(16, eps=1e-05, momentum=0.1, affine=True, track_running_stats=True)
        )
        (1): ConvBlock(
          (conv): Conv1d(16, 32, kernel_size=(5,), stride=(1,), padding=(2,))
          (bn): BatchNorm1d(32, eps=1e-05, momentum=0.1, affine=True, track_running_stats=True)
        )
      )
      (branch4): Sequential(
        (0): MaxPool2d(kernel_size=3, stride=1, padding=1, dilation=1, ceil_mode=False)
        (1): ConvBlock(
          (conv): Conv1d(128, 32, kernel_size=(1,), stride=(1,))
          (bn): BatchNorm1d(32, eps=1e-05, momentum=0.1, affine=True, track_running_stats=True)
        )
      )
    )
    (inception3b): InceptionBlock(
      (branch1): ConvBlock(
        (conv): Conv1d(256, 128, kernel_size=(1,), stride=(1,))
        (bn): BatchNorm1d(128, eps=1e-05, momentum=0.1, affine=True, track_running_stats=True)
      )
      (branch2): Sequential(
        (0): ConvBlock(
          (conv): Conv1d(256, 128, kernel_size=(1,), stride=(1,))
          (bn): BatchNorm1d(128, eps=1e-05, momentum=0.1, affine=True, track_running_stats=True)
        )
        (1): ConvBlock(
          (conv): Conv1d(128, 192, kernel_size=(3,), stride=(1,), padding=(1,))
          (bn): BatchNorm1d(192, eps=1e-05, momentum=0.1, affine=True, track_running_stats=True)
        )
      )
      (branch3): Sequential(
        (0): ConvBlock(
          (conv): Conv1d(256, 32, kernel_size=(1,), stride=(1,))
          (bn): BatchNorm1d(32, eps=1e-05, momentum=0.1, affine=True, track_running_stats=True)
        )
        (1): ConvBlock(
          (conv): Conv1d(32, 96, kernel_size=(5,), stride=(1,), padding=(2,))
          (bn): BatchNorm1d(96, eps=1e-05, momentum=0.1, affine=True, track_running_stats=True)
        )
      )
      (branch4): Sequential(
        (0): MaxPool2d(kernel_size=3, stride=1, padding=1, dilation=1, ceil_mode=False)
        (1): ConvBlock(
          (conv): Conv1d(256, 64, kernel_size=(1,), stride=(1,))
          (bn): BatchNorm1d(64, eps=1e-05, momentum=0.1, affine=True, track_running_stats=True)
        )
      )
    )
    (inception4a): InceptionBlock(
      (branch1): ConvBlock(
        (conv): Conv1d(480, 192, kernel_size=(1,), stride=(1,))
        (bn): BatchNorm1d(192, eps=1e-05, momentum=0.1, affine=True, track_running_stats=True)
      )
      (branch2): Sequential(
        (0): ConvBlock(
          (conv): Conv1d(480, 96, kernel_size=(1,), stride=(1,))
          (bn): BatchNorm1d(96, eps=1e-05, momentum=0.1, affine=True, track_running_stats=True)
        )
        (1): ConvBlock(
          (conv): Conv1d(96, 208, kernel_size=(3,), stride=(1,), padding=(1,))
          (bn): BatchNorm1d(208, eps=1e-05, momentum=0.1, affine=True, track_running_stats=True)
        )
      )
      (branch3): Sequential(
        (0): ConvBlock(
          (conv): Conv1d(480, 16, kernel_size=(1,), stride=(1,))
          (bn): BatchNorm1d(16, eps=1e-05, momentum=0.1, affine=True, track_running_stats=True)
        )
        (1): ConvBlock(
          (conv): Conv1d(16, 48, kernel_size=(5,), stride=(1,), padding=(2,))
          (bn): BatchNorm1d(48, eps=1e-05, momentum=0.1, affine=True, track_running_stats=True)
        )
      )
      (branch4): Sequential(
        (0): MaxPool2d(kernel_size=3, stride=1, padding=1, dilation=1, ceil_mode=False)
        (1): ConvBlock(
          (conv): Conv1d(480, 64, kernel_size=(1,), stride=(1,))
          (bn): BatchNorm1d(64, eps=1e-05, momentum=0.1, affine=True, track_running_stats=True)
        )
      )
    )
    (inception4b): InceptionBlock(
      (branch1): ConvBlock(
        (conv): Conv1d(512, 32, kernel_size=(1,), stride=(1,))
        (bn): BatchNorm1d(32, eps=1e-05, momentum=0.1, affine=True, track_running_stats=True)
      )
      (branch2): Sequential(
        (0): ConvBlock(
          (conv): Conv1d(512, 112, kernel_size=(1,), stride=(1,))
          (bn): BatchNorm1d(112, eps=1e-05, momentum=0.1, affine=True, track_running_stats=True)
        )
        (1): ConvBlock(
          (conv): Conv1d(112, 32, kernel_size=(3,), stride=(1,), padding=(1,))
          (bn): BatchNorm1d(32, eps=1e-05, momentum=0.1, affine=True, track_running_stats=True)
        )
      )
      (branch3): Sequential(
        (0): ConvBlock(
          (conv): Conv1d(512, 24, kernel_size=(1,), stride=(1,))
          (bn): BatchNorm1d(24, eps=1e-05, momentum=0.1, affine=True, track_running_stats=True)
        )
        (1): ConvBlock(
          (conv): Conv1d(24, 64, kernel_size=(5,), stride=(1,), padding=(2,))
          (bn): BatchNorm1d(64, eps=1e-05, momentum=0.1, affine=True, track_running_stats=True)
        )
      )
      (branch4): Sequential(
        (0): MaxPool2d(kernel_size=3, stride=1, padding=1, dilation=1, ceil_mode=False)
        (1): ConvBlock(
          (conv): Conv1d(512, 32, kernel_size=(1,), stride=(1,))
          (bn): BatchNorm1d(32, eps=1e-05, momentum=0.1, affine=True, track_running_stats=True)
        )
      )
    )
    (avgpool): AvgPool1d(kernel_size=(5,), stride=(1,), padding=(0,))
    (dropout): Dropout(p=0.5, inplace=False)
    (fc): Linear(in_features=8480, out_features=1, bias=True)
    (sigmoid): Sigmoid()
  )
)
2024-12-05 02:24 - INFO - * -----------
2024-12-05 02:32 - INFO - ---------------------------------------------
2024-12-05 02:32 - INFO - Epoch: 01 | Time: 8m 2s
2024-12-05 02:32 - INFO - 	 New best val_rocauc loss was found, current best value is 0.3677
2024-12-05 02:32 - INFO - 	 Train Loss: 0.232
2024-12-05 02:32 - INFO - 	 Val. Loss: 0.186
2024-12-05 02:32 - INFO - 	 ROC-AUC: 0.901
2024-12-05 02:32 - INFO - 	 PR-AUC: 0.368
2024-12-05 02:32 - INFO - 	 Best Val. Loss: 0.186
2024-12-05 02:32 - INFO - 	 Best ROC-AUC: 0.901
2024-12-05 02:32 - INFO - 	 Best PR-AUC: 0.368
2024-12-05 02:32 - INFO - 	 Test-ROC-AUC under Best Validation ROC-AUC: 0.906
2024-12-05 02:32 - INFO - 	 Test-PR-AUC under Best Validation Best PR-AUC: 0.441
2024-12-05 02:32 - INFO - ---------------------------------------------
2024-12-05 02:40 - INFO - ---------------------------------------------
2024-12-05 02:40 - INFO - Epoch: 02 | Time: 8m 1s
2024-12-05 02:40 - INFO - 	 New best val_rocauc loss was found, current best value is 0.78785
2024-12-05 02:40 - INFO - 	 Train Loss: 0.117
2024-12-05 02:40 - INFO - 	 Val. Loss: 0.084
2024-12-05 02:40 - INFO - 	 ROC-AUC: 0.977
2024-12-05 02:40 - INFO - 	 PR-AUC: 0.788
2024-12-05 02:40 - INFO - 	 Best Val. Loss: 0.084
2024-12-05 02:40 - INFO - 	 Best ROC-AUC: 0.977
2024-12-05 02:40 - INFO - 	 Best PR-AUC: 0.788
2024-12-05 02:40 - INFO - 	 Test-ROC-AUC under Best Validation ROC-AUC: 0.977
2024-12-05 02:40 - INFO - 	 Test-PR-AUC under Best Validation Best PR-AUC: 0.775
2024-12-05 02:40 - INFO - ---------------------------------------------
2024-12-05 02:48 - INFO - ---------------------------------------------
2024-12-05 02:48 - INFO - Epoch: 03 | Time: 8m 1s
2024-12-05 02:48 - INFO - 	 New best val_rocauc loss was found, current best value is 0.8395
2024-12-05 02:48 - INFO - 	 Train Loss: 0.085
2024-12-05 02:48 - INFO - 	 Val. Loss: 0.085
2024-12-05 02:48 - INFO - 	 ROC-AUC: 0.982
2024-12-05 02:48 - INFO - 	 PR-AUC: 0.839
2024-12-05 02:48 - INFO - 	 Best Val. Loss: 0.084
2024-12-05 02:48 - INFO - 	 Best ROC-AUC: 0.982
2024-12-05 02:48 - INFO - 	 Best PR-AUC: 0.839
2024-12-05 02:48 - INFO - 	 Test-ROC-AUC under Best Validation ROC-AUC: 0.980
2024-12-05 02:48 - INFO - 	 Test-PR-AUC under Best Validation Best PR-AUC: 0.805
2024-12-05 02:48 - INFO - ---------------------------------------------
2024-12-05 02:56 - INFO - ---------------------------------------------
2024-12-05 02:56 - INFO - Epoch: 04 | Time: 8m 1s
2024-12-05 02:56 - INFO - 	 New best val_rocauc loss was found, current best value is 0.86527
2024-12-05 02:56 - INFO - 	 Train Loss: 0.076
2024-12-05 02:56 - INFO - 	 Val. Loss: 0.069
2024-12-05 02:56 - INFO - 	 ROC-AUC: 0.985
2024-12-05 02:56 - INFO - 	 PR-AUC: 0.865
2024-12-05 02:56 - INFO - 	 Best Val. Loss: 0.069
2024-12-05 02:56 - INFO - 	 Best ROC-AUC: 0.985
2024-12-05 02:56 - INFO - 	 Best PR-AUC: 0.865
2024-12-05 02:56 - INFO - 	 Test-ROC-AUC under Best Validation ROC-AUC: 0.984
2024-12-05 02:56 - INFO - 	 Test-PR-AUC under Best Validation Best PR-AUC: 0.843
2024-12-05 02:56 - INFO - ---------------------------------------------
2024-12-05 03:05 - INFO - ---------------------------------------------
2024-12-05 03:05 - INFO - Epoch: 05 | Time: 8m 1s
2024-12-05 03:05 - INFO - 	 New best val_rocauc loss was found, current best value is 0.86948
2024-12-05 03:05 - INFO - 	 Train Loss: 0.072
2024-12-05 03:05 - INFO - 	 Val. Loss: 0.067
2024-12-05 03:05 - INFO - 	 ROC-AUC: 0.986
2024-12-05 03:05 - INFO - 	 PR-AUC: 0.869
2024-12-05 03:05 - INFO - 	 Best Val. Loss: 0.067
2024-12-05 03:05 - INFO - 	 Best ROC-AUC: 0.986
2024-12-05 03:05 - INFO - 	 Best PR-AUC: 0.869
2024-12-05 03:05 - INFO - 	 Test-ROC-AUC under Best Validation ROC-AUC: 0.984
2024-12-05 03:05 - INFO - 	 Test-PR-AUC under Best Validation Best PR-AUC: 0.851
2024-12-05 03:05 - INFO - ---------------------------------------------
2024-12-05 03:13 - INFO - ---------------------------------------------
2024-12-05 03:13 - INFO - Epoch: 06 | Time: 8m 1s
2024-12-05 03:13 - INFO - 	 New best val_rocauc loss was found, current best value is 0.87915
2024-12-05 03:13 - INFO - 	 Train Loss: 0.070
2024-12-05 03:13 - INFO - 	 Val. Loss: 0.061
2024-12-05 03:13 - INFO - 	 ROC-AUC: 0.987
2024-12-05 03:13 - INFO - 	 PR-AUC: 0.879
2024-12-05 03:13 - INFO - 	 Best Val. Loss: 0.061
2024-12-05 03:13 - INFO - 	 Best ROC-AUC: 0.987
2024-12-05 03:13 - INFO - 	 Best PR-AUC: 0.879
2024-12-05 03:13 - INFO - 	 Test-ROC-AUC under Best Validation ROC-AUC: 0.985
2024-12-05 03:13 - INFO - 	 Test-PR-AUC under Best Validation Best PR-AUC: 0.860
2024-12-05 03:13 - INFO - ---------------------------------------------
2024-12-05 03:21 - INFO - ---------------------------------------------
2024-12-05 03:21 - INFO - Epoch: 07 | Time: 8m 1s
2024-12-05 03:21 - INFO - 	 Train Loss: 0.067
2024-12-05 03:21 - INFO - 	 Val. Loss: 0.063
2024-12-05 03:21 - INFO - 	 ROC-AUC: 0.987
2024-12-05 03:21 - INFO - 	 PR-AUC: 0.875
2024-12-05 03:21 - INFO - 	 Best Val. Loss: 0.061
2024-12-05 03:21 - INFO - 	 Best ROC-AUC: 0.987
2024-12-05 03:21 - INFO - 	 Best PR-AUC: 0.879
2024-12-05 03:21 - INFO - 	 Test-ROC-AUC under Best Validation ROC-AUC: 0.985
2024-12-05 03:21 - INFO - 	 Test-PR-AUC under Best Validation Best PR-AUC: 0.860
2024-12-05 03:21 - INFO - ---------------------------------------------
2024-12-05 03:29 - INFO - ---------------------------------------------
2024-12-05 03:29 - INFO - Epoch: 08 | Time: 8m 1s
2024-12-05 03:29 - INFO - 	 New best val_rocauc loss was found, current best value is 0.88856
2024-12-05 03:29 - INFO - 	 Train Loss: 0.066
2024-12-05 03:29 - INFO - 	 Val. Loss: 0.059
2024-12-05 03:29 - INFO - 	 ROC-AUC: 0.989
2024-12-05 03:29 - INFO - 	 PR-AUC: 0.889
2024-12-05 03:29 - INFO - 	 Best Val. Loss: 0.059
2024-12-05 03:29 - INFO - 	 Best ROC-AUC: 0.989
2024-12-05 03:29 - INFO - 	 Best PR-AUC: 0.889
2024-12-05 03:29 - INFO - 	 Test-ROC-AUC under Best Validation ROC-AUC: 0.986
2024-12-05 03:29 - INFO - 	 Test-PR-AUC under Best Validation Best PR-AUC: 0.865
2024-12-05 03:29 - INFO - ---------------------------------------------
2024-12-05 03:37 - INFO - ---------------------------------------------
2024-12-05 03:37 - INFO - Epoch: 09 | Time: 8m 1s
2024-12-05 03:37 - INFO - 	 Train Loss: 0.063
2024-12-05 03:37 - INFO - 	 Val. Loss: 0.058
2024-12-05 03:37 - INFO - 	 ROC-AUC: 0.988
2024-12-05 03:37 - INFO - 	 PR-AUC: 0.881
2024-12-05 03:37 - INFO - 	 Best Val. Loss: 0.058
2024-12-05 03:37 - INFO - 	 Best ROC-AUC: 0.989
2024-12-05 03:37 - INFO - 	 Best PR-AUC: 0.889
2024-12-05 03:37 - INFO - 	 Test-ROC-AUC under Best Validation ROC-AUC: 0.986
2024-12-05 03:37 - INFO - 	 Test-PR-AUC under Best Validation Best PR-AUC: 0.865
2024-12-05 03:37 - INFO - ---------------------------------------------
2024-12-05 03:45 - INFO - ---------------------------------------------
2024-12-05 03:45 - INFO - Epoch: 10 | Time: 8m 1s
2024-12-05 03:45 - INFO - 	 New best val_rocauc loss was found, current best value is 0.89337
2024-12-05 03:45 - INFO - 	 Train Loss: 0.062
2024-12-05 03:45 - INFO - 	 Val. Loss: 0.057
2024-12-05 03:45 - INFO - 	 ROC-AUC: 0.989
2024-12-05 03:45 - INFO - 	 PR-AUC: 0.893
2024-12-05 03:45 - INFO - 	 Best Val. Loss: 0.057
2024-12-05 03:45 - INFO - 	 Best ROC-AUC: 0.989
2024-12-05 03:45 - INFO - 	 Best PR-AUC: 0.893
2024-12-05 03:45 - INFO - 	 Test-ROC-AUC under Best Validation ROC-AUC: 0.986
2024-12-05 03:45 - INFO - 	 Test-PR-AUC under Best Validation Best PR-AUC: 0.875
2024-12-05 03:45 - INFO - ---------------------------------------------
2024-12-05 03:47 - INFO - Fit the preprocessing pipeline
2024-12-05 03:47 - INFO - Training using device: cuda
2024-12-05 03:47 - INFO - Creating generators
2024-12-05 03:47 - INFO - The model has 2,246,929 trainable parameters
2024-12-05 03:47 - INFO - * Model:
2024-12-05 03:47 - INFO - * -----------
2024-12-05 03:47 - INFO - CombinedModel(
  (upstream_model): TSTransformerEncoderCNN(
    (project_input): Linear(in_features=12, out_features=128, bias=True)
    (encoder): Linear(in_features=12, out_features=128, bias=True)
    (transformer_encoder): TransformerEncoder(
      (layers): ModuleList(
        (0-7): 8 x TransformerEncoderLayer(
          (self_attn): MultiheadAttention(
            (out_proj): NonDynamicallyQuantizableLinear(in_features=128, out_features=128, bias=True)
          )
          (linear1): Linear(in_features=128, out_features=512, bias=True)
          (dropout): Dropout(p=0.4, inplace=False)
          (linear2): Linear(in_features=512, out_features=128, bias=True)
          (norm1): LayerNorm((128,), eps=1e-05, elementwise_affine=True)
          (norm2): LayerNorm((128,), eps=1e-05, elementwise_affine=True)
          (dropout1): Dropout(p=0.4, inplace=False)
          (dropout2): Dropout(p=0.4, inplace=False)
        )
      )
    )
    (output_layer): Linear(in_features=128, out_features=12, bias=True)
    (dropout1): Dropout(p=0.4, inplace=False)
    (cnn): Conv1d(128, 12, kernel_size=(3,), stride=(1,), padding=(1,))
  )
  (downstream_model): DownstreamInception(
    (conv1): ConvBlock(
      (conv): Conv1d(12, 64, kernel_size=(7,), stride=(2,), padding=(3,))
      (bn): BatchNorm1d(64, eps=1e-05, momentum=0.1, affine=True, track_running_stats=True)
    )
    (conv2): ConvBlock(
      (conv): Conv1d(64, 128, kernel_size=(3,), stride=(1,), padding=(1,))
      (bn): BatchNorm1d(128, eps=1e-05, momentum=0.1, affine=True, track_running_stats=True)
    )
    (maxpool): MaxPool1d(kernel_size=3, stride=2, padding=1, dilation=1, ceil_mode=False)
    (inception3a): InceptionBlock(
      (branch1): ConvBlock(
        (conv): Conv1d(128, 64, kernel_size=(1,), stride=(1,))
        (bn): BatchNorm1d(64, eps=1e-05, momentum=0.1, affine=True, track_running_stats=True)
      )
      (branch2): Sequential(
        (0): ConvBlock(
          (conv): Conv1d(128, 96, kernel_size=(1,), stride=(1,))
          (bn): BatchNorm1d(96, eps=1e-05, momentum=0.1, affine=True, track_running_stats=True)
        )
        (1): ConvBlock(
          (conv): Conv1d(96, 128, kernel_size=(3,), stride=(1,), padding=(1,))
          (bn): BatchNorm1d(128, eps=1e-05, momentum=0.1, affine=True, track_running_stats=True)
        )
      )
      (branch3): Sequential(
        (0): ConvBlock(
          (conv): Conv1d(128, 16, kernel_size=(1,), stride=(1,))
          (bn): BatchNorm1d(16, eps=1e-05, momentum=0.1, affine=True, track_running_stats=True)
        )
        (1): ConvBlock(
          (conv): Conv1d(16, 32, kernel_size=(5,), stride=(1,), padding=(2,))
          (bn): BatchNorm1d(32, eps=1e-05, momentum=0.1, affine=True, track_running_stats=True)
        )
      )
      (branch4): Sequential(
        (0): MaxPool2d(kernel_size=3, stride=1, padding=1, dilation=1, ceil_mode=False)
        (1): ConvBlock(
          (conv): Conv1d(128, 32, kernel_size=(1,), stride=(1,))
          (bn): BatchNorm1d(32, eps=1e-05, momentum=0.1, affine=True, track_running_stats=True)
        )
      )
    )
    (inception3b): InceptionBlock(
      (branch1): ConvBlock(
        (conv): Conv1d(256, 128, kernel_size=(1,), stride=(1,))
        (bn): BatchNorm1d(128, eps=1e-05, momentum=0.1, affine=True, track_running_stats=True)
      )
      (branch2): Sequential(
        (0): ConvBlock(
          (conv): Conv1d(256, 128, kernel_size=(1,), stride=(1,))
          (bn): BatchNorm1d(128, eps=1e-05, momentum=0.1, affine=True, track_running_stats=True)
        )
        (1): ConvBlock(
          (conv): Conv1d(128, 192, kernel_size=(3,), stride=(1,), padding=(1,))
          (bn): BatchNorm1d(192, eps=1e-05, momentum=0.1, affine=True, track_running_stats=True)
        )
      )
      (branch3): Sequential(
        (0): ConvBlock(
          (conv): Conv1d(256, 32, kernel_size=(1,), stride=(1,))
          (bn): BatchNorm1d(32, eps=1e-05, momentum=0.1, affine=True, track_running_stats=True)
        )
        (1): ConvBlock(
          (conv): Conv1d(32, 96, kernel_size=(5,), stride=(1,), padding=(2,))
          (bn): BatchNorm1d(96, eps=1e-05, momentum=0.1, affine=True, track_running_stats=True)
        )
      )
      (branch4): Sequential(
        (0): MaxPool2d(kernel_size=3, stride=1, padding=1, dilation=1, ceil_mode=False)
        (1): ConvBlock(
          (conv): Conv1d(256, 64, kernel_size=(1,), stride=(1,))
          (bn): BatchNorm1d(64, eps=1e-05, momentum=0.1, affine=True, track_running_stats=True)
        )
      )
    )
    (inception4a): InceptionBlock(
      (branch1): ConvBlock(
        (conv): Conv1d(480, 192, kernel_size=(1,), stride=(1,))
        (bn): BatchNorm1d(192, eps=1e-05, momentum=0.1, affine=True, track_running_stats=True)
      )
      (branch2): Sequential(
        (0): ConvBlock(
          (conv): Conv1d(480, 96, kernel_size=(1,), stride=(1,))
          (bn): BatchNorm1d(96, eps=1e-05, momentum=0.1, affine=True, track_running_stats=True)
        )
        (1): ConvBlock(
          (conv): Conv1d(96, 208, kernel_size=(3,), stride=(1,), padding=(1,))
          (bn): BatchNorm1d(208, eps=1e-05, momentum=0.1, affine=True, track_running_stats=True)
        )
      )
      (branch3): Sequential(
        (0): ConvBlock(
          (conv): Conv1d(480, 16, kernel_size=(1,), stride=(1,))
          (bn): BatchNorm1d(16, eps=1e-05, momentum=0.1, affine=True, track_running_stats=True)
        )
        (1): ConvBlock(
          (conv): Conv1d(16, 48, kernel_size=(5,), stride=(1,), padding=(2,))
          (bn): BatchNorm1d(48, eps=1e-05, momentum=0.1, affine=True, track_running_stats=True)
        )
      )
      (branch4): Sequential(
        (0): MaxPool2d(kernel_size=3, stride=1, padding=1, dilation=1, ceil_mode=False)
        (1): ConvBlock(
          (conv): Conv1d(480, 64, kernel_size=(1,), stride=(1,))
          (bn): BatchNorm1d(64, eps=1e-05, momentum=0.1, affine=True, track_running_stats=True)
        )
      )
    )
    (inception4b): InceptionBlock(
      (branch1): ConvBlock(
        (conv): Conv1d(512, 32, kernel_size=(1,), stride=(1,))
        (bn): BatchNorm1d(32, eps=1e-05, momentum=0.1, affine=True, track_running_stats=True)
      )
      (branch2): Sequential(
        (0): ConvBlock(
          (conv): Conv1d(512, 112, kernel_size=(1,), stride=(1,))
          (bn): BatchNorm1d(112, eps=1e-05, momentum=0.1, affine=True, track_running_stats=True)
        )
        (1): ConvBlock(
          (conv): Conv1d(112, 32, kernel_size=(3,), stride=(1,), padding=(1,))
          (bn): BatchNorm1d(32, eps=1e-05, momentum=0.1, affine=True, track_running_stats=True)
        )
      )
      (branch3): Sequential(
        (0): ConvBlock(
          (conv): Conv1d(512, 24, kernel_size=(1,), stride=(1,))
          (bn): BatchNorm1d(24, eps=1e-05, momentum=0.1, affine=True, track_running_stats=True)
        )
        (1): ConvBlock(
          (conv): Conv1d(24, 64, kernel_size=(5,), stride=(1,), padding=(2,))
          (bn): BatchNorm1d(64, eps=1e-05, momentum=0.1, affine=True, track_running_stats=True)
        )
      )
      (branch4): Sequential(
        (0): MaxPool2d(kernel_size=3, stride=1, padding=1, dilation=1, ceil_mode=False)
        (1): ConvBlock(
          (conv): Conv1d(512, 32, kernel_size=(1,), stride=(1,))
          (bn): BatchNorm1d(32, eps=1e-05, momentum=0.1, affine=True, track_running_stats=True)
        )
      )
    )
    (avgpool): AvgPool1d(kernel_size=(5,), stride=(1,), padding=(0,))
    (dropout): Dropout(p=0.5, inplace=False)
    (fc): Linear(in_features=8480, out_features=1, bias=True)
    (sigmoid): Sigmoid()
  )
)
2024-12-05 03:47 - INFO - * -----------
2024-12-05 03:55 - INFO - ---------------------------------------------
2024-12-05 03:55 - INFO - Epoch: 01 | Time: 8m 1s
2024-12-05 03:55 - INFO - 	 New best val_rocauc loss was found, current best value is 0.33815
2024-12-05 03:55 - INFO - 	 Train Loss: 0.237
2024-12-05 03:55 - INFO - 	 Val. Loss: 0.233
2024-12-05 03:55 - INFO - 	 ROC-AUC: 0.889
2024-12-05 03:55 - INFO - 	 PR-AUC: 0.338
2024-12-05 03:55 - INFO - 	 Best Val. Loss: 0.233
2024-12-05 03:55 - INFO - 	 Best ROC-AUC: 0.889
2024-12-05 03:55 - INFO - 	 Best PR-AUC: 0.338
2024-12-05 03:55 - INFO - 	 Test-ROC-AUC under Best Validation ROC-AUC: 0.878
2024-12-05 03:55 - INFO - 	 Test-PR-AUC under Best Validation Best PR-AUC: 0.391
2024-12-05 03:55 - INFO - ---------------------------------------------
2024-12-05 04:03 - INFO - ---------------------------------------------
2024-12-05 04:03 - INFO - Epoch: 02 | Time: 8m 1s
2024-12-05 04:03 - INFO - 	 New best val_rocauc loss was found, current best value is 0.80015
2024-12-05 04:03 - INFO - 	 Train Loss: 0.118
2024-12-05 04:03 - INFO - 	 Val. Loss: 0.080
2024-12-05 04:03 - INFO - 	 ROC-AUC: 0.980
2024-12-05 04:03 - INFO - 	 PR-AUC: 0.800
2024-12-05 04:03 - INFO - 	 Best Val. Loss: 0.080
2024-12-05 04:03 - INFO - 	 Best ROC-AUC: 0.980
2024-12-05 04:03 - INFO - 	 Best PR-AUC: 0.800
2024-12-05 04:03 - INFO - 	 Test-ROC-AUC under Best Validation ROC-AUC: 0.980
2024-12-05 04:03 - INFO - 	 Test-PR-AUC under Best Validation Best PR-AUC: 0.788
2024-12-05 04:03 - INFO - ---------------------------------------------
2024-12-05 04:11 - INFO - ---------------------------------------------
2024-12-05 04:11 - INFO - Epoch: 03 | Time: 8m 1s
2024-12-05 04:11 - INFO - 	 New best val_rocauc loss was found, current best value is 0.84419
2024-12-05 04:11 - INFO - 	 Train Loss: 0.084
2024-12-05 04:11 - INFO - 	 Val. Loss: 0.070
2024-12-05 04:11 - INFO - 	 ROC-AUC: 0.985
2024-12-05 04:11 - INFO - 	 PR-AUC: 0.844
2024-12-05 04:11 - INFO - 	 Best Val. Loss: 0.070
2024-12-05 04:11 - INFO - 	 Best ROC-AUC: 0.985
2024-12-05 04:11 - INFO - 	 Best PR-AUC: 0.844
2024-12-05 04:11 - INFO - 	 Test-ROC-AUC under Best Validation ROC-AUC: 0.982
2024-12-05 04:11 - INFO - 	 Test-PR-AUC under Best Validation Best PR-AUC: 0.824
2024-12-05 04:11 - INFO - ---------------------------------------------
2024-12-05 04:19 - INFO - ---------------------------------------------
2024-12-05 04:19 - INFO - Epoch: 04 | Time: 8m 0s
2024-12-05 04:19 - INFO - 	 Train Loss: 0.075
2024-12-05 04:19 - INFO - 	 Val. Loss: 0.073
2024-12-05 04:19 - INFO - 	 ROC-AUC: 0.984
2024-12-05 04:19 - INFO - 	 PR-AUC: 0.839
2024-12-05 04:19 - INFO - 	 Best Val. Loss: 0.070
2024-12-05 04:19 - INFO - 	 Best ROC-AUC: 0.985
2024-12-05 04:19 - INFO - 	 Best PR-AUC: 0.844
2024-12-05 04:19 - INFO - 	 Test-ROC-AUC under Best Validation ROC-AUC: 0.982
2024-12-05 04:19 - INFO - 	 Test-PR-AUC under Best Validation Best PR-AUC: 0.824
2024-12-05 04:19 - INFO - ---------------------------------------------
2024-12-05 04:27 - INFO - ---------------------------------------------
2024-12-05 04:27 - INFO - Epoch: 05 | Time: 8m 1s
2024-12-05 04:27 - INFO - 	 New best val_rocauc loss was found, current best value is 0.86248
2024-12-05 04:27 - INFO - 	 Train Loss: 0.073
2024-12-05 04:27 - INFO - 	 Val. Loss: 0.065
2024-12-05 04:27 - INFO - 	 ROC-AUC: 0.986
2024-12-05 04:27 - INFO - 	 PR-AUC: 0.862
2024-12-05 04:27 - INFO - 	 Best Val. Loss: 0.065
2024-12-05 04:27 - INFO - 	 Best ROC-AUC: 0.986
2024-12-05 04:27 - INFO - 	 Best PR-AUC: 0.862
2024-12-05 04:27 - INFO - 	 Test-ROC-AUC under Best Validation ROC-AUC: 0.985
2024-12-05 04:27 - INFO - 	 Test-PR-AUC under Best Validation Best PR-AUC: 0.861
2024-12-05 04:27 - INFO - ---------------------------------------------
2024-12-05 04:35 - INFO - ---------------------------------------------
2024-12-05 04:35 - INFO - Epoch: 06 | Time: 8m 1s
2024-12-05 04:35 - INFO - 	 New best val_rocauc loss was found, current best value is 0.87244
2024-12-05 04:35 - INFO - 	 Train Loss: 0.071
2024-12-05 04:35 - INFO - 	 Val. Loss: 0.062
2024-12-05 04:35 - INFO - 	 ROC-AUC: 0.986
2024-12-05 04:35 - INFO - 	 PR-AUC: 0.872
2024-12-05 04:35 - INFO - 	 Best Val. Loss: 0.062
2024-12-05 04:35 - INFO - 	 Best ROC-AUC: 0.986
2024-12-05 04:35 - INFO - 	 Best PR-AUC: 0.872
2024-12-05 04:35 - INFO - 	 Test-ROC-AUC under Best Validation ROC-AUC: 0.986
2024-12-05 04:35 - INFO - 	 Test-PR-AUC under Best Validation Best PR-AUC: 0.858
2024-12-05 04:35 - INFO - ---------------------------------------------
2024-12-05 04:43 - INFO - ---------------------------------------------
2024-12-05 04:43 - INFO - Epoch: 07 | Time: 8m 2s
2024-12-05 04:43 - INFO - 	 Train Loss: 0.068
2024-12-05 04:43 - INFO - 	 Val. Loss: 0.063
2024-12-05 04:43 - INFO - 	 ROC-AUC: 0.987
2024-12-05 04:43 - INFO - 	 PR-AUC: 0.865
2024-12-05 04:43 - INFO - 	 Best Val. Loss: 0.062
2024-12-05 04:43 - INFO - 	 Best ROC-AUC: 0.987
2024-12-05 04:43 - INFO - 	 Best PR-AUC: 0.872
2024-12-05 04:43 - INFO - 	 Test-ROC-AUC under Best Validation ROC-AUC: 0.985
2024-12-05 04:43 - INFO - 	 Test-PR-AUC under Best Validation Best PR-AUC: 0.858
2024-12-05 04:43 - INFO - ---------------------------------------------
2024-12-05 04:51 - INFO - ---------------------------------------------
2024-12-05 04:51 - INFO - Epoch: 08 | Time: 8m 1s
2024-12-05 04:51 - INFO - 	 New best val_rocauc loss was found, current best value is 0.87734
2024-12-05 04:51 - INFO - 	 Train Loss: 0.066
2024-12-05 04:51 - INFO - 	 Val. Loss: 0.060
2024-12-05 04:51 - INFO - 	 ROC-AUC: 0.987
2024-12-05 04:51 - INFO - 	 PR-AUC: 0.877
2024-12-05 04:51 - INFO - 	 Best Val. Loss: 0.060
2024-12-05 04:51 - INFO - 	 Best ROC-AUC: 0.987
2024-12-05 04:51 - INFO - 	 Best PR-AUC: 0.877
2024-12-05 04:51 - INFO - 	 Test-ROC-AUC under Best Validation ROC-AUC: 0.986
2024-12-05 04:51 - INFO - 	 Test-PR-AUC under Best Validation Best PR-AUC: 0.864
2024-12-05 04:51 - INFO - ---------------------------------------------
2024-12-05 04:59 - INFO - ---------------------------------------------
2024-12-05 04:59 - INFO - Epoch: 09 | Time: 8m 1s
2024-12-05 04:59 - INFO - 	 New best val_rocauc loss was found, current best value is 0.88795
2024-12-05 04:59 - INFO - 	 Train Loss: 0.064
2024-12-05 04:59 - INFO - 	 Val. Loss: 0.060
2024-12-05 04:59 - INFO - 	 ROC-AUC: 0.988
2024-12-05 04:59 - INFO - 	 PR-AUC: 0.888
2024-12-05 04:59 - INFO - 	 Best Val. Loss: 0.060
2024-12-05 04:59 - INFO - 	 Best ROC-AUC: 0.988
2024-12-05 04:59 - INFO - 	 Best PR-AUC: 0.888
2024-12-05 04:59 - INFO - 	 Test-ROC-AUC under Best Validation ROC-AUC: 0.986
2024-12-05 04:59 - INFO - 	 Test-PR-AUC under Best Validation Best PR-AUC: 0.876
2024-12-05 04:59 - INFO - ---------------------------------------------
2024-12-05 05:07 - INFO - ---------------------------------------------
2024-12-05 05:07 - INFO - Epoch: 10 | Time: 8m 1s
2024-12-05 05:07 - INFO - 	 Train Loss: 0.063
2024-12-05 05:07 - INFO - 	 Val. Loss: 0.060
2024-12-05 05:07 - INFO - 	 ROC-AUC: 0.987
2024-12-05 05:07 - INFO - 	 PR-AUC: 0.875
2024-12-05 05:07 - INFO - 	 Best Val. Loss: 0.060
2024-12-05 05:07 - INFO - 	 Best ROC-AUC: 0.988
2024-12-05 05:07 - INFO - 	 Best PR-AUC: 0.888
2024-12-05 05:07 - INFO - 	 Test-ROC-AUC under Best Validation ROC-AUC: 0.986
2024-12-05 05:07 - INFO - 	 Test-PR-AUC under Best Validation Best PR-AUC: 0.876
2024-12-05 05:07 - INFO - ---------------------------------------------
2024-12-05 05:10 - INFO - Fit the preprocessing pipeline
2024-12-05 05:10 - INFO - Training using device: cuda
2024-12-05 05:10 - INFO - Creating generators
2024-12-05 05:10 - INFO - The model has 2,246,929 trainable parameters
2024-12-05 05:10 - INFO - * Model:
2024-12-05 05:10 - INFO - * -----------
2024-12-05 05:10 - INFO - CombinedModel(
  (upstream_model): TSTransformerEncoderCNN(
    (project_input): Linear(in_features=12, out_features=128, bias=True)
    (encoder): Linear(in_features=12, out_features=128, bias=True)
    (transformer_encoder): TransformerEncoder(
      (layers): ModuleList(
        (0-7): 8 x TransformerEncoderLayer(
          (self_attn): MultiheadAttention(
            (out_proj): NonDynamicallyQuantizableLinear(in_features=128, out_features=128, bias=True)
          )
          (linear1): Linear(in_features=128, out_features=512, bias=True)
          (dropout): Dropout(p=0.4, inplace=False)
          (linear2): Linear(in_features=512, out_features=128, bias=True)
          (norm1): LayerNorm((128,), eps=1e-05, elementwise_affine=True)
          (norm2): LayerNorm((128,), eps=1e-05, elementwise_affine=True)
          (dropout1): Dropout(p=0.4, inplace=False)
          (dropout2): Dropout(p=0.4, inplace=False)
        )
      )
    )
    (output_layer): Linear(in_features=128, out_features=12, bias=True)
    (dropout1): Dropout(p=0.4, inplace=False)
    (cnn): Conv1d(128, 12, kernel_size=(3,), stride=(1,), padding=(1,))
  )
  (downstream_model): DownstreamInception(
    (conv1): ConvBlock(
      (conv): Conv1d(12, 64, kernel_size=(7,), stride=(2,), padding=(3,))
      (bn): BatchNorm1d(64, eps=1e-05, momentum=0.1, affine=True, track_running_stats=True)
    )
    (conv2): ConvBlock(
      (conv): Conv1d(64, 128, kernel_size=(3,), stride=(1,), padding=(1,))
      (bn): BatchNorm1d(128, eps=1e-05, momentum=0.1, affine=True, track_running_stats=True)
    )
    (maxpool): MaxPool1d(kernel_size=3, stride=2, padding=1, dilation=1, ceil_mode=False)
    (inception3a): InceptionBlock(
      (branch1): ConvBlock(
        (conv): Conv1d(128, 64, kernel_size=(1,), stride=(1,))
        (bn): BatchNorm1d(64, eps=1e-05, momentum=0.1, affine=True, track_running_stats=True)
      )
      (branch2): Sequential(
        (0): ConvBlock(
          (conv): Conv1d(128, 96, kernel_size=(1,), stride=(1,))
          (bn): BatchNorm1d(96, eps=1e-05, momentum=0.1, affine=True, track_running_stats=True)
        )
        (1): ConvBlock(
          (conv): Conv1d(96, 128, kernel_size=(3,), stride=(1,), padding=(1,))
          (bn): BatchNorm1d(128, eps=1e-05, momentum=0.1, affine=True, track_running_stats=True)
        )
      )
      (branch3): Sequential(
        (0): ConvBlock(
          (conv): Conv1d(128, 16, kernel_size=(1,), stride=(1,))
          (bn): BatchNorm1d(16, eps=1e-05, momentum=0.1, affine=True, track_running_stats=True)
        )
        (1): ConvBlock(
          (conv): Conv1d(16, 32, kernel_size=(5,), stride=(1,), padding=(2,))
          (bn): BatchNorm1d(32, eps=1e-05, momentum=0.1, affine=True, track_running_stats=True)
        )
      )
      (branch4): Sequential(
        (0): MaxPool2d(kernel_size=3, stride=1, padding=1, dilation=1, ceil_mode=False)
        (1): ConvBlock(
          (conv): Conv1d(128, 32, kernel_size=(1,), stride=(1,))
          (bn): BatchNorm1d(32, eps=1e-05, momentum=0.1, affine=True, track_running_stats=True)
        )
      )
    )
    (inception3b): InceptionBlock(
      (branch1): ConvBlock(
        (conv): Conv1d(256, 128, kernel_size=(1,), stride=(1,))
        (bn): BatchNorm1d(128, eps=1e-05, momentum=0.1, affine=True, track_running_stats=True)
      )
      (branch2): Sequential(
        (0): ConvBlock(
          (conv): Conv1d(256, 128, kernel_size=(1,), stride=(1,))
          (bn): BatchNorm1d(128, eps=1e-05, momentum=0.1, affine=True, track_running_stats=True)
        )
        (1): ConvBlock(
          (conv): Conv1d(128, 192, kernel_size=(3,), stride=(1,), padding=(1,))
          (bn): BatchNorm1d(192, eps=1e-05, momentum=0.1, affine=True, track_running_stats=True)
        )
      )
      (branch3): Sequential(
        (0): ConvBlock(
          (conv): Conv1d(256, 32, kernel_size=(1,), stride=(1,))
          (bn): BatchNorm1d(32, eps=1e-05, momentum=0.1, affine=True, track_running_stats=True)
        )
        (1): ConvBlock(
          (conv): Conv1d(32, 96, kernel_size=(5,), stride=(1,), padding=(2,))
          (bn): BatchNorm1d(96, eps=1e-05, momentum=0.1, affine=True, track_running_stats=True)
        )
      )
      (branch4): Sequential(
        (0): MaxPool2d(kernel_size=3, stride=1, padding=1, dilation=1, ceil_mode=False)
        (1): ConvBlock(
          (conv): Conv1d(256, 64, kernel_size=(1,), stride=(1,))
          (bn): BatchNorm1d(64, eps=1e-05, momentum=0.1, affine=True, track_running_stats=True)
        )
      )
    )
    (inception4a): InceptionBlock(
      (branch1): ConvBlock(
        (conv): Conv1d(480, 192, kernel_size=(1,), stride=(1,))
        (bn): BatchNorm1d(192, eps=1e-05, momentum=0.1, affine=True, track_running_stats=True)
      )
      (branch2): Sequential(
        (0): ConvBlock(
          (conv): Conv1d(480, 96, kernel_size=(1,), stride=(1,))
          (bn): BatchNorm1d(96, eps=1e-05, momentum=0.1, affine=True, track_running_stats=True)
        )
        (1): ConvBlock(
          (conv): Conv1d(96, 208, kernel_size=(3,), stride=(1,), padding=(1,))
          (bn): BatchNorm1d(208, eps=1e-05, momentum=0.1, affine=True, track_running_stats=True)
        )
      )
      (branch3): Sequential(
        (0): ConvBlock(
          (conv): Conv1d(480, 16, kernel_size=(1,), stride=(1,))
          (bn): BatchNorm1d(16, eps=1e-05, momentum=0.1, affine=True, track_running_stats=True)
        )
        (1): ConvBlock(
          (conv): Conv1d(16, 48, kernel_size=(5,), stride=(1,), padding=(2,))
          (bn): BatchNorm1d(48, eps=1e-05, momentum=0.1, affine=True, track_running_stats=True)
        )
      )
      (branch4): Sequential(
        (0): MaxPool2d(kernel_size=3, stride=1, padding=1, dilation=1, ceil_mode=False)
        (1): ConvBlock(
          (conv): Conv1d(480, 64, kernel_size=(1,), stride=(1,))
          (bn): BatchNorm1d(64, eps=1e-05, momentum=0.1, affine=True, track_running_stats=True)
        )
      )
    )
    (inception4b): InceptionBlock(
      (branch1): ConvBlock(
        (conv): Conv1d(512, 32, kernel_size=(1,), stride=(1,))
        (bn): BatchNorm1d(32, eps=1e-05, momentum=0.1, affine=True, track_running_stats=True)
      )
      (branch2): Sequential(
        (0): ConvBlock(
          (conv): Conv1d(512, 112, kernel_size=(1,), stride=(1,))
          (bn): BatchNorm1d(112, eps=1e-05, momentum=0.1, affine=True, track_running_stats=True)
        )
        (1): ConvBlock(
          (conv): Conv1d(112, 32, kernel_size=(3,), stride=(1,), padding=(1,))
          (bn): BatchNorm1d(32, eps=1e-05, momentum=0.1, affine=True, track_running_stats=True)
        )
      )
      (branch3): Sequential(
        (0): ConvBlock(
          (conv): Conv1d(512, 24, kernel_size=(1,), stride=(1,))
          (bn): BatchNorm1d(24, eps=1e-05, momentum=0.1, affine=True, track_running_stats=True)
        )
        (1): ConvBlock(
          (conv): Conv1d(24, 64, kernel_size=(5,), stride=(1,), padding=(2,))
          (bn): BatchNorm1d(64, eps=1e-05, momentum=0.1, affine=True, track_running_stats=True)
        )
      )
      (branch4): Sequential(
        (0): MaxPool2d(kernel_size=3, stride=1, padding=1, dilation=1, ceil_mode=False)
        (1): ConvBlock(
          (conv): Conv1d(512, 32, kernel_size=(1,), stride=(1,))
          (bn): BatchNorm1d(32, eps=1e-05, momentum=0.1, affine=True, track_running_stats=True)
        )
      )
    )
    (avgpool): AvgPool1d(kernel_size=(5,), stride=(1,), padding=(0,))
    (dropout): Dropout(p=0.5, inplace=False)
    (fc): Linear(in_features=8480, out_features=1, bias=True)
    (sigmoid): Sigmoid()
  )
)
2024-12-05 05:10 - INFO - * -----------
2024-12-05 05:18 - INFO - ---------------------------------------------
2024-12-05 05:18 - INFO - Epoch: 01 | Time: 8m 2s
2024-12-05 05:18 - INFO - 	 New best val_rocauc loss was found, current best value is 0.27964
2024-12-05 05:18 - INFO - 	 Train Loss: 0.236
2024-12-05 05:18 - INFO - 	 Val. Loss: 0.297
2024-12-05 05:18 - INFO - 	 ROC-AUC: 0.836
2024-12-05 05:18 - INFO - 	 PR-AUC: 0.280
2024-12-05 05:18 - INFO - 	 Best Val. Loss: 0.297
2024-12-05 05:18 - INFO - 	 Best ROC-AUC: 0.836
2024-12-05 05:18 - INFO - 	 Best PR-AUC: 0.280
2024-12-05 05:18 - INFO - 	 Test-ROC-AUC under Best Validation ROC-AUC: 0.833
2024-12-05 05:18 - INFO - 	 Test-PR-AUC under Best Validation Best PR-AUC: 0.330
2024-12-05 05:18 - INFO - ---------------------------------------------
2024-12-05 05:26 - INFO - ---------------------------------------------
2024-12-05 05:26 - INFO - Epoch: 02 | Time: 8m 2s
2024-12-05 05:26 - INFO - 	 New best val_rocauc loss was found, current best value is 0.81861
2024-12-05 05:26 - INFO - 	 Train Loss: 0.125
2024-12-05 05:26 - INFO - 	 Val. Loss: 0.077
2024-12-05 05:26 - INFO - 	 ROC-AUC: 0.982
2024-12-05 05:26 - INFO - 	 PR-AUC: 0.819
2024-12-05 05:26 - INFO - 	 Best Val. Loss: 0.077
2024-12-05 05:26 - INFO - 	 Best ROC-AUC: 0.982
2024-12-05 05:26 - INFO - 	 Best PR-AUC: 0.819
2024-12-05 05:26 - INFO - 	 Test-ROC-AUC under Best Validation ROC-AUC: 0.979
2024-12-05 05:26 - INFO - 	 Test-PR-AUC under Best Validation Best PR-AUC: 0.808
2024-12-05 05:26 - INFO - ---------------------------------------------
2024-12-05 05:34 - INFO - ---------------------------------------------
2024-12-05 05:34 - INFO - Epoch: 03 | Time: 8m 2s
2024-12-05 05:34 - INFO - 	 New best val_rocauc loss was found, current best value is 0.83784
2024-12-05 05:34 - INFO - 	 Train Loss: 0.083
2024-12-05 05:34 - INFO - 	 Val. Loss: 0.073
2024-12-05 05:34 - INFO - 	 ROC-AUC: 0.983
2024-12-05 05:34 - INFO - 	 PR-AUC: 0.838
2024-12-05 05:34 - INFO - 	 Best Val. Loss: 0.073
2024-12-05 05:34 - INFO - 	 Best ROC-AUC: 0.983
2024-12-05 05:34 - INFO - 	 Best PR-AUC: 0.838
2024-12-05 05:34 - INFO - 	 Test-ROC-AUC under Best Validation ROC-AUC: 0.980
2024-12-05 05:34 - INFO - 	 Test-PR-AUC under Best Validation Best PR-AUC: 0.821
2024-12-05 05:34 - INFO - ---------------------------------------------
2024-12-05 05:42 - INFO - ---------------------------------------------
2024-12-05 05:42 - INFO - Epoch: 04 | Time: 8m 1s
2024-12-05 05:42 - INFO - 	 New best val_rocauc loss was found, current best value is 0.86071
2024-12-05 05:42 - INFO - 	 Train Loss: 0.077
2024-12-05 05:42 - INFO - 	 Val. Loss: 0.069
2024-12-05 05:42 - INFO - 	 ROC-AUC: 0.985
2024-12-05 05:42 - INFO - 	 PR-AUC: 0.861
2024-12-05 05:42 - INFO - 	 Best Val. Loss: 0.069
2024-12-05 05:42 - INFO - 	 Best ROC-AUC: 0.985
2024-12-05 05:42 - INFO - 	 Best PR-AUC: 0.861
2024-12-05 05:42 - INFO - 	 Test-ROC-AUC under Best Validation ROC-AUC: 0.983
2024-12-05 05:42 - INFO - 	 Test-PR-AUC under Best Validation Best PR-AUC: 0.846
2024-12-05 05:42 - INFO - ---------------------------------------------
2024-12-05 05:50 - INFO - ---------------------------------------------
2024-12-05 05:50 - INFO - Epoch: 05 | Time: 8m 2s
2024-12-05 05:50 - INFO - 	 Train Loss: 0.072
2024-12-05 05:50 - INFO - 	 Val. Loss: 0.070
2024-12-05 05:50 - INFO - 	 ROC-AUC: 0.985
2024-12-05 05:50 - INFO - 	 PR-AUC: 0.854
2024-12-05 05:50 - INFO - 	 Best Val. Loss: 0.069
2024-12-05 05:50 - INFO - 	 Best ROC-AUC: 0.985
2024-12-05 05:50 - INFO - 	 Best PR-AUC: 0.861
2024-12-05 05:50 - INFO - 	 Test-ROC-AUC under Best Validation ROC-AUC: 0.983
2024-12-05 05:50 - INFO - 	 Test-PR-AUC under Best Validation Best PR-AUC: 0.846
2024-12-05 05:50 - INFO - ---------------------------------------------
2024-12-05 05:58 - INFO - ---------------------------------------------
2024-12-05 05:58 - INFO - Epoch: 06 | Time: 8m 2s
2024-12-05 05:58 - INFO - 	 New best val_rocauc loss was found, current best value is 0.87147
2024-12-05 05:58 - INFO - 	 Train Loss: 0.070
2024-12-05 05:58 - INFO - 	 Val. Loss: 0.062
2024-12-05 05:58 - INFO - 	 ROC-AUC: 0.988
2024-12-05 05:58 - INFO - 	 PR-AUC: 0.871
2024-12-05 05:58 - INFO - 	 Best Val. Loss: 0.062
2024-12-05 05:58 - INFO - 	 Best ROC-AUC: 0.988
2024-12-05 05:58 - INFO - 	 Best PR-AUC: 0.871
2024-12-05 05:58 - INFO - 	 Test-ROC-AUC under Best Validation ROC-AUC: 0.984
2024-12-05 05:58 - INFO - 	 Test-PR-AUC under Best Validation Best PR-AUC: 0.857
2024-12-05 05:58 - INFO - ---------------------------------------------
2024-12-05 06:06 - INFO - ---------------------------------------------
2024-12-05 06:06 - INFO - Epoch: 07 | Time: 8m 2s
2024-12-05 06:06 - INFO - 	 New best val_rocauc loss was found, current best value is 0.88257
2024-12-05 06:06 - INFO - 	 Train Loss: 0.069
2024-12-05 06:06 - INFO - 	 Val. Loss: 0.059
2024-12-05 06:06 - INFO - 	 ROC-AUC: 0.989
2024-12-05 06:06 - INFO - 	 PR-AUC: 0.883
2024-12-05 06:06 - INFO - 	 Best Val. Loss: 0.059
2024-12-05 06:06 - INFO - 	 Best ROC-AUC: 0.989
2024-12-05 06:06 - INFO - 	 Best PR-AUC: 0.883
2024-12-05 06:06 - INFO - 	 Test-ROC-AUC under Best Validation ROC-AUC: 0.985
2024-12-05 06:06 - INFO - 	 Test-PR-AUC under Best Validation Best PR-AUC: 0.857
2024-12-05 06:06 - INFO - ---------------------------------------------
2024-12-05 06:14 - INFO - ---------------------------------------------
2024-12-05 06:14 - INFO - Epoch: 08 | Time: 8m 1s
2024-12-05 06:14 - INFO - 	 Train Loss: 0.066
2024-12-05 06:14 - INFO - 	 Val. Loss: 0.064
2024-12-05 06:14 - INFO - 	 ROC-AUC: 0.986
2024-12-05 06:14 - INFO - 	 PR-AUC: 0.871
2024-12-05 06:14 - INFO - 	 Best Val. Loss: 0.059
2024-12-05 06:14 - INFO - 	 Best ROC-AUC: 0.989
2024-12-05 06:14 - INFO - 	 Best PR-AUC: 0.883
2024-12-05 06:14 - INFO - 	 Test-ROC-AUC under Best Validation ROC-AUC: 0.985
2024-12-05 06:14 - INFO - 	 Test-PR-AUC under Best Validation Best PR-AUC: 0.857
2024-12-05 06:14 - INFO - ---------------------------------------------
2024-12-05 06:22 - INFO - ---------------------------------------------
2024-12-05 06:22 - INFO - Epoch: 09 | Time: 8m 1s
2024-12-05 06:22 - INFO - 	 New best val_rocauc loss was found, current best value is 0.8876
2024-12-05 06:22 - INFO - 	 Train Loss: 0.063
2024-12-05 06:22 - INFO - 	 Val. Loss: 0.058
2024-12-05 06:22 - INFO - 	 ROC-AUC: 0.988
2024-12-05 06:22 - INFO - 	 PR-AUC: 0.888
2024-12-05 06:22 - INFO - 	 Best Val. Loss: 0.058
2024-12-05 06:22 - INFO - 	 Best ROC-AUC: 0.989
2024-12-05 06:22 - INFO - 	 Best PR-AUC: 0.888
2024-12-05 06:22 - INFO - 	 Test-ROC-AUC under Best Validation ROC-AUC: 0.985
2024-12-05 06:22 - INFO - 	 Test-PR-AUC under Best Validation Best PR-AUC: 0.872
2024-12-05 06:22 - INFO - ---------------------------------------------
2024-12-05 06:30 - INFO - ---------------------------------------------
2024-12-05 06:30 - INFO - Epoch: 10 | Time: 8m 1s
2024-12-05 06:30 - INFO - 	 Train Loss: 0.064
2024-12-05 06:30 - INFO - 	 Val. Loss: 0.058
2024-12-05 06:30 - INFO - 	 ROC-AUC: 0.989
2024-12-05 06:30 - INFO - 	 PR-AUC: 0.883
2024-12-05 06:30 - INFO - 	 Best Val. Loss: 0.058
2024-12-05 06:30 - INFO - 	 Best ROC-AUC: 0.989
2024-12-05 06:30 - INFO - 	 Best PR-AUC: 0.888
2024-12-05 06:30 - INFO - 	 Test-ROC-AUC under Best Validation ROC-AUC: 0.985
2024-12-05 06:30 - INFO - 	 Test-PR-AUC under Best Validation Best PR-AUC: 0.872
2024-12-05 06:30 - INFO - ---------------------------------------------
2024-12-05 06:32 - INFO - Fit the preprocessing pipeline
2024-12-05 06:32 - INFO - Training using device: cuda
2024-12-05 06:32 - INFO - Creating generators
2024-12-05 06:32 - INFO - The model has 2,246,929 trainable parameters
2024-12-05 06:32 - INFO - * Model:
2024-12-05 06:32 - INFO - * -----------
2024-12-05 06:32 - INFO - CombinedModel(
  (upstream_model): TSTransformerEncoderCNN(
    (project_input): Linear(in_features=12, out_features=128, bias=True)
    (encoder): Linear(in_features=12, out_features=128, bias=True)
    (transformer_encoder): TransformerEncoder(
      (layers): ModuleList(
        (0-7): 8 x TransformerEncoderLayer(
          (self_attn): MultiheadAttention(
            (out_proj): NonDynamicallyQuantizableLinear(in_features=128, out_features=128, bias=True)
          )
          (linear1): Linear(in_features=128, out_features=512, bias=True)
          (dropout): Dropout(p=0.4, inplace=False)
          (linear2): Linear(in_features=512, out_features=128, bias=True)
          (norm1): LayerNorm((128,), eps=1e-05, elementwise_affine=True)
          (norm2): LayerNorm((128,), eps=1e-05, elementwise_affine=True)
          (dropout1): Dropout(p=0.4, inplace=False)
          (dropout2): Dropout(p=0.4, inplace=False)
        )
      )
    )
    (output_layer): Linear(in_features=128, out_features=12, bias=True)
    (dropout1): Dropout(p=0.4, inplace=False)
    (cnn): Conv1d(128, 12, kernel_size=(3,), stride=(1,), padding=(1,))
  )
  (downstream_model): DownstreamInception(
    (conv1): ConvBlock(
      (conv): Conv1d(12, 64, kernel_size=(7,), stride=(2,), padding=(3,))
      (bn): BatchNorm1d(64, eps=1e-05, momentum=0.1, affine=True, track_running_stats=True)
    )
    (conv2): ConvBlock(
      (conv): Conv1d(64, 128, kernel_size=(3,), stride=(1,), padding=(1,))
      (bn): BatchNorm1d(128, eps=1e-05, momentum=0.1, affine=True, track_running_stats=True)
    )
    (maxpool): MaxPool1d(kernel_size=3, stride=2, padding=1, dilation=1, ceil_mode=False)
    (inception3a): InceptionBlock(
      (branch1): ConvBlock(
        (conv): Conv1d(128, 64, kernel_size=(1,), stride=(1,))
        (bn): BatchNorm1d(64, eps=1e-05, momentum=0.1, affine=True, track_running_stats=True)
      )
      (branch2): Sequential(
        (0): ConvBlock(
          (conv): Conv1d(128, 96, kernel_size=(1,), stride=(1,))
          (bn): BatchNorm1d(96, eps=1e-05, momentum=0.1, affine=True, track_running_stats=True)
        )
        (1): ConvBlock(
          (conv): Conv1d(96, 128, kernel_size=(3,), stride=(1,), padding=(1,))
          (bn): BatchNorm1d(128, eps=1e-05, momentum=0.1, affine=True, track_running_stats=True)
        )
      )
      (branch3): Sequential(
        (0): ConvBlock(
          (conv): Conv1d(128, 16, kernel_size=(1,), stride=(1,))
          (bn): BatchNorm1d(16, eps=1e-05, momentum=0.1, affine=True, track_running_stats=True)
        )
        (1): ConvBlock(
          (conv): Conv1d(16, 32, kernel_size=(5,), stride=(1,), padding=(2,))
          (bn): BatchNorm1d(32, eps=1e-05, momentum=0.1, affine=True, track_running_stats=True)
        )
      )
      (branch4): Sequential(
        (0): MaxPool2d(kernel_size=3, stride=1, padding=1, dilation=1, ceil_mode=False)
        (1): ConvBlock(
          (conv): Conv1d(128, 32, kernel_size=(1,), stride=(1,))
          (bn): BatchNorm1d(32, eps=1e-05, momentum=0.1, affine=True, track_running_stats=True)
        )
      )
    )
    (inception3b): InceptionBlock(
      (branch1): ConvBlock(
        (conv): Conv1d(256, 128, kernel_size=(1,), stride=(1,))
        (bn): BatchNorm1d(128, eps=1e-05, momentum=0.1, affine=True, track_running_stats=True)
      )
      (branch2): Sequential(
        (0): ConvBlock(
          (conv): Conv1d(256, 128, kernel_size=(1,), stride=(1,))
          (bn): BatchNorm1d(128, eps=1e-05, momentum=0.1, affine=True, track_running_stats=True)
        )
        (1): ConvBlock(
          (conv): Conv1d(128, 192, kernel_size=(3,), stride=(1,), padding=(1,))
          (bn): BatchNorm1d(192, eps=1e-05, momentum=0.1, affine=True, track_running_stats=True)
        )
      )
      (branch3): Sequential(
        (0): ConvBlock(
          (conv): Conv1d(256, 32, kernel_size=(1,), stride=(1,))
          (bn): BatchNorm1d(32, eps=1e-05, momentum=0.1, affine=True, track_running_stats=True)
        )
        (1): ConvBlock(
          (conv): Conv1d(32, 96, kernel_size=(5,), stride=(1,), padding=(2,))
          (bn): BatchNorm1d(96, eps=1e-05, momentum=0.1, affine=True, track_running_stats=True)
        )
      )
      (branch4): Sequential(
        (0): MaxPool2d(kernel_size=3, stride=1, padding=1, dilation=1, ceil_mode=False)
        (1): ConvBlock(
          (conv): Conv1d(256, 64, kernel_size=(1,), stride=(1,))
          (bn): BatchNorm1d(64, eps=1e-05, momentum=0.1, affine=True, track_running_stats=True)
        )
      )
    )
    (inception4a): InceptionBlock(
      (branch1): ConvBlock(
        (conv): Conv1d(480, 192, kernel_size=(1,), stride=(1,))
        (bn): BatchNorm1d(192, eps=1e-05, momentum=0.1, affine=True, track_running_stats=True)
      )
      (branch2): Sequential(
        (0): ConvBlock(
          (conv): Conv1d(480, 96, kernel_size=(1,), stride=(1,))
          (bn): BatchNorm1d(96, eps=1e-05, momentum=0.1, affine=True, track_running_stats=True)
        )
        (1): ConvBlock(
          (conv): Conv1d(96, 208, kernel_size=(3,), stride=(1,), padding=(1,))
          (bn): BatchNorm1d(208, eps=1e-05, momentum=0.1, affine=True, track_running_stats=True)
        )
      )
      (branch3): Sequential(
        (0): ConvBlock(
          (conv): Conv1d(480, 16, kernel_size=(1,), stride=(1,))
          (bn): BatchNorm1d(16, eps=1e-05, momentum=0.1, affine=True, track_running_stats=True)
        )
        (1): ConvBlock(
          (conv): Conv1d(16, 48, kernel_size=(5,), stride=(1,), padding=(2,))
          (bn): BatchNorm1d(48, eps=1e-05, momentum=0.1, affine=True, track_running_stats=True)
        )
      )
      (branch4): Sequential(
        (0): MaxPool2d(kernel_size=3, stride=1, padding=1, dilation=1, ceil_mode=False)
        (1): ConvBlock(
          (conv): Conv1d(480, 64, kernel_size=(1,), stride=(1,))
          (bn): BatchNorm1d(64, eps=1e-05, momentum=0.1, affine=True, track_running_stats=True)
        )
      )
    )
    (inception4b): InceptionBlock(
      (branch1): ConvBlock(
        (conv): Conv1d(512, 32, kernel_size=(1,), stride=(1,))
        (bn): BatchNorm1d(32, eps=1e-05, momentum=0.1, affine=True, track_running_stats=True)
      )
      (branch2): Sequential(
        (0): ConvBlock(
          (conv): Conv1d(512, 112, kernel_size=(1,), stride=(1,))
          (bn): BatchNorm1d(112, eps=1e-05, momentum=0.1, affine=True, track_running_stats=True)
        )
        (1): ConvBlock(
          (conv): Conv1d(112, 32, kernel_size=(3,), stride=(1,), padding=(1,))
          (bn): BatchNorm1d(32, eps=1e-05, momentum=0.1, affine=True, track_running_stats=True)
        )
      )
      (branch3): Sequential(
        (0): ConvBlock(
          (conv): Conv1d(512, 24, kernel_size=(1,), stride=(1,))
          (bn): BatchNorm1d(24, eps=1e-05, momentum=0.1, affine=True, track_running_stats=True)
        )
        (1): ConvBlock(
          (conv): Conv1d(24, 64, kernel_size=(5,), stride=(1,), padding=(2,))
          (bn): BatchNorm1d(64, eps=1e-05, momentum=0.1, affine=True, track_running_stats=True)
        )
      )
      (branch4): Sequential(
        (0): MaxPool2d(kernel_size=3, stride=1, padding=1, dilation=1, ceil_mode=False)
        (1): ConvBlock(
          (conv): Conv1d(512, 32, kernel_size=(1,), stride=(1,))
          (bn): BatchNorm1d(32, eps=1e-05, momentum=0.1, affine=True, track_running_stats=True)
        )
      )
    )
    (avgpool): AvgPool1d(kernel_size=(5,), stride=(1,), padding=(0,))
    (dropout): Dropout(p=0.5, inplace=False)
    (fc): Linear(in_features=8480, out_features=1, bias=True)
    (sigmoid): Sigmoid()
  )
)
2024-12-05 06:32 - INFO - * -----------
2024-12-05 06:40 - INFO - ---------------------------------------------
2024-12-05 06:40 - INFO - Epoch: 01 | Time: 8m 1s
2024-12-05 06:40 - INFO - 	 New best val_rocauc loss was found, current best value is 0.40668
2024-12-05 06:40 - INFO - 	 Train Loss: 0.229
2024-12-05 06:40 - INFO - 	 Val. Loss: 0.208
2024-12-05 06:40 - INFO - 	 ROC-AUC: 0.910
2024-12-05 06:40 - INFO - 	 PR-AUC: 0.407
2024-12-05 06:40 - INFO - 	 Best Val. Loss: 0.208
2024-12-05 06:40 - INFO - 	 Best ROC-AUC: 0.910
2024-12-05 06:40 - INFO - 	 Best PR-AUC: 0.407
2024-12-05 06:40 - INFO - 	 Test-ROC-AUC under Best Validation ROC-AUC: 0.907
2024-12-05 06:40 - INFO - 	 Test-PR-AUC under Best Validation Best PR-AUC: 0.470
2024-12-05 06:40 - INFO - ---------------------------------------------
2024-12-05 06:48 - INFO - ---------------------------------------------
2024-12-05 06:48 - INFO - Epoch: 02 | Time: 8m 2s
2024-12-05 06:48 - INFO - 	 New best val_rocauc loss was found, current best value is 0.82502
2024-12-05 06:48 - INFO - 	 Train Loss: 0.109
2024-12-05 06:48 - INFO - 	 Val. Loss: 0.078
2024-12-05 06:48 - INFO - 	 ROC-AUC: 0.981
2024-12-05 06:48 - INFO - 	 PR-AUC: 0.825
2024-12-05 06:48 - INFO - 	 Best Val. Loss: 0.078
2024-12-05 06:48 - INFO - 	 Best ROC-AUC: 0.981
2024-12-05 06:48 - INFO - 	 Best PR-AUC: 0.825
2024-12-05 06:48 - INFO - 	 Test-ROC-AUC under Best Validation ROC-AUC: 0.979
2024-12-05 06:48 - INFO - 	 Test-PR-AUC under Best Validation Best PR-AUC: 0.807
2024-12-05 06:48 - INFO - ---------------------------------------------
2024-12-05 06:56 - INFO - ---------------------------------------------
2024-12-05 06:56 - INFO - Epoch: 03 | Time: 8m 1s
2024-12-05 06:56 - INFO - 	 New best val_rocauc loss was found, current best value is 0.85075
2024-12-05 06:56 - INFO - 	 Train Loss: 0.083
2024-12-05 06:56 - INFO - 	 Val. Loss: 0.076
2024-12-05 06:56 - INFO - 	 ROC-AUC: 0.983
2024-12-05 06:56 - INFO - 	 PR-AUC: 0.851
2024-12-05 06:56 - INFO - 	 Best Val. Loss: 0.076
2024-12-05 06:56 - INFO - 	 Best ROC-AUC: 0.983
2024-12-05 06:56 - INFO - 	 Best PR-AUC: 0.851
2024-12-05 06:56 - INFO - 	 Test-ROC-AUC under Best Validation ROC-AUC: 0.982
2024-12-05 06:56 - INFO - 	 Test-PR-AUC under Best Validation Best PR-AUC: 0.821
2024-12-05 06:56 - INFO - ---------------------------------------------
2024-12-05 07:05 - INFO - ---------------------------------------------
2024-12-05 07:05 - INFO - Epoch: 04 | Time: 8m 2s
2024-12-05 07:05 - INFO - 	 New best val_rocauc loss was found, current best value is 0.85316
2024-12-05 07:05 - INFO - 	 Train Loss: 0.075
2024-12-05 07:05 - INFO - 	 Val. Loss: 0.074
2024-12-05 07:05 - INFO - 	 ROC-AUC: 0.985
2024-12-05 07:05 - INFO - 	 PR-AUC: 0.853
2024-12-05 07:05 - INFO - 	 Best Val. Loss: 0.074
2024-12-05 07:05 - INFO - 	 Best ROC-AUC: 0.985
2024-12-05 07:05 - INFO - 	 Best PR-AUC: 0.853
2024-12-05 07:05 - INFO - 	 Test-ROC-AUC under Best Validation ROC-AUC: 0.983
2024-12-05 07:05 - INFO - 	 Test-PR-AUC under Best Validation Best PR-AUC: 0.835
2024-12-05 07:05 - INFO - ---------------------------------------------
2024-12-05 07:13 - INFO - ---------------------------------------------
2024-12-05 07:13 - INFO - Epoch: 05 | Time: 8m 1s
2024-12-05 07:13 - INFO - 	 New best val_rocauc loss was found, current best value is 0.86609
2024-12-05 07:13 - INFO - 	 Train Loss: 0.071
2024-12-05 07:13 - INFO - 	 Val. Loss: 0.066
2024-12-05 07:13 - INFO - 	 ROC-AUC: 0.986
2024-12-05 07:13 - INFO - 	 PR-AUC: 0.866
2024-12-05 07:13 - INFO - 	 Best Val. Loss: 0.066
2024-12-05 07:13 - INFO - 	 Best ROC-AUC: 0.986
2024-12-05 07:13 - INFO - 	 Best PR-AUC: 0.866
2024-12-05 07:13 - INFO - 	 Test-ROC-AUC under Best Validation ROC-AUC: 0.981
2024-12-05 07:13 - INFO - 	 Test-PR-AUC under Best Validation Best PR-AUC: 0.834
2024-12-05 07:13 - INFO - ---------------------------------------------
2024-12-05 07:21 - INFO - ---------------------------------------------
2024-12-05 07:21 - INFO - Epoch: 06 | Time: 8m 2s
2024-12-05 07:21 - INFO - 	 New best val_rocauc loss was found, current best value is 0.87034
2024-12-05 07:21 - INFO - 	 Train Loss: 0.070
2024-12-05 07:21 - INFO - 	 Val. Loss: 0.064
2024-12-05 07:21 - INFO - 	 ROC-AUC: 0.987
2024-12-05 07:21 - INFO - 	 PR-AUC: 0.870
2024-12-05 07:21 - INFO - 	 Best Val. Loss: 0.064
2024-12-05 07:21 - INFO - 	 Best ROC-AUC: 0.987
2024-12-05 07:21 - INFO - 	 Best PR-AUC: 0.870
2024-12-05 07:21 - INFO - 	 Test-ROC-AUC under Best Validation ROC-AUC: 0.985
2024-12-05 07:21 - INFO - 	 Test-PR-AUC under Best Validation Best PR-AUC: 0.848
2024-12-05 07:21 - INFO - ---------------------------------------------
2024-12-05 07:29 - INFO - ---------------------------------------------
2024-12-05 07:29 - INFO - Epoch: 07 | Time: 8m 1s
2024-12-05 07:29 - INFO - 	 Train Loss: 0.068
2024-12-05 07:29 - INFO - 	 Val. Loss: 0.064
2024-12-05 07:29 - INFO - 	 ROC-AUC: 0.986
2024-12-05 07:29 - INFO - 	 PR-AUC: 0.866
2024-12-05 07:29 - INFO - 	 Best Val. Loss: 0.064
2024-12-05 07:29 - INFO - 	 Best ROC-AUC: 0.987
2024-12-05 07:29 - INFO - 	 Best PR-AUC: 0.870
2024-12-05 07:29 - INFO - 	 Test-ROC-AUC under Best Validation ROC-AUC: 0.985
2024-12-05 07:29 - INFO - 	 Test-PR-AUC under Best Validation Best PR-AUC: 0.848
2024-12-05 07:29 - INFO - ---------------------------------------------
2024-12-05 07:37 - INFO - ---------------------------------------------
2024-12-05 07:37 - INFO - Epoch: 08 | Time: 8m 1s
2024-12-05 07:37 - INFO - 	 Train Loss: 0.066
2024-12-05 07:37 - INFO - 	 Val. Loss: 0.062
2024-12-05 07:37 - INFO - 	 ROC-AUC: 0.987
2024-12-05 07:37 - INFO - 	 PR-AUC: 0.869
2024-12-05 07:37 - INFO - 	 Best Val. Loss: 0.062
2024-12-05 07:37 - INFO - 	 Best ROC-AUC: 0.987
2024-12-05 07:37 - INFO - 	 Best PR-AUC: 0.870
2024-12-05 07:37 - INFO - 	 Test-ROC-AUC under Best Validation ROC-AUC: 0.983
2024-12-05 07:37 - INFO - 	 Test-PR-AUC under Best Validation Best PR-AUC: 0.848
2024-12-05 07:37 - INFO - ---------------------------------------------
2024-12-05 07:45 - INFO - ---------------------------------------------
2024-12-05 07:45 - INFO - Epoch: 09 | Time: 8m 1s
2024-12-05 07:45 - INFO - 	 New best val_rocauc loss was found, current best value is 0.87529
2024-12-05 07:45 - INFO - 	 Train Loss: 0.065
2024-12-05 07:45 - INFO - 	 Val. Loss: 0.062
2024-12-05 07:45 - INFO - 	 ROC-AUC: 0.986
2024-12-05 07:45 - INFO - 	 PR-AUC: 0.875
2024-12-05 07:45 - INFO - 	 Best Val. Loss: 0.062
2024-12-05 07:45 - INFO - 	 Best ROC-AUC: 0.987
2024-12-05 07:45 - INFO - 	 Best PR-AUC: 0.875
2024-12-05 07:45 - INFO - 	 Test-ROC-AUC under Best Validation ROC-AUC: 0.983
2024-12-05 07:45 - INFO - 	 Test-PR-AUC under Best Validation Best PR-AUC: 0.859
2024-12-05 07:45 - INFO - ---------------------------------------------
2024-12-05 07:53 - INFO - ---------------------------------------------
2024-12-05 07:53 - INFO - Epoch: 10 | Time: 8m 1s
2024-12-05 07:53 - INFO - 	 Train Loss: 0.064
2024-12-05 07:53 - INFO - 	 Val. Loss: 0.060
2024-12-05 07:53 - INFO - 	 ROC-AUC: 0.987
2024-12-05 07:53 - INFO - 	 PR-AUC: 0.869
2024-12-05 07:53 - INFO - 	 Best Val. Loss: 0.060
2024-12-05 07:53 - INFO - 	 Best ROC-AUC: 0.987
2024-12-05 07:53 - INFO - 	 Best PR-AUC: 0.875
2024-12-05 07:53 - INFO - 	 Test-ROC-AUC under Best Validation ROC-AUC: 0.985
2024-12-05 07:53 - INFO - 	 Test-PR-AUC under Best Validation Best PR-AUC: 0.859
2024-12-05 07:53 - INFO - ---------------------------------------------
2024-12-05 07:55 - INFO - Fit the preprocessing pipeline
2024-12-05 07:55 - INFO - Training using device: cuda
2024-12-05 07:55 - INFO - Creating generators
2024-12-05 07:55 - INFO - The model has 2,246,929 trainable parameters
2024-12-05 07:55 - INFO - * Model:
2024-12-05 07:55 - INFO - * -----------
2024-12-05 07:55 - INFO - CombinedModel(
  (upstream_model): TSTransformerEncoderCNN(
    (project_input): Linear(in_features=12, out_features=128, bias=True)
    (encoder): Linear(in_features=12, out_features=128, bias=True)
    (transformer_encoder): TransformerEncoder(
      (layers): ModuleList(
        (0-7): 8 x TransformerEncoderLayer(
          (self_attn): MultiheadAttention(
            (out_proj): NonDynamicallyQuantizableLinear(in_features=128, out_features=128, bias=True)
          )
          (linear1): Linear(in_features=128, out_features=512, bias=True)
          (dropout): Dropout(p=0.4, inplace=False)
          (linear2): Linear(in_features=512, out_features=128, bias=True)
          (norm1): LayerNorm((128,), eps=1e-05, elementwise_affine=True)
          (norm2): LayerNorm((128,), eps=1e-05, elementwise_affine=True)
          (dropout1): Dropout(p=0.4, inplace=False)
          (dropout2): Dropout(p=0.4, inplace=False)
        )
      )
    )
    (output_layer): Linear(in_features=128, out_features=12, bias=True)
    (dropout1): Dropout(p=0.4, inplace=False)
    (cnn): Conv1d(128, 12, kernel_size=(3,), stride=(1,), padding=(1,))
  )
  (downstream_model): DownstreamInception(
    (conv1): ConvBlock(
      (conv): Conv1d(12, 64, kernel_size=(7,), stride=(2,), padding=(3,))
      (bn): BatchNorm1d(64, eps=1e-05, momentum=0.1, affine=True, track_running_stats=True)
    )
    (conv2): ConvBlock(
      (conv): Conv1d(64, 128, kernel_size=(3,), stride=(1,), padding=(1,))
      (bn): BatchNorm1d(128, eps=1e-05, momentum=0.1, affine=True, track_running_stats=True)
    )
    (maxpool): MaxPool1d(kernel_size=3, stride=2, padding=1, dilation=1, ceil_mode=False)
    (inception3a): InceptionBlock(
      (branch1): ConvBlock(
        (conv): Conv1d(128, 64, kernel_size=(1,), stride=(1,))
        (bn): BatchNorm1d(64, eps=1e-05, momentum=0.1, affine=True, track_running_stats=True)
      )
      (branch2): Sequential(
        (0): ConvBlock(
          (conv): Conv1d(128, 96, kernel_size=(1,), stride=(1,))
          (bn): BatchNorm1d(96, eps=1e-05, momentum=0.1, affine=True, track_running_stats=True)
        )
        (1): ConvBlock(
          (conv): Conv1d(96, 128, kernel_size=(3,), stride=(1,), padding=(1,))
          (bn): BatchNorm1d(128, eps=1e-05, momentum=0.1, affine=True, track_running_stats=True)
        )
      )
      (branch3): Sequential(
        (0): ConvBlock(
          (conv): Conv1d(128, 16, kernel_size=(1,), stride=(1,))
          (bn): BatchNorm1d(16, eps=1e-05, momentum=0.1, affine=True, track_running_stats=True)
        )
        (1): ConvBlock(
          (conv): Conv1d(16, 32, kernel_size=(5,), stride=(1,), padding=(2,))
          (bn): BatchNorm1d(32, eps=1e-05, momentum=0.1, affine=True, track_running_stats=True)
        )
      )
      (branch4): Sequential(
        (0): MaxPool2d(kernel_size=3, stride=1, padding=1, dilation=1, ceil_mode=False)
        (1): ConvBlock(
          (conv): Conv1d(128, 32, kernel_size=(1,), stride=(1,))
          (bn): BatchNorm1d(32, eps=1e-05, momentum=0.1, affine=True, track_running_stats=True)
        )
      )
    )
    (inception3b): InceptionBlock(
      (branch1): ConvBlock(
        (conv): Conv1d(256, 128, kernel_size=(1,), stride=(1,))
        (bn): BatchNorm1d(128, eps=1e-05, momentum=0.1, affine=True, track_running_stats=True)
      )
      (branch2): Sequential(
        (0): ConvBlock(
          (conv): Conv1d(256, 128, kernel_size=(1,), stride=(1,))
          (bn): BatchNorm1d(128, eps=1e-05, momentum=0.1, affine=True, track_running_stats=True)
        )
        (1): ConvBlock(
          (conv): Conv1d(128, 192, kernel_size=(3,), stride=(1,), padding=(1,))
          (bn): BatchNorm1d(192, eps=1e-05, momentum=0.1, affine=True, track_running_stats=True)
        )
      )
      (branch3): Sequential(
        (0): ConvBlock(
          (conv): Conv1d(256, 32, kernel_size=(1,), stride=(1,))
          (bn): BatchNorm1d(32, eps=1e-05, momentum=0.1, affine=True, track_running_stats=True)
        )
        (1): ConvBlock(
          (conv): Conv1d(32, 96, kernel_size=(5,), stride=(1,), padding=(2,))
          (bn): BatchNorm1d(96, eps=1e-05, momentum=0.1, affine=True, track_running_stats=True)
        )
      )
      (branch4): Sequential(
        (0): MaxPool2d(kernel_size=3, stride=1, padding=1, dilation=1, ceil_mode=False)
        (1): ConvBlock(
          (conv): Conv1d(256, 64, kernel_size=(1,), stride=(1,))
          (bn): BatchNorm1d(64, eps=1e-05, momentum=0.1, affine=True, track_running_stats=True)
        )
      )
    )
    (inception4a): InceptionBlock(
      (branch1): ConvBlock(
        (conv): Conv1d(480, 192, kernel_size=(1,), stride=(1,))
        (bn): BatchNorm1d(192, eps=1e-05, momentum=0.1, affine=True, track_running_stats=True)
      )
      (branch2): Sequential(
        (0): ConvBlock(
          (conv): Conv1d(480, 96, kernel_size=(1,), stride=(1,))
          (bn): BatchNorm1d(96, eps=1e-05, momentum=0.1, affine=True, track_running_stats=True)
        )
        (1): ConvBlock(
          (conv): Conv1d(96, 208, kernel_size=(3,), stride=(1,), padding=(1,))
          (bn): BatchNorm1d(208, eps=1e-05, momentum=0.1, affine=True, track_running_stats=True)
        )
      )
      (branch3): Sequential(
        (0): ConvBlock(
          (conv): Conv1d(480, 16, kernel_size=(1,), stride=(1,))
          (bn): BatchNorm1d(16, eps=1e-05, momentum=0.1, affine=True, track_running_stats=True)
        )
        (1): ConvBlock(
          (conv): Conv1d(16, 48, kernel_size=(5,), stride=(1,), padding=(2,))
          (bn): BatchNorm1d(48, eps=1e-05, momentum=0.1, affine=True, track_running_stats=True)
        )
      )
      (branch4): Sequential(
        (0): MaxPool2d(kernel_size=3, stride=1, padding=1, dilation=1, ceil_mode=False)
        (1): ConvBlock(
          (conv): Conv1d(480, 64, kernel_size=(1,), stride=(1,))
          (bn): BatchNorm1d(64, eps=1e-05, momentum=0.1, affine=True, track_running_stats=True)
        )
      )
    )
    (inception4b): InceptionBlock(
      (branch1): ConvBlock(
        (conv): Conv1d(512, 32, kernel_size=(1,), stride=(1,))
        (bn): BatchNorm1d(32, eps=1e-05, momentum=0.1, affine=True, track_running_stats=True)
      )
      (branch2): Sequential(
        (0): ConvBlock(
          (conv): Conv1d(512, 112, kernel_size=(1,), stride=(1,))
          (bn): BatchNorm1d(112, eps=1e-05, momentum=0.1, affine=True, track_running_stats=True)
        )
        (1): ConvBlock(
          (conv): Conv1d(112, 32, kernel_size=(3,), stride=(1,), padding=(1,))
          (bn): BatchNorm1d(32, eps=1e-05, momentum=0.1, affine=True, track_running_stats=True)
        )
      )
      (branch3): Sequential(
        (0): ConvBlock(
          (conv): Conv1d(512, 24, kernel_size=(1,), stride=(1,))
          (bn): BatchNorm1d(24, eps=1e-05, momentum=0.1, affine=True, track_running_stats=True)
        )
        (1): ConvBlock(
          (conv): Conv1d(24, 64, kernel_size=(5,), stride=(1,), padding=(2,))
          (bn): BatchNorm1d(64, eps=1e-05, momentum=0.1, affine=True, track_running_stats=True)
        )
      )
      (branch4): Sequential(
        (0): MaxPool2d(kernel_size=3, stride=1, padding=1, dilation=1, ceil_mode=False)
        (1): ConvBlock(
          (conv): Conv1d(512, 32, kernel_size=(1,), stride=(1,))
          (bn): BatchNorm1d(32, eps=1e-05, momentum=0.1, affine=True, track_running_stats=True)
        )
      )
    )
    (avgpool): AvgPool1d(kernel_size=(5,), stride=(1,), padding=(0,))
    (dropout): Dropout(p=0.5, inplace=False)
    (fc): Linear(in_features=8480, out_features=1, bias=True)
    (sigmoid): Sigmoid()
  )
)
2024-12-05 07:55 - INFO - * -----------
2024-12-05 08:03 - INFO - ---------------------------------------------
2024-12-05 08:03 - INFO - Epoch: 01 | Time: 8m 1s
2024-12-05 08:03 - INFO - 	 New best val_rocauc loss was found, current best value is 0.3221
2024-12-05 08:03 - INFO - 	 Train Loss: 0.234
2024-12-05 08:03 - INFO - 	 Val. Loss: 0.217
2024-12-05 08:03 - INFO - 	 ROC-AUC: 0.876
2024-12-05 08:03 - INFO - 	 PR-AUC: 0.322
2024-12-05 08:03 - INFO - 	 Best Val. Loss: 0.217
2024-12-05 08:03 - INFO - 	 Best ROC-AUC: 0.876
2024-12-05 08:03 - INFO - 	 Best PR-AUC: 0.322
2024-12-05 08:03 - INFO - 	 Test-ROC-AUC under Best Validation ROC-AUC: 0.872
2024-12-05 08:03 - INFO - 	 Test-PR-AUC under Best Validation Best PR-AUC: 0.372
2024-12-05 08:03 - INFO - ---------------------------------------------
2024-12-05 08:11 - INFO - ---------------------------------------------
2024-12-05 08:11 - INFO - Epoch: 02 | Time: 8m 0s
2024-12-05 08:11 - INFO - 	 New best val_rocauc loss was found, current best value is 0.79664
2024-12-05 08:11 - INFO - 	 Train Loss: 0.119
2024-12-05 08:11 - INFO - 	 Val. Loss: 0.089
2024-12-05 08:11 - INFO - 	 ROC-AUC: 0.979
2024-12-05 08:11 - INFO - 	 PR-AUC: 0.797
2024-12-05 08:11 - INFO - 	 Best Val. Loss: 0.089
2024-12-05 08:11 - INFO - 	 Best ROC-AUC: 0.979
2024-12-05 08:11 - INFO - 	 Best PR-AUC: 0.797
2024-12-05 08:11 - INFO - 	 Test-ROC-AUC under Best Validation ROC-AUC: 0.976
2024-12-05 08:11 - INFO - 	 Test-PR-AUC under Best Validation Best PR-AUC: 0.755
2024-12-05 08:11 - INFO - ---------------------------------------------
2024-12-05 08:19 - INFO - ---------------------------------------------
2024-12-05 08:19 - INFO - Epoch: 03 | Time: 8m 1s
2024-12-05 08:19 - INFO - 	 New best val_rocauc loss was found, current best value is 0.84754
2024-12-05 08:19 - INFO - 	 Train Loss: 0.085
2024-12-05 08:19 - INFO - 	 Val. Loss: 0.073
2024-12-05 08:19 - INFO - 	 ROC-AUC: 0.984
2024-12-05 08:19 - INFO - 	 PR-AUC: 0.848
2024-12-05 08:19 - INFO - 	 Best Val. Loss: 0.073
2024-12-05 08:19 - INFO - 	 Best ROC-AUC: 0.984
2024-12-05 08:19 - INFO - 	 Best PR-AUC: 0.848
2024-12-05 08:19 - INFO - 	 Test-ROC-AUC under Best Validation ROC-AUC: 0.980
2024-12-05 08:19 - INFO - 	 Test-PR-AUC under Best Validation Best PR-AUC: 0.825
2024-12-05 08:19 - INFO - ---------------------------------------------
2024-12-05 08:27 - INFO - ---------------------------------------------
2024-12-05 08:27 - INFO - Epoch: 04 | Time: 8m 2s
2024-12-05 08:27 - INFO - 	 New best val_rocauc loss was found, current best value is 0.86048
2024-12-05 08:27 - INFO - 	 Train Loss: 0.078
2024-12-05 08:27 - INFO - 	 Val. Loss: 0.069
2024-12-05 08:27 - INFO - 	 ROC-AUC: 0.984
2024-12-05 08:27 - INFO - 	 PR-AUC: 0.860
2024-12-05 08:27 - INFO - 	 Best Val. Loss: 0.069
2024-12-05 08:27 - INFO - 	 Best ROC-AUC: 0.984
2024-12-05 08:27 - INFO - 	 Best PR-AUC: 0.860
2024-12-05 08:27 - INFO - 	 Test-ROC-AUC under Best Validation ROC-AUC: 0.980
2024-12-05 08:27 - INFO - 	 Test-PR-AUC under Best Validation Best PR-AUC: 0.832
2024-12-05 08:27 - INFO - ---------------------------------------------
2024-12-05 08:35 - INFO - ---------------------------------------------
2024-12-05 08:35 - INFO - Epoch: 05 | Time: 8m 1s
2024-12-05 08:35 - INFO - 	 New best val_rocauc loss was found, current best value is 0.87396
2024-12-05 08:35 - INFO - 	 Train Loss: 0.073
2024-12-05 08:35 - INFO - 	 Val. Loss: 0.064
2024-12-05 08:35 - INFO - 	 ROC-AUC: 0.986
2024-12-05 08:35 - INFO - 	 PR-AUC: 0.874
2024-12-05 08:35 - INFO - 	 Best Val. Loss: 0.064
2024-12-05 08:35 - INFO - 	 Best ROC-AUC: 0.986
2024-12-05 08:35 - INFO - 	 Best PR-AUC: 0.874
2024-12-05 08:35 - INFO - 	 Test-ROC-AUC under Best Validation ROC-AUC: 0.983
2024-12-05 08:35 - INFO - 	 Test-PR-AUC under Best Validation Best PR-AUC: 0.855
2024-12-05 08:35 - INFO - ---------------------------------------------
2024-12-05 08:43 - INFO - ---------------------------------------------
2024-12-05 08:43 - INFO - Epoch: 06 | Time: 8m 2s
2024-12-05 08:43 - INFO - 	 Train Loss: 0.070
2024-12-05 08:43 - INFO - 	 Val. Loss: 0.063
2024-12-05 08:43 - INFO - 	 ROC-AUC: 0.986
2024-12-05 08:43 - INFO - 	 PR-AUC: 0.874
2024-12-05 08:43 - INFO - 	 Best Val. Loss: 0.063
2024-12-05 08:43 - INFO - 	 Best ROC-AUC: 0.986
2024-12-05 08:43 - INFO - 	 Best PR-AUC: 0.874
2024-12-05 08:43 - INFO - 	 Test-ROC-AUC under Best Validation ROC-AUC: 0.983
2024-12-05 08:43 - INFO - 	 Test-PR-AUC under Best Validation Best PR-AUC: 0.855
2024-12-05 08:43 - INFO - ---------------------------------------------
2024-12-05 08:51 - INFO - ---------------------------------------------
2024-12-05 08:51 - INFO - Epoch: 07 | Time: 8m 2s
2024-12-05 08:51 - INFO - 	 New best val_rocauc loss was found, current best value is 0.87563
2024-12-05 08:51 - INFO - 	 Train Loss: 0.068
2024-12-05 08:51 - INFO - 	 Val. Loss: 0.061
2024-12-05 08:51 - INFO - 	 ROC-AUC: 0.987
2024-12-05 08:51 - INFO - 	 PR-AUC: 0.876
2024-12-05 08:51 - INFO - 	 Best Val. Loss: 0.061
2024-12-05 08:51 - INFO - 	 Best ROC-AUC: 0.987
2024-12-05 08:51 - INFO - 	 Best PR-AUC: 0.876
2024-12-05 08:51 - INFO - 	 Test-ROC-AUC under Best Validation ROC-AUC: 0.985
2024-12-05 08:51 - INFO - 	 Test-PR-AUC under Best Validation Best PR-AUC: 0.862
2024-12-05 08:51 - INFO - ---------------------------------------------
2024-12-05 08:59 - INFO - ---------------------------------------------
2024-12-05 08:59 - INFO - Epoch: 08 | Time: 8m 2s
2024-12-05 08:59 - INFO - 	 Train Loss: 0.065
2024-12-05 08:59 - INFO - 	 Val. Loss: 0.061
2024-12-05 08:59 - INFO - 	 ROC-AUC: 0.988
2024-12-05 08:59 - INFO - 	 PR-AUC: 0.875
2024-12-05 08:59 - INFO - 	 Best Val. Loss: 0.061
2024-12-05 08:59 - INFO - 	 Best ROC-AUC: 0.988
2024-12-05 08:59 - INFO - 	 Best PR-AUC: 0.876
2024-12-05 08:59 - INFO - 	 Test-ROC-AUC under Best Validation ROC-AUC: 0.984
2024-12-05 08:59 - INFO - 	 Test-PR-AUC under Best Validation Best PR-AUC: 0.862
2024-12-05 08:59 - INFO - ---------------------------------------------
2024-12-05 09:07 - INFO - ---------------------------------------------
2024-12-05 09:07 - INFO - Epoch: 09 | Time: 8m 2s
2024-12-05 09:07 - INFO - 	 New best val_rocauc loss was found, current best value is 0.88571
2024-12-05 09:07 - INFO - 	 Train Loss: 0.064
2024-12-05 09:07 - INFO - 	 Val. Loss: 0.058
2024-12-05 09:07 - INFO - 	 ROC-AUC: 0.988
2024-12-05 09:07 - INFO - 	 PR-AUC: 0.886
2024-12-05 09:07 - INFO - 	 Best Val. Loss: 0.058
2024-12-05 09:07 - INFO - 	 Best ROC-AUC: 0.988
2024-12-05 09:07 - INFO - 	 Best PR-AUC: 0.886
2024-12-05 09:07 - INFO - 	 Test-ROC-AUC under Best Validation ROC-AUC: 0.986
2024-12-05 09:07 - INFO - 	 Test-PR-AUC under Best Validation Best PR-AUC: 0.870
2024-12-05 09:07 - INFO - ---------------------------------------------
2024-12-05 09:15 - INFO - ---------------------------------------------
2024-12-05 09:15 - INFO - Epoch: 10 | Time: 8m 1s
2024-12-05 09:15 - INFO - 	 New best val_rocauc loss was found, current best value is 0.88729
2024-12-05 09:15 - INFO - 	 Train Loss: 0.063
2024-12-05 09:15 - INFO - 	 Val. Loss: 0.059
2024-12-05 09:15 - INFO - 	 ROC-AUC: 0.987
2024-12-05 09:15 - INFO - 	 PR-AUC: 0.887
2024-12-05 09:15 - INFO - 	 Best Val. Loss: 0.058
2024-12-05 09:15 - INFO - 	 Best ROC-AUC: 0.988
2024-12-05 09:15 - INFO - 	 Best PR-AUC: 0.887
2024-12-05 09:15 - INFO - 	 Test-ROC-AUC under Best Validation ROC-AUC: 0.986
2024-12-05 09:15 - INFO - 	 Test-PR-AUC under Best Validation Best PR-AUC: 0.870
2024-12-05 09:15 - INFO - ---------------------------------------------
