2024-12-05 16:12 - INFO - Fit the preprocessing pipeline
2024-12-05 16:12 - INFO - Training using device: cuda
2024-12-05 16:12 - INFO - Creating generators
2024-12-05 16:12 - INFO - The model has 2,246,929 trainable parameters
2024-12-05 16:12 - INFO - * Model:
2024-12-05 16:12 - INFO - * -----------
2024-12-05 16:12 - INFO - CombinedModel(
  (upstream_model): TSTransformerEncoderCNN(
    (project_input): Linear(in_features=12, out_features=128, bias=True)
    (encoder): Linear(in_features=12, out_features=128, bias=True)
    (transformer_encoder): TransformerEncoder(
      (layers): ModuleList(
        (0-7): 8 x TransformerEncoderLayer(
          (self_attn): MultiheadAttention(
            (out_proj): NonDynamicallyQuantizableLinear(in_features=128, out_features=128, bias=True)
          )
          (linear1): Linear(in_features=128, out_features=512, bias=True)
          (dropout): Dropout(p=0.4, inplace=False)
          (linear2): Linear(in_features=512, out_features=128, bias=True)
          (norm1): LayerNorm((128,), eps=1e-05, elementwise_affine=True)
          (norm2): LayerNorm((128,), eps=1e-05, elementwise_affine=True)
          (dropout1): Dropout(p=0.4, inplace=False)
          (dropout2): Dropout(p=0.4, inplace=False)
        )
      )
    )
    (output_layer): Linear(in_features=128, out_features=12, bias=True)
    (dropout1): Dropout(p=0.4, inplace=False)
    (cnn): Conv1d(128, 12, kernel_size=(3,), stride=(1,), padding=(1,))
  )
  (downstream_model): DownstreamInception(
    (conv1): ConvBlock(
      (conv): Conv1d(12, 64, kernel_size=(7,), stride=(2,), padding=(3,))
      (bn): BatchNorm1d(64, eps=1e-05, momentum=0.1, affine=True, track_running_stats=True)
    )
    (conv2): ConvBlock(
      (conv): Conv1d(64, 128, kernel_size=(3,), stride=(1,), padding=(1,))
      (bn): BatchNorm1d(128, eps=1e-05, momentum=0.1, affine=True, track_running_stats=True)
    )
    (maxpool): MaxPool1d(kernel_size=3, stride=2, padding=1, dilation=1, ceil_mode=False)
    (inception3a): InceptionBlock(
      (branch1): ConvBlock(
        (conv): Conv1d(128, 64, kernel_size=(1,), stride=(1,))
        (bn): BatchNorm1d(64, eps=1e-05, momentum=0.1, affine=True, track_running_stats=True)
      )
      (branch2): Sequential(
        (0): ConvBlock(
          (conv): Conv1d(128, 96, kernel_size=(1,), stride=(1,))
          (bn): BatchNorm1d(96, eps=1e-05, momentum=0.1, affine=True, track_running_stats=True)
        )
        (1): ConvBlock(
          (conv): Conv1d(96, 128, kernel_size=(3,), stride=(1,), padding=(1,))
          (bn): BatchNorm1d(128, eps=1e-05, momentum=0.1, affine=True, track_running_stats=True)
        )
      )
      (branch3): Sequential(
        (0): ConvBlock(
          (conv): Conv1d(128, 16, kernel_size=(1,), stride=(1,))
          (bn): BatchNorm1d(16, eps=1e-05, momentum=0.1, affine=True, track_running_stats=True)
        )
        (1): ConvBlock(
          (conv): Conv1d(16, 32, kernel_size=(5,), stride=(1,), padding=(2,))
          (bn): BatchNorm1d(32, eps=1e-05, momentum=0.1, affine=True, track_running_stats=True)
        )
      )
      (branch4): Sequential(
        (0): MaxPool2d(kernel_size=3, stride=1, padding=1, dilation=1, ceil_mode=False)
        (1): ConvBlock(
          (conv): Conv1d(128, 32, kernel_size=(1,), stride=(1,))
          (bn): BatchNorm1d(32, eps=1e-05, momentum=0.1, affine=True, track_running_stats=True)
        )
      )
    )
    (inception3b): InceptionBlock(
      (branch1): ConvBlock(
        (conv): Conv1d(256, 128, kernel_size=(1,), stride=(1,))
        (bn): BatchNorm1d(128, eps=1e-05, momentum=0.1, affine=True, track_running_stats=True)
      )
      (branch2): Sequential(
        (0): ConvBlock(
          (conv): Conv1d(256, 128, kernel_size=(1,), stride=(1,))
          (bn): BatchNorm1d(128, eps=1e-05, momentum=0.1, affine=True, track_running_stats=True)
        )
        (1): ConvBlock(
          (conv): Conv1d(128, 192, kernel_size=(3,), stride=(1,), padding=(1,))
          (bn): BatchNorm1d(192, eps=1e-05, momentum=0.1, affine=True, track_running_stats=True)
        )
      )
      (branch3): Sequential(
        (0): ConvBlock(
          (conv): Conv1d(256, 32, kernel_size=(1,), stride=(1,))
          (bn): BatchNorm1d(32, eps=1e-05, momentum=0.1, affine=True, track_running_stats=True)
        )
        (1): ConvBlock(
          (conv): Conv1d(32, 96, kernel_size=(5,), stride=(1,), padding=(2,))
          (bn): BatchNorm1d(96, eps=1e-05, momentum=0.1, affine=True, track_running_stats=True)
        )
      )
      (branch4): Sequential(
        (0): MaxPool2d(kernel_size=3, stride=1, padding=1, dilation=1, ceil_mode=False)
        (1): ConvBlock(
          (conv): Conv1d(256, 64, kernel_size=(1,), stride=(1,))
          (bn): BatchNorm1d(64, eps=1e-05, momentum=0.1, affine=True, track_running_stats=True)
        )
      )
    )
    (inception4a): InceptionBlock(
      (branch1): ConvBlock(
        (conv): Conv1d(480, 192, kernel_size=(1,), stride=(1,))
        (bn): BatchNorm1d(192, eps=1e-05, momentum=0.1, affine=True, track_running_stats=True)
      )
      (branch2): Sequential(
        (0): ConvBlock(
          (conv): Conv1d(480, 96, kernel_size=(1,), stride=(1,))
          (bn): BatchNorm1d(96, eps=1e-05, momentum=0.1, affine=True, track_running_stats=True)
        )
        (1): ConvBlock(
          (conv): Conv1d(96, 208, kernel_size=(3,), stride=(1,), padding=(1,))
          (bn): BatchNorm1d(208, eps=1e-05, momentum=0.1, affine=True, track_running_stats=True)
        )
      )
      (branch3): Sequential(
        (0): ConvBlock(
          (conv): Conv1d(480, 16, kernel_size=(1,), stride=(1,))
          (bn): BatchNorm1d(16, eps=1e-05, momentum=0.1, affine=True, track_running_stats=True)
        )
        (1): ConvBlock(
          (conv): Conv1d(16, 48, kernel_size=(5,), stride=(1,), padding=(2,))
          (bn): BatchNorm1d(48, eps=1e-05, momentum=0.1, affine=True, track_running_stats=True)
        )
      )
      (branch4): Sequential(
        (0): MaxPool2d(kernel_size=3, stride=1, padding=1, dilation=1, ceil_mode=False)
        (1): ConvBlock(
          (conv): Conv1d(480, 64, kernel_size=(1,), stride=(1,))
          (bn): BatchNorm1d(64, eps=1e-05, momentum=0.1, affine=True, track_running_stats=True)
        )
      )
    )
    (inception4b): InceptionBlock(
      (branch1): ConvBlock(
        (conv): Conv1d(512, 32, kernel_size=(1,), stride=(1,))
        (bn): BatchNorm1d(32, eps=1e-05, momentum=0.1, affine=True, track_running_stats=True)
      )
      (branch2): Sequential(
        (0): ConvBlock(
          (conv): Conv1d(512, 112, kernel_size=(1,), stride=(1,))
          (bn): BatchNorm1d(112, eps=1e-05, momentum=0.1, affine=True, track_running_stats=True)
        )
        (1): ConvBlock(
          (conv): Conv1d(112, 32, kernel_size=(3,), stride=(1,), padding=(1,))
          (bn): BatchNorm1d(32, eps=1e-05, momentum=0.1, affine=True, track_running_stats=True)
        )
      )
      (branch3): Sequential(
        (0): ConvBlock(
          (conv): Conv1d(512, 24, kernel_size=(1,), stride=(1,))
          (bn): BatchNorm1d(24, eps=1e-05, momentum=0.1, affine=True, track_running_stats=True)
        )
        (1): ConvBlock(
          (conv): Conv1d(24, 64, kernel_size=(5,), stride=(1,), padding=(2,))
          (bn): BatchNorm1d(64, eps=1e-05, momentum=0.1, affine=True, track_running_stats=True)
        )
      )
      (branch4): Sequential(
        (0): MaxPool2d(kernel_size=3, stride=1, padding=1, dilation=1, ceil_mode=False)
        (1): ConvBlock(
          (conv): Conv1d(512, 32, kernel_size=(1,), stride=(1,))
          (bn): BatchNorm1d(32, eps=1e-05, momentum=0.1, affine=True, track_running_stats=True)
        )
      )
    )
    (avgpool): AvgPool1d(kernel_size=(5,), stride=(1,), padding=(0,))
    (dropout): Dropout(p=0.5, inplace=False)
    (fc): Linear(in_features=8480, out_features=1, bias=True)
    (sigmoid): Sigmoid()
  )
)
2024-12-05 16:12 - INFO - * -----------
2024-12-05 16:20 - INFO - ---------------------------------------------
2024-12-05 16:20 - INFO - Epoch: 01 | Time: 8m 1s
2024-12-05 16:20 - INFO - 	 New best val_rocauc loss was found, current best value is 0.23866
2024-12-05 16:20 - INFO - 	 Train Loss: 0.244
2024-12-05 16:20 - INFO - 	 Val. Loss: 0.238
2024-12-05 16:20 - INFO - 	 ROC-AUC: 0.808
2024-12-05 16:20 - INFO - 	 PR-AUC: 0.239
2024-12-05 16:20 - INFO - 	 Best Val. Loss: 0.238
2024-12-05 16:20 - INFO - 	 Best ROC-AUC: 0.808
2024-12-05 16:20 - INFO - 	 Best PR-AUC: 0.239
2024-12-05 16:20 - INFO - 	 Test-ROC-AUC under Best Validation ROC-AUC: 0.809
2024-12-05 16:20 - INFO - 	 Test-PR-AUC under Best Validation Best PR-AUC: 0.289
2024-12-05 16:20 - INFO - ---------------------------------------------
2024-12-05 16:28 - INFO - ---------------------------------------------
2024-12-05 16:28 - INFO - Epoch: 02 | Time: 8m 0s
2024-12-05 16:28 - INFO - 	 New best val_rocauc loss was found, current best value is 0.63833
2024-12-05 16:28 - INFO - 	 Train Loss: 0.178
2024-12-05 16:28 - INFO - 	 Val. Loss: 0.131
2024-12-05 16:28 - INFO - 	 ROC-AUC: 0.960
2024-12-05 16:28 - INFO - 	 PR-AUC: 0.638
2024-12-05 16:28 - INFO - 	 Best Val. Loss: 0.131
2024-12-05 16:28 - INFO - 	 Best ROC-AUC: 0.960
2024-12-05 16:28 - INFO - 	 Best PR-AUC: 0.638
2024-12-05 16:28 - INFO - 	 Test-ROC-AUC under Best Validation ROC-AUC: 0.956
2024-12-05 16:28 - INFO - 	 Test-PR-AUC under Best Validation Best PR-AUC: 0.634
2024-12-05 16:28 - INFO - ---------------------------------------------
2024-12-05 16:36 - INFO - ---------------------------------------------
2024-12-05 16:36 - INFO - Epoch: 03 | Time: 8m 0s
2024-12-05 16:36 - INFO - 	 New best val_rocauc loss was found, current best value is 0.79214
2024-12-05 16:36 - INFO - 	 Train Loss: 0.099
2024-12-05 16:36 - INFO - 	 Val. Loss: 0.086
2024-12-05 16:36 - INFO - 	 ROC-AUC: 0.979
2024-12-05 16:36 - INFO - 	 PR-AUC: 0.792
2024-12-05 16:36 - INFO - 	 Best Val. Loss: 0.086
2024-12-05 16:36 - INFO - 	 Best ROC-AUC: 0.979
2024-12-05 16:36 - INFO - 	 Best PR-AUC: 0.792
2024-12-05 16:36 - INFO - 	 Test-ROC-AUC under Best Validation ROC-AUC: 0.979
2024-12-05 16:36 - INFO - 	 Test-PR-AUC under Best Validation Best PR-AUC: 0.787
2024-12-05 16:36 - INFO - ---------------------------------------------
2024-12-05 16:44 - INFO - ---------------------------------------------
2024-12-05 16:44 - INFO - Epoch: 04 | Time: 8m 0s
2024-12-05 16:44 - INFO - 	 New best val_rocauc loss was found, current best value is 0.84126
2024-12-05 16:44 - INFO - 	 Train Loss: 0.085
2024-12-05 16:44 - INFO - 	 Val. Loss: 0.083
2024-12-05 16:44 - INFO - 	 ROC-AUC: 0.983
2024-12-05 16:44 - INFO - 	 PR-AUC: 0.841
2024-12-05 16:44 - INFO - 	 Best Val. Loss: 0.083
2024-12-05 16:44 - INFO - 	 Best ROC-AUC: 0.983
2024-12-05 16:44 - INFO - 	 Best PR-AUC: 0.841
2024-12-05 16:44 - INFO - 	 Test-ROC-AUC under Best Validation ROC-AUC: 0.982
2024-12-05 16:44 - INFO - 	 Test-PR-AUC under Best Validation Best PR-AUC: 0.808
2024-12-05 16:44 - INFO - ---------------------------------------------
2024-12-05 16:52 - INFO - ---------------------------------------------
2024-12-05 16:52 - INFO - Epoch: 05 | Time: 8m 0s
2024-12-05 16:52 - INFO - 	 Train Loss: 0.080
2024-12-05 16:52 - INFO - 	 Val. Loss: 0.072
2024-12-05 16:52 - INFO - 	 ROC-AUC: 0.983
2024-12-05 16:52 - INFO - 	 PR-AUC: 0.837
2024-12-05 16:52 - INFO - 	 Best Val. Loss: 0.072
2024-12-05 16:52 - INFO - 	 Best ROC-AUC: 0.983
2024-12-05 16:52 - INFO - 	 Best PR-AUC: 0.841
2024-12-05 16:52 - INFO - 	 Test-ROC-AUC under Best Validation ROC-AUC: 0.982
2024-12-05 16:52 - INFO - 	 Test-PR-AUC under Best Validation Best PR-AUC: 0.808
2024-12-05 16:52 - INFO - ---------------------------------------------
2024-12-05 17:00 - INFO - ---------------------------------------------
2024-12-05 17:00 - INFO - Epoch: 06 | Time: 8m 0s
2024-12-05 17:00 - INFO - 	 New best val_rocauc loss was found, current best value is 0.84451
2024-12-05 17:00 - INFO - 	 Train Loss: 0.078
2024-12-05 17:00 - INFO - 	 Val. Loss: 0.074
2024-12-05 17:00 - INFO - 	 ROC-AUC: 0.983
2024-12-05 17:00 - INFO - 	 PR-AUC: 0.845
2024-12-05 17:00 - INFO - 	 Best Val. Loss: 0.072
2024-12-05 17:00 - INFO - 	 Best ROC-AUC: 0.983
2024-12-05 17:00 - INFO - 	 Best PR-AUC: 0.845
2024-12-05 17:00 - INFO - 	 Test-ROC-AUC under Best Validation ROC-AUC: 0.982
2024-12-05 17:00 - INFO - 	 Test-PR-AUC under Best Validation Best PR-AUC: 0.814
2024-12-05 17:00 - INFO - ---------------------------------------------
2024-12-05 17:08 - INFO - ---------------------------------------------
2024-12-05 17:08 - INFO - Epoch: 07 | Time: 8m 0s
2024-12-05 17:08 - INFO - 	 New best val_rocauc loss was found, current best value is 0.8579
2024-12-05 17:08 - INFO - 	 Train Loss: 0.075
2024-12-05 17:08 - INFO - 	 Val. Loss: 0.066
2024-12-05 17:08 - INFO - 	 ROC-AUC: 0.985
2024-12-05 17:08 - INFO - 	 PR-AUC: 0.858
2024-12-05 17:08 - INFO - 	 Best Val. Loss: 0.066
2024-12-05 17:08 - INFO - 	 Best ROC-AUC: 0.985
2024-12-05 17:08 - INFO - 	 Best PR-AUC: 0.858
2024-12-05 17:08 - INFO - 	 Test-ROC-AUC under Best Validation ROC-AUC: 0.983
2024-12-05 17:08 - INFO - 	 Test-PR-AUC under Best Validation Best PR-AUC: 0.826
2024-12-05 17:08 - INFO - ---------------------------------------------
2024-12-05 17:16 - INFO - ---------------------------------------------
2024-12-05 17:16 - INFO - Epoch: 08 | Time: 8m 0s
2024-12-05 17:16 - INFO - 	 New best val_rocauc loss was found, current best value is 0.86274
2024-12-05 17:16 - INFO - 	 Train Loss: 0.073
2024-12-05 17:16 - INFO - 	 Val. Loss: 0.065
2024-12-05 17:16 - INFO - 	 ROC-AUC: 0.986
2024-12-05 17:16 - INFO - 	 PR-AUC: 0.863
2024-12-05 17:16 - INFO - 	 Best Val. Loss: 0.065
2024-12-05 17:16 - INFO - 	 Best ROC-AUC: 0.986
2024-12-05 17:16 - INFO - 	 Best PR-AUC: 0.863
2024-12-05 17:16 - INFO - 	 Test-ROC-AUC under Best Validation ROC-AUC: 0.985
2024-12-05 17:16 - INFO - 	 Test-PR-AUC under Best Validation Best PR-AUC: 0.846
2024-12-05 17:16 - INFO - ---------------------------------------------
2024-12-05 17:24 - INFO - ---------------------------------------------
2024-12-05 17:24 - INFO - Epoch: 09 | Time: 8m 0s
2024-12-05 17:24 - INFO - 	 New best val_rocauc loss was found, current best value is 0.86402
2024-12-05 17:24 - INFO - 	 Train Loss: 0.071
2024-12-05 17:24 - INFO - 	 Val. Loss: 0.064
2024-12-05 17:24 - INFO - 	 ROC-AUC: 0.986
2024-12-05 17:24 - INFO - 	 PR-AUC: 0.864
2024-12-05 17:24 - INFO - 	 Best Val. Loss: 0.064
2024-12-05 17:24 - INFO - 	 Best ROC-AUC: 0.986
2024-12-05 17:24 - INFO - 	 Best PR-AUC: 0.864
2024-12-05 17:24 - INFO - 	 Test-ROC-AUC under Best Validation ROC-AUC: 0.986
2024-12-05 17:24 - INFO - 	 Test-PR-AUC under Best Validation Best PR-AUC: 0.856
2024-12-05 17:24 - INFO - ---------------------------------------------
2024-12-05 17:32 - INFO - ---------------------------------------------
2024-12-05 17:32 - INFO - Epoch: 10 | Time: 7m 59s
2024-12-05 17:32 - INFO - 	 Train Loss: 0.069
2024-12-05 17:32 - INFO - 	 Val. Loss: 0.063
2024-12-05 17:32 - INFO - 	 ROC-AUC: 0.987
2024-12-05 17:32 - INFO - 	 PR-AUC: 0.862
2024-12-05 17:32 - INFO - 	 Best Val. Loss: 0.063
2024-12-05 17:32 - INFO - 	 Best ROC-AUC: 0.987
2024-12-05 17:32 - INFO - 	 Best PR-AUC: 0.864
2024-12-05 17:32 - INFO - 	 Test-ROC-AUC under Best Validation ROC-AUC: 0.985
2024-12-05 17:32 - INFO - 	 Test-PR-AUC under Best Validation Best PR-AUC: 0.856
2024-12-05 17:32 - INFO - ---------------------------------------------
2024-12-05 17:34 - INFO - Fit the preprocessing pipeline
2024-12-05 17:34 - INFO - Training using device: cuda
2024-12-05 17:34 - INFO - Creating generators
2024-12-05 17:34 - INFO - The model has 2,246,929 trainable parameters
2024-12-05 17:34 - INFO - * Model:
2024-12-05 17:34 - INFO - * -----------
2024-12-05 17:34 - INFO - CombinedModel(
  (upstream_model): TSTransformerEncoderCNN(
    (project_input): Linear(in_features=12, out_features=128, bias=True)
    (encoder): Linear(in_features=12, out_features=128, bias=True)
    (transformer_encoder): TransformerEncoder(
      (layers): ModuleList(
        (0-7): 8 x TransformerEncoderLayer(
          (self_attn): MultiheadAttention(
            (out_proj): NonDynamicallyQuantizableLinear(in_features=128, out_features=128, bias=True)
          )
          (linear1): Linear(in_features=128, out_features=512, bias=True)
          (dropout): Dropout(p=0.4, inplace=False)
          (linear2): Linear(in_features=512, out_features=128, bias=True)
          (norm1): LayerNorm((128,), eps=1e-05, elementwise_affine=True)
          (norm2): LayerNorm((128,), eps=1e-05, elementwise_affine=True)
          (dropout1): Dropout(p=0.4, inplace=False)
          (dropout2): Dropout(p=0.4, inplace=False)
        )
      )
    )
    (output_layer): Linear(in_features=128, out_features=12, bias=True)
    (dropout1): Dropout(p=0.4, inplace=False)
    (cnn): Conv1d(128, 12, kernel_size=(3,), stride=(1,), padding=(1,))
  )
  (downstream_model): DownstreamInception(
    (conv1): ConvBlock(
      (conv): Conv1d(12, 64, kernel_size=(7,), stride=(2,), padding=(3,))
      (bn): BatchNorm1d(64, eps=1e-05, momentum=0.1, affine=True, track_running_stats=True)
    )
    (conv2): ConvBlock(
      (conv): Conv1d(64, 128, kernel_size=(3,), stride=(1,), padding=(1,))
      (bn): BatchNorm1d(128, eps=1e-05, momentum=0.1, affine=True, track_running_stats=True)
    )
    (maxpool): MaxPool1d(kernel_size=3, stride=2, padding=1, dilation=1, ceil_mode=False)
    (inception3a): InceptionBlock(
      (branch1): ConvBlock(
        (conv): Conv1d(128, 64, kernel_size=(1,), stride=(1,))
        (bn): BatchNorm1d(64, eps=1e-05, momentum=0.1, affine=True, track_running_stats=True)
      )
      (branch2): Sequential(
        (0): ConvBlock(
          (conv): Conv1d(128, 96, kernel_size=(1,), stride=(1,))
          (bn): BatchNorm1d(96, eps=1e-05, momentum=0.1, affine=True, track_running_stats=True)
        )
        (1): ConvBlock(
          (conv): Conv1d(96, 128, kernel_size=(3,), stride=(1,), padding=(1,))
          (bn): BatchNorm1d(128, eps=1e-05, momentum=0.1, affine=True, track_running_stats=True)
        )
      )
      (branch3): Sequential(
        (0): ConvBlock(
          (conv): Conv1d(128, 16, kernel_size=(1,), stride=(1,))
          (bn): BatchNorm1d(16, eps=1e-05, momentum=0.1, affine=True, track_running_stats=True)
        )
        (1): ConvBlock(
          (conv): Conv1d(16, 32, kernel_size=(5,), stride=(1,), padding=(2,))
          (bn): BatchNorm1d(32, eps=1e-05, momentum=0.1, affine=True, track_running_stats=True)
        )
      )
      (branch4): Sequential(
        (0): MaxPool2d(kernel_size=3, stride=1, padding=1, dilation=1, ceil_mode=False)
        (1): ConvBlock(
          (conv): Conv1d(128, 32, kernel_size=(1,), stride=(1,))
          (bn): BatchNorm1d(32, eps=1e-05, momentum=0.1, affine=True, track_running_stats=True)
        )
      )
    )
    (inception3b): InceptionBlock(
      (branch1): ConvBlock(
        (conv): Conv1d(256, 128, kernel_size=(1,), stride=(1,))
        (bn): BatchNorm1d(128, eps=1e-05, momentum=0.1, affine=True, track_running_stats=True)
      )
      (branch2): Sequential(
        (0): ConvBlock(
          (conv): Conv1d(256, 128, kernel_size=(1,), stride=(1,))
          (bn): BatchNorm1d(128, eps=1e-05, momentum=0.1, affine=True, track_running_stats=True)
        )
        (1): ConvBlock(
          (conv): Conv1d(128, 192, kernel_size=(3,), stride=(1,), padding=(1,))
          (bn): BatchNorm1d(192, eps=1e-05, momentum=0.1, affine=True, track_running_stats=True)
        )
      )
      (branch3): Sequential(
        (0): ConvBlock(
          (conv): Conv1d(256, 32, kernel_size=(1,), stride=(1,))
          (bn): BatchNorm1d(32, eps=1e-05, momentum=0.1, affine=True, track_running_stats=True)
        )
        (1): ConvBlock(
          (conv): Conv1d(32, 96, kernel_size=(5,), stride=(1,), padding=(2,))
          (bn): BatchNorm1d(96, eps=1e-05, momentum=0.1, affine=True, track_running_stats=True)
        )
      )
      (branch4): Sequential(
        (0): MaxPool2d(kernel_size=3, stride=1, padding=1, dilation=1, ceil_mode=False)
        (1): ConvBlock(
          (conv): Conv1d(256, 64, kernel_size=(1,), stride=(1,))
          (bn): BatchNorm1d(64, eps=1e-05, momentum=0.1, affine=True, track_running_stats=True)
        )
      )
    )
    (inception4a): InceptionBlock(
      (branch1): ConvBlock(
        (conv): Conv1d(480, 192, kernel_size=(1,), stride=(1,))
        (bn): BatchNorm1d(192, eps=1e-05, momentum=0.1, affine=True, track_running_stats=True)
      )
      (branch2): Sequential(
        (0): ConvBlock(
          (conv): Conv1d(480, 96, kernel_size=(1,), stride=(1,))
          (bn): BatchNorm1d(96, eps=1e-05, momentum=0.1, affine=True, track_running_stats=True)
        )
        (1): ConvBlock(
          (conv): Conv1d(96, 208, kernel_size=(3,), stride=(1,), padding=(1,))
          (bn): BatchNorm1d(208, eps=1e-05, momentum=0.1, affine=True, track_running_stats=True)
        )
      )
      (branch3): Sequential(
        (0): ConvBlock(
          (conv): Conv1d(480, 16, kernel_size=(1,), stride=(1,))
          (bn): BatchNorm1d(16, eps=1e-05, momentum=0.1, affine=True, track_running_stats=True)
        )
        (1): ConvBlock(
          (conv): Conv1d(16, 48, kernel_size=(5,), stride=(1,), padding=(2,))
          (bn): BatchNorm1d(48, eps=1e-05, momentum=0.1, affine=True, track_running_stats=True)
        )
      )
      (branch4): Sequential(
        (0): MaxPool2d(kernel_size=3, stride=1, padding=1, dilation=1, ceil_mode=False)
        (1): ConvBlock(
          (conv): Conv1d(480, 64, kernel_size=(1,), stride=(1,))
          (bn): BatchNorm1d(64, eps=1e-05, momentum=0.1, affine=True, track_running_stats=True)
        )
      )
    )
    (inception4b): InceptionBlock(
      (branch1): ConvBlock(
        (conv): Conv1d(512, 32, kernel_size=(1,), stride=(1,))
        (bn): BatchNorm1d(32, eps=1e-05, momentum=0.1, affine=True, track_running_stats=True)
      )
      (branch2): Sequential(
        (0): ConvBlock(
          (conv): Conv1d(512, 112, kernel_size=(1,), stride=(1,))
          (bn): BatchNorm1d(112, eps=1e-05, momentum=0.1, affine=True, track_running_stats=True)
        )
        (1): ConvBlock(
          (conv): Conv1d(112, 32, kernel_size=(3,), stride=(1,), padding=(1,))
          (bn): BatchNorm1d(32, eps=1e-05, momentum=0.1, affine=True, track_running_stats=True)
        )
      )
      (branch3): Sequential(
        (0): ConvBlock(
          (conv): Conv1d(512, 24, kernel_size=(1,), stride=(1,))
          (bn): BatchNorm1d(24, eps=1e-05, momentum=0.1, affine=True, track_running_stats=True)
        )
        (1): ConvBlock(
          (conv): Conv1d(24, 64, kernel_size=(5,), stride=(1,), padding=(2,))
          (bn): BatchNorm1d(64, eps=1e-05, momentum=0.1, affine=True, track_running_stats=True)
        )
      )
      (branch4): Sequential(
        (0): MaxPool2d(kernel_size=3, stride=1, padding=1, dilation=1, ceil_mode=False)
        (1): ConvBlock(
          (conv): Conv1d(512, 32, kernel_size=(1,), stride=(1,))
          (bn): BatchNorm1d(32, eps=1e-05, momentum=0.1, affine=True, track_running_stats=True)
        )
      )
    )
    (avgpool): AvgPool1d(kernel_size=(5,), stride=(1,), padding=(0,))
    (dropout): Dropout(p=0.5, inplace=False)
    (fc): Linear(in_features=8480, out_features=1, bias=True)
    (sigmoid): Sigmoid()
  )
)
2024-12-05 17:34 - INFO - * -----------
2024-12-05 17:42 - INFO - ---------------------------------------------
2024-12-05 17:42 - INFO - Epoch: 01 | Time: 8m 0s
2024-12-05 17:42 - INFO - 	 New best val_rocauc loss was found, current best value is 0.25278
2024-12-05 17:42 - INFO - 	 Train Loss: 0.244
2024-12-05 17:42 - INFO - 	 Val. Loss: 0.260
2024-12-05 17:42 - INFO - 	 ROC-AUC: 0.821
2024-12-05 17:42 - INFO - 	 PR-AUC: 0.253
2024-12-05 17:42 - INFO - 	 Best Val. Loss: 0.260
2024-12-05 17:42 - INFO - 	 Best ROC-AUC: 0.821
2024-12-05 17:42 - INFO - 	 Best PR-AUC: 0.253
2024-12-05 17:42 - INFO - 	 Test-ROC-AUC under Best Validation ROC-AUC: 0.814
2024-12-05 17:42 - INFO - 	 Test-PR-AUC under Best Validation Best PR-AUC: 0.292
2024-12-05 17:42 - INFO - ---------------------------------------------
2024-12-05 17:50 - INFO - ---------------------------------------------
2024-12-05 17:50 - INFO - Epoch: 02 | Time: 8m 0s
2024-12-05 17:50 - INFO - 	 New best val_rocauc loss was found, current best value is 0.73357
2024-12-05 17:50 - INFO - 	 Train Loss: 0.140
2024-12-05 17:50 - INFO - 	 Val. Loss: 0.093
2024-12-05 17:50 - INFO - 	 ROC-AUC: 0.974
2024-12-05 17:50 - INFO - 	 PR-AUC: 0.734
2024-12-05 17:50 - INFO - 	 Best Val. Loss: 0.093
2024-12-05 17:50 - INFO - 	 Best ROC-AUC: 0.974
2024-12-05 17:50 - INFO - 	 Best PR-AUC: 0.734
2024-12-05 17:50 - INFO - 	 Test-ROC-AUC under Best Validation ROC-AUC: 0.975
2024-12-05 17:50 - INFO - 	 Test-PR-AUC under Best Validation Best PR-AUC: 0.740
2024-12-05 17:50 - INFO - ---------------------------------------------
2024-12-05 17:58 - INFO - ---------------------------------------------
2024-12-05 17:58 - INFO - Epoch: 03 | Time: 8m 0s
2024-12-05 17:58 - INFO - 	 New best val_rocauc loss was found, current best value is 0.82002
2024-12-05 17:58 - INFO - 	 Train Loss: 0.093
2024-12-05 17:58 - INFO - 	 Val. Loss: 0.076
2024-12-05 17:58 - INFO - 	 ROC-AUC: 0.983
2024-12-05 17:58 - INFO - 	 PR-AUC: 0.820
2024-12-05 17:58 - INFO - 	 Best Val. Loss: 0.076
2024-12-05 17:58 - INFO - 	 Best ROC-AUC: 0.983
2024-12-05 17:58 - INFO - 	 Best PR-AUC: 0.820
2024-12-05 17:58 - INFO - 	 Test-ROC-AUC under Best Validation ROC-AUC: 0.981
2024-12-05 17:58 - INFO - 	 Test-PR-AUC under Best Validation Best PR-AUC: 0.803
2024-12-05 17:58 - INFO - ---------------------------------------------
2024-12-05 18:06 - INFO - ---------------------------------------------
2024-12-05 18:06 - INFO - Epoch: 04 | Time: 8m 0s
2024-12-05 18:06 - INFO - 	 New best val_rocauc loss was found, current best value is 0.82354
2024-12-05 18:06 - INFO - 	 Train Loss: 0.083
2024-12-05 18:06 - INFO - 	 Val. Loss: 0.084
2024-12-05 18:06 - INFO - 	 ROC-AUC: 0.982
2024-12-05 18:06 - INFO - 	 PR-AUC: 0.824
2024-12-05 18:06 - INFO - 	 Best Val. Loss: 0.076
2024-12-05 18:06 - INFO - 	 Best ROC-AUC: 0.983
2024-12-05 18:06 - INFO - 	 Best PR-AUC: 0.824
2024-12-05 18:06 - INFO - 	 Test-ROC-AUC under Best Validation ROC-AUC: 0.981
2024-12-05 18:06 - INFO - 	 Test-PR-AUC under Best Validation Best PR-AUC: 0.810
2024-12-05 18:06 - INFO - ---------------------------------------------
2024-12-05 18:14 - INFO - ---------------------------------------------
2024-12-05 18:14 - INFO - Epoch: 05 | Time: 8m 0s
2024-12-05 18:14 - INFO - 	 New best val_rocauc loss was found, current best value is 0.85712
2024-12-05 18:14 - INFO - 	 Train Loss: 0.079
2024-12-05 18:14 - INFO - 	 Val. Loss: 0.067
2024-12-05 18:14 - INFO - 	 ROC-AUC: 0.986
2024-12-05 18:14 - INFO - 	 PR-AUC: 0.857
2024-12-05 18:14 - INFO - 	 Best Val. Loss: 0.067
2024-12-05 18:14 - INFO - 	 Best ROC-AUC: 0.986
2024-12-05 18:14 - INFO - 	 Best PR-AUC: 0.857
2024-12-05 18:14 - INFO - 	 Test-ROC-AUC under Best Validation ROC-AUC: 0.982
2024-12-05 18:14 - INFO - 	 Test-PR-AUC under Best Validation Best PR-AUC: 0.835
2024-12-05 18:14 - INFO - ---------------------------------------------
2024-12-05 18:22 - INFO - ---------------------------------------------
2024-12-05 18:22 - INFO - Epoch: 06 | Time: 8m 0s
2024-12-05 18:22 - INFO - 	 Train Loss: 0.077
2024-12-05 18:22 - INFO - 	 Val. Loss: 0.068
2024-12-05 18:22 - INFO - 	 ROC-AUC: 0.984
2024-12-05 18:22 - INFO - 	 PR-AUC: 0.838
2024-12-05 18:22 - INFO - 	 Best Val. Loss: 0.067
2024-12-05 18:22 - INFO - 	 Best ROC-AUC: 0.986
2024-12-05 18:22 - INFO - 	 Best PR-AUC: 0.857
2024-12-05 18:22 - INFO - 	 Test-ROC-AUC under Best Validation ROC-AUC: 0.982
2024-12-05 18:22 - INFO - 	 Test-PR-AUC under Best Validation Best PR-AUC: 0.835
2024-12-05 18:22 - INFO - ---------------------------------------------
2024-12-05 18:30 - INFO - ---------------------------------------------
2024-12-05 18:30 - INFO - Epoch: 07 | Time: 8m 0s
2024-12-05 18:30 - INFO - 	 New best val_rocauc loss was found, current best value is 0.86097
2024-12-05 18:30 - INFO - 	 Train Loss: 0.075
2024-12-05 18:30 - INFO - 	 Val. Loss: 0.065
2024-12-05 18:30 - INFO - 	 ROC-AUC: 0.986
2024-12-05 18:30 - INFO - 	 PR-AUC: 0.861
2024-12-05 18:30 - INFO - 	 Best Val. Loss: 0.065
2024-12-05 18:30 - INFO - 	 Best ROC-AUC: 0.986
2024-12-05 18:30 - INFO - 	 Best PR-AUC: 0.861
2024-12-05 18:30 - INFO - 	 Test-ROC-AUC under Best Validation ROC-AUC: 0.983
2024-12-05 18:30 - INFO - 	 Test-PR-AUC under Best Validation Best PR-AUC: 0.849
2024-12-05 18:30 - INFO - ---------------------------------------------
2024-12-05 18:38 - INFO - ---------------------------------------------
2024-12-05 18:38 - INFO - Epoch: 08 | Time: 8m 0s
2024-12-05 18:38 - INFO - 	 Train Loss: 0.073
2024-12-05 18:38 - INFO - 	 Val. Loss: 0.067
2024-12-05 18:38 - INFO - 	 ROC-AUC: 0.985
2024-12-05 18:38 - INFO - 	 PR-AUC: 0.849
2024-12-05 18:38 - INFO - 	 Best Val. Loss: 0.065
2024-12-05 18:38 - INFO - 	 Best ROC-AUC: 0.986
2024-12-05 18:38 - INFO - 	 Best PR-AUC: 0.861
2024-12-05 18:38 - INFO - 	 Test-ROC-AUC under Best Validation ROC-AUC: 0.983
2024-12-05 18:38 - INFO - 	 Test-PR-AUC under Best Validation Best PR-AUC: 0.849
2024-12-05 18:38 - INFO - ---------------------------------------------
2024-12-05 18:46 - INFO - ---------------------------------------------
2024-12-05 18:46 - INFO - Epoch: 09 | Time: 8m 0s
2024-12-05 18:46 - INFO - 	 New best val_rocauc loss was found, current best value is 0.8786
2024-12-05 18:46 - INFO - 	 Train Loss: 0.070
2024-12-05 18:46 - INFO - 	 Val. Loss: 0.061
2024-12-05 18:46 - INFO - 	 ROC-AUC: 0.987
2024-12-05 18:46 - INFO - 	 PR-AUC: 0.879
2024-12-05 18:46 - INFO - 	 Best Val. Loss: 0.061
2024-12-05 18:46 - INFO - 	 Best ROC-AUC: 0.987
2024-12-05 18:46 - INFO - 	 Best PR-AUC: 0.879
2024-12-05 18:46 - INFO - 	 Test-ROC-AUC under Best Validation ROC-AUC: 0.984
2024-12-05 18:46 - INFO - 	 Test-PR-AUC under Best Validation Best PR-AUC: 0.858
2024-12-05 18:46 - INFO - ---------------------------------------------
2024-12-05 18:54 - INFO - ---------------------------------------------
2024-12-05 18:54 - INFO - Epoch: 10 | Time: 8m 0s
2024-12-05 18:54 - INFO - 	 Train Loss: 0.069
2024-12-05 18:54 - INFO - 	 Val. Loss: 0.067
2024-12-05 18:54 - INFO - 	 ROC-AUC: 0.984
2024-12-05 18:54 - INFO - 	 PR-AUC: 0.848
2024-12-05 18:54 - INFO - 	 Best Val. Loss: 0.061
2024-12-05 18:54 - INFO - 	 Best ROC-AUC: 0.987
2024-12-05 18:54 - INFO - 	 Best PR-AUC: 0.879
2024-12-05 18:54 - INFO - 	 Test-ROC-AUC under Best Validation ROC-AUC: 0.984
2024-12-05 18:54 - INFO - 	 Test-PR-AUC under Best Validation Best PR-AUC: 0.858
2024-12-05 18:54 - INFO - ---------------------------------------------
2024-12-05 18:56 - INFO - Fit the preprocessing pipeline
2024-12-05 18:56 - INFO - Training using device: cuda
2024-12-05 18:56 - INFO - Creating generators
2024-12-05 18:56 - INFO - The model has 2,246,929 trainable parameters
2024-12-05 18:56 - INFO - * Model:
2024-12-05 18:56 - INFO - * -----------
2024-12-05 18:56 - INFO - CombinedModel(
  (upstream_model): TSTransformerEncoderCNN(
    (project_input): Linear(in_features=12, out_features=128, bias=True)
    (encoder): Linear(in_features=12, out_features=128, bias=True)
    (transformer_encoder): TransformerEncoder(
      (layers): ModuleList(
        (0-7): 8 x TransformerEncoderLayer(
          (self_attn): MultiheadAttention(
            (out_proj): NonDynamicallyQuantizableLinear(in_features=128, out_features=128, bias=True)
          )
          (linear1): Linear(in_features=128, out_features=512, bias=True)
          (dropout): Dropout(p=0.4, inplace=False)
          (linear2): Linear(in_features=512, out_features=128, bias=True)
          (norm1): LayerNorm((128,), eps=1e-05, elementwise_affine=True)
          (norm2): LayerNorm((128,), eps=1e-05, elementwise_affine=True)
          (dropout1): Dropout(p=0.4, inplace=False)
          (dropout2): Dropout(p=0.4, inplace=False)
        )
      )
    )
    (output_layer): Linear(in_features=128, out_features=12, bias=True)
    (dropout1): Dropout(p=0.4, inplace=False)
    (cnn): Conv1d(128, 12, kernel_size=(3,), stride=(1,), padding=(1,))
  )
  (downstream_model): DownstreamInception(
    (conv1): ConvBlock(
      (conv): Conv1d(12, 64, kernel_size=(7,), stride=(2,), padding=(3,))
      (bn): BatchNorm1d(64, eps=1e-05, momentum=0.1, affine=True, track_running_stats=True)
    )
    (conv2): ConvBlock(
      (conv): Conv1d(64, 128, kernel_size=(3,), stride=(1,), padding=(1,))
      (bn): BatchNorm1d(128, eps=1e-05, momentum=0.1, affine=True, track_running_stats=True)
    )
    (maxpool): MaxPool1d(kernel_size=3, stride=2, padding=1, dilation=1, ceil_mode=False)
    (inception3a): InceptionBlock(
      (branch1): ConvBlock(
        (conv): Conv1d(128, 64, kernel_size=(1,), stride=(1,))
        (bn): BatchNorm1d(64, eps=1e-05, momentum=0.1, affine=True, track_running_stats=True)
      )
      (branch2): Sequential(
        (0): ConvBlock(
          (conv): Conv1d(128, 96, kernel_size=(1,), stride=(1,))
          (bn): BatchNorm1d(96, eps=1e-05, momentum=0.1, affine=True, track_running_stats=True)
        )
        (1): ConvBlock(
          (conv): Conv1d(96, 128, kernel_size=(3,), stride=(1,), padding=(1,))
          (bn): BatchNorm1d(128, eps=1e-05, momentum=0.1, affine=True, track_running_stats=True)
        )
      )
      (branch3): Sequential(
        (0): ConvBlock(
          (conv): Conv1d(128, 16, kernel_size=(1,), stride=(1,))
          (bn): BatchNorm1d(16, eps=1e-05, momentum=0.1, affine=True, track_running_stats=True)
        )
        (1): ConvBlock(
          (conv): Conv1d(16, 32, kernel_size=(5,), stride=(1,), padding=(2,))
          (bn): BatchNorm1d(32, eps=1e-05, momentum=0.1, affine=True, track_running_stats=True)
        )
      )
      (branch4): Sequential(
        (0): MaxPool2d(kernel_size=3, stride=1, padding=1, dilation=1, ceil_mode=False)
        (1): ConvBlock(
          (conv): Conv1d(128, 32, kernel_size=(1,), stride=(1,))
          (bn): BatchNorm1d(32, eps=1e-05, momentum=0.1, affine=True, track_running_stats=True)
        )
      )
    )
    (inception3b): InceptionBlock(
      (branch1): ConvBlock(
        (conv): Conv1d(256, 128, kernel_size=(1,), stride=(1,))
        (bn): BatchNorm1d(128, eps=1e-05, momentum=0.1, affine=True, track_running_stats=True)
      )
      (branch2): Sequential(
        (0): ConvBlock(
          (conv): Conv1d(256, 128, kernel_size=(1,), stride=(1,))
          (bn): BatchNorm1d(128, eps=1e-05, momentum=0.1, affine=True, track_running_stats=True)
        )
        (1): ConvBlock(
          (conv): Conv1d(128, 192, kernel_size=(3,), stride=(1,), padding=(1,))
          (bn): BatchNorm1d(192, eps=1e-05, momentum=0.1, affine=True, track_running_stats=True)
        )
      )
      (branch3): Sequential(
        (0): ConvBlock(
          (conv): Conv1d(256, 32, kernel_size=(1,), stride=(1,))
          (bn): BatchNorm1d(32, eps=1e-05, momentum=0.1, affine=True, track_running_stats=True)
        )
        (1): ConvBlock(
          (conv): Conv1d(32, 96, kernel_size=(5,), stride=(1,), padding=(2,))
          (bn): BatchNorm1d(96, eps=1e-05, momentum=0.1, affine=True, track_running_stats=True)
        )
      )
      (branch4): Sequential(
        (0): MaxPool2d(kernel_size=3, stride=1, padding=1, dilation=1, ceil_mode=False)
        (1): ConvBlock(
          (conv): Conv1d(256, 64, kernel_size=(1,), stride=(1,))
          (bn): BatchNorm1d(64, eps=1e-05, momentum=0.1, affine=True, track_running_stats=True)
        )
      )
    )
    (inception4a): InceptionBlock(
      (branch1): ConvBlock(
        (conv): Conv1d(480, 192, kernel_size=(1,), stride=(1,))
        (bn): BatchNorm1d(192, eps=1e-05, momentum=0.1, affine=True, track_running_stats=True)
      )
      (branch2): Sequential(
        (0): ConvBlock(
          (conv): Conv1d(480, 96, kernel_size=(1,), stride=(1,))
          (bn): BatchNorm1d(96, eps=1e-05, momentum=0.1, affine=True, track_running_stats=True)
        )
        (1): ConvBlock(
          (conv): Conv1d(96, 208, kernel_size=(3,), stride=(1,), padding=(1,))
          (bn): BatchNorm1d(208, eps=1e-05, momentum=0.1, affine=True, track_running_stats=True)
        )
      )
      (branch3): Sequential(
        (0): ConvBlock(
          (conv): Conv1d(480, 16, kernel_size=(1,), stride=(1,))
          (bn): BatchNorm1d(16, eps=1e-05, momentum=0.1, affine=True, track_running_stats=True)
        )
        (1): ConvBlock(
          (conv): Conv1d(16, 48, kernel_size=(5,), stride=(1,), padding=(2,))
          (bn): BatchNorm1d(48, eps=1e-05, momentum=0.1, affine=True, track_running_stats=True)
        )
      )
      (branch4): Sequential(
        (0): MaxPool2d(kernel_size=3, stride=1, padding=1, dilation=1, ceil_mode=False)
        (1): ConvBlock(
          (conv): Conv1d(480, 64, kernel_size=(1,), stride=(1,))
          (bn): BatchNorm1d(64, eps=1e-05, momentum=0.1, affine=True, track_running_stats=True)
        )
      )
    )
    (inception4b): InceptionBlock(
      (branch1): ConvBlock(
        (conv): Conv1d(512, 32, kernel_size=(1,), stride=(1,))
        (bn): BatchNorm1d(32, eps=1e-05, momentum=0.1, affine=True, track_running_stats=True)
      )
      (branch2): Sequential(
        (0): ConvBlock(
          (conv): Conv1d(512, 112, kernel_size=(1,), stride=(1,))
          (bn): BatchNorm1d(112, eps=1e-05, momentum=0.1, affine=True, track_running_stats=True)
        )
        (1): ConvBlock(
          (conv): Conv1d(112, 32, kernel_size=(3,), stride=(1,), padding=(1,))
          (bn): BatchNorm1d(32, eps=1e-05, momentum=0.1, affine=True, track_running_stats=True)
        )
      )
      (branch3): Sequential(
        (0): ConvBlock(
          (conv): Conv1d(512, 24, kernel_size=(1,), stride=(1,))
          (bn): BatchNorm1d(24, eps=1e-05, momentum=0.1, affine=True, track_running_stats=True)
        )
        (1): ConvBlock(
          (conv): Conv1d(24, 64, kernel_size=(5,), stride=(1,), padding=(2,))
          (bn): BatchNorm1d(64, eps=1e-05, momentum=0.1, affine=True, track_running_stats=True)
        )
      )
      (branch4): Sequential(
        (0): MaxPool2d(kernel_size=3, stride=1, padding=1, dilation=1, ceil_mode=False)
        (1): ConvBlock(
          (conv): Conv1d(512, 32, kernel_size=(1,), stride=(1,))
          (bn): BatchNorm1d(32, eps=1e-05, momentum=0.1, affine=True, track_running_stats=True)
        )
      )
    )
    (avgpool): AvgPool1d(kernel_size=(5,), stride=(1,), padding=(0,))
    (dropout): Dropout(p=0.5, inplace=False)
    (fc): Linear(in_features=8480, out_features=1, bias=True)
    (sigmoid): Sigmoid()
  )
)
2024-12-05 18:56 - INFO - * -----------
2024-12-05 19:04 - INFO - ---------------------------------------------
2024-12-05 19:04 - INFO - Epoch: 01 | Time: 8m 0s
2024-12-05 19:04 - INFO - 	 New best val_rocauc loss was found, current best value is 0.29478
2024-12-05 19:04 - INFO - 	 Train Loss: 0.238
2024-12-05 19:04 - INFO - 	 Val. Loss: 0.225
2024-12-05 19:04 - INFO - 	 ROC-AUC: 0.852
2024-12-05 19:04 - INFO - 	 PR-AUC: 0.295
2024-12-05 19:04 - INFO - 	 Best Val. Loss: 0.225
2024-12-05 19:04 - INFO - 	 Best ROC-AUC: 0.852
2024-12-05 19:04 - INFO - 	 Best PR-AUC: 0.295
2024-12-05 19:04 - INFO - 	 Test-ROC-AUC under Best Validation ROC-AUC: 0.850
2024-12-05 19:04 - INFO - 	 Test-PR-AUC under Best Validation Best PR-AUC: 0.348
2024-12-05 19:04 - INFO - ---------------------------------------------
2024-12-05 19:12 - INFO - ---------------------------------------------
2024-12-05 19:12 - INFO - Epoch: 02 | Time: 8m 0s
2024-12-05 19:12 - INFO - 	 New best val_rocauc loss was found, current best value is 0.75121
2024-12-05 19:12 - INFO - 	 Train Loss: 0.130
2024-12-05 19:12 - INFO - 	 Val. Loss: 0.091
2024-12-05 19:12 - INFO - 	 ROC-AUC: 0.975
2024-12-05 19:12 - INFO - 	 PR-AUC: 0.751
2024-12-05 19:12 - INFO - 	 Best Val. Loss: 0.091
2024-12-05 19:12 - INFO - 	 Best ROC-AUC: 0.975
2024-12-05 19:12 - INFO - 	 Best PR-AUC: 0.751
2024-12-05 19:12 - INFO - 	 Test-ROC-AUC under Best Validation ROC-AUC: 0.973
2024-12-05 19:12 - INFO - 	 Test-PR-AUC under Best Validation Best PR-AUC: 0.757
2024-12-05 19:12 - INFO - ---------------------------------------------
2024-12-05 19:20 - INFO - ---------------------------------------------
2024-12-05 19:20 - INFO - Epoch: 03 | Time: 8m 1s
2024-12-05 19:20 - INFO - 	 New best val_rocauc loss was found, current best value is 0.79944
2024-12-05 19:20 - INFO - 	 Train Loss: 0.091
2024-12-05 19:20 - INFO - 	 Val. Loss: 0.078
2024-12-05 19:20 - INFO - 	 ROC-AUC: 0.981
2024-12-05 19:20 - INFO - 	 PR-AUC: 0.799
2024-12-05 19:20 - INFO - 	 Best Val. Loss: 0.078
2024-12-05 19:20 - INFO - 	 Best ROC-AUC: 0.981
2024-12-05 19:20 - INFO - 	 Best PR-AUC: 0.799
2024-12-05 19:20 - INFO - 	 Test-ROC-AUC under Best Validation ROC-AUC: 0.980
2024-12-05 19:20 - INFO - 	 Test-PR-AUC under Best Validation Best PR-AUC: 0.814
2024-12-05 19:20 - INFO - ---------------------------------------------
2024-12-05 19:29 - INFO - ---------------------------------------------
2024-12-05 19:29 - INFO - Epoch: 04 | Time: 8m 1s
2024-12-05 19:29 - INFO - 	 New best val_rocauc loss was found, current best value is 0.83788
2024-12-05 19:29 - INFO - 	 Train Loss: 0.083
2024-12-05 19:29 - INFO - 	 Val. Loss: 0.080
2024-12-05 19:29 - INFO - 	 ROC-AUC: 0.984
2024-12-05 19:29 - INFO - 	 PR-AUC: 0.838
2024-12-05 19:29 - INFO - 	 Best Val. Loss: 0.078
2024-12-05 19:29 - INFO - 	 Best ROC-AUC: 0.984
2024-12-05 19:29 - INFO - 	 Best PR-AUC: 0.838
2024-12-05 19:29 - INFO - 	 Test-ROC-AUC under Best Validation ROC-AUC: 0.980
2024-12-05 19:29 - INFO - 	 Test-PR-AUC under Best Validation Best PR-AUC: 0.809
2024-12-05 19:29 - INFO - ---------------------------------------------
2024-12-05 19:37 - INFO - ---------------------------------------------
2024-12-05 19:37 - INFO - Epoch: 05 | Time: 8m 1s
2024-12-05 19:37 - INFO - 	 New best val_rocauc loss was found, current best value is 0.85323
2024-12-05 19:37 - INFO - 	 Train Loss: 0.079
2024-12-05 19:37 - INFO - 	 Val. Loss: 0.069
2024-12-05 19:37 - INFO - 	 ROC-AUC: 0.985
2024-12-05 19:37 - INFO - 	 PR-AUC: 0.853
2024-12-05 19:37 - INFO - 	 Best Val. Loss: 0.069
2024-12-05 19:37 - INFO - 	 Best ROC-AUC: 0.985
2024-12-05 19:37 - INFO - 	 Best PR-AUC: 0.853
2024-12-05 19:37 - INFO - 	 Test-ROC-AUC under Best Validation ROC-AUC: 0.982
2024-12-05 19:37 - INFO - 	 Test-PR-AUC under Best Validation Best PR-AUC: 0.830
2024-12-05 19:37 - INFO - ---------------------------------------------
2024-12-05 19:45 - INFO - ---------------------------------------------
2024-12-05 19:45 - INFO - Epoch: 06 | Time: 8m 0s
2024-12-05 19:45 - INFO - 	 Train Loss: 0.076
2024-12-05 19:45 - INFO - 	 Val. Loss: 0.069
2024-12-05 19:45 - INFO - 	 ROC-AUC: 0.985
2024-12-05 19:45 - INFO - 	 PR-AUC: 0.838
2024-12-05 19:45 - INFO - 	 Best Val. Loss: 0.069
2024-12-05 19:45 - INFO - 	 Best ROC-AUC: 0.985
2024-12-05 19:45 - INFO - 	 Best PR-AUC: 0.853
2024-12-05 19:45 - INFO - 	 Test-ROC-AUC under Best Validation ROC-AUC: 0.981
2024-12-05 19:45 - INFO - 	 Test-PR-AUC under Best Validation Best PR-AUC: 0.830
2024-12-05 19:45 - INFO - ---------------------------------------------
2024-12-05 19:53 - INFO - ---------------------------------------------
2024-12-05 19:53 - INFO - Epoch: 07 | Time: 8m 1s
2024-12-05 19:53 - INFO - 	 New best val_rocauc loss was found, current best value is 0.86178
2024-12-05 19:53 - INFO - 	 Train Loss: 0.074
2024-12-05 19:53 - INFO - 	 Val. Loss: 0.066
2024-12-05 19:53 - INFO - 	 ROC-AUC: 0.986
2024-12-05 19:53 - INFO - 	 PR-AUC: 0.862
2024-12-05 19:53 - INFO - 	 Best Val. Loss: 0.066
2024-12-05 19:53 - INFO - 	 Best ROC-AUC: 0.986
2024-12-05 19:53 - INFO - 	 Best PR-AUC: 0.862
2024-12-05 19:53 - INFO - 	 Test-ROC-AUC under Best Validation ROC-AUC: 0.982
2024-12-05 19:53 - INFO - 	 Test-PR-AUC under Best Validation Best PR-AUC: 0.840
2024-12-05 19:53 - INFO - ---------------------------------------------
2024-12-05 20:01 - INFO - ---------------------------------------------
2024-12-05 20:01 - INFO - Epoch: 08 | Time: 8m 1s
2024-12-05 20:01 - INFO - 	 Train Loss: 0.072
2024-12-05 20:01 - INFO - 	 Val. Loss: 0.070
2024-12-05 20:01 - INFO - 	 ROC-AUC: 0.985
2024-12-05 20:01 - INFO - 	 PR-AUC: 0.846
2024-12-05 20:01 - INFO - 	 Best Val. Loss: 0.066
2024-12-05 20:01 - INFO - 	 Best ROC-AUC: 0.986
2024-12-05 20:01 - INFO - 	 Best PR-AUC: 0.862
2024-12-05 20:01 - INFO - 	 Test-ROC-AUC under Best Validation ROC-AUC: 0.982
2024-12-05 20:01 - INFO - 	 Test-PR-AUC under Best Validation Best PR-AUC: 0.840
2024-12-05 20:01 - INFO - ---------------------------------------------
2024-12-05 20:09 - INFO - ---------------------------------------------
2024-12-05 20:09 - INFO - Epoch: 09 | Time: 8m 1s
2024-12-05 20:09 - INFO - 	 Train Loss: 0.070
2024-12-05 20:09 - INFO - 	 Val. Loss: 0.064
2024-12-05 20:09 - INFO - 	 ROC-AUC: 0.987
2024-12-05 20:09 - INFO - 	 PR-AUC: 0.856
2024-12-05 20:09 - INFO - 	 Best Val. Loss: 0.064
2024-12-05 20:09 - INFO - 	 Best ROC-AUC: 0.987
2024-12-05 20:09 - INFO - 	 Best PR-AUC: 0.862
2024-12-05 20:09 - INFO - 	 Test-ROC-AUC under Best Validation ROC-AUC: 0.984
2024-12-05 20:09 - INFO - 	 Test-PR-AUC under Best Validation Best PR-AUC: 0.840
2024-12-05 20:09 - INFO - ---------------------------------------------
2024-12-05 20:17 - INFO - ---------------------------------------------
2024-12-05 20:17 - INFO - Epoch: 10 | Time: 8m 1s
2024-12-05 20:17 - INFO - 	 New best val_rocauc loss was found, current best value is 0.87048
2024-12-05 20:17 - INFO - 	 Train Loss: 0.069
2024-12-05 20:17 - INFO - 	 Val. Loss: 0.063
2024-12-05 20:17 - INFO - 	 ROC-AUC: 0.987
2024-12-05 20:17 - INFO - 	 PR-AUC: 0.870
2024-12-05 20:17 - INFO - 	 Best Val. Loss: 0.063
2024-12-05 20:17 - INFO - 	 Best ROC-AUC: 0.987
2024-12-05 20:17 - INFO - 	 Best PR-AUC: 0.870
2024-12-05 20:17 - INFO - 	 Test-ROC-AUC under Best Validation ROC-AUC: 0.984
2024-12-05 20:17 - INFO - 	 Test-PR-AUC under Best Validation Best PR-AUC: 0.866
2024-12-05 20:17 - INFO - ---------------------------------------------
2024-12-05 20:19 - INFO - Fit the preprocessing pipeline
2024-12-05 20:19 - INFO - Training using device: cuda
2024-12-05 20:19 - INFO - Creating generators
2024-12-05 20:19 - INFO - The model has 2,246,929 trainable parameters
2024-12-05 20:19 - INFO - * Model:
2024-12-05 20:19 - INFO - * -----------
2024-12-05 20:19 - INFO - CombinedModel(
  (upstream_model): TSTransformerEncoderCNN(
    (project_input): Linear(in_features=12, out_features=128, bias=True)
    (encoder): Linear(in_features=12, out_features=128, bias=True)
    (transformer_encoder): TransformerEncoder(
      (layers): ModuleList(
        (0-7): 8 x TransformerEncoderLayer(
          (self_attn): MultiheadAttention(
            (out_proj): NonDynamicallyQuantizableLinear(in_features=128, out_features=128, bias=True)
          )
          (linear1): Linear(in_features=128, out_features=512, bias=True)
          (dropout): Dropout(p=0.4, inplace=False)
          (linear2): Linear(in_features=512, out_features=128, bias=True)
          (norm1): LayerNorm((128,), eps=1e-05, elementwise_affine=True)
          (norm2): LayerNorm((128,), eps=1e-05, elementwise_affine=True)
          (dropout1): Dropout(p=0.4, inplace=False)
          (dropout2): Dropout(p=0.4, inplace=False)
        )
      )
    )
    (output_layer): Linear(in_features=128, out_features=12, bias=True)
    (dropout1): Dropout(p=0.4, inplace=False)
    (cnn): Conv1d(128, 12, kernel_size=(3,), stride=(1,), padding=(1,))
  )
  (downstream_model): DownstreamInception(
    (conv1): ConvBlock(
      (conv): Conv1d(12, 64, kernel_size=(7,), stride=(2,), padding=(3,))
      (bn): BatchNorm1d(64, eps=1e-05, momentum=0.1, affine=True, track_running_stats=True)
    )
    (conv2): ConvBlock(
      (conv): Conv1d(64, 128, kernel_size=(3,), stride=(1,), padding=(1,))
      (bn): BatchNorm1d(128, eps=1e-05, momentum=0.1, affine=True, track_running_stats=True)
    )
    (maxpool): MaxPool1d(kernel_size=3, stride=2, padding=1, dilation=1, ceil_mode=False)
    (inception3a): InceptionBlock(
      (branch1): ConvBlock(
        (conv): Conv1d(128, 64, kernel_size=(1,), stride=(1,))
        (bn): BatchNorm1d(64, eps=1e-05, momentum=0.1, affine=True, track_running_stats=True)
      )
      (branch2): Sequential(
        (0): ConvBlock(
          (conv): Conv1d(128, 96, kernel_size=(1,), stride=(1,))
          (bn): BatchNorm1d(96, eps=1e-05, momentum=0.1, affine=True, track_running_stats=True)
        )
        (1): ConvBlock(
          (conv): Conv1d(96, 128, kernel_size=(3,), stride=(1,), padding=(1,))
          (bn): BatchNorm1d(128, eps=1e-05, momentum=0.1, affine=True, track_running_stats=True)
        )
      )
      (branch3): Sequential(
        (0): ConvBlock(
          (conv): Conv1d(128, 16, kernel_size=(1,), stride=(1,))
          (bn): BatchNorm1d(16, eps=1e-05, momentum=0.1, affine=True, track_running_stats=True)
        )
        (1): ConvBlock(
          (conv): Conv1d(16, 32, kernel_size=(5,), stride=(1,), padding=(2,))
          (bn): BatchNorm1d(32, eps=1e-05, momentum=0.1, affine=True, track_running_stats=True)
        )
      )
      (branch4): Sequential(
        (0): MaxPool2d(kernel_size=3, stride=1, padding=1, dilation=1, ceil_mode=False)
        (1): ConvBlock(
          (conv): Conv1d(128, 32, kernel_size=(1,), stride=(1,))
          (bn): BatchNorm1d(32, eps=1e-05, momentum=0.1, affine=True, track_running_stats=True)
        )
      )
    )
    (inception3b): InceptionBlock(
      (branch1): ConvBlock(
        (conv): Conv1d(256, 128, kernel_size=(1,), stride=(1,))
        (bn): BatchNorm1d(128, eps=1e-05, momentum=0.1, affine=True, track_running_stats=True)
      )
      (branch2): Sequential(
        (0): ConvBlock(
          (conv): Conv1d(256, 128, kernel_size=(1,), stride=(1,))
          (bn): BatchNorm1d(128, eps=1e-05, momentum=0.1, affine=True, track_running_stats=True)
        )
        (1): ConvBlock(
          (conv): Conv1d(128, 192, kernel_size=(3,), stride=(1,), padding=(1,))
          (bn): BatchNorm1d(192, eps=1e-05, momentum=0.1, affine=True, track_running_stats=True)
        )
      )
      (branch3): Sequential(
        (0): ConvBlock(
          (conv): Conv1d(256, 32, kernel_size=(1,), stride=(1,))
          (bn): BatchNorm1d(32, eps=1e-05, momentum=0.1, affine=True, track_running_stats=True)
        )
        (1): ConvBlock(
          (conv): Conv1d(32, 96, kernel_size=(5,), stride=(1,), padding=(2,))
          (bn): BatchNorm1d(96, eps=1e-05, momentum=0.1, affine=True, track_running_stats=True)
        )
      )
      (branch4): Sequential(
        (0): MaxPool2d(kernel_size=3, stride=1, padding=1, dilation=1, ceil_mode=False)
        (1): ConvBlock(
          (conv): Conv1d(256, 64, kernel_size=(1,), stride=(1,))
          (bn): BatchNorm1d(64, eps=1e-05, momentum=0.1, affine=True, track_running_stats=True)
        )
      )
    )
    (inception4a): InceptionBlock(
      (branch1): ConvBlock(
        (conv): Conv1d(480, 192, kernel_size=(1,), stride=(1,))
        (bn): BatchNorm1d(192, eps=1e-05, momentum=0.1, affine=True, track_running_stats=True)
      )
      (branch2): Sequential(
        (0): ConvBlock(
          (conv): Conv1d(480, 96, kernel_size=(1,), stride=(1,))
          (bn): BatchNorm1d(96, eps=1e-05, momentum=0.1, affine=True, track_running_stats=True)
        )
        (1): ConvBlock(
          (conv): Conv1d(96, 208, kernel_size=(3,), stride=(1,), padding=(1,))
          (bn): BatchNorm1d(208, eps=1e-05, momentum=0.1, affine=True, track_running_stats=True)
        )
      )
      (branch3): Sequential(
        (0): ConvBlock(
          (conv): Conv1d(480, 16, kernel_size=(1,), stride=(1,))
          (bn): BatchNorm1d(16, eps=1e-05, momentum=0.1, affine=True, track_running_stats=True)
        )
        (1): ConvBlock(
          (conv): Conv1d(16, 48, kernel_size=(5,), stride=(1,), padding=(2,))
          (bn): BatchNorm1d(48, eps=1e-05, momentum=0.1, affine=True, track_running_stats=True)
        )
      )
      (branch4): Sequential(
        (0): MaxPool2d(kernel_size=3, stride=1, padding=1, dilation=1, ceil_mode=False)
        (1): ConvBlock(
          (conv): Conv1d(480, 64, kernel_size=(1,), stride=(1,))
          (bn): BatchNorm1d(64, eps=1e-05, momentum=0.1, affine=True, track_running_stats=True)
        )
      )
    )
    (inception4b): InceptionBlock(
      (branch1): ConvBlock(
        (conv): Conv1d(512, 32, kernel_size=(1,), stride=(1,))
        (bn): BatchNorm1d(32, eps=1e-05, momentum=0.1, affine=True, track_running_stats=True)
      )
      (branch2): Sequential(
        (0): ConvBlock(
          (conv): Conv1d(512, 112, kernel_size=(1,), stride=(1,))
          (bn): BatchNorm1d(112, eps=1e-05, momentum=0.1, affine=True, track_running_stats=True)
        )
        (1): ConvBlock(
          (conv): Conv1d(112, 32, kernel_size=(3,), stride=(1,), padding=(1,))
          (bn): BatchNorm1d(32, eps=1e-05, momentum=0.1, affine=True, track_running_stats=True)
        )
      )
      (branch3): Sequential(
        (0): ConvBlock(
          (conv): Conv1d(512, 24, kernel_size=(1,), stride=(1,))
          (bn): BatchNorm1d(24, eps=1e-05, momentum=0.1, affine=True, track_running_stats=True)
        )
        (1): ConvBlock(
          (conv): Conv1d(24, 64, kernel_size=(5,), stride=(1,), padding=(2,))
          (bn): BatchNorm1d(64, eps=1e-05, momentum=0.1, affine=True, track_running_stats=True)
        )
      )
      (branch4): Sequential(
        (0): MaxPool2d(kernel_size=3, stride=1, padding=1, dilation=1, ceil_mode=False)
        (1): ConvBlock(
          (conv): Conv1d(512, 32, kernel_size=(1,), stride=(1,))
          (bn): BatchNorm1d(32, eps=1e-05, momentum=0.1, affine=True, track_running_stats=True)
        )
      )
    )
    (avgpool): AvgPool1d(kernel_size=(5,), stride=(1,), padding=(0,))
    (dropout): Dropout(p=0.5, inplace=False)
    (fc): Linear(in_features=8480, out_features=1, bias=True)
    (sigmoid): Sigmoid()
  )
)
2024-12-05 20:19 - INFO - * -----------
2024-12-05 20:27 - INFO - ---------------------------------------------
2024-12-05 20:27 - INFO - Epoch: 01 | Time: 8m 0s
2024-12-05 20:27 - INFO - 	 New best val_rocauc loss was found, current best value is 0.34132
2024-12-05 20:27 - INFO - 	 Train Loss: 0.236
2024-12-05 20:27 - INFO - 	 Val. Loss: 0.210
2024-12-05 20:27 - INFO - 	 ROC-AUC: 0.881
2024-12-05 20:27 - INFO - 	 PR-AUC: 0.341
2024-12-05 20:27 - INFO - 	 Best Val. Loss: 0.210
2024-12-05 20:27 - INFO - 	 Best ROC-AUC: 0.881
2024-12-05 20:27 - INFO - 	 Best PR-AUC: 0.341
2024-12-05 20:27 - INFO - 	 Test-ROC-AUC under Best Validation ROC-AUC: 0.874
2024-12-05 20:27 - INFO - 	 Test-PR-AUC under Best Validation Best PR-AUC: 0.388
2024-12-05 20:27 - INFO - ---------------------------------------------
2024-12-05 20:35 - INFO - ---------------------------------------------
2024-12-05 20:35 - INFO - Epoch: 02 | Time: 8m 1s
2024-12-05 20:35 - INFO - 	 New best val_rocauc loss was found, current best value is 0.77456
2024-12-05 20:35 - INFO - 	 Train Loss: 0.117
2024-12-05 20:35 - INFO - 	 Val. Loss: 0.087
2024-12-05 20:35 - INFO - 	 ROC-AUC: 0.978
2024-12-05 20:35 - INFO - 	 PR-AUC: 0.775
2024-12-05 20:35 - INFO - 	 Best Val. Loss: 0.087
2024-12-05 20:35 - INFO - 	 Best ROC-AUC: 0.978
2024-12-05 20:35 - INFO - 	 Best PR-AUC: 0.775
2024-12-05 20:35 - INFO - 	 Test-ROC-AUC under Best Validation ROC-AUC: 0.978
2024-12-05 20:35 - INFO - 	 Test-PR-AUC under Best Validation Best PR-AUC: 0.772
2024-12-05 20:35 - INFO - ---------------------------------------------
2024-12-05 20:43 - INFO - ---------------------------------------------
2024-12-05 20:43 - INFO - Epoch: 03 | Time: 8m 2s
2024-12-05 20:43 - INFO - 	 New best val_rocauc loss was found, current best value is 0.80552
2024-12-05 20:43 - INFO - 	 Train Loss: 0.091
2024-12-05 20:43 - INFO - 	 Val. Loss: 0.088
2024-12-05 20:43 - INFO - 	 ROC-AUC: 0.979
2024-12-05 20:43 - INFO - 	 PR-AUC: 0.806
2024-12-05 20:43 - INFO - 	 Best Val. Loss: 0.087
2024-12-05 20:43 - INFO - 	 Best ROC-AUC: 0.979
2024-12-05 20:43 - INFO - 	 Best PR-AUC: 0.806
2024-12-05 20:43 - INFO - 	 Test-ROC-AUC under Best Validation ROC-AUC: 0.977
2024-12-05 20:43 - INFO - 	 Test-PR-AUC under Best Validation Best PR-AUC: 0.782
2024-12-05 20:43 - INFO - ---------------------------------------------
2024-12-05 20:51 - INFO - ---------------------------------------------
2024-12-05 20:51 - INFO - Epoch: 04 | Time: 8m 1s
2024-12-05 20:51 - INFO - 	 New best val_rocauc loss was found, current best value is 0.8408
2024-12-05 20:51 - INFO - 	 Train Loss: 0.083
2024-12-05 20:51 - INFO - 	 Val. Loss: 0.074
2024-12-05 20:51 - INFO - 	 ROC-AUC: 0.984
2024-12-05 20:51 - INFO - 	 PR-AUC: 0.841
2024-12-05 20:51 - INFO - 	 Best Val. Loss: 0.074
2024-12-05 20:51 - INFO - 	 Best ROC-AUC: 0.984
2024-12-05 20:51 - INFO - 	 Best PR-AUC: 0.841
2024-12-05 20:51 - INFO - 	 Test-ROC-AUC under Best Validation ROC-AUC: 0.983
2024-12-05 20:51 - INFO - 	 Test-PR-AUC under Best Validation Best PR-AUC: 0.826
2024-12-05 20:51 - INFO - ---------------------------------------------
2024-12-05 20:59 - INFO - ---------------------------------------------
2024-12-05 20:59 - INFO - Epoch: 05 | Time: 8m 1s
2024-12-05 20:59 - INFO - 	 New best val_rocauc loss was found, current best value is 0.85688
2024-12-05 20:59 - INFO - 	 Train Loss: 0.078
2024-12-05 20:59 - INFO - 	 Val. Loss: 0.071
2024-12-05 20:59 - INFO - 	 ROC-AUC: 0.984
2024-12-05 20:59 - INFO - 	 PR-AUC: 0.857
2024-12-05 20:59 - INFO - 	 Best Val. Loss: 0.071
2024-12-05 20:59 - INFO - 	 Best ROC-AUC: 0.984
2024-12-05 20:59 - INFO - 	 Best PR-AUC: 0.857
2024-12-05 20:59 - INFO - 	 Test-ROC-AUC under Best Validation ROC-AUC: 0.983
2024-12-05 20:59 - INFO - 	 Test-PR-AUC under Best Validation Best PR-AUC: 0.829
2024-12-05 20:59 - INFO - ---------------------------------------------
2024-12-05 21:07 - INFO - ---------------------------------------------
2024-12-05 21:07 - INFO - Epoch: 06 | Time: 8m 0s
2024-12-05 21:07 - INFO - 	 Train Loss: 0.076
2024-12-05 21:07 - INFO - 	 Val. Loss: 0.069
2024-12-05 21:07 - INFO - 	 ROC-AUC: 0.983
2024-12-05 21:07 - INFO - 	 PR-AUC: 0.854
2024-12-05 21:07 - INFO - 	 Best Val. Loss: 0.069
2024-12-05 21:07 - INFO - 	 Best ROC-AUC: 0.984
2024-12-05 21:07 - INFO - 	 Best PR-AUC: 0.857
2024-12-05 21:07 - INFO - 	 Test-ROC-AUC under Best Validation ROC-AUC: 0.983
2024-12-05 21:07 - INFO - 	 Test-PR-AUC under Best Validation Best PR-AUC: 0.829
2024-12-05 21:07 - INFO - ---------------------------------------------
2024-12-05 21:15 - INFO - ---------------------------------------------
2024-12-05 21:15 - INFO - Epoch: 07 | Time: 8m 1s
2024-12-05 21:15 - INFO - 	 New best val_rocauc loss was found, current best value is 0.85726
2024-12-05 21:15 - INFO - 	 Train Loss: 0.075
2024-12-05 21:15 - INFO - 	 Val. Loss: 0.066
2024-12-05 21:15 - INFO - 	 ROC-AUC: 0.985
2024-12-05 21:15 - INFO - 	 PR-AUC: 0.857
2024-12-05 21:15 - INFO - 	 Best Val. Loss: 0.066
2024-12-05 21:15 - INFO - 	 Best ROC-AUC: 0.985
2024-12-05 21:15 - INFO - 	 Best PR-AUC: 0.857
2024-12-05 21:15 - INFO - 	 Test-ROC-AUC under Best Validation ROC-AUC: 0.984
2024-12-05 21:15 - INFO - 	 Test-PR-AUC under Best Validation Best PR-AUC: 0.845
2024-12-05 21:15 - INFO - ---------------------------------------------
2024-12-05 21:23 - INFO - ---------------------------------------------
2024-12-05 21:23 - INFO - Epoch: 08 | Time: 8m 1s
2024-12-05 21:23 - INFO - 	 New best val_rocauc loss was found, current best value is 0.85881
2024-12-05 21:23 - INFO - 	 Train Loss: 0.072
2024-12-05 21:23 - INFO - 	 Val. Loss: 0.068
2024-12-05 21:23 - INFO - 	 ROC-AUC: 0.985
2024-12-05 21:23 - INFO - 	 PR-AUC: 0.859
2024-12-05 21:23 - INFO - 	 Best Val. Loss: 0.066
2024-12-05 21:23 - INFO - 	 Best ROC-AUC: 0.985
2024-12-05 21:23 - INFO - 	 Best PR-AUC: 0.859
2024-12-05 21:23 - INFO - 	 Test-ROC-AUC under Best Validation ROC-AUC: 0.984
2024-12-05 21:23 - INFO - 	 Test-PR-AUC under Best Validation Best PR-AUC: 0.853
2024-12-05 21:23 - INFO - ---------------------------------------------
2024-12-05 21:31 - INFO - ---------------------------------------------
2024-12-05 21:31 - INFO - Epoch: 09 | Time: 8m 1s
2024-12-05 21:31 - INFO - 	 New best val_rocauc loss was found, current best value is 0.86976
2024-12-05 21:31 - INFO - 	 Train Loss: 0.070
2024-12-05 21:31 - INFO - 	 Val. Loss: 0.063
2024-12-05 21:31 - INFO - 	 ROC-AUC: 0.986
2024-12-05 21:31 - INFO - 	 PR-AUC: 0.870
2024-12-05 21:31 - INFO - 	 Best Val. Loss: 0.063
2024-12-05 21:31 - INFO - 	 Best ROC-AUC: 0.986
2024-12-05 21:31 - INFO - 	 Best PR-AUC: 0.870
2024-12-05 21:31 - INFO - 	 Test-ROC-AUC under Best Validation ROC-AUC: 0.984
2024-12-05 21:31 - INFO - 	 Test-PR-AUC under Best Validation Best PR-AUC: 0.843
2024-12-05 21:31 - INFO - ---------------------------------------------
2024-12-05 21:39 - INFO - ---------------------------------------------
2024-12-05 21:39 - INFO - Epoch: 10 | Time: 8m 1s
2024-12-05 21:39 - INFO - 	 Train Loss: 0.070
2024-12-05 21:39 - INFO - 	 Val. Loss: 0.062
2024-12-05 21:39 - INFO - 	 ROC-AUC: 0.988
2024-12-05 21:39 - INFO - 	 PR-AUC: 0.868
2024-12-05 21:39 - INFO - 	 Best Val. Loss: 0.062
2024-12-05 21:39 - INFO - 	 Best ROC-AUC: 0.988
2024-12-05 21:39 - INFO - 	 Best PR-AUC: 0.870
2024-12-05 21:39 - INFO - 	 Test-ROC-AUC under Best Validation ROC-AUC: 0.985
2024-12-05 21:39 - INFO - 	 Test-PR-AUC under Best Validation Best PR-AUC: 0.843
2024-12-05 21:39 - INFO - ---------------------------------------------
2024-12-05 21:42 - INFO - Fit the preprocessing pipeline
2024-12-05 21:42 - INFO - Training using device: cuda
2024-12-05 21:42 - INFO - Creating generators
2024-12-05 21:42 - INFO - The model has 2,246,929 trainable parameters
2024-12-05 21:42 - INFO - * Model:
2024-12-05 21:42 - INFO - * -----------
2024-12-05 21:42 - INFO - CombinedModel(
  (upstream_model): TSTransformerEncoderCNN(
    (project_input): Linear(in_features=12, out_features=128, bias=True)
    (encoder): Linear(in_features=12, out_features=128, bias=True)
    (transformer_encoder): TransformerEncoder(
      (layers): ModuleList(
        (0-7): 8 x TransformerEncoderLayer(
          (self_attn): MultiheadAttention(
            (out_proj): NonDynamicallyQuantizableLinear(in_features=128, out_features=128, bias=True)
          )
          (linear1): Linear(in_features=128, out_features=512, bias=True)
          (dropout): Dropout(p=0.4, inplace=False)
          (linear2): Linear(in_features=512, out_features=128, bias=True)
          (norm1): LayerNorm((128,), eps=1e-05, elementwise_affine=True)
          (norm2): LayerNorm((128,), eps=1e-05, elementwise_affine=True)
          (dropout1): Dropout(p=0.4, inplace=False)
          (dropout2): Dropout(p=0.4, inplace=False)
        )
      )
    )
    (output_layer): Linear(in_features=128, out_features=12, bias=True)
    (dropout1): Dropout(p=0.4, inplace=False)
    (cnn): Conv1d(128, 12, kernel_size=(3,), stride=(1,), padding=(1,))
  )
  (downstream_model): DownstreamInception(
    (conv1): ConvBlock(
      (conv): Conv1d(12, 64, kernel_size=(7,), stride=(2,), padding=(3,))
      (bn): BatchNorm1d(64, eps=1e-05, momentum=0.1, affine=True, track_running_stats=True)
    )
    (conv2): ConvBlock(
      (conv): Conv1d(64, 128, kernel_size=(3,), stride=(1,), padding=(1,))
      (bn): BatchNorm1d(128, eps=1e-05, momentum=0.1, affine=True, track_running_stats=True)
    )
    (maxpool): MaxPool1d(kernel_size=3, stride=2, padding=1, dilation=1, ceil_mode=False)
    (inception3a): InceptionBlock(
      (branch1): ConvBlock(
        (conv): Conv1d(128, 64, kernel_size=(1,), stride=(1,))
        (bn): BatchNorm1d(64, eps=1e-05, momentum=0.1, affine=True, track_running_stats=True)
      )
      (branch2): Sequential(
        (0): ConvBlock(
          (conv): Conv1d(128, 96, kernel_size=(1,), stride=(1,))
          (bn): BatchNorm1d(96, eps=1e-05, momentum=0.1, affine=True, track_running_stats=True)
        )
        (1): ConvBlock(
          (conv): Conv1d(96, 128, kernel_size=(3,), stride=(1,), padding=(1,))
          (bn): BatchNorm1d(128, eps=1e-05, momentum=0.1, affine=True, track_running_stats=True)
        )
      )
      (branch3): Sequential(
        (0): ConvBlock(
          (conv): Conv1d(128, 16, kernel_size=(1,), stride=(1,))
          (bn): BatchNorm1d(16, eps=1e-05, momentum=0.1, affine=True, track_running_stats=True)
        )
        (1): ConvBlock(
          (conv): Conv1d(16, 32, kernel_size=(5,), stride=(1,), padding=(2,))
          (bn): BatchNorm1d(32, eps=1e-05, momentum=0.1, affine=True, track_running_stats=True)
        )
      )
      (branch4): Sequential(
        (0): MaxPool2d(kernel_size=3, stride=1, padding=1, dilation=1, ceil_mode=False)
        (1): ConvBlock(
          (conv): Conv1d(128, 32, kernel_size=(1,), stride=(1,))
          (bn): BatchNorm1d(32, eps=1e-05, momentum=0.1, affine=True, track_running_stats=True)
        )
      )
    )
    (inception3b): InceptionBlock(
      (branch1): ConvBlock(
        (conv): Conv1d(256, 128, kernel_size=(1,), stride=(1,))
        (bn): BatchNorm1d(128, eps=1e-05, momentum=0.1, affine=True, track_running_stats=True)
      )
      (branch2): Sequential(
        (0): ConvBlock(
          (conv): Conv1d(256, 128, kernel_size=(1,), stride=(1,))
          (bn): BatchNorm1d(128, eps=1e-05, momentum=0.1, affine=True, track_running_stats=True)
        )
        (1): ConvBlock(
          (conv): Conv1d(128, 192, kernel_size=(3,), stride=(1,), padding=(1,))
          (bn): BatchNorm1d(192, eps=1e-05, momentum=0.1, affine=True, track_running_stats=True)
        )
      )
      (branch3): Sequential(
        (0): ConvBlock(
          (conv): Conv1d(256, 32, kernel_size=(1,), stride=(1,))
          (bn): BatchNorm1d(32, eps=1e-05, momentum=0.1, affine=True, track_running_stats=True)
        )
        (1): ConvBlock(
          (conv): Conv1d(32, 96, kernel_size=(5,), stride=(1,), padding=(2,))
          (bn): BatchNorm1d(96, eps=1e-05, momentum=0.1, affine=True, track_running_stats=True)
        )
      )
      (branch4): Sequential(
        (0): MaxPool2d(kernel_size=3, stride=1, padding=1, dilation=1, ceil_mode=False)
        (1): ConvBlock(
          (conv): Conv1d(256, 64, kernel_size=(1,), stride=(1,))
          (bn): BatchNorm1d(64, eps=1e-05, momentum=0.1, affine=True, track_running_stats=True)
        )
      )
    )
    (inception4a): InceptionBlock(
      (branch1): ConvBlock(
        (conv): Conv1d(480, 192, kernel_size=(1,), stride=(1,))
        (bn): BatchNorm1d(192, eps=1e-05, momentum=0.1, affine=True, track_running_stats=True)
      )
      (branch2): Sequential(
        (0): ConvBlock(
          (conv): Conv1d(480, 96, kernel_size=(1,), stride=(1,))
          (bn): BatchNorm1d(96, eps=1e-05, momentum=0.1, affine=True, track_running_stats=True)
        )
        (1): ConvBlock(
          (conv): Conv1d(96, 208, kernel_size=(3,), stride=(1,), padding=(1,))
          (bn): BatchNorm1d(208, eps=1e-05, momentum=0.1, affine=True, track_running_stats=True)
        )
      )
      (branch3): Sequential(
        (0): ConvBlock(
          (conv): Conv1d(480, 16, kernel_size=(1,), stride=(1,))
          (bn): BatchNorm1d(16, eps=1e-05, momentum=0.1, affine=True, track_running_stats=True)
        )
        (1): ConvBlock(
          (conv): Conv1d(16, 48, kernel_size=(5,), stride=(1,), padding=(2,))
          (bn): BatchNorm1d(48, eps=1e-05, momentum=0.1, affine=True, track_running_stats=True)
        )
      )
      (branch4): Sequential(
        (0): MaxPool2d(kernel_size=3, stride=1, padding=1, dilation=1, ceil_mode=False)
        (1): ConvBlock(
          (conv): Conv1d(480, 64, kernel_size=(1,), stride=(1,))
          (bn): BatchNorm1d(64, eps=1e-05, momentum=0.1, affine=True, track_running_stats=True)
        )
      )
    )
    (inception4b): InceptionBlock(
      (branch1): ConvBlock(
        (conv): Conv1d(512, 32, kernel_size=(1,), stride=(1,))
        (bn): BatchNorm1d(32, eps=1e-05, momentum=0.1, affine=True, track_running_stats=True)
      )
      (branch2): Sequential(
        (0): ConvBlock(
          (conv): Conv1d(512, 112, kernel_size=(1,), stride=(1,))
          (bn): BatchNorm1d(112, eps=1e-05, momentum=0.1, affine=True, track_running_stats=True)
        )
        (1): ConvBlock(
          (conv): Conv1d(112, 32, kernel_size=(3,), stride=(1,), padding=(1,))
          (bn): BatchNorm1d(32, eps=1e-05, momentum=0.1, affine=True, track_running_stats=True)
        )
      )
      (branch3): Sequential(
        (0): ConvBlock(
          (conv): Conv1d(512, 24, kernel_size=(1,), stride=(1,))
          (bn): BatchNorm1d(24, eps=1e-05, momentum=0.1, affine=True, track_running_stats=True)
        )
        (1): ConvBlock(
          (conv): Conv1d(24, 64, kernel_size=(5,), stride=(1,), padding=(2,))
          (bn): BatchNorm1d(64, eps=1e-05, momentum=0.1, affine=True, track_running_stats=True)
        )
      )
      (branch4): Sequential(
        (0): MaxPool2d(kernel_size=3, stride=1, padding=1, dilation=1, ceil_mode=False)
        (1): ConvBlock(
          (conv): Conv1d(512, 32, kernel_size=(1,), stride=(1,))
          (bn): BatchNorm1d(32, eps=1e-05, momentum=0.1, affine=True, track_running_stats=True)
        )
      )
    )
    (avgpool): AvgPool1d(kernel_size=(5,), stride=(1,), padding=(0,))
    (dropout): Dropout(p=0.5, inplace=False)
    (fc): Linear(in_features=8480, out_features=1, bias=True)
    (sigmoid): Sigmoid()
  )
)
2024-12-05 21:42 - INFO - * -----------
2024-12-05 21:50 - INFO - ---------------------------------------------
2024-12-05 21:50 - INFO - Epoch: 01 | Time: 8m 1s
2024-12-05 21:50 - INFO - 	 New best val_rocauc loss was found, current best value is 0.2632
2024-12-05 21:50 - INFO - 	 Train Loss: 0.243
2024-12-05 21:50 - INFO - 	 Val. Loss: 0.258
2024-12-05 21:50 - INFO - 	 ROC-AUC: 0.815
2024-12-05 21:50 - INFO - 	 PR-AUC: 0.263
2024-12-05 21:50 - INFO - 	 Best Val. Loss: 0.258
2024-12-05 21:50 - INFO - 	 Best ROC-AUC: 0.815
2024-12-05 21:50 - INFO - 	 Best PR-AUC: 0.263
2024-12-05 21:50 - INFO - 	 Test-ROC-AUC under Best Validation ROC-AUC: 0.808
2024-12-05 21:50 - INFO - 	 Test-PR-AUC under Best Validation Best PR-AUC: 0.305
2024-12-05 21:50 - INFO - ---------------------------------------------
2024-12-05 21:58 - INFO - ---------------------------------------------
2024-12-05 21:58 - INFO - Epoch: 02 | Time: 8m 1s
2024-12-05 21:58 - INFO - 	 New best val_rocauc loss was found, current best value is 0.72006
2024-12-05 21:58 - INFO - 	 Train Loss: 0.148
2024-12-05 21:58 - INFO - 	 Val. Loss: 0.099
2024-12-05 21:58 - INFO - 	 ROC-AUC: 0.971
2024-12-05 21:58 - INFO - 	 PR-AUC: 0.720
2024-12-05 21:58 - INFO - 	 Best Val. Loss: 0.099
2024-12-05 21:58 - INFO - 	 Best ROC-AUC: 0.971
2024-12-05 21:58 - INFO - 	 Best PR-AUC: 0.720
2024-12-05 21:58 - INFO - 	 Test-ROC-AUC under Best Validation ROC-AUC: 0.972
2024-12-05 21:58 - INFO - 	 Test-PR-AUC under Best Validation Best PR-AUC: 0.727
2024-12-05 21:58 - INFO - ---------------------------------------------
2024-12-05 22:06 - INFO - ---------------------------------------------
2024-12-05 22:06 - INFO - Epoch: 03 | Time: 8m 0s
2024-12-05 22:06 - INFO - 	 New best val_rocauc loss was found, current best value is 0.82495
2024-12-05 22:06 - INFO - 	 Train Loss: 0.095
2024-12-05 22:06 - INFO - 	 Val. Loss: 0.079
2024-12-05 22:06 - INFO - 	 ROC-AUC: 0.982
2024-12-05 22:06 - INFO - 	 PR-AUC: 0.825
2024-12-05 22:06 - INFO - 	 Best Val. Loss: 0.079
2024-12-05 22:06 - INFO - 	 Best ROC-AUC: 0.982
2024-12-05 22:06 - INFO - 	 Best PR-AUC: 0.825
2024-12-05 22:06 - INFO - 	 Test-ROC-AUC under Best Validation ROC-AUC: 0.980
2024-12-05 22:06 - INFO - 	 Test-PR-AUC under Best Validation Best PR-AUC: 0.785
2024-12-05 22:06 - INFO - ---------------------------------------------
2024-12-05 22:14 - INFO - ---------------------------------------------
2024-12-05 22:14 - INFO - Epoch: 04 | Time: 8m 2s
2024-12-05 22:14 - INFO - 	 New best val_rocauc loss was found, current best value is 0.84634
2024-12-05 22:14 - INFO - 	 Train Loss: 0.085
2024-12-05 22:14 - INFO - 	 Val. Loss: 0.074
2024-12-05 22:14 - INFO - 	 ROC-AUC: 0.981
2024-12-05 22:14 - INFO - 	 PR-AUC: 0.846
2024-12-05 22:14 - INFO - 	 Best Val. Loss: 0.074
2024-12-05 22:14 - INFO - 	 Best ROC-AUC: 0.982
2024-12-05 22:14 - INFO - 	 Best PR-AUC: 0.846
2024-12-05 22:14 - INFO - 	 Test-ROC-AUC under Best Validation ROC-AUC: 0.980
2024-12-05 22:14 - INFO - 	 Test-PR-AUC under Best Validation Best PR-AUC: 0.795
2024-12-05 22:14 - INFO - ---------------------------------------------
2024-12-05 22:22 - INFO - ---------------------------------------------
2024-12-05 22:22 - INFO - Epoch: 05 | Time: 8m 3s
2024-12-05 22:22 - INFO - 	 Train Loss: 0.079
2024-12-05 22:22 - INFO - 	 Val. Loss: 0.076
2024-12-05 22:22 - INFO - 	 ROC-AUC: 0.983
2024-12-05 22:22 - INFO - 	 PR-AUC: 0.843
2024-12-05 22:22 - INFO - 	 Best Val. Loss: 0.074
2024-12-05 22:22 - INFO - 	 Best ROC-AUC: 0.983
2024-12-05 22:22 - INFO - 	 Best PR-AUC: 0.846
2024-12-05 22:22 - INFO - 	 Test-ROC-AUC under Best Validation ROC-AUC: 0.981
2024-12-05 22:22 - INFO - 	 Test-PR-AUC under Best Validation Best PR-AUC: 0.795
2024-12-05 22:22 - INFO - ---------------------------------------------
2024-12-05 22:30 - INFO - ---------------------------------------------
2024-12-05 22:30 - INFO - Epoch: 06 | Time: 8m 3s
2024-12-05 22:30 - INFO - 	 New best val_rocauc loss was found, current best value is 0.84855
2024-12-05 22:30 - INFO - 	 Train Loss: 0.076
2024-12-05 22:30 - INFO - 	 Val. Loss: 0.071
2024-12-05 22:30 - INFO - 	 ROC-AUC: 0.985
2024-12-05 22:30 - INFO - 	 PR-AUC: 0.849
2024-12-05 22:30 - INFO - 	 Best Val. Loss: 0.071
2024-12-05 22:30 - INFO - 	 Best ROC-AUC: 0.985
2024-12-05 22:30 - INFO - 	 Best PR-AUC: 0.849
2024-12-05 22:30 - INFO - 	 Test-ROC-AUC under Best Validation ROC-AUC: 0.983
2024-12-05 22:30 - INFO - 	 Test-PR-AUC under Best Validation Best PR-AUC: 0.825
2024-12-05 22:30 - INFO - ---------------------------------------------
2024-12-05 22:38 - INFO - ---------------------------------------------
2024-12-05 22:38 - INFO - Epoch: 07 | Time: 8m 5s
2024-12-05 22:38 - INFO - 	 New best val_rocauc loss was found, current best value is 0.85372
2024-12-05 22:38 - INFO - 	 Train Loss: 0.075
2024-12-05 22:38 - INFO - 	 Val. Loss: 0.066
2024-12-05 22:38 - INFO - 	 ROC-AUC: 0.985
2024-12-05 22:38 - INFO - 	 PR-AUC: 0.854
2024-12-05 22:38 - INFO - 	 Best Val. Loss: 0.066
2024-12-05 22:38 - INFO - 	 Best ROC-AUC: 0.985
2024-12-05 22:38 - INFO - 	 Best PR-AUC: 0.854
2024-12-05 22:38 - INFO - 	 Test-ROC-AUC under Best Validation ROC-AUC: 0.983
2024-12-05 22:38 - INFO - 	 Test-PR-AUC under Best Validation Best PR-AUC: 0.833
2024-12-05 22:38 - INFO - ---------------------------------------------
2024-12-05 22:46 - INFO - ---------------------------------------------
2024-12-05 22:46 - INFO - Epoch: 08 | Time: 8m 1s
2024-12-05 22:46 - INFO - 	 New best val_rocauc loss was found, current best value is 0.86896
2024-12-05 22:46 - INFO - 	 Train Loss: 0.072
2024-12-05 22:46 - INFO - 	 Val. Loss: 0.065
2024-12-05 22:46 - INFO - 	 ROC-AUC: 0.985
2024-12-05 22:46 - INFO - 	 PR-AUC: 0.869
2024-12-05 22:46 - INFO - 	 Best Val. Loss: 0.065
2024-12-05 22:46 - INFO - 	 Best ROC-AUC: 0.985
2024-12-05 22:46 - INFO - 	 Best PR-AUC: 0.869
2024-12-05 22:46 - INFO - 	 Test-ROC-AUC under Best Validation ROC-AUC: 0.984
2024-12-05 22:46 - INFO - 	 Test-PR-AUC under Best Validation Best PR-AUC: 0.836
2024-12-05 22:46 - INFO - ---------------------------------------------
2024-12-05 22:54 - INFO - ---------------------------------------------
2024-12-05 22:54 - INFO - Epoch: 09 | Time: 8m 1s
2024-12-05 22:54 - INFO - 	 Train Loss: 0.070
2024-12-05 22:54 - INFO - 	 Val. Loss: 0.065
2024-12-05 22:54 - INFO - 	 ROC-AUC: 0.987
2024-12-05 22:54 - INFO - 	 PR-AUC: 0.867
2024-12-05 22:54 - INFO - 	 Best Val. Loss: 0.065
2024-12-05 22:54 - INFO - 	 Best ROC-AUC: 0.987
2024-12-05 22:54 - INFO - 	 Best PR-AUC: 0.869
2024-12-05 22:54 - INFO - 	 Test-ROC-AUC under Best Validation ROC-AUC: 0.986
2024-12-05 22:54 - INFO - 	 Test-PR-AUC under Best Validation Best PR-AUC: 0.836
2024-12-05 22:54 - INFO - ---------------------------------------------
2024-12-05 23:02 - INFO - ---------------------------------------------
2024-12-05 23:02 - INFO - Epoch: 10 | Time: 8m 1s
2024-12-05 23:02 - INFO - 	 Train Loss: 0.069
2024-12-05 23:02 - INFO - 	 Val. Loss: 0.065
2024-12-05 23:02 - INFO - 	 ROC-AUC: 0.985
2024-12-05 23:02 - INFO - 	 PR-AUC: 0.869
2024-12-05 23:02 - INFO - 	 Best Val. Loss: 0.065
2024-12-05 23:02 - INFO - 	 Best ROC-AUC: 0.987
2024-12-05 23:02 - INFO - 	 Best PR-AUC: 0.869
2024-12-05 23:02 - INFO - 	 Test-ROC-AUC under Best Validation ROC-AUC: 0.986
2024-12-05 23:02 - INFO - 	 Test-PR-AUC under Best Validation Best PR-AUC: 0.836
2024-12-05 23:02 - INFO - ---------------------------------------------
