2024-12-05 23:04 - INFO - Fit the preprocessing pipeline
2024-12-05 23:04 - INFO - Training using device: cuda
2024-12-05 23:04 - INFO - Creating generators
2024-12-05 23:04 - INFO - The model has 2,246,929 trainable parameters
2024-12-05 23:04 - INFO - * Model:
2024-12-05 23:04 - INFO - * -----------
2024-12-05 23:04 - INFO - CombinedModel(
  (upstream_model): TSTransformerEncoderCNN(
    (project_input): Linear(in_features=12, out_features=128, bias=True)
    (encoder): Linear(in_features=12, out_features=128, bias=True)
    (transformer_encoder): TransformerEncoder(
      (layers): ModuleList(
        (0-7): 8 x TransformerEncoderLayer(
          (self_attn): MultiheadAttention(
            (out_proj): NonDynamicallyQuantizableLinear(in_features=128, out_features=128, bias=True)
          )
          (linear1): Linear(in_features=128, out_features=512, bias=True)
          (dropout): Dropout(p=0.4, inplace=False)
          (linear2): Linear(in_features=512, out_features=128, bias=True)
          (norm1): LayerNorm((128,), eps=1e-05, elementwise_affine=True)
          (norm2): LayerNorm((128,), eps=1e-05, elementwise_affine=True)
          (dropout1): Dropout(p=0.4, inplace=False)
          (dropout2): Dropout(p=0.4, inplace=False)
        )
      )
    )
    (output_layer): Linear(in_features=128, out_features=12, bias=True)
    (dropout1): Dropout(p=0.4, inplace=False)
    (cnn): Conv1d(128, 12, kernel_size=(3,), stride=(1,), padding=(1,))
  )
  (downstream_model): DownstreamInception(
    (conv1): ConvBlock(
      (conv): Conv1d(12, 64, kernel_size=(7,), stride=(2,), padding=(3,))
      (bn): BatchNorm1d(64, eps=1e-05, momentum=0.1, affine=True, track_running_stats=True)
    )
    (conv2): ConvBlock(
      (conv): Conv1d(64, 128, kernel_size=(3,), stride=(1,), padding=(1,))
      (bn): BatchNorm1d(128, eps=1e-05, momentum=0.1, affine=True, track_running_stats=True)
    )
    (maxpool): MaxPool1d(kernel_size=3, stride=2, padding=1, dilation=1, ceil_mode=False)
    (inception3a): InceptionBlock(
      (branch1): ConvBlock(
        (conv): Conv1d(128, 64, kernel_size=(1,), stride=(1,))
        (bn): BatchNorm1d(64, eps=1e-05, momentum=0.1, affine=True, track_running_stats=True)
      )
      (branch2): Sequential(
        (0): ConvBlock(
          (conv): Conv1d(128, 96, kernel_size=(1,), stride=(1,))
          (bn): BatchNorm1d(96, eps=1e-05, momentum=0.1, affine=True, track_running_stats=True)
        )
        (1): ConvBlock(
          (conv): Conv1d(96, 128, kernel_size=(3,), stride=(1,), padding=(1,))
          (bn): BatchNorm1d(128, eps=1e-05, momentum=0.1, affine=True, track_running_stats=True)
        )
      )
      (branch3): Sequential(
        (0): ConvBlock(
          (conv): Conv1d(128, 16, kernel_size=(1,), stride=(1,))
          (bn): BatchNorm1d(16, eps=1e-05, momentum=0.1, affine=True, track_running_stats=True)
        )
        (1): ConvBlock(
          (conv): Conv1d(16, 32, kernel_size=(5,), stride=(1,), padding=(2,))
          (bn): BatchNorm1d(32, eps=1e-05, momentum=0.1, affine=True, track_running_stats=True)
        )
      )
      (branch4): Sequential(
        (0): MaxPool2d(kernel_size=3, stride=1, padding=1, dilation=1, ceil_mode=False)
        (1): ConvBlock(
          (conv): Conv1d(128, 32, kernel_size=(1,), stride=(1,))
          (bn): BatchNorm1d(32, eps=1e-05, momentum=0.1, affine=True, track_running_stats=True)
        )
      )
    )
    (inception3b): InceptionBlock(
      (branch1): ConvBlock(
        (conv): Conv1d(256, 128, kernel_size=(1,), stride=(1,))
        (bn): BatchNorm1d(128, eps=1e-05, momentum=0.1, affine=True, track_running_stats=True)
      )
      (branch2): Sequential(
        (0): ConvBlock(
          (conv): Conv1d(256, 128, kernel_size=(1,), stride=(1,))
          (bn): BatchNorm1d(128, eps=1e-05, momentum=0.1, affine=True, track_running_stats=True)
        )
        (1): ConvBlock(
          (conv): Conv1d(128, 192, kernel_size=(3,), stride=(1,), padding=(1,))
          (bn): BatchNorm1d(192, eps=1e-05, momentum=0.1, affine=True, track_running_stats=True)
        )
      )
      (branch3): Sequential(
        (0): ConvBlock(
          (conv): Conv1d(256, 32, kernel_size=(1,), stride=(1,))
          (bn): BatchNorm1d(32, eps=1e-05, momentum=0.1, affine=True, track_running_stats=True)
        )
        (1): ConvBlock(
          (conv): Conv1d(32, 96, kernel_size=(5,), stride=(1,), padding=(2,))
          (bn): BatchNorm1d(96, eps=1e-05, momentum=0.1, affine=True, track_running_stats=True)
        )
      )
      (branch4): Sequential(
        (0): MaxPool2d(kernel_size=3, stride=1, padding=1, dilation=1, ceil_mode=False)
        (1): ConvBlock(
          (conv): Conv1d(256, 64, kernel_size=(1,), stride=(1,))
          (bn): BatchNorm1d(64, eps=1e-05, momentum=0.1, affine=True, track_running_stats=True)
        )
      )
    )
    (inception4a): InceptionBlock(
      (branch1): ConvBlock(
        (conv): Conv1d(480, 192, kernel_size=(1,), stride=(1,))
        (bn): BatchNorm1d(192, eps=1e-05, momentum=0.1, affine=True, track_running_stats=True)
      )
      (branch2): Sequential(
        (0): ConvBlock(
          (conv): Conv1d(480, 96, kernel_size=(1,), stride=(1,))
          (bn): BatchNorm1d(96, eps=1e-05, momentum=0.1, affine=True, track_running_stats=True)
        )
        (1): ConvBlock(
          (conv): Conv1d(96, 208, kernel_size=(3,), stride=(1,), padding=(1,))
          (bn): BatchNorm1d(208, eps=1e-05, momentum=0.1, affine=True, track_running_stats=True)
        )
      )
      (branch3): Sequential(
        (0): ConvBlock(
          (conv): Conv1d(480, 16, kernel_size=(1,), stride=(1,))
          (bn): BatchNorm1d(16, eps=1e-05, momentum=0.1, affine=True, track_running_stats=True)
        )
        (1): ConvBlock(
          (conv): Conv1d(16, 48, kernel_size=(5,), stride=(1,), padding=(2,))
          (bn): BatchNorm1d(48, eps=1e-05, momentum=0.1, affine=True, track_running_stats=True)
        )
      )
      (branch4): Sequential(
        (0): MaxPool2d(kernel_size=3, stride=1, padding=1, dilation=1, ceil_mode=False)
        (1): ConvBlock(
          (conv): Conv1d(480, 64, kernel_size=(1,), stride=(1,))
          (bn): BatchNorm1d(64, eps=1e-05, momentum=0.1, affine=True, track_running_stats=True)
        )
      )
    )
    (inception4b): InceptionBlock(
      (branch1): ConvBlock(
        (conv): Conv1d(512, 32, kernel_size=(1,), stride=(1,))
        (bn): BatchNorm1d(32, eps=1e-05, momentum=0.1, affine=True, track_running_stats=True)
      )
      (branch2): Sequential(
        (0): ConvBlock(
          (conv): Conv1d(512, 112, kernel_size=(1,), stride=(1,))
          (bn): BatchNorm1d(112, eps=1e-05, momentum=0.1, affine=True, track_running_stats=True)
        )
        (1): ConvBlock(
          (conv): Conv1d(112, 32, kernel_size=(3,), stride=(1,), padding=(1,))
          (bn): BatchNorm1d(32, eps=1e-05, momentum=0.1, affine=True, track_running_stats=True)
        )
      )
      (branch3): Sequential(
        (0): ConvBlock(
          (conv): Conv1d(512, 24, kernel_size=(1,), stride=(1,))
          (bn): BatchNorm1d(24, eps=1e-05, momentum=0.1, affine=True, track_running_stats=True)
        )
        (1): ConvBlock(
          (conv): Conv1d(24, 64, kernel_size=(5,), stride=(1,), padding=(2,))
          (bn): BatchNorm1d(64, eps=1e-05, momentum=0.1, affine=True, track_running_stats=True)
        )
      )
      (branch4): Sequential(
        (0): MaxPool2d(kernel_size=3, stride=1, padding=1, dilation=1, ceil_mode=False)
        (1): ConvBlock(
          (conv): Conv1d(512, 32, kernel_size=(1,), stride=(1,))
          (bn): BatchNorm1d(32, eps=1e-05, momentum=0.1, affine=True, track_running_stats=True)
        )
      )
    )
    (avgpool): AvgPool1d(kernel_size=(5,), stride=(1,), padding=(0,))
    (dropout): Dropout(p=0.5, inplace=False)
    (fc): Linear(in_features=8480, out_features=1, bias=True)
    (sigmoid): Sigmoid()
  )
)
2024-12-05 23:04 - INFO - * -----------
2024-12-05 23:12 - INFO - ---------------------------------------------
2024-12-05 23:12 - INFO - Epoch: 01 | Time: 8m 2s
2024-12-05 23:12 - INFO - 	 New best val_rocauc loss was found, current best value is 0.24156
2024-12-05 23:12 - INFO - 	 Train Loss: 0.245
2024-12-05 23:12 - INFO - 	 Val. Loss: 0.278
2024-12-05 23:12 - INFO - 	 ROC-AUC: 0.790
2024-12-05 23:12 - INFO - 	 PR-AUC: 0.242
2024-12-05 23:12 - INFO - 	 Best Val. Loss: 0.278
2024-12-05 23:12 - INFO - 	 Best ROC-AUC: 0.790
2024-12-05 23:12 - INFO - 	 Best PR-AUC: 0.242
2024-12-05 23:12 - INFO - 	 Test-ROC-AUC under Best Validation ROC-AUC: 0.775
2024-12-05 23:12 - INFO - 	 Test-PR-AUC under Best Validation Best PR-AUC: 0.263
2024-12-05 23:12 - INFO - ---------------------------------------------
2024-12-05 23:21 - INFO - ---------------------------------------------
2024-12-05 23:21 - INFO - Epoch: 02 | Time: 8m 0s
2024-12-05 23:21 - INFO - 	 New best val_rocauc loss was found, current best value is 0.68217
2024-12-05 23:21 - INFO - 	 Train Loss: 0.159
2024-12-05 23:21 - INFO - 	 Val. Loss: 0.113
2024-12-05 23:21 - INFO - 	 ROC-AUC: 0.969
2024-12-05 23:21 - INFO - 	 PR-AUC: 0.682
2024-12-05 23:21 - INFO - 	 Best Val. Loss: 0.113
2024-12-05 23:21 - INFO - 	 Best ROC-AUC: 0.969
2024-12-05 23:21 - INFO - 	 Best PR-AUC: 0.682
2024-12-05 23:21 - INFO - 	 Test-ROC-AUC under Best Validation ROC-AUC: 0.968
2024-12-05 23:21 - INFO - 	 Test-PR-AUC under Best Validation Best PR-AUC: 0.704
2024-12-05 23:21 - INFO - ---------------------------------------------
2024-12-05 23:29 - INFO - ---------------------------------------------
2024-12-05 23:29 - INFO - Epoch: 03 | Time: 8m 0s
2024-12-05 23:29 - INFO - 	 New best val_rocauc loss was found, current best value is 0.79095
2024-12-05 23:29 - INFO - 	 Train Loss: 0.099
2024-12-05 23:29 - INFO - 	 Val. Loss: 0.088
2024-12-05 23:29 - INFO - 	 ROC-AUC: 0.976
2024-12-05 23:29 - INFO - 	 PR-AUC: 0.791
2024-12-05 23:29 - INFO - 	 Best Val. Loss: 0.088
2024-12-05 23:29 - INFO - 	 Best ROC-AUC: 0.976
2024-12-05 23:29 - INFO - 	 Best PR-AUC: 0.791
2024-12-05 23:29 - INFO - 	 Test-ROC-AUC under Best Validation ROC-AUC: 0.975
2024-12-05 23:29 - INFO - 	 Test-PR-AUC under Best Validation Best PR-AUC: 0.772
2024-12-05 23:29 - INFO - ---------------------------------------------
2024-12-05 23:37 - INFO - ---------------------------------------------
2024-12-05 23:37 - INFO - Epoch: 04 | Time: 8m 0s
2024-12-05 23:37 - INFO - 	 New best val_rocauc loss was found, current best value is 0.82097
2024-12-05 23:37 - INFO - 	 Train Loss: 0.089
2024-12-05 23:37 - INFO - 	 Val. Loss: 0.087
2024-12-05 23:37 - INFO - 	 ROC-AUC: 0.981
2024-12-05 23:37 - INFO - 	 PR-AUC: 0.821
2024-12-05 23:37 - INFO - 	 Best Val. Loss: 0.087
2024-12-05 23:37 - INFO - 	 Best ROC-AUC: 0.981
2024-12-05 23:37 - INFO - 	 Best PR-AUC: 0.821
2024-12-05 23:37 - INFO - 	 Test-ROC-AUC under Best Validation ROC-AUC: 0.979
2024-12-05 23:37 - INFO - 	 Test-PR-AUC under Best Validation Best PR-AUC: 0.788
2024-12-05 23:37 - INFO - ---------------------------------------------
2024-12-05 23:45 - INFO - ---------------------------------------------
2024-12-05 23:45 - INFO - Epoch: 05 | Time: 8m 1s
2024-12-05 23:45 - INFO - 	 Train Loss: 0.083
2024-12-05 23:45 - INFO - 	 Val. Loss: 0.086
2024-12-05 23:45 - INFO - 	 ROC-AUC: 0.980
2024-12-05 23:45 - INFO - 	 PR-AUC: 0.810
2024-12-05 23:45 - INFO - 	 Best Val. Loss: 0.086
2024-12-05 23:45 - INFO - 	 Best ROC-AUC: 0.981
2024-12-05 23:45 - INFO - 	 Best PR-AUC: 0.821
2024-12-05 23:45 - INFO - 	 Test-ROC-AUC under Best Validation ROC-AUC: 0.979
2024-12-05 23:45 - INFO - 	 Test-PR-AUC under Best Validation Best PR-AUC: 0.788
2024-12-05 23:45 - INFO - ---------------------------------------------
2024-12-05 23:53 - INFO - ---------------------------------------------
2024-12-05 23:53 - INFO - Epoch: 06 | Time: 8m 1s
2024-12-05 23:53 - INFO - 	 New best val_rocauc loss was found, current best value is 0.82828
2024-12-05 23:53 - INFO - 	 Train Loss: 0.081
2024-12-05 23:53 - INFO - 	 Val. Loss: 0.074
2024-12-05 23:53 - INFO - 	 ROC-AUC: 0.983
2024-12-05 23:53 - INFO - 	 PR-AUC: 0.828
2024-12-05 23:53 - INFO - 	 Best Val. Loss: 0.074
2024-12-05 23:53 - INFO - 	 Best ROC-AUC: 0.983
2024-12-05 23:53 - INFO - 	 Best PR-AUC: 0.828
2024-12-05 23:53 - INFO - 	 Test-ROC-AUC under Best Validation ROC-AUC: 0.981
2024-12-05 23:53 - INFO - 	 Test-PR-AUC under Best Validation Best PR-AUC: 0.805
2024-12-05 23:53 - INFO - ---------------------------------------------
2024-12-06 00:01 - INFO - ---------------------------------------------
2024-12-06 00:01 - INFO - Epoch: 07 | Time: 8m 1s
2024-12-06 00:01 - INFO - 	 New best val_rocauc loss was found, current best value is 0.83524
2024-12-06 00:01 - INFO - 	 Train Loss: 0.079
2024-12-06 00:01 - INFO - 	 Val. Loss: 0.070
2024-12-06 00:01 - INFO - 	 ROC-AUC: 0.984
2024-12-06 00:01 - INFO - 	 PR-AUC: 0.835
2024-12-06 00:01 - INFO - 	 Best Val. Loss: 0.070
2024-12-06 00:01 - INFO - 	 Best ROC-AUC: 0.984
2024-12-06 00:01 - INFO - 	 Best PR-AUC: 0.835
2024-12-06 00:01 - INFO - 	 Test-ROC-AUC under Best Validation ROC-AUC: 0.981
2024-12-06 00:01 - INFO - 	 Test-PR-AUC under Best Validation Best PR-AUC: 0.830
2024-12-06 00:01 - INFO - ---------------------------------------------
2024-12-06 00:09 - INFO - ---------------------------------------------
2024-12-06 00:09 - INFO - Epoch: 08 | Time: 8m 1s
2024-12-06 00:09 - INFO - 	 New best val_rocauc loss was found, current best value is 0.8637
2024-12-06 00:09 - INFO - 	 Train Loss: 0.077
2024-12-06 00:09 - INFO - 	 Val. Loss: 0.066
2024-12-06 00:09 - INFO - 	 ROC-AUC: 0.986
2024-12-06 00:09 - INFO - 	 PR-AUC: 0.864
2024-12-06 00:09 - INFO - 	 Best Val. Loss: 0.066
2024-12-06 00:09 - INFO - 	 Best ROC-AUC: 0.986
2024-12-06 00:09 - INFO - 	 Best PR-AUC: 0.864
2024-12-06 00:09 - INFO - 	 Test-ROC-AUC under Best Validation ROC-AUC: 0.983
2024-12-06 00:09 - INFO - 	 Test-PR-AUC under Best Validation Best PR-AUC: 0.839
2024-12-06 00:09 - INFO - ---------------------------------------------
2024-12-06 00:17 - INFO - ---------------------------------------------
2024-12-06 00:17 - INFO - Epoch: 09 | Time: 8m 1s
2024-12-06 00:17 - INFO - 	 Train Loss: 0.075
2024-12-06 00:17 - INFO - 	 Val. Loss: 0.066
2024-12-06 00:17 - INFO - 	 ROC-AUC: 0.985
2024-12-06 00:17 - INFO - 	 PR-AUC: 0.856
2024-12-06 00:17 - INFO - 	 Best Val. Loss: 0.066
2024-12-06 00:17 - INFO - 	 Best ROC-AUC: 0.986
2024-12-06 00:17 - INFO - 	 Best PR-AUC: 0.864
2024-12-06 00:17 - INFO - 	 Test-ROC-AUC under Best Validation ROC-AUC: 0.983
2024-12-06 00:17 - INFO - 	 Test-PR-AUC under Best Validation Best PR-AUC: 0.839
2024-12-06 00:17 - INFO - ---------------------------------------------
2024-12-06 00:25 - INFO - ---------------------------------------------
2024-12-06 00:25 - INFO - Epoch: 10 | Time: 8m 1s
2024-12-06 00:25 - INFO - 	 Train Loss: 0.073
2024-12-06 00:25 - INFO - 	 Val. Loss: 0.068
2024-12-06 00:25 - INFO - 	 ROC-AUC: 0.985
2024-12-06 00:25 - INFO - 	 PR-AUC: 0.851
2024-12-06 00:25 - INFO - 	 Best Val. Loss: 0.066
2024-12-06 00:25 - INFO - 	 Best ROC-AUC: 0.986
2024-12-06 00:25 - INFO - 	 Best PR-AUC: 0.864
2024-12-06 00:25 - INFO - 	 Test-ROC-AUC under Best Validation ROC-AUC: 0.983
2024-12-06 00:25 - INFO - 	 Test-PR-AUC under Best Validation Best PR-AUC: 0.839
2024-12-06 00:25 - INFO - ---------------------------------------------
2024-12-06 00:27 - INFO - Fit the preprocessing pipeline
2024-12-06 00:27 - INFO - Training using device: cuda
2024-12-06 00:27 - INFO - Creating generators
2024-12-06 00:27 - INFO - The model has 2,246,929 trainable parameters
2024-12-06 00:27 - INFO - * Model:
2024-12-06 00:27 - INFO - * -----------
2024-12-06 00:27 - INFO - CombinedModel(
  (upstream_model): TSTransformerEncoderCNN(
    (project_input): Linear(in_features=12, out_features=128, bias=True)
    (encoder): Linear(in_features=12, out_features=128, bias=True)
    (transformer_encoder): TransformerEncoder(
      (layers): ModuleList(
        (0-7): 8 x TransformerEncoderLayer(
          (self_attn): MultiheadAttention(
            (out_proj): NonDynamicallyQuantizableLinear(in_features=128, out_features=128, bias=True)
          )
          (linear1): Linear(in_features=128, out_features=512, bias=True)
          (dropout): Dropout(p=0.4, inplace=False)
          (linear2): Linear(in_features=512, out_features=128, bias=True)
          (norm1): LayerNorm((128,), eps=1e-05, elementwise_affine=True)
          (norm2): LayerNorm((128,), eps=1e-05, elementwise_affine=True)
          (dropout1): Dropout(p=0.4, inplace=False)
          (dropout2): Dropout(p=0.4, inplace=False)
        )
      )
    )
    (output_layer): Linear(in_features=128, out_features=12, bias=True)
    (dropout1): Dropout(p=0.4, inplace=False)
    (cnn): Conv1d(128, 12, kernel_size=(3,), stride=(1,), padding=(1,))
  )
  (downstream_model): DownstreamInception(
    (conv1): ConvBlock(
      (conv): Conv1d(12, 64, kernel_size=(7,), stride=(2,), padding=(3,))
      (bn): BatchNorm1d(64, eps=1e-05, momentum=0.1, affine=True, track_running_stats=True)
    )
    (conv2): ConvBlock(
      (conv): Conv1d(64, 128, kernel_size=(3,), stride=(1,), padding=(1,))
      (bn): BatchNorm1d(128, eps=1e-05, momentum=0.1, affine=True, track_running_stats=True)
    )
    (maxpool): MaxPool1d(kernel_size=3, stride=2, padding=1, dilation=1, ceil_mode=False)
    (inception3a): InceptionBlock(
      (branch1): ConvBlock(
        (conv): Conv1d(128, 64, kernel_size=(1,), stride=(1,))
        (bn): BatchNorm1d(64, eps=1e-05, momentum=0.1, affine=True, track_running_stats=True)
      )
      (branch2): Sequential(
        (0): ConvBlock(
          (conv): Conv1d(128, 96, kernel_size=(1,), stride=(1,))
          (bn): BatchNorm1d(96, eps=1e-05, momentum=0.1, affine=True, track_running_stats=True)
        )
        (1): ConvBlock(
          (conv): Conv1d(96, 128, kernel_size=(3,), stride=(1,), padding=(1,))
          (bn): BatchNorm1d(128, eps=1e-05, momentum=0.1, affine=True, track_running_stats=True)
        )
      )
      (branch3): Sequential(
        (0): ConvBlock(
          (conv): Conv1d(128, 16, kernel_size=(1,), stride=(1,))
          (bn): BatchNorm1d(16, eps=1e-05, momentum=0.1, affine=True, track_running_stats=True)
        )
        (1): ConvBlock(
          (conv): Conv1d(16, 32, kernel_size=(5,), stride=(1,), padding=(2,))
          (bn): BatchNorm1d(32, eps=1e-05, momentum=0.1, affine=True, track_running_stats=True)
        )
      )
      (branch4): Sequential(
        (0): MaxPool2d(kernel_size=3, stride=1, padding=1, dilation=1, ceil_mode=False)
        (1): ConvBlock(
          (conv): Conv1d(128, 32, kernel_size=(1,), stride=(1,))
          (bn): BatchNorm1d(32, eps=1e-05, momentum=0.1, affine=True, track_running_stats=True)
        )
      )
    )
    (inception3b): InceptionBlock(
      (branch1): ConvBlock(
        (conv): Conv1d(256, 128, kernel_size=(1,), stride=(1,))
        (bn): BatchNorm1d(128, eps=1e-05, momentum=0.1, affine=True, track_running_stats=True)
      )
      (branch2): Sequential(
        (0): ConvBlock(
          (conv): Conv1d(256, 128, kernel_size=(1,), stride=(1,))
          (bn): BatchNorm1d(128, eps=1e-05, momentum=0.1, affine=True, track_running_stats=True)
        )
        (1): ConvBlock(
          (conv): Conv1d(128, 192, kernel_size=(3,), stride=(1,), padding=(1,))
          (bn): BatchNorm1d(192, eps=1e-05, momentum=0.1, affine=True, track_running_stats=True)
        )
      )
      (branch3): Sequential(
        (0): ConvBlock(
          (conv): Conv1d(256, 32, kernel_size=(1,), stride=(1,))
          (bn): BatchNorm1d(32, eps=1e-05, momentum=0.1, affine=True, track_running_stats=True)
        )
        (1): ConvBlock(
          (conv): Conv1d(32, 96, kernel_size=(5,), stride=(1,), padding=(2,))
          (bn): BatchNorm1d(96, eps=1e-05, momentum=0.1, affine=True, track_running_stats=True)
        )
      )
      (branch4): Sequential(
        (0): MaxPool2d(kernel_size=3, stride=1, padding=1, dilation=1, ceil_mode=False)
        (1): ConvBlock(
          (conv): Conv1d(256, 64, kernel_size=(1,), stride=(1,))
          (bn): BatchNorm1d(64, eps=1e-05, momentum=0.1, affine=True, track_running_stats=True)
        )
      )
    )
    (inception4a): InceptionBlock(
      (branch1): ConvBlock(
        (conv): Conv1d(480, 192, kernel_size=(1,), stride=(1,))
        (bn): BatchNorm1d(192, eps=1e-05, momentum=0.1, affine=True, track_running_stats=True)
      )
      (branch2): Sequential(
        (0): ConvBlock(
          (conv): Conv1d(480, 96, kernel_size=(1,), stride=(1,))
          (bn): BatchNorm1d(96, eps=1e-05, momentum=0.1, affine=True, track_running_stats=True)
        )
        (1): ConvBlock(
          (conv): Conv1d(96, 208, kernel_size=(3,), stride=(1,), padding=(1,))
          (bn): BatchNorm1d(208, eps=1e-05, momentum=0.1, affine=True, track_running_stats=True)
        )
      )
      (branch3): Sequential(
        (0): ConvBlock(
          (conv): Conv1d(480, 16, kernel_size=(1,), stride=(1,))
          (bn): BatchNorm1d(16, eps=1e-05, momentum=0.1, affine=True, track_running_stats=True)
        )
        (1): ConvBlock(
          (conv): Conv1d(16, 48, kernel_size=(5,), stride=(1,), padding=(2,))
          (bn): BatchNorm1d(48, eps=1e-05, momentum=0.1, affine=True, track_running_stats=True)
        )
      )
      (branch4): Sequential(
        (0): MaxPool2d(kernel_size=3, stride=1, padding=1, dilation=1, ceil_mode=False)
        (1): ConvBlock(
          (conv): Conv1d(480, 64, kernel_size=(1,), stride=(1,))
          (bn): BatchNorm1d(64, eps=1e-05, momentum=0.1, affine=True, track_running_stats=True)
        )
      )
    )
    (inception4b): InceptionBlock(
      (branch1): ConvBlock(
        (conv): Conv1d(512, 32, kernel_size=(1,), stride=(1,))
        (bn): BatchNorm1d(32, eps=1e-05, momentum=0.1, affine=True, track_running_stats=True)
      )
      (branch2): Sequential(
        (0): ConvBlock(
          (conv): Conv1d(512, 112, kernel_size=(1,), stride=(1,))
          (bn): BatchNorm1d(112, eps=1e-05, momentum=0.1, affine=True, track_running_stats=True)
        )
        (1): ConvBlock(
          (conv): Conv1d(112, 32, kernel_size=(3,), stride=(1,), padding=(1,))
          (bn): BatchNorm1d(32, eps=1e-05, momentum=0.1, affine=True, track_running_stats=True)
        )
      )
      (branch3): Sequential(
        (0): ConvBlock(
          (conv): Conv1d(512, 24, kernel_size=(1,), stride=(1,))
          (bn): BatchNorm1d(24, eps=1e-05, momentum=0.1, affine=True, track_running_stats=True)
        )
        (1): ConvBlock(
          (conv): Conv1d(24, 64, kernel_size=(5,), stride=(1,), padding=(2,))
          (bn): BatchNorm1d(64, eps=1e-05, momentum=0.1, affine=True, track_running_stats=True)
        )
      )
      (branch4): Sequential(
        (0): MaxPool2d(kernel_size=3, stride=1, padding=1, dilation=1, ceil_mode=False)
        (1): ConvBlock(
          (conv): Conv1d(512, 32, kernel_size=(1,), stride=(1,))
          (bn): BatchNorm1d(32, eps=1e-05, momentum=0.1, affine=True, track_running_stats=True)
        )
      )
    )
    (avgpool): AvgPool1d(kernel_size=(5,), stride=(1,), padding=(0,))
    (dropout): Dropout(p=0.5, inplace=False)
    (fc): Linear(in_features=8480, out_features=1, bias=True)
    (sigmoid): Sigmoid()
  )
)
2024-12-06 00:27 - INFO - * -----------
2024-12-06 00:35 - INFO - ---------------------------------------------
2024-12-06 00:35 - INFO - Epoch: 01 | Time: 8m 1s
2024-12-06 00:35 - INFO - 	 New best val_rocauc loss was found, current best value is 0.26838
2024-12-06 00:35 - INFO - 	 Train Loss: 0.246
2024-12-06 00:35 - INFO - 	 Val. Loss: 0.239
2024-12-06 00:35 - INFO - 	 ROC-AUC: 0.829
2024-12-06 00:35 - INFO - 	 PR-AUC: 0.268
2024-12-06 00:35 - INFO - 	 Best Val. Loss: 0.239
2024-12-06 00:35 - INFO - 	 Best ROC-AUC: 0.829
2024-12-06 00:35 - INFO - 	 Best PR-AUC: 0.268
2024-12-06 00:35 - INFO - 	 Test-ROC-AUC under Best Validation ROC-AUC: 0.808
2024-12-06 00:35 - INFO - 	 Test-PR-AUC under Best Validation Best PR-AUC: 0.296
2024-12-06 00:35 - INFO - ---------------------------------------------
2024-12-06 00:43 - INFO - ---------------------------------------------
2024-12-06 00:43 - INFO - Epoch: 02 | Time: 8m 1s
2024-12-06 00:43 - INFO - 	 New best val_rocauc loss was found, current best value is 0.69672
2024-12-06 00:43 - INFO - 	 Train Loss: 0.149
2024-12-06 00:43 - INFO - 	 Val. Loss: 0.109
2024-12-06 00:43 - INFO - 	 ROC-AUC: 0.970
2024-12-06 00:43 - INFO - 	 PR-AUC: 0.697
2024-12-06 00:43 - INFO - 	 Best Val. Loss: 0.109
2024-12-06 00:43 - INFO - 	 Best ROC-AUC: 0.970
2024-12-06 00:43 - INFO - 	 Best PR-AUC: 0.697
2024-12-06 00:43 - INFO - 	 Test-ROC-AUC under Best Validation ROC-AUC: 0.969
2024-12-06 00:43 - INFO - 	 Test-PR-AUC under Best Validation Best PR-AUC: 0.699
2024-12-06 00:43 - INFO - ---------------------------------------------
2024-12-06 00:51 - INFO - ---------------------------------------------
2024-12-06 00:51 - INFO - Epoch: 03 | Time: 8m 5s
2024-12-06 00:51 - INFO - 	 New best val_rocauc loss was found, current best value is 0.79959
2024-12-06 00:51 - INFO - 	 Train Loss: 0.100
2024-12-06 00:51 - INFO - 	 Val. Loss: 0.092
2024-12-06 00:51 - INFO - 	 ROC-AUC: 0.981
2024-12-06 00:51 - INFO - 	 PR-AUC: 0.800
2024-12-06 00:51 - INFO - 	 Best Val. Loss: 0.092
2024-12-06 00:51 - INFO - 	 Best ROC-AUC: 0.981
2024-12-06 00:51 - INFO - 	 Best PR-AUC: 0.800
2024-12-06 00:51 - INFO - 	 Test-ROC-AUC under Best Validation ROC-AUC: 0.978
2024-12-06 00:51 - INFO - 	 Test-PR-AUC under Best Validation Best PR-AUC: 0.793
2024-12-06 00:51 - INFO - ---------------------------------------------
2024-12-06 00:59 - INFO - ---------------------------------------------
2024-12-06 00:59 - INFO - Epoch: 04 | Time: 8m 4s
2024-12-06 00:59 - INFO - 	 New best val_rocauc loss was found, current best value is 0.8144
2024-12-06 00:59 - INFO - 	 Train Loss: 0.089
2024-12-06 00:59 - INFO - 	 Val. Loss: 0.087
2024-12-06 00:59 - INFO - 	 ROC-AUC: 0.981
2024-12-06 00:59 - INFO - 	 PR-AUC: 0.814
2024-12-06 00:59 - INFO - 	 Best Val. Loss: 0.087
2024-12-06 00:59 - INFO - 	 Best ROC-AUC: 0.981
2024-12-06 00:59 - INFO - 	 Best PR-AUC: 0.814
2024-12-06 00:59 - INFO - 	 Test-ROC-AUC under Best Validation ROC-AUC: 0.980
2024-12-06 00:59 - INFO - 	 Test-PR-AUC under Best Validation Best PR-AUC: 0.809
2024-12-06 00:59 - INFO - ---------------------------------------------
2024-12-06 01:07 - INFO - ---------------------------------------------
2024-12-06 01:07 - INFO - Epoch: 05 | Time: 8m 1s
2024-12-06 01:07 - INFO - 	 New best val_rocauc loss was found, current best value is 0.84043
2024-12-06 01:07 - INFO - 	 Train Loss: 0.084
2024-12-06 01:07 - INFO - 	 Val. Loss: 0.075
2024-12-06 01:07 - INFO - 	 ROC-AUC: 0.983
2024-12-06 01:07 - INFO - 	 PR-AUC: 0.840
2024-12-06 01:07 - INFO - 	 Best Val. Loss: 0.075
2024-12-06 01:07 - INFO - 	 Best ROC-AUC: 0.983
2024-12-06 01:07 - INFO - 	 Best PR-AUC: 0.840
2024-12-06 01:07 - INFO - 	 Test-ROC-AUC under Best Validation ROC-AUC: 0.982
2024-12-06 01:07 - INFO - 	 Test-PR-AUC under Best Validation Best PR-AUC: 0.823
2024-12-06 01:07 - INFO - ---------------------------------------------
2024-12-06 01:15 - INFO - ---------------------------------------------
2024-12-06 01:15 - INFO - Epoch: 06 | Time: 8m 1s
2024-12-06 01:15 - INFO - 	 Train Loss: 0.080
2024-12-06 01:15 - INFO - 	 Val. Loss: 0.078
2024-12-06 01:15 - INFO - 	 ROC-AUC: 0.981
2024-12-06 01:15 - INFO - 	 PR-AUC: 0.822
2024-12-06 01:15 - INFO - 	 Best Val. Loss: 0.075
2024-12-06 01:15 - INFO - 	 Best ROC-AUC: 0.983
2024-12-06 01:15 - INFO - 	 Best PR-AUC: 0.840
2024-12-06 01:15 - INFO - 	 Test-ROC-AUC under Best Validation ROC-AUC: 0.982
2024-12-06 01:15 - INFO - 	 Test-PR-AUC under Best Validation Best PR-AUC: 0.823
2024-12-06 01:15 - INFO - ---------------------------------------------
2024-12-06 01:23 - INFO - ---------------------------------------------
2024-12-06 01:23 - INFO - Epoch: 07 | Time: 8m 1s
2024-12-06 01:23 - INFO - 	 New best val_rocauc loss was found, current best value is 0.85517
2024-12-06 01:23 - INFO - 	 Train Loss: 0.079
2024-12-06 01:23 - INFO - 	 Val. Loss: 0.068
2024-12-06 01:23 - INFO - 	 ROC-AUC: 0.985
2024-12-06 01:23 - INFO - 	 PR-AUC: 0.855
2024-12-06 01:23 - INFO - 	 Best Val. Loss: 0.068
2024-12-06 01:23 - INFO - 	 Best ROC-AUC: 0.985
2024-12-06 01:23 - INFO - 	 Best PR-AUC: 0.855
2024-12-06 01:23 - INFO - 	 Test-ROC-AUC under Best Validation ROC-AUC: 0.983
2024-12-06 01:23 - INFO - 	 Test-PR-AUC under Best Validation Best PR-AUC: 0.830
2024-12-06 01:23 - INFO - ---------------------------------------------
2024-12-06 01:31 - INFO - ---------------------------------------------
2024-12-06 01:31 - INFO - Epoch: 08 | Time: 8m 1s
2024-12-06 01:31 - INFO - 	 Train Loss: 0.076
2024-12-06 01:31 - INFO - 	 Val. Loss: 0.070
2024-12-06 01:31 - INFO - 	 ROC-AUC: 0.984
2024-12-06 01:31 - INFO - 	 PR-AUC: 0.833
2024-12-06 01:31 - INFO - 	 Best Val. Loss: 0.068
2024-12-06 01:31 - INFO - 	 Best ROC-AUC: 0.985
2024-12-06 01:31 - INFO - 	 Best PR-AUC: 0.855
2024-12-06 01:31 - INFO - 	 Test-ROC-AUC under Best Validation ROC-AUC: 0.983
2024-12-06 01:31 - INFO - 	 Test-PR-AUC under Best Validation Best PR-AUC: 0.830
2024-12-06 01:31 - INFO - ---------------------------------------------
2024-12-06 01:39 - INFO - ---------------------------------------------
2024-12-06 01:39 - INFO - Epoch: 09 | Time: 8m 2s
2024-12-06 01:39 - INFO - 	 Train Loss: 0.075
2024-12-06 01:39 - INFO - 	 Val. Loss: 0.068
2024-12-06 01:39 - INFO - 	 ROC-AUC: 0.984
2024-12-06 01:39 - INFO - 	 PR-AUC: 0.851
2024-12-06 01:39 - INFO - 	 Best Val. Loss: 0.068
2024-12-06 01:39 - INFO - 	 Best ROC-AUC: 0.985
2024-12-06 01:39 - INFO - 	 Best PR-AUC: 0.855
2024-12-06 01:39 - INFO - 	 Test-ROC-AUC under Best Validation ROC-AUC: 0.983
2024-12-06 01:39 - INFO - 	 Test-PR-AUC under Best Validation Best PR-AUC: 0.830
2024-12-06 01:39 - INFO - ---------------------------------------------
2024-12-06 01:47 - INFO - ---------------------------------------------
2024-12-06 01:47 - INFO - Epoch: 10 | Time: 8m 2s
2024-12-06 01:47 - INFO - 	 Train Loss: 0.072
2024-12-06 01:47 - INFO - 	 Val. Loss: 0.069
2024-12-06 01:47 - INFO - 	 ROC-AUC: 0.985
2024-12-06 01:47 - INFO - 	 PR-AUC: 0.839
2024-12-06 01:47 - INFO - 	 Best Val. Loss: 0.068
2024-12-06 01:47 - INFO - 	 Best ROC-AUC: 0.985
2024-12-06 01:47 - INFO - 	 Best PR-AUC: 0.855
2024-12-06 01:47 - INFO - 	 Test-ROC-AUC under Best Validation ROC-AUC: 0.983
2024-12-06 01:47 - INFO - 	 Test-PR-AUC under Best Validation Best PR-AUC: 0.830
2024-12-06 01:47 - INFO - ---------------------------------------------
2024-12-06 01:50 - INFO - Fit the preprocessing pipeline
2024-12-06 01:50 - INFO - Training using device: cuda
2024-12-06 01:50 - INFO - Creating generators
2024-12-06 01:50 - INFO - The model has 2,246,929 trainable parameters
2024-12-06 01:50 - INFO - * Model:
2024-12-06 01:50 - INFO - * -----------
2024-12-06 01:50 - INFO - CombinedModel(
  (upstream_model): TSTransformerEncoderCNN(
    (project_input): Linear(in_features=12, out_features=128, bias=True)
    (encoder): Linear(in_features=12, out_features=128, bias=True)
    (transformer_encoder): TransformerEncoder(
      (layers): ModuleList(
        (0-7): 8 x TransformerEncoderLayer(
          (self_attn): MultiheadAttention(
            (out_proj): NonDynamicallyQuantizableLinear(in_features=128, out_features=128, bias=True)
          )
          (linear1): Linear(in_features=128, out_features=512, bias=True)
          (dropout): Dropout(p=0.4, inplace=False)
          (linear2): Linear(in_features=512, out_features=128, bias=True)
          (norm1): LayerNorm((128,), eps=1e-05, elementwise_affine=True)
          (norm2): LayerNorm((128,), eps=1e-05, elementwise_affine=True)
          (dropout1): Dropout(p=0.4, inplace=False)
          (dropout2): Dropout(p=0.4, inplace=False)
        )
      )
    )
    (output_layer): Linear(in_features=128, out_features=12, bias=True)
    (dropout1): Dropout(p=0.4, inplace=False)
    (cnn): Conv1d(128, 12, kernel_size=(3,), stride=(1,), padding=(1,))
  )
  (downstream_model): DownstreamInception(
    (conv1): ConvBlock(
      (conv): Conv1d(12, 64, kernel_size=(7,), stride=(2,), padding=(3,))
      (bn): BatchNorm1d(64, eps=1e-05, momentum=0.1, affine=True, track_running_stats=True)
    )
    (conv2): ConvBlock(
      (conv): Conv1d(64, 128, kernel_size=(3,), stride=(1,), padding=(1,))
      (bn): BatchNorm1d(128, eps=1e-05, momentum=0.1, affine=True, track_running_stats=True)
    )
    (maxpool): MaxPool1d(kernel_size=3, stride=2, padding=1, dilation=1, ceil_mode=False)
    (inception3a): InceptionBlock(
      (branch1): ConvBlock(
        (conv): Conv1d(128, 64, kernel_size=(1,), stride=(1,))
        (bn): BatchNorm1d(64, eps=1e-05, momentum=0.1, affine=True, track_running_stats=True)
      )
      (branch2): Sequential(
        (0): ConvBlock(
          (conv): Conv1d(128, 96, kernel_size=(1,), stride=(1,))
          (bn): BatchNorm1d(96, eps=1e-05, momentum=0.1, affine=True, track_running_stats=True)
        )
        (1): ConvBlock(
          (conv): Conv1d(96, 128, kernel_size=(3,), stride=(1,), padding=(1,))
          (bn): BatchNorm1d(128, eps=1e-05, momentum=0.1, affine=True, track_running_stats=True)
        )
      )
      (branch3): Sequential(
        (0): ConvBlock(
          (conv): Conv1d(128, 16, kernel_size=(1,), stride=(1,))
          (bn): BatchNorm1d(16, eps=1e-05, momentum=0.1, affine=True, track_running_stats=True)
        )
        (1): ConvBlock(
          (conv): Conv1d(16, 32, kernel_size=(5,), stride=(1,), padding=(2,))
          (bn): BatchNorm1d(32, eps=1e-05, momentum=0.1, affine=True, track_running_stats=True)
        )
      )
      (branch4): Sequential(
        (0): MaxPool2d(kernel_size=3, stride=1, padding=1, dilation=1, ceil_mode=False)
        (1): ConvBlock(
          (conv): Conv1d(128, 32, kernel_size=(1,), stride=(1,))
          (bn): BatchNorm1d(32, eps=1e-05, momentum=0.1, affine=True, track_running_stats=True)
        )
      )
    )
    (inception3b): InceptionBlock(
      (branch1): ConvBlock(
        (conv): Conv1d(256, 128, kernel_size=(1,), stride=(1,))
        (bn): BatchNorm1d(128, eps=1e-05, momentum=0.1, affine=True, track_running_stats=True)
      )
      (branch2): Sequential(
        (0): ConvBlock(
          (conv): Conv1d(256, 128, kernel_size=(1,), stride=(1,))
          (bn): BatchNorm1d(128, eps=1e-05, momentum=0.1, affine=True, track_running_stats=True)
        )
        (1): ConvBlock(
          (conv): Conv1d(128, 192, kernel_size=(3,), stride=(1,), padding=(1,))
          (bn): BatchNorm1d(192, eps=1e-05, momentum=0.1, affine=True, track_running_stats=True)
        )
      )
      (branch3): Sequential(
        (0): ConvBlock(
          (conv): Conv1d(256, 32, kernel_size=(1,), stride=(1,))
          (bn): BatchNorm1d(32, eps=1e-05, momentum=0.1, affine=True, track_running_stats=True)
        )
        (1): ConvBlock(
          (conv): Conv1d(32, 96, kernel_size=(5,), stride=(1,), padding=(2,))
          (bn): BatchNorm1d(96, eps=1e-05, momentum=0.1, affine=True, track_running_stats=True)
        )
      )
      (branch4): Sequential(
        (0): MaxPool2d(kernel_size=3, stride=1, padding=1, dilation=1, ceil_mode=False)
        (1): ConvBlock(
          (conv): Conv1d(256, 64, kernel_size=(1,), stride=(1,))
          (bn): BatchNorm1d(64, eps=1e-05, momentum=0.1, affine=True, track_running_stats=True)
        )
      )
    )
    (inception4a): InceptionBlock(
      (branch1): ConvBlock(
        (conv): Conv1d(480, 192, kernel_size=(1,), stride=(1,))
        (bn): BatchNorm1d(192, eps=1e-05, momentum=0.1, affine=True, track_running_stats=True)
      )
      (branch2): Sequential(
        (0): ConvBlock(
          (conv): Conv1d(480, 96, kernel_size=(1,), stride=(1,))
          (bn): BatchNorm1d(96, eps=1e-05, momentum=0.1, affine=True, track_running_stats=True)
        )
        (1): ConvBlock(
          (conv): Conv1d(96, 208, kernel_size=(3,), stride=(1,), padding=(1,))
          (bn): BatchNorm1d(208, eps=1e-05, momentum=0.1, affine=True, track_running_stats=True)
        )
      )
      (branch3): Sequential(
        (0): ConvBlock(
          (conv): Conv1d(480, 16, kernel_size=(1,), stride=(1,))
          (bn): BatchNorm1d(16, eps=1e-05, momentum=0.1, affine=True, track_running_stats=True)
        )
        (1): ConvBlock(
          (conv): Conv1d(16, 48, kernel_size=(5,), stride=(1,), padding=(2,))
          (bn): BatchNorm1d(48, eps=1e-05, momentum=0.1, affine=True, track_running_stats=True)
        )
      )
      (branch4): Sequential(
        (0): MaxPool2d(kernel_size=3, stride=1, padding=1, dilation=1, ceil_mode=False)
        (1): ConvBlock(
          (conv): Conv1d(480, 64, kernel_size=(1,), stride=(1,))
          (bn): BatchNorm1d(64, eps=1e-05, momentum=0.1, affine=True, track_running_stats=True)
        )
      )
    )
    (inception4b): InceptionBlock(
      (branch1): ConvBlock(
        (conv): Conv1d(512, 32, kernel_size=(1,), stride=(1,))
        (bn): BatchNorm1d(32, eps=1e-05, momentum=0.1, affine=True, track_running_stats=True)
      )
      (branch2): Sequential(
        (0): ConvBlock(
          (conv): Conv1d(512, 112, kernel_size=(1,), stride=(1,))
          (bn): BatchNorm1d(112, eps=1e-05, momentum=0.1, affine=True, track_running_stats=True)
        )
        (1): ConvBlock(
          (conv): Conv1d(112, 32, kernel_size=(3,), stride=(1,), padding=(1,))
          (bn): BatchNorm1d(32, eps=1e-05, momentum=0.1, affine=True, track_running_stats=True)
        )
      )
      (branch3): Sequential(
        (0): ConvBlock(
          (conv): Conv1d(512, 24, kernel_size=(1,), stride=(1,))
          (bn): BatchNorm1d(24, eps=1e-05, momentum=0.1, affine=True, track_running_stats=True)
        )
        (1): ConvBlock(
          (conv): Conv1d(24, 64, kernel_size=(5,), stride=(1,), padding=(2,))
          (bn): BatchNorm1d(64, eps=1e-05, momentum=0.1, affine=True, track_running_stats=True)
        )
      )
      (branch4): Sequential(
        (0): MaxPool2d(kernel_size=3, stride=1, padding=1, dilation=1, ceil_mode=False)
        (1): ConvBlock(
          (conv): Conv1d(512, 32, kernel_size=(1,), stride=(1,))
          (bn): BatchNorm1d(32, eps=1e-05, momentum=0.1, affine=True, track_running_stats=True)
        )
      )
    )
    (avgpool): AvgPool1d(kernel_size=(5,), stride=(1,), padding=(0,))
    (dropout): Dropout(p=0.5, inplace=False)
    (fc): Linear(in_features=8480, out_features=1, bias=True)
    (sigmoid): Sigmoid()
  )
)
2024-12-06 01:50 - INFO - * -----------
2024-12-06 01:58 - INFO - ---------------------------------------------
2024-12-06 01:58 - INFO - Epoch: 01 | Time: 8m 2s
2024-12-06 01:58 - INFO - 	 New best val_rocauc loss was found, current best value is 0.27065
2024-12-06 01:58 - INFO - 	 Train Loss: 0.241
2024-12-06 01:58 - INFO - 	 Val. Loss: 0.210
2024-12-06 01:58 - INFO - 	 ROC-AUC: 0.827
2024-12-06 01:58 - INFO - 	 PR-AUC: 0.271
2024-12-06 01:58 - INFO - 	 Best Val. Loss: 0.210
2024-12-06 01:58 - INFO - 	 Best ROC-AUC: 0.827
2024-12-06 01:58 - INFO - 	 Best PR-AUC: 0.271
2024-12-06 01:58 - INFO - 	 Test-ROC-AUC under Best Validation ROC-AUC: 0.826
2024-12-06 01:58 - INFO - 	 Test-PR-AUC under Best Validation Best PR-AUC: 0.318
2024-12-06 01:58 - INFO - ---------------------------------------------
2024-12-06 02:06 - INFO - ---------------------------------------------
2024-12-06 02:06 - INFO - Epoch: 02 | Time: 8m 1s
2024-12-06 02:06 - INFO - 	 New best val_rocauc loss was found, current best value is 0.72559
2024-12-06 02:06 - INFO - 	 Train Loss: 0.156
2024-12-06 02:06 - INFO - 	 Val. Loss: 0.099
2024-12-06 02:06 - INFO - 	 ROC-AUC: 0.973
2024-12-06 02:06 - INFO - 	 PR-AUC: 0.726
2024-12-06 02:06 - INFO - 	 Best Val. Loss: 0.099
2024-12-06 02:06 - INFO - 	 Best ROC-AUC: 0.973
2024-12-06 02:06 - INFO - 	 Best PR-AUC: 0.726
2024-12-06 02:06 - INFO - 	 Test-ROC-AUC under Best Validation ROC-AUC: 0.973
2024-12-06 02:06 - INFO - 	 Test-PR-AUC under Best Validation Best PR-AUC: 0.750
2024-12-06 02:06 - INFO - ---------------------------------------------
2024-12-06 02:14 - INFO - ---------------------------------------------
2024-12-06 02:14 - INFO - Epoch: 03 | Time: 8m 0s
2024-12-06 02:14 - INFO - 	 New best val_rocauc loss was found, current best value is 0.79537
2024-12-06 02:14 - INFO - 	 Train Loss: 0.098
2024-12-06 02:14 - INFO - 	 Val. Loss: 0.084
2024-12-06 02:14 - INFO - 	 ROC-AUC: 0.980
2024-12-06 02:14 - INFO - 	 PR-AUC: 0.795
2024-12-06 02:14 - INFO - 	 Best Val. Loss: 0.084
2024-12-06 02:14 - INFO - 	 Best ROC-AUC: 0.980
2024-12-06 02:14 - INFO - 	 Best PR-AUC: 0.795
2024-12-06 02:14 - INFO - 	 Test-ROC-AUC under Best Validation ROC-AUC: 0.978
2024-12-06 02:14 - INFO - 	 Test-PR-AUC under Best Validation Best PR-AUC: 0.798
2024-12-06 02:14 - INFO - ---------------------------------------------
2024-12-06 02:22 - INFO - ---------------------------------------------
2024-12-06 02:22 - INFO - Epoch: 04 | Time: 8m 1s
2024-12-06 02:22 - INFO - 	 New best val_rocauc loss was found, current best value is 0.82406
2024-12-06 02:22 - INFO - 	 Train Loss: 0.088
2024-12-06 02:22 - INFO - 	 Val. Loss: 0.079
2024-12-06 02:22 - INFO - 	 ROC-AUC: 0.983
2024-12-06 02:22 - INFO - 	 PR-AUC: 0.824
2024-12-06 02:22 - INFO - 	 Best Val. Loss: 0.079
2024-12-06 02:22 - INFO - 	 Best ROC-AUC: 0.983
2024-12-06 02:22 - INFO - 	 Best PR-AUC: 0.824
2024-12-06 02:22 - INFO - 	 Test-ROC-AUC under Best Validation ROC-AUC: 0.980
2024-12-06 02:22 - INFO - 	 Test-PR-AUC under Best Validation Best PR-AUC: 0.813
2024-12-06 02:22 - INFO - ---------------------------------------------
2024-12-06 02:30 - INFO - ---------------------------------------------
2024-12-06 02:30 - INFO - Epoch: 05 | Time: 8m 1s
2024-12-06 02:30 - INFO - 	 Train Loss: 0.083
2024-12-06 02:30 - INFO - 	 Val. Loss: 0.076
2024-12-06 02:30 - INFO - 	 ROC-AUC: 0.982
2024-12-06 02:30 - INFO - 	 PR-AUC: 0.824
2024-12-06 02:30 - INFO - 	 Best Val. Loss: 0.076
2024-12-06 02:30 - INFO - 	 Best ROC-AUC: 0.983
2024-12-06 02:30 - INFO - 	 Best PR-AUC: 0.824
2024-12-06 02:30 - INFO - 	 Test-ROC-AUC under Best Validation ROC-AUC: 0.980
2024-12-06 02:30 - INFO - 	 Test-PR-AUC under Best Validation Best PR-AUC: 0.813
2024-12-06 02:30 - INFO - ---------------------------------------------
2024-12-06 02:38 - INFO - ---------------------------------------------
2024-12-06 02:38 - INFO - Epoch: 06 | Time: 8m 2s
2024-12-06 02:38 - INFO - 	 New best val_rocauc loss was found, current best value is 0.84081
2024-12-06 02:38 - INFO - 	 Train Loss: 0.080
2024-12-06 02:38 - INFO - 	 Val. Loss: 0.074
2024-12-06 02:38 - INFO - 	 ROC-AUC: 0.984
2024-12-06 02:38 - INFO - 	 PR-AUC: 0.841
2024-12-06 02:38 - INFO - 	 Best Val. Loss: 0.074
2024-12-06 02:38 - INFO - 	 Best ROC-AUC: 0.984
2024-12-06 02:38 - INFO - 	 Best PR-AUC: 0.841
2024-12-06 02:38 - INFO - 	 Test-ROC-AUC under Best Validation ROC-AUC: 0.981
2024-12-06 02:38 - INFO - 	 Test-PR-AUC under Best Validation Best PR-AUC: 0.835
2024-12-06 02:38 - INFO - ---------------------------------------------
2024-12-06 02:46 - INFO - ---------------------------------------------
2024-12-06 02:46 - INFO - Epoch: 07 | Time: 8m 1s
2024-12-06 02:46 - INFO - 	 Train Loss: 0.078
2024-12-06 02:46 - INFO - 	 Val. Loss: 0.071
2024-12-06 02:46 - INFO - 	 ROC-AUC: 0.983
2024-12-06 02:46 - INFO - 	 PR-AUC: 0.836
2024-12-06 02:46 - INFO - 	 Best Val. Loss: 0.071
2024-12-06 02:46 - INFO - 	 Best ROC-AUC: 0.984
2024-12-06 02:46 - INFO - 	 Best PR-AUC: 0.841
2024-12-06 02:46 - INFO - 	 Test-ROC-AUC under Best Validation ROC-AUC: 0.981
2024-12-06 02:46 - INFO - 	 Test-PR-AUC under Best Validation Best PR-AUC: 0.835
2024-12-06 02:46 - INFO - ---------------------------------------------
2024-12-06 02:54 - INFO - ---------------------------------------------
2024-12-06 02:54 - INFO - Epoch: 08 | Time: 8m 1s
2024-12-06 02:54 - INFO - 	 New best val_rocauc loss was found, current best value is 0.84749
2024-12-06 02:54 - INFO - 	 Train Loss: 0.076
2024-12-06 02:54 - INFO - 	 Val. Loss: 0.069
2024-12-06 02:54 - INFO - 	 ROC-AUC: 0.984
2024-12-06 02:54 - INFO - 	 PR-AUC: 0.847
2024-12-06 02:54 - INFO - 	 Best Val. Loss: 0.069
2024-12-06 02:54 - INFO - 	 Best ROC-AUC: 0.984
2024-12-06 02:54 - INFO - 	 Best PR-AUC: 0.847
2024-12-06 02:54 - INFO - 	 Test-ROC-AUC under Best Validation ROC-AUC: 0.984
2024-12-06 02:54 - INFO - 	 Test-PR-AUC under Best Validation Best PR-AUC: 0.857
2024-12-06 02:54 - INFO - ---------------------------------------------
2024-12-06 03:02 - INFO - ---------------------------------------------
2024-12-06 03:02 - INFO - Epoch: 09 | Time: 8m 2s
2024-12-06 03:02 - INFO - 	 New best val_rocauc loss was found, current best value is 0.84908
2024-12-06 03:02 - INFO - 	 Train Loss: 0.075
2024-12-06 03:02 - INFO - 	 Val. Loss: 0.066
2024-12-06 03:02 - INFO - 	 ROC-AUC: 0.985
2024-12-06 03:02 - INFO - 	 PR-AUC: 0.849
2024-12-06 03:02 - INFO - 	 Best Val. Loss: 0.066
2024-12-06 03:02 - INFO - 	 Best ROC-AUC: 0.985
2024-12-06 03:02 - INFO - 	 Best PR-AUC: 0.849
2024-12-06 03:02 - INFO - 	 Test-ROC-AUC under Best Validation ROC-AUC: 0.981
2024-12-06 03:02 - INFO - 	 Test-PR-AUC under Best Validation Best PR-AUC: 0.847
2024-12-06 03:02 - INFO - ---------------------------------------------
2024-12-06 03:10 - INFO - ---------------------------------------------
2024-12-06 03:10 - INFO - Epoch: 10 | Time: 8m 2s
2024-12-06 03:10 - INFO - 	 New best val_rocauc loss was found, current best value is 0.86656
2024-12-06 03:10 - INFO - 	 Train Loss: 0.073
2024-12-06 03:10 - INFO - 	 Val. Loss: 0.065
2024-12-06 03:10 - INFO - 	 ROC-AUC: 0.986
2024-12-06 03:10 - INFO - 	 PR-AUC: 0.867
2024-12-06 03:10 - INFO - 	 Best Val. Loss: 0.065
2024-12-06 03:10 - INFO - 	 Best ROC-AUC: 0.986
2024-12-06 03:10 - INFO - 	 Best PR-AUC: 0.867
2024-12-06 03:10 - INFO - 	 Test-ROC-AUC under Best Validation ROC-AUC: 0.984
2024-12-06 03:10 - INFO - 	 Test-PR-AUC under Best Validation Best PR-AUC: 0.863
2024-12-06 03:10 - INFO - ---------------------------------------------
2024-12-06 03:13 - INFO - Fit the preprocessing pipeline
2024-12-06 03:13 - INFO - Training using device: cuda
2024-12-06 03:13 - INFO - Creating generators
2024-12-06 03:13 - INFO - The model has 2,246,929 trainable parameters
2024-12-06 03:13 - INFO - * Model:
2024-12-06 03:13 - INFO - * -----------
2024-12-06 03:13 - INFO - CombinedModel(
  (upstream_model): TSTransformerEncoderCNN(
    (project_input): Linear(in_features=12, out_features=128, bias=True)
    (encoder): Linear(in_features=12, out_features=128, bias=True)
    (transformer_encoder): TransformerEncoder(
      (layers): ModuleList(
        (0-7): 8 x TransformerEncoderLayer(
          (self_attn): MultiheadAttention(
            (out_proj): NonDynamicallyQuantizableLinear(in_features=128, out_features=128, bias=True)
          )
          (linear1): Linear(in_features=128, out_features=512, bias=True)
          (dropout): Dropout(p=0.4, inplace=False)
          (linear2): Linear(in_features=512, out_features=128, bias=True)
          (norm1): LayerNorm((128,), eps=1e-05, elementwise_affine=True)
          (norm2): LayerNorm((128,), eps=1e-05, elementwise_affine=True)
          (dropout1): Dropout(p=0.4, inplace=False)
          (dropout2): Dropout(p=0.4, inplace=False)
        )
      )
    )
    (output_layer): Linear(in_features=128, out_features=12, bias=True)
    (dropout1): Dropout(p=0.4, inplace=False)
    (cnn): Conv1d(128, 12, kernel_size=(3,), stride=(1,), padding=(1,))
  )
  (downstream_model): DownstreamInception(
    (conv1): ConvBlock(
      (conv): Conv1d(12, 64, kernel_size=(7,), stride=(2,), padding=(3,))
      (bn): BatchNorm1d(64, eps=1e-05, momentum=0.1, affine=True, track_running_stats=True)
    )
    (conv2): ConvBlock(
      (conv): Conv1d(64, 128, kernel_size=(3,), stride=(1,), padding=(1,))
      (bn): BatchNorm1d(128, eps=1e-05, momentum=0.1, affine=True, track_running_stats=True)
    )
    (maxpool): MaxPool1d(kernel_size=3, stride=2, padding=1, dilation=1, ceil_mode=False)
    (inception3a): InceptionBlock(
      (branch1): ConvBlock(
        (conv): Conv1d(128, 64, kernel_size=(1,), stride=(1,))
        (bn): BatchNorm1d(64, eps=1e-05, momentum=0.1, affine=True, track_running_stats=True)
      )
      (branch2): Sequential(
        (0): ConvBlock(
          (conv): Conv1d(128, 96, kernel_size=(1,), stride=(1,))
          (bn): BatchNorm1d(96, eps=1e-05, momentum=0.1, affine=True, track_running_stats=True)
        )
        (1): ConvBlock(
          (conv): Conv1d(96, 128, kernel_size=(3,), stride=(1,), padding=(1,))
          (bn): BatchNorm1d(128, eps=1e-05, momentum=0.1, affine=True, track_running_stats=True)
        )
      )
      (branch3): Sequential(
        (0): ConvBlock(
          (conv): Conv1d(128, 16, kernel_size=(1,), stride=(1,))
          (bn): BatchNorm1d(16, eps=1e-05, momentum=0.1, affine=True, track_running_stats=True)
        )
        (1): ConvBlock(
          (conv): Conv1d(16, 32, kernel_size=(5,), stride=(1,), padding=(2,))
          (bn): BatchNorm1d(32, eps=1e-05, momentum=0.1, affine=True, track_running_stats=True)
        )
      )
      (branch4): Sequential(
        (0): MaxPool2d(kernel_size=3, stride=1, padding=1, dilation=1, ceil_mode=False)
        (1): ConvBlock(
          (conv): Conv1d(128, 32, kernel_size=(1,), stride=(1,))
          (bn): BatchNorm1d(32, eps=1e-05, momentum=0.1, affine=True, track_running_stats=True)
        )
      )
    )
    (inception3b): InceptionBlock(
      (branch1): ConvBlock(
        (conv): Conv1d(256, 128, kernel_size=(1,), stride=(1,))
        (bn): BatchNorm1d(128, eps=1e-05, momentum=0.1, affine=True, track_running_stats=True)
      )
      (branch2): Sequential(
        (0): ConvBlock(
          (conv): Conv1d(256, 128, kernel_size=(1,), stride=(1,))
          (bn): BatchNorm1d(128, eps=1e-05, momentum=0.1, affine=True, track_running_stats=True)
        )
        (1): ConvBlock(
          (conv): Conv1d(128, 192, kernel_size=(3,), stride=(1,), padding=(1,))
          (bn): BatchNorm1d(192, eps=1e-05, momentum=0.1, affine=True, track_running_stats=True)
        )
      )
      (branch3): Sequential(
        (0): ConvBlock(
          (conv): Conv1d(256, 32, kernel_size=(1,), stride=(1,))
          (bn): BatchNorm1d(32, eps=1e-05, momentum=0.1, affine=True, track_running_stats=True)
        )
        (1): ConvBlock(
          (conv): Conv1d(32, 96, kernel_size=(5,), stride=(1,), padding=(2,))
          (bn): BatchNorm1d(96, eps=1e-05, momentum=0.1, affine=True, track_running_stats=True)
        )
      )
      (branch4): Sequential(
        (0): MaxPool2d(kernel_size=3, stride=1, padding=1, dilation=1, ceil_mode=False)
        (1): ConvBlock(
          (conv): Conv1d(256, 64, kernel_size=(1,), stride=(1,))
          (bn): BatchNorm1d(64, eps=1e-05, momentum=0.1, affine=True, track_running_stats=True)
        )
      )
    )
    (inception4a): InceptionBlock(
      (branch1): ConvBlock(
        (conv): Conv1d(480, 192, kernel_size=(1,), stride=(1,))
        (bn): BatchNorm1d(192, eps=1e-05, momentum=0.1, affine=True, track_running_stats=True)
      )
      (branch2): Sequential(
        (0): ConvBlock(
          (conv): Conv1d(480, 96, kernel_size=(1,), stride=(1,))
          (bn): BatchNorm1d(96, eps=1e-05, momentum=0.1, affine=True, track_running_stats=True)
        )
        (1): ConvBlock(
          (conv): Conv1d(96, 208, kernel_size=(3,), stride=(1,), padding=(1,))
          (bn): BatchNorm1d(208, eps=1e-05, momentum=0.1, affine=True, track_running_stats=True)
        )
      )
      (branch3): Sequential(
        (0): ConvBlock(
          (conv): Conv1d(480, 16, kernel_size=(1,), stride=(1,))
          (bn): BatchNorm1d(16, eps=1e-05, momentum=0.1, affine=True, track_running_stats=True)
        )
        (1): ConvBlock(
          (conv): Conv1d(16, 48, kernel_size=(5,), stride=(1,), padding=(2,))
          (bn): BatchNorm1d(48, eps=1e-05, momentum=0.1, affine=True, track_running_stats=True)
        )
      )
      (branch4): Sequential(
        (0): MaxPool2d(kernel_size=3, stride=1, padding=1, dilation=1, ceil_mode=False)
        (1): ConvBlock(
          (conv): Conv1d(480, 64, kernel_size=(1,), stride=(1,))
          (bn): BatchNorm1d(64, eps=1e-05, momentum=0.1, affine=True, track_running_stats=True)
        )
      )
    )
    (inception4b): InceptionBlock(
      (branch1): ConvBlock(
        (conv): Conv1d(512, 32, kernel_size=(1,), stride=(1,))
        (bn): BatchNorm1d(32, eps=1e-05, momentum=0.1, affine=True, track_running_stats=True)
      )
      (branch2): Sequential(
        (0): ConvBlock(
          (conv): Conv1d(512, 112, kernel_size=(1,), stride=(1,))
          (bn): BatchNorm1d(112, eps=1e-05, momentum=0.1, affine=True, track_running_stats=True)
        )
        (1): ConvBlock(
          (conv): Conv1d(112, 32, kernel_size=(3,), stride=(1,), padding=(1,))
          (bn): BatchNorm1d(32, eps=1e-05, momentum=0.1, affine=True, track_running_stats=True)
        )
      )
      (branch3): Sequential(
        (0): ConvBlock(
          (conv): Conv1d(512, 24, kernel_size=(1,), stride=(1,))
          (bn): BatchNorm1d(24, eps=1e-05, momentum=0.1, affine=True, track_running_stats=True)
        )
        (1): ConvBlock(
          (conv): Conv1d(24, 64, kernel_size=(5,), stride=(1,), padding=(2,))
          (bn): BatchNorm1d(64, eps=1e-05, momentum=0.1, affine=True, track_running_stats=True)
        )
      )
      (branch4): Sequential(
        (0): MaxPool2d(kernel_size=3, stride=1, padding=1, dilation=1, ceil_mode=False)
        (1): ConvBlock(
          (conv): Conv1d(512, 32, kernel_size=(1,), stride=(1,))
          (bn): BatchNorm1d(32, eps=1e-05, momentum=0.1, affine=True, track_running_stats=True)
        )
      )
    )
    (avgpool): AvgPool1d(kernel_size=(5,), stride=(1,), padding=(0,))
    (dropout): Dropout(p=0.5, inplace=False)
    (fc): Linear(in_features=8480, out_features=1, bias=True)
    (sigmoid): Sigmoid()
  )
)
2024-12-06 03:13 - INFO - * -----------
2024-12-06 03:21 - INFO - ---------------------------------------------
2024-12-06 03:21 - INFO - Epoch: 01 | Time: 8m 1s
2024-12-06 03:21 - INFO - 	 New best val_rocauc loss was found, current best value is 0.23667
2024-12-06 03:21 - INFO - 	 Train Loss: 0.241
2024-12-06 03:21 - INFO - 	 Val. Loss: 0.274
2024-12-06 03:21 - INFO - 	 ROC-AUC: 0.801
2024-12-06 03:21 - INFO - 	 PR-AUC: 0.237
2024-12-06 03:21 - INFO - 	 Best Val. Loss: 0.274
2024-12-06 03:21 - INFO - 	 Best ROC-AUC: 0.801
2024-12-06 03:21 - INFO - 	 Best PR-AUC: 0.237
2024-12-06 03:21 - INFO - 	 Test-ROC-AUC under Best Validation ROC-AUC: 0.784
2024-12-06 03:21 - INFO - 	 Test-PR-AUC under Best Validation Best PR-AUC: 0.265
2024-12-06 03:21 - INFO - ---------------------------------------------
2024-12-06 03:29 - INFO - ---------------------------------------------
2024-12-06 03:29 - INFO - Epoch: 02 | Time: 8m 1s
2024-12-06 03:29 - INFO - 	 New best val_rocauc loss was found, current best value is 0.76228
2024-12-06 03:29 - INFO - 	 Train Loss: 0.141
2024-12-06 03:29 - INFO - 	 Val. Loss: 0.103
2024-12-06 03:29 - INFO - 	 ROC-AUC: 0.976
2024-12-06 03:29 - INFO - 	 PR-AUC: 0.762
2024-12-06 03:29 - INFO - 	 Best Val. Loss: 0.103
2024-12-06 03:29 - INFO - 	 Best ROC-AUC: 0.976
2024-12-06 03:29 - INFO - 	 Best PR-AUC: 0.762
2024-12-06 03:29 - INFO - 	 Test-ROC-AUC under Best Validation ROC-AUC: 0.975
2024-12-06 03:29 - INFO - 	 Test-PR-AUC under Best Validation Best PR-AUC: 0.752
2024-12-06 03:29 - INFO - ---------------------------------------------
2024-12-06 03:37 - INFO - ---------------------------------------------
2024-12-06 03:37 - INFO - Epoch: 03 | Time: 8m 2s
2024-12-06 03:37 - INFO - 	 New best val_rocauc loss was found, current best value is 0.78382
2024-12-06 03:37 - INFO - 	 Train Loss: 0.097
2024-12-06 03:37 - INFO - 	 Val. Loss: 0.086
2024-12-06 03:37 - INFO - 	 ROC-AUC: 0.978
2024-12-06 03:37 - INFO - 	 PR-AUC: 0.784
2024-12-06 03:37 - INFO - 	 Best Val. Loss: 0.086
2024-12-06 03:37 - INFO - 	 Best ROC-AUC: 0.978
2024-12-06 03:37 - INFO - 	 Best PR-AUC: 0.784
2024-12-06 03:37 - INFO - 	 Test-ROC-AUC under Best Validation ROC-AUC: 0.977
2024-12-06 03:37 - INFO - 	 Test-PR-AUC under Best Validation Best PR-AUC: 0.774
2024-12-06 03:37 - INFO - ---------------------------------------------
2024-12-06 03:45 - INFO - ---------------------------------------------
2024-12-06 03:45 - INFO - Epoch: 04 | Time: 8m 0s
2024-12-06 03:45 - INFO - 	 New best val_rocauc loss was found, current best value is 0.83568
2024-12-06 03:45 - INFO - 	 Train Loss: 0.088
2024-12-06 03:45 - INFO - 	 Val. Loss: 0.079
2024-12-06 03:45 - INFO - 	 ROC-AUC: 0.983
2024-12-06 03:45 - INFO - 	 PR-AUC: 0.836
2024-12-06 03:45 - INFO - 	 Best Val. Loss: 0.079
2024-12-06 03:45 - INFO - 	 Best ROC-AUC: 0.983
2024-12-06 03:45 - INFO - 	 Best PR-AUC: 0.836
2024-12-06 03:45 - INFO - 	 Test-ROC-AUC under Best Validation ROC-AUC: 0.981
2024-12-06 03:45 - INFO - 	 Test-PR-AUC under Best Validation Best PR-AUC: 0.804
2024-12-06 03:45 - INFO - ---------------------------------------------
2024-12-06 03:53 - INFO - ---------------------------------------------
2024-12-06 03:53 - INFO - Epoch: 05 | Time: 8m 2s
2024-12-06 03:53 - INFO - 	 New best val_rocauc loss was found, current best value is 0.84753
2024-12-06 03:53 - INFO - 	 Train Loss: 0.082
2024-12-06 03:53 - INFO - 	 Val. Loss: 0.074
2024-12-06 03:53 - INFO - 	 ROC-AUC: 0.983
2024-12-06 03:53 - INFO - 	 PR-AUC: 0.848
2024-12-06 03:53 - INFO - 	 Best Val. Loss: 0.074
2024-12-06 03:53 - INFO - 	 Best ROC-AUC: 0.983
2024-12-06 03:53 - INFO - 	 Best PR-AUC: 0.848
2024-12-06 03:53 - INFO - 	 Test-ROC-AUC under Best Validation ROC-AUC: 0.981
2024-12-06 03:53 - INFO - 	 Test-PR-AUC under Best Validation Best PR-AUC: 0.824
2024-12-06 03:53 - INFO - ---------------------------------------------
2024-12-06 04:01 - INFO - ---------------------------------------------
2024-12-06 04:01 - INFO - Epoch: 06 | Time: 8m 1s
2024-12-06 04:01 - INFO - 	 Train Loss: 0.081
2024-12-06 04:01 - INFO - 	 Val. Loss: 0.071
2024-12-06 04:01 - INFO - 	 ROC-AUC: 0.983
2024-12-06 04:01 - INFO - 	 PR-AUC: 0.845
2024-12-06 04:01 - INFO - 	 Best Val. Loss: 0.071
2024-12-06 04:01 - INFO - 	 Best ROC-AUC: 0.983
2024-12-06 04:01 - INFO - 	 Best PR-AUC: 0.848
2024-12-06 04:01 - INFO - 	 Test-ROC-AUC under Best Validation ROC-AUC: 0.981
2024-12-06 04:01 - INFO - 	 Test-PR-AUC under Best Validation Best PR-AUC: 0.824
2024-12-06 04:01 - INFO - ---------------------------------------------
2024-12-06 04:09 - INFO - ---------------------------------------------
2024-12-06 04:09 - INFO - Epoch: 07 | Time: 8m 1s
2024-12-06 04:09 - INFO - 	 Train Loss: 0.078
2024-12-06 04:09 - INFO - 	 Val. Loss: 0.069
2024-12-06 04:09 - INFO - 	 ROC-AUC: 0.984
2024-12-06 04:09 - INFO - 	 PR-AUC: 0.845
2024-12-06 04:09 - INFO - 	 Best Val. Loss: 0.069
2024-12-06 04:09 - INFO - 	 Best ROC-AUC: 0.984
2024-12-06 04:09 - INFO - 	 Best PR-AUC: 0.848
2024-12-06 04:09 - INFO - 	 Test-ROC-AUC under Best Validation ROC-AUC: 0.983
2024-12-06 04:09 - INFO - 	 Test-PR-AUC under Best Validation Best PR-AUC: 0.824
2024-12-06 04:09 - INFO - ---------------------------------------------
2024-12-06 04:17 - INFO - ---------------------------------------------
2024-12-06 04:17 - INFO - Epoch: 08 | Time: 8m 1s
2024-12-06 04:17 - INFO - 	 Train Loss: 0.078
2024-12-06 04:17 - INFO - 	 Val. Loss: 0.073
2024-12-06 04:17 - INFO - 	 ROC-AUC: 0.983
2024-12-06 04:17 - INFO - 	 PR-AUC: 0.846
2024-12-06 04:17 - INFO - 	 Best Val. Loss: 0.069
2024-12-06 04:17 - INFO - 	 Best ROC-AUC: 0.984
2024-12-06 04:17 - INFO - 	 Best PR-AUC: 0.848
2024-12-06 04:17 - INFO - 	 Test-ROC-AUC under Best Validation ROC-AUC: 0.983
2024-12-06 04:17 - INFO - 	 Test-PR-AUC under Best Validation Best PR-AUC: 0.824
2024-12-06 04:17 - INFO - ---------------------------------------------
2024-12-06 04:25 - INFO - ---------------------------------------------
2024-12-06 04:25 - INFO - Epoch: 09 | Time: 8m 1s
2024-12-06 04:25 - INFO - 	 New best val_rocauc loss was found, current best value is 0.85019
2024-12-06 04:25 - INFO - 	 Train Loss: 0.075
2024-12-06 04:25 - INFO - 	 Val. Loss: 0.067
2024-12-06 04:25 - INFO - 	 ROC-AUC: 0.984
2024-12-06 04:25 - INFO - 	 PR-AUC: 0.850
2024-12-06 04:25 - INFO - 	 Best Val. Loss: 0.067
2024-12-06 04:25 - INFO - 	 Best ROC-AUC: 0.984
2024-12-06 04:25 - INFO - 	 Best PR-AUC: 0.850
2024-12-06 04:25 - INFO - 	 Test-ROC-AUC under Best Validation ROC-AUC: 0.983
2024-12-06 04:25 - INFO - 	 Test-PR-AUC under Best Validation Best PR-AUC: 0.834
2024-12-06 04:25 - INFO - ---------------------------------------------
2024-12-06 04:33 - INFO - ---------------------------------------------
2024-12-06 04:33 - INFO - Epoch: 10 | Time: 8m 1s
2024-12-06 04:33 - INFO - 	 Train Loss: 0.075
2024-12-06 04:33 - INFO - 	 Val. Loss: 0.067
2024-12-06 04:33 - INFO - 	 ROC-AUC: 0.985
2024-12-06 04:33 - INFO - 	 PR-AUC: 0.849
2024-12-06 04:33 - INFO - 	 Best Val. Loss: 0.067
2024-12-06 04:33 - INFO - 	 Best ROC-AUC: 0.985
2024-12-06 04:33 - INFO - 	 Best PR-AUC: 0.850
2024-12-06 04:33 - INFO - 	 Test-ROC-AUC under Best Validation ROC-AUC: 0.982
2024-12-06 04:33 - INFO - 	 Test-PR-AUC under Best Validation Best PR-AUC: 0.834
2024-12-06 04:33 - INFO - ---------------------------------------------
2024-12-06 04:35 - INFO - Fit the preprocessing pipeline
2024-12-06 04:35 - INFO - Training using device: cuda
2024-12-06 04:35 - INFO - Creating generators
2024-12-06 04:35 - INFO - The model has 2,246,929 trainable parameters
2024-12-06 04:35 - INFO - * Model:
2024-12-06 04:35 - INFO - * -----------
2024-12-06 04:35 - INFO - CombinedModel(
  (upstream_model): TSTransformerEncoderCNN(
    (project_input): Linear(in_features=12, out_features=128, bias=True)
    (encoder): Linear(in_features=12, out_features=128, bias=True)
    (transformer_encoder): TransformerEncoder(
      (layers): ModuleList(
        (0-7): 8 x TransformerEncoderLayer(
          (self_attn): MultiheadAttention(
            (out_proj): NonDynamicallyQuantizableLinear(in_features=128, out_features=128, bias=True)
          )
          (linear1): Linear(in_features=128, out_features=512, bias=True)
          (dropout): Dropout(p=0.4, inplace=False)
          (linear2): Linear(in_features=512, out_features=128, bias=True)
          (norm1): LayerNorm((128,), eps=1e-05, elementwise_affine=True)
          (norm2): LayerNorm((128,), eps=1e-05, elementwise_affine=True)
          (dropout1): Dropout(p=0.4, inplace=False)
          (dropout2): Dropout(p=0.4, inplace=False)
        )
      )
    )
    (output_layer): Linear(in_features=128, out_features=12, bias=True)
    (dropout1): Dropout(p=0.4, inplace=False)
    (cnn): Conv1d(128, 12, kernel_size=(3,), stride=(1,), padding=(1,))
  )
  (downstream_model): DownstreamInception(
    (conv1): ConvBlock(
      (conv): Conv1d(12, 64, kernel_size=(7,), stride=(2,), padding=(3,))
      (bn): BatchNorm1d(64, eps=1e-05, momentum=0.1, affine=True, track_running_stats=True)
    )
    (conv2): ConvBlock(
      (conv): Conv1d(64, 128, kernel_size=(3,), stride=(1,), padding=(1,))
      (bn): BatchNorm1d(128, eps=1e-05, momentum=0.1, affine=True, track_running_stats=True)
    )
    (maxpool): MaxPool1d(kernel_size=3, stride=2, padding=1, dilation=1, ceil_mode=False)
    (inception3a): InceptionBlock(
      (branch1): ConvBlock(
        (conv): Conv1d(128, 64, kernel_size=(1,), stride=(1,))
        (bn): BatchNorm1d(64, eps=1e-05, momentum=0.1, affine=True, track_running_stats=True)
      )
      (branch2): Sequential(
        (0): ConvBlock(
          (conv): Conv1d(128, 96, kernel_size=(1,), stride=(1,))
          (bn): BatchNorm1d(96, eps=1e-05, momentum=0.1, affine=True, track_running_stats=True)
        )
        (1): ConvBlock(
          (conv): Conv1d(96, 128, kernel_size=(3,), stride=(1,), padding=(1,))
          (bn): BatchNorm1d(128, eps=1e-05, momentum=0.1, affine=True, track_running_stats=True)
        )
      )
      (branch3): Sequential(
        (0): ConvBlock(
          (conv): Conv1d(128, 16, kernel_size=(1,), stride=(1,))
          (bn): BatchNorm1d(16, eps=1e-05, momentum=0.1, affine=True, track_running_stats=True)
        )
        (1): ConvBlock(
          (conv): Conv1d(16, 32, kernel_size=(5,), stride=(1,), padding=(2,))
          (bn): BatchNorm1d(32, eps=1e-05, momentum=0.1, affine=True, track_running_stats=True)
        )
      )
      (branch4): Sequential(
        (0): MaxPool2d(kernel_size=3, stride=1, padding=1, dilation=1, ceil_mode=False)
        (1): ConvBlock(
          (conv): Conv1d(128, 32, kernel_size=(1,), stride=(1,))
          (bn): BatchNorm1d(32, eps=1e-05, momentum=0.1, affine=True, track_running_stats=True)
        )
      )
    )
    (inception3b): InceptionBlock(
      (branch1): ConvBlock(
        (conv): Conv1d(256, 128, kernel_size=(1,), stride=(1,))
        (bn): BatchNorm1d(128, eps=1e-05, momentum=0.1, affine=True, track_running_stats=True)
      )
      (branch2): Sequential(
        (0): ConvBlock(
          (conv): Conv1d(256, 128, kernel_size=(1,), stride=(1,))
          (bn): BatchNorm1d(128, eps=1e-05, momentum=0.1, affine=True, track_running_stats=True)
        )
        (1): ConvBlock(
          (conv): Conv1d(128, 192, kernel_size=(3,), stride=(1,), padding=(1,))
          (bn): BatchNorm1d(192, eps=1e-05, momentum=0.1, affine=True, track_running_stats=True)
        )
      )
      (branch3): Sequential(
        (0): ConvBlock(
          (conv): Conv1d(256, 32, kernel_size=(1,), stride=(1,))
          (bn): BatchNorm1d(32, eps=1e-05, momentum=0.1, affine=True, track_running_stats=True)
        )
        (1): ConvBlock(
          (conv): Conv1d(32, 96, kernel_size=(5,), stride=(1,), padding=(2,))
          (bn): BatchNorm1d(96, eps=1e-05, momentum=0.1, affine=True, track_running_stats=True)
        )
      )
      (branch4): Sequential(
        (0): MaxPool2d(kernel_size=3, stride=1, padding=1, dilation=1, ceil_mode=False)
        (1): ConvBlock(
          (conv): Conv1d(256, 64, kernel_size=(1,), stride=(1,))
          (bn): BatchNorm1d(64, eps=1e-05, momentum=0.1, affine=True, track_running_stats=True)
        )
      )
    )
    (inception4a): InceptionBlock(
      (branch1): ConvBlock(
        (conv): Conv1d(480, 192, kernel_size=(1,), stride=(1,))
        (bn): BatchNorm1d(192, eps=1e-05, momentum=0.1, affine=True, track_running_stats=True)
      )
      (branch2): Sequential(
        (0): ConvBlock(
          (conv): Conv1d(480, 96, kernel_size=(1,), stride=(1,))
          (bn): BatchNorm1d(96, eps=1e-05, momentum=0.1, affine=True, track_running_stats=True)
        )
        (1): ConvBlock(
          (conv): Conv1d(96, 208, kernel_size=(3,), stride=(1,), padding=(1,))
          (bn): BatchNorm1d(208, eps=1e-05, momentum=0.1, affine=True, track_running_stats=True)
        )
      )
      (branch3): Sequential(
        (0): ConvBlock(
          (conv): Conv1d(480, 16, kernel_size=(1,), stride=(1,))
          (bn): BatchNorm1d(16, eps=1e-05, momentum=0.1, affine=True, track_running_stats=True)
        )
        (1): ConvBlock(
          (conv): Conv1d(16, 48, kernel_size=(5,), stride=(1,), padding=(2,))
          (bn): BatchNorm1d(48, eps=1e-05, momentum=0.1, affine=True, track_running_stats=True)
        )
      )
      (branch4): Sequential(
        (0): MaxPool2d(kernel_size=3, stride=1, padding=1, dilation=1, ceil_mode=False)
        (1): ConvBlock(
          (conv): Conv1d(480, 64, kernel_size=(1,), stride=(1,))
          (bn): BatchNorm1d(64, eps=1e-05, momentum=0.1, affine=True, track_running_stats=True)
        )
      )
    )
    (inception4b): InceptionBlock(
      (branch1): ConvBlock(
        (conv): Conv1d(512, 32, kernel_size=(1,), stride=(1,))
        (bn): BatchNorm1d(32, eps=1e-05, momentum=0.1, affine=True, track_running_stats=True)
      )
      (branch2): Sequential(
        (0): ConvBlock(
          (conv): Conv1d(512, 112, kernel_size=(1,), stride=(1,))
          (bn): BatchNorm1d(112, eps=1e-05, momentum=0.1, affine=True, track_running_stats=True)
        )
        (1): ConvBlock(
          (conv): Conv1d(112, 32, kernel_size=(3,), stride=(1,), padding=(1,))
          (bn): BatchNorm1d(32, eps=1e-05, momentum=0.1, affine=True, track_running_stats=True)
        )
      )
      (branch3): Sequential(
        (0): ConvBlock(
          (conv): Conv1d(512, 24, kernel_size=(1,), stride=(1,))
          (bn): BatchNorm1d(24, eps=1e-05, momentum=0.1, affine=True, track_running_stats=True)
        )
        (1): ConvBlock(
          (conv): Conv1d(24, 64, kernel_size=(5,), stride=(1,), padding=(2,))
          (bn): BatchNorm1d(64, eps=1e-05, momentum=0.1, affine=True, track_running_stats=True)
        )
      )
      (branch4): Sequential(
        (0): MaxPool2d(kernel_size=3, stride=1, padding=1, dilation=1, ceil_mode=False)
        (1): ConvBlock(
          (conv): Conv1d(512, 32, kernel_size=(1,), stride=(1,))
          (bn): BatchNorm1d(32, eps=1e-05, momentum=0.1, affine=True, track_running_stats=True)
        )
      )
    )
    (avgpool): AvgPool1d(kernel_size=(5,), stride=(1,), padding=(0,))
    (dropout): Dropout(p=0.5, inplace=False)
    (fc): Linear(in_features=8480, out_features=1, bias=True)
    (sigmoid): Sigmoid()
  )
)
2024-12-06 04:35 - INFO - * -----------
2024-12-06 04:43 - INFO - ---------------------------------------------
2024-12-06 04:43 - INFO - Epoch: 01 | Time: 8m 1s
2024-12-06 04:43 - INFO - 	 New best val_rocauc loss was found, current best value is 0.26553
2024-12-06 04:43 - INFO - 	 Train Loss: 0.244
2024-12-06 04:43 - INFO - 	 Val. Loss: 0.233
2024-12-06 04:43 - INFO - 	 ROC-AUC: 0.812
2024-12-06 04:43 - INFO - 	 PR-AUC: 0.266
2024-12-06 04:43 - INFO - 	 Best Val. Loss: 0.233
2024-12-06 04:43 - INFO - 	 Best ROC-AUC: 0.812
2024-12-06 04:43 - INFO - 	 Best PR-AUC: 0.266
2024-12-06 04:43 - INFO - 	 Test-ROC-AUC under Best Validation ROC-AUC: 0.788
2024-12-06 04:43 - INFO - 	 Test-PR-AUC under Best Validation Best PR-AUC: 0.299
2024-12-06 04:43 - INFO - ---------------------------------------------
2024-12-06 04:51 - INFO - ---------------------------------------------
2024-12-06 04:51 - INFO - Epoch: 02 | Time: 8m 1s
2024-12-06 04:51 - INFO - 	 New best val_rocauc loss was found, current best value is 0.71135
2024-12-06 04:51 - INFO - 	 Train Loss: 0.153
2024-12-06 04:51 - INFO - 	 Val. Loss: 0.098
2024-12-06 04:51 - INFO - 	 ROC-AUC: 0.973
2024-12-06 04:51 - INFO - 	 PR-AUC: 0.711
2024-12-06 04:51 - INFO - 	 Best Val. Loss: 0.098
2024-12-06 04:51 - INFO - 	 Best ROC-AUC: 0.973
2024-12-06 04:51 - INFO - 	 Best PR-AUC: 0.711
2024-12-06 04:51 - INFO - 	 Test-ROC-AUC under Best Validation ROC-AUC: 0.969
2024-12-06 04:51 - INFO - 	 Test-PR-AUC under Best Validation Best PR-AUC: 0.725
2024-12-06 04:51 - INFO - ---------------------------------------------
2024-12-06 04:59 - INFO - ---------------------------------------------
2024-12-06 04:59 - INFO - Epoch: 03 | Time: 8m 1s
2024-12-06 04:59 - INFO - 	 New best val_rocauc loss was found, current best value is 0.78469
2024-12-06 04:59 - INFO - 	 Train Loss: 0.097
2024-12-06 04:59 - INFO - 	 Val. Loss: 0.083
2024-12-06 04:59 - INFO - 	 ROC-AUC: 0.979
2024-12-06 04:59 - INFO - 	 PR-AUC: 0.785
2024-12-06 04:59 - INFO - 	 Best Val. Loss: 0.083
2024-12-06 04:59 - INFO - 	 Best ROC-AUC: 0.979
2024-12-06 04:59 - INFO - 	 Best PR-AUC: 0.785
2024-12-06 04:59 - INFO - 	 Test-ROC-AUC under Best Validation ROC-AUC: 0.978
2024-12-06 04:59 - INFO - 	 Test-PR-AUC under Best Validation Best PR-AUC: 0.786
2024-12-06 04:59 - INFO - ---------------------------------------------
2024-12-06 05:07 - INFO - ---------------------------------------------
2024-12-06 05:07 - INFO - Epoch: 04 | Time: 8m 1s
2024-12-06 05:07 - INFO - 	 New best val_rocauc loss was found, current best value is 0.8303
2024-12-06 05:07 - INFO - 	 Train Loss: 0.088
2024-12-06 05:07 - INFO - 	 Val. Loss: 0.076
2024-12-06 05:07 - INFO - 	 ROC-AUC: 0.982
2024-12-06 05:07 - INFO - 	 PR-AUC: 0.830
2024-12-06 05:07 - INFO - 	 Best Val. Loss: 0.076
2024-12-06 05:07 - INFO - 	 Best ROC-AUC: 0.982
2024-12-06 05:07 - INFO - 	 Best PR-AUC: 0.830
2024-12-06 05:07 - INFO - 	 Test-ROC-AUC under Best Validation ROC-AUC: 0.978
2024-12-06 05:07 - INFO - 	 Test-PR-AUC under Best Validation Best PR-AUC: 0.798
2024-12-06 05:07 - INFO - ---------------------------------------------
2024-12-06 05:15 - INFO - ---------------------------------------------
2024-12-06 05:15 - INFO - Epoch: 05 | Time: 8m 1s
2024-12-06 05:15 - INFO - 	 Train Loss: 0.083
2024-12-06 05:15 - INFO - 	 Val. Loss: 0.074
2024-12-06 05:15 - INFO - 	 ROC-AUC: 0.982
2024-12-06 05:15 - INFO - 	 PR-AUC: 0.830
2024-12-06 05:15 - INFO - 	 Best Val. Loss: 0.074
2024-12-06 05:15 - INFO - 	 Best ROC-AUC: 0.982
2024-12-06 05:15 - INFO - 	 Best PR-AUC: 0.830
2024-12-06 05:15 - INFO - 	 Test-ROC-AUC under Best Validation ROC-AUC: 0.980
2024-12-06 05:15 - INFO - 	 Test-PR-AUC under Best Validation Best PR-AUC: 0.798
2024-12-06 05:15 - INFO - ---------------------------------------------
2024-12-06 05:23 - INFO - ---------------------------------------------
2024-12-06 05:23 - INFO - Epoch: 06 | Time: 8m 1s
2024-12-06 05:23 - INFO - 	 New best val_rocauc loss was found, current best value is 0.84488
2024-12-06 05:23 - INFO - 	 Train Loss: 0.080
2024-12-06 05:23 - INFO - 	 Val. Loss: 0.069
2024-12-06 05:23 - INFO - 	 ROC-AUC: 0.984
2024-12-06 05:23 - INFO - 	 PR-AUC: 0.845
2024-12-06 05:23 - INFO - 	 Best Val. Loss: 0.069
2024-12-06 05:23 - INFO - 	 Best ROC-AUC: 0.984
2024-12-06 05:23 - INFO - 	 Best PR-AUC: 0.845
2024-12-06 05:23 - INFO - 	 Test-ROC-AUC under Best Validation ROC-AUC: 0.982
2024-12-06 05:23 - INFO - 	 Test-PR-AUC under Best Validation Best PR-AUC: 0.833
2024-12-06 05:23 - INFO - ---------------------------------------------
2024-12-06 05:31 - INFO - ---------------------------------------------
2024-12-06 05:31 - INFO - Epoch: 07 | Time: 8m 2s
2024-12-06 05:31 - INFO - 	 Train Loss: 0.078
2024-12-06 05:31 - INFO - 	 Val. Loss: 0.070
2024-12-06 05:31 - INFO - 	 ROC-AUC: 0.983
2024-12-06 05:31 - INFO - 	 PR-AUC: 0.841
2024-12-06 05:31 - INFO - 	 Best Val. Loss: 0.069
2024-12-06 05:31 - INFO - 	 Best ROC-AUC: 0.984
2024-12-06 05:31 - INFO - 	 Best PR-AUC: 0.845
2024-12-06 05:31 - INFO - 	 Test-ROC-AUC under Best Validation ROC-AUC: 0.982
2024-12-06 05:31 - INFO - 	 Test-PR-AUC under Best Validation Best PR-AUC: 0.833
2024-12-06 05:31 - INFO - ---------------------------------------------
2024-12-06 05:39 - INFO - ---------------------------------------------
2024-12-06 05:39 - INFO - Epoch: 08 | Time: 8m 2s
2024-12-06 05:39 - INFO - 	 New best val_rocauc loss was found, current best value is 0.85217
2024-12-06 05:39 - INFO - 	 Train Loss: 0.077
2024-12-06 05:39 - INFO - 	 Val. Loss: 0.069
2024-12-06 05:39 - INFO - 	 ROC-AUC: 0.983
2024-12-06 05:39 - INFO - 	 PR-AUC: 0.852
2024-12-06 05:39 - INFO - 	 Best Val. Loss: 0.069
2024-12-06 05:39 - INFO - 	 Best ROC-AUC: 0.984
2024-12-06 05:39 - INFO - 	 Best PR-AUC: 0.852
2024-12-06 05:39 - INFO - 	 Test-ROC-AUC under Best Validation ROC-AUC: 0.982
2024-12-06 05:39 - INFO - 	 Test-PR-AUC under Best Validation Best PR-AUC: 0.836
2024-12-06 05:39 - INFO - ---------------------------------------------
2024-12-06 05:48 - INFO - ---------------------------------------------
2024-12-06 05:48 - INFO - Epoch: 09 | Time: 8m 1s
2024-12-06 05:48 - INFO - 	 Train Loss: 0.075
2024-12-06 05:48 - INFO - 	 Val. Loss: 0.069
2024-12-06 05:48 - INFO - 	 ROC-AUC: 0.984
2024-12-06 05:48 - INFO - 	 PR-AUC: 0.846
2024-12-06 05:48 - INFO - 	 Best Val. Loss: 0.069
2024-12-06 05:48 - INFO - 	 Best ROC-AUC: 0.984
2024-12-06 05:48 - INFO - 	 Best PR-AUC: 0.852
2024-12-06 05:48 - INFO - 	 Test-ROC-AUC under Best Validation ROC-AUC: 0.982
2024-12-06 05:48 - INFO - 	 Test-PR-AUC under Best Validation Best PR-AUC: 0.836
2024-12-06 05:48 - INFO - ---------------------------------------------
2024-12-06 05:56 - INFO - ---------------------------------------------
2024-12-06 05:56 - INFO - Epoch: 10 | Time: 8m 2s
2024-12-06 05:56 - INFO - 	 Train Loss: 0.073
2024-12-06 05:56 - INFO - 	 Val. Loss: 0.066
2024-12-06 05:56 - INFO - 	 ROC-AUC: 0.984
2024-12-06 05:56 - INFO - 	 PR-AUC: 0.848
2024-12-06 05:56 - INFO - 	 Best Val. Loss: 0.066
2024-12-06 05:56 - INFO - 	 Best ROC-AUC: 0.984
2024-12-06 05:56 - INFO - 	 Best PR-AUC: 0.852
2024-12-06 05:56 - INFO - 	 Test-ROC-AUC under Best Validation ROC-AUC: 0.984
2024-12-06 05:56 - INFO - 	 Test-PR-AUC under Best Validation Best PR-AUC: 0.836
2024-12-06 05:56 - INFO - ---------------------------------------------
