2024-10-26 09:32 - INFO - Fit the preprocessing pipeline
2024-10-26 09:32 - INFO - Training using device: cuda
2024-10-26 09:32 - INFO - Creating generators
2024-10-26 09:32 - INFO - The model has 2,246,929 trainable parameters
2024-10-26 09:32 - INFO - * Model:
2024-10-26 09:32 - INFO - * -----------
2024-10-26 09:32 - INFO - CombinedModel(
  (upstream_model): TSTransformerEncoderCNN(
    (project_input): Linear(in_features=12, out_features=128, bias=True)
    (encoder): Linear(in_features=12, out_features=128, bias=True)
    (transformer_encoder): TransformerEncoder(
      (layers): ModuleList(
        (0-7): 8 x TransformerEncoderLayer(
          (self_attn): MultiheadAttention(
            (out_proj): NonDynamicallyQuantizableLinear(in_features=128, out_features=128, bias=True)
          )
          (linear1): Linear(in_features=128, out_features=512, bias=True)
          (dropout): Dropout(p=0.4, inplace=False)
          (linear2): Linear(in_features=512, out_features=128, bias=True)
          (norm1): LayerNorm((128,), eps=1e-05, elementwise_affine=True)
          (norm2): LayerNorm((128,), eps=1e-05, elementwise_affine=True)
          (dropout1): Dropout(p=0.4, inplace=False)
          (dropout2): Dropout(p=0.4, inplace=False)
        )
      )
    )
    (output_layer): Linear(in_features=128, out_features=12, bias=True)
    (dropout1): Dropout(p=0.4, inplace=False)
    (cnn): Conv1d(128, 12, kernel_size=(3,), stride=(1,), padding=(1,))
  )
  (downstream_model): DownstreamInception(
    (conv1): ConvBlock(
      (conv): Conv1d(12, 64, kernel_size=(7,), stride=(2,), padding=(3,))
      (bn): BatchNorm1d(64, eps=1e-05, momentum=0.1, affine=True, track_running_stats=True)
    )
    (conv2): ConvBlock(
      (conv): Conv1d(64, 128, kernel_size=(3,), stride=(1,), padding=(1,))
      (bn): BatchNorm1d(128, eps=1e-05, momentum=0.1, affine=True, track_running_stats=True)
    )
    (maxpool): MaxPool1d(kernel_size=3, stride=2, padding=1, dilation=1, ceil_mode=False)
    (inception3a): InceptionBlock(
      (branch1): ConvBlock(
        (conv): Conv1d(128, 64, kernel_size=(1,), stride=(1,))
        (bn): BatchNorm1d(64, eps=1e-05, momentum=0.1, affine=True, track_running_stats=True)
      )
      (branch2): Sequential(
        (0): ConvBlock(
          (conv): Conv1d(128, 96, kernel_size=(1,), stride=(1,))
          (bn): BatchNorm1d(96, eps=1e-05, momentum=0.1, affine=True, track_running_stats=True)
        )
        (1): ConvBlock(
          (conv): Conv1d(96, 128, kernel_size=(3,), stride=(1,), padding=(1,))
          (bn): BatchNorm1d(128, eps=1e-05, momentum=0.1, affine=True, track_running_stats=True)
        )
      )
      (branch3): Sequential(
        (0): ConvBlock(
          (conv): Conv1d(128, 16, kernel_size=(1,), stride=(1,))
          (bn): BatchNorm1d(16, eps=1e-05, momentum=0.1, affine=True, track_running_stats=True)
        )
        (1): ConvBlock(
          (conv): Conv1d(16, 32, kernel_size=(5,), stride=(1,), padding=(2,))
          (bn): BatchNorm1d(32, eps=1e-05, momentum=0.1, affine=True, track_running_stats=True)
        )
      )
      (branch4): Sequential(
        (0): MaxPool2d(kernel_size=3, stride=1, padding=1, dilation=1, ceil_mode=False)
        (1): ConvBlock(
          (conv): Conv1d(128, 32, kernel_size=(1,), stride=(1,))
          (bn): BatchNorm1d(32, eps=1e-05, momentum=0.1, affine=True, track_running_stats=True)
        )
      )
    )
    (inception3b): InceptionBlock(
      (branch1): ConvBlock(
        (conv): Conv1d(256, 128, kernel_size=(1,), stride=(1,))
        (bn): BatchNorm1d(128, eps=1e-05, momentum=0.1, affine=True, track_running_stats=True)
      )
      (branch2): Sequential(
        (0): ConvBlock(
          (conv): Conv1d(256, 128, kernel_size=(1,), stride=(1,))
          (bn): BatchNorm1d(128, eps=1e-05, momentum=0.1, affine=True, track_running_stats=True)
        )
        (1): ConvBlock(
          (conv): Conv1d(128, 192, kernel_size=(3,), stride=(1,), padding=(1,))
          (bn): BatchNorm1d(192, eps=1e-05, momentum=0.1, affine=True, track_running_stats=True)
        )
      )
      (branch3): Sequential(
        (0): ConvBlock(
          (conv): Conv1d(256, 32, kernel_size=(1,), stride=(1,))
          (bn): BatchNorm1d(32, eps=1e-05, momentum=0.1, affine=True, track_running_stats=True)
        )
        (1): ConvBlock(
          (conv): Conv1d(32, 96, kernel_size=(5,), stride=(1,), padding=(2,))
          (bn): BatchNorm1d(96, eps=1e-05, momentum=0.1, affine=True, track_running_stats=True)
        )
      )
      (branch4): Sequential(
        (0): MaxPool2d(kernel_size=3, stride=1, padding=1, dilation=1, ceil_mode=False)
        (1): ConvBlock(
          (conv): Conv1d(256, 64, kernel_size=(1,), stride=(1,))
          (bn): BatchNorm1d(64, eps=1e-05, momentum=0.1, affine=True, track_running_stats=True)
        )
      )
    )
    (inception4a): InceptionBlock(
      (branch1): ConvBlock(
        (conv): Conv1d(480, 192, kernel_size=(1,), stride=(1,))
        (bn): BatchNorm1d(192, eps=1e-05, momentum=0.1, affine=True, track_running_stats=True)
      )
      (branch2): Sequential(
        (0): ConvBlock(
          (conv): Conv1d(480, 96, kernel_size=(1,), stride=(1,))
          (bn): BatchNorm1d(96, eps=1e-05, momentum=0.1, affine=True, track_running_stats=True)
        )
        (1): ConvBlock(
          (conv): Conv1d(96, 208, kernel_size=(3,), stride=(1,), padding=(1,))
          (bn): BatchNorm1d(208, eps=1e-05, momentum=0.1, affine=True, track_running_stats=True)
        )
      )
      (branch3): Sequential(
        (0): ConvBlock(
          (conv): Conv1d(480, 16, kernel_size=(1,), stride=(1,))
          (bn): BatchNorm1d(16, eps=1e-05, momentum=0.1, affine=True, track_running_stats=True)
        )
        (1): ConvBlock(
          (conv): Conv1d(16, 48, kernel_size=(5,), stride=(1,), padding=(2,))
          (bn): BatchNorm1d(48, eps=1e-05, momentum=0.1, affine=True, track_running_stats=True)
        )
      )
      (branch4): Sequential(
        (0): MaxPool2d(kernel_size=3, stride=1, padding=1, dilation=1, ceil_mode=False)
        (1): ConvBlock(
          (conv): Conv1d(480, 64, kernel_size=(1,), stride=(1,))
          (bn): BatchNorm1d(64, eps=1e-05, momentum=0.1, affine=True, track_running_stats=True)
        )
      )
    )
    (inception4b): InceptionBlock(
      (branch1): ConvBlock(
        (conv): Conv1d(512, 32, kernel_size=(1,), stride=(1,))
        (bn): BatchNorm1d(32, eps=1e-05, momentum=0.1, affine=True, track_running_stats=True)
      )
      (branch2): Sequential(
        (0): ConvBlock(
          (conv): Conv1d(512, 112, kernel_size=(1,), stride=(1,))
          (bn): BatchNorm1d(112, eps=1e-05, momentum=0.1, affine=True, track_running_stats=True)
        )
        (1): ConvBlock(
          (conv): Conv1d(112, 32, kernel_size=(3,), stride=(1,), padding=(1,))
          (bn): BatchNorm1d(32, eps=1e-05, momentum=0.1, affine=True, track_running_stats=True)
        )
      )
      (branch3): Sequential(
        (0): ConvBlock(
          (conv): Conv1d(512, 24, kernel_size=(1,), stride=(1,))
          (bn): BatchNorm1d(24, eps=1e-05, momentum=0.1, affine=True, track_running_stats=True)
        )
        (1): ConvBlock(
          (conv): Conv1d(24, 64, kernel_size=(5,), stride=(1,), padding=(2,))
          (bn): BatchNorm1d(64, eps=1e-05, momentum=0.1, affine=True, track_running_stats=True)
        )
      )
      (branch4): Sequential(
        (0): MaxPool2d(kernel_size=3, stride=1, padding=1, dilation=1, ceil_mode=False)
        (1): ConvBlock(
          (conv): Conv1d(512, 32, kernel_size=(1,), stride=(1,))
          (bn): BatchNorm1d(32, eps=1e-05, momentum=0.1, affine=True, track_running_stats=True)
        )
      )
    )
    (avgpool): AvgPool1d(kernel_size=(5,), stride=(1,), padding=(0,))
    (dropout): Dropout(p=0.5, inplace=False)
    (fc): Linear(in_features=8480, out_features=1, bias=True)
    (sigmoid): Sigmoid()
  )
)
2024-10-26 09:32 - INFO - * -----------
2024-10-26 09:40 - INFO - ---------------------------------------------
2024-10-26 09:40 - INFO - Epoch: 01 | Time: 8m 2s
2024-10-26 09:40 - INFO - 	 New best val_rocauc loss was found, current best value is 0.89679
2024-10-26 09:40 - INFO - 	 Train Loss: 0.056
2024-10-26 09:40 - INFO - 	 Val. Loss: 0.056
2024-10-26 09:40 - INFO - 	 ROC-AUC: 0.988
2024-10-26 09:40 - INFO - 	 PR-AUC: 0.897
2024-10-26 09:40 - INFO - 	 Best Val. Loss: 0.056
2024-10-26 09:40 - INFO - 	 Best ROC-AUC: 0.988
2024-10-26 09:40 - INFO - 	 Best PR-AUC: 0.897
2024-10-26 09:40 - INFO - 	 Test-ROC-AUC under Best Validation ROC-AUC: 0.988
2024-10-26 09:40 - INFO - 	 Test-PR-AUC under Best Validation Best PR-AUC: 0.907
2024-10-26 09:40 - INFO - ---------------------------------------------
2024-10-26 09:48 - INFO - ---------------------------------------------
2024-10-26 09:48 - INFO - Epoch: 02 | Time: 8m 1s
2024-10-26 09:48 - INFO - 	 New best val_rocauc loss was found, current best value is 0.90383
2024-10-26 09:48 - INFO - 	 Train Loss: 0.051
2024-10-26 09:48 - INFO - 	 Val. Loss: 0.058
2024-10-26 09:48 - INFO - 	 ROC-AUC: 0.989
2024-10-26 09:48 - INFO - 	 PR-AUC: 0.904
2024-10-26 09:48 - INFO - 	 Best Val. Loss: 0.056
2024-10-26 09:48 - INFO - 	 Best ROC-AUC: 0.989
2024-10-26 09:48 - INFO - 	 Best PR-AUC: 0.904
2024-10-26 09:48 - INFO - 	 Test-ROC-AUC under Best Validation ROC-AUC: 0.987
2024-10-26 09:48 - INFO - 	 Test-PR-AUC under Best Validation Best PR-AUC: 0.902
2024-10-26 09:48 - INFO - ---------------------------------------------
2024-10-26 09:56 - INFO - ---------------------------------------------
2024-10-26 09:56 - INFO - Epoch: 03 | Time: 8m 1s
2024-10-26 09:56 - INFO - 	 New best val_rocauc loss was found, current best value is 0.90998
2024-10-26 09:56 - INFO - 	 Train Loss: 0.050
2024-10-26 09:56 - INFO - 	 Val. Loss: 0.053
2024-10-26 09:56 - INFO - 	 ROC-AUC: 0.990
2024-10-26 09:56 - INFO - 	 PR-AUC: 0.910
2024-10-26 09:56 - INFO - 	 Best Val. Loss: 0.053
2024-10-26 09:56 - INFO - 	 Best ROC-AUC: 0.990
2024-10-26 09:56 - INFO - 	 Best PR-AUC: 0.910
2024-10-26 09:56 - INFO - 	 Test-ROC-AUC under Best Validation ROC-AUC: 0.987
2024-10-26 09:56 - INFO - 	 Test-PR-AUC under Best Validation Best PR-AUC: 0.900
2024-10-26 09:56 - INFO - ---------------------------------------------
2024-10-26 10:04 - INFO - ---------------------------------------------
2024-10-26 10:04 - INFO - Epoch: 04 | Time: 8m 2s
2024-10-26 10:04 - INFO - 	 Train Loss: 0.048
2024-10-26 10:04 - INFO - 	 Val. Loss: 0.056
2024-10-26 10:04 - INFO - 	 ROC-AUC: 0.989
2024-10-26 10:04 - INFO - 	 PR-AUC: 0.904
2024-10-26 10:04 - INFO - 	 Best Val. Loss: 0.053
2024-10-26 10:04 - INFO - 	 Best ROC-AUC: 0.990
2024-10-26 10:04 - INFO - 	 Best PR-AUC: 0.910
2024-10-26 10:04 - INFO - 	 Test-ROC-AUC under Best Validation ROC-AUC: 0.987
2024-10-26 10:04 - INFO - 	 Test-PR-AUC under Best Validation Best PR-AUC: 0.900
2024-10-26 10:04 - INFO - ---------------------------------------------
2024-10-26 10:12 - INFO - ---------------------------------------------
2024-10-26 10:12 - INFO - Epoch: 05 | Time: 8m 1s
2024-10-26 10:12 - INFO - 	 Train Loss: 0.048
2024-10-26 10:12 - INFO - 	 Val. Loss: 0.059
2024-10-26 10:12 - INFO - 	 ROC-AUC: 0.989
2024-10-26 10:12 - INFO - 	 PR-AUC: 0.896
2024-10-26 10:12 - INFO - 	 Best Val. Loss: 0.053
2024-10-26 10:12 - INFO - 	 Best ROC-AUC: 0.990
2024-10-26 10:12 - INFO - 	 Best PR-AUC: 0.910
2024-10-26 10:12 - INFO - 	 Test-ROC-AUC under Best Validation ROC-AUC: 0.987
2024-10-26 10:12 - INFO - 	 Test-PR-AUC under Best Validation Best PR-AUC: 0.900
2024-10-26 10:12 - INFO - ---------------------------------------------
2024-10-26 10:20 - INFO - ---------------------------------------------
2024-10-26 10:20 - INFO - Epoch: 06 | Time: 8m 0s
2024-10-26 10:20 - INFO - 	 Train Loss: 0.046
2024-10-26 10:20 - INFO - 	 Val. Loss: 0.057
2024-10-26 10:20 - INFO - 	 ROC-AUC: 0.988
2024-10-26 10:20 - INFO - 	 PR-AUC: 0.905
2024-10-26 10:20 - INFO - 	 Best Val. Loss: 0.053
2024-10-26 10:20 - INFO - 	 Best ROC-AUC: 0.990
2024-10-26 10:20 - INFO - 	 Best PR-AUC: 0.910
2024-10-26 10:20 - INFO - 	 Test-ROC-AUC under Best Validation ROC-AUC: 0.987
2024-10-26 10:20 - INFO - 	 Test-PR-AUC under Best Validation Best PR-AUC: 0.900
2024-10-26 10:20 - INFO - ---------------------------------------------
2024-10-26 10:31 - INFO - Fit the preprocessing pipeline
2024-10-26 10:31 - INFO - Training using device: cuda
2024-10-26 10:31 - INFO - Creating generators
2024-10-26 10:31 - INFO - The model has 2,246,929 trainable parameters
2024-10-26 10:31 - INFO - * Model:
2024-10-26 10:31 - INFO - * -----------
2024-10-26 10:31 - INFO - CombinedModel(
  (upstream_model): TSTransformerEncoderCNN(
    (project_input): Linear(in_features=12, out_features=128, bias=True)
    (encoder): Linear(in_features=12, out_features=128, bias=True)
    (transformer_encoder): TransformerEncoder(
      (layers): ModuleList(
        (0-7): 8 x TransformerEncoderLayer(
          (self_attn): MultiheadAttention(
            (out_proj): NonDynamicallyQuantizableLinear(in_features=128, out_features=128, bias=True)
          )
          (linear1): Linear(in_features=128, out_features=512, bias=True)
          (dropout): Dropout(p=0.4, inplace=False)
          (linear2): Linear(in_features=512, out_features=128, bias=True)
          (norm1): LayerNorm((128,), eps=1e-05, elementwise_affine=True)
          (norm2): LayerNorm((128,), eps=1e-05, elementwise_affine=True)
          (dropout1): Dropout(p=0.4, inplace=False)
          (dropout2): Dropout(p=0.4, inplace=False)
        )
      )
    )
    (output_layer): Linear(in_features=128, out_features=12, bias=True)
    (dropout1): Dropout(p=0.4, inplace=False)
    (cnn): Conv1d(128, 12, kernel_size=(3,), stride=(1,), padding=(1,))
  )
  (downstream_model): DownstreamInception(
    (conv1): ConvBlock(
      (conv): Conv1d(12, 64, kernel_size=(7,), stride=(2,), padding=(3,))
      (bn): BatchNorm1d(64, eps=1e-05, momentum=0.1, affine=True, track_running_stats=True)
    )
    (conv2): ConvBlock(
      (conv): Conv1d(64, 128, kernel_size=(3,), stride=(1,), padding=(1,))
      (bn): BatchNorm1d(128, eps=1e-05, momentum=0.1, affine=True, track_running_stats=True)
    )
    (maxpool): MaxPool1d(kernel_size=3, stride=2, padding=1, dilation=1, ceil_mode=False)
    (inception3a): InceptionBlock(
      (branch1): ConvBlock(
        (conv): Conv1d(128, 64, kernel_size=(1,), stride=(1,))
        (bn): BatchNorm1d(64, eps=1e-05, momentum=0.1, affine=True, track_running_stats=True)
      )
      (branch2): Sequential(
        (0): ConvBlock(
          (conv): Conv1d(128, 96, kernel_size=(1,), stride=(1,))
          (bn): BatchNorm1d(96, eps=1e-05, momentum=0.1, affine=True, track_running_stats=True)
        )
        (1): ConvBlock(
          (conv): Conv1d(96, 128, kernel_size=(3,), stride=(1,), padding=(1,))
          (bn): BatchNorm1d(128, eps=1e-05, momentum=0.1, affine=True, track_running_stats=True)
        )
      )
      (branch3): Sequential(
        (0): ConvBlock(
          (conv): Conv1d(128, 16, kernel_size=(1,), stride=(1,))
          (bn): BatchNorm1d(16, eps=1e-05, momentum=0.1, affine=True, track_running_stats=True)
        )
        (1): ConvBlock(
          (conv): Conv1d(16, 32, kernel_size=(5,), stride=(1,), padding=(2,))
          (bn): BatchNorm1d(32, eps=1e-05, momentum=0.1, affine=True, track_running_stats=True)
        )
      )
      (branch4): Sequential(
        (0): MaxPool2d(kernel_size=3, stride=1, padding=1, dilation=1, ceil_mode=False)
        (1): ConvBlock(
          (conv): Conv1d(128, 32, kernel_size=(1,), stride=(1,))
          (bn): BatchNorm1d(32, eps=1e-05, momentum=0.1, affine=True, track_running_stats=True)
        )
      )
    )
    (inception3b): InceptionBlock(
      (branch1): ConvBlock(
        (conv): Conv1d(256, 128, kernel_size=(1,), stride=(1,))
        (bn): BatchNorm1d(128, eps=1e-05, momentum=0.1, affine=True, track_running_stats=True)
      )
      (branch2): Sequential(
        (0): ConvBlock(
          (conv): Conv1d(256, 128, kernel_size=(1,), stride=(1,))
          (bn): BatchNorm1d(128, eps=1e-05, momentum=0.1, affine=True, track_running_stats=True)
        )
        (1): ConvBlock(
          (conv): Conv1d(128, 192, kernel_size=(3,), stride=(1,), padding=(1,))
          (bn): BatchNorm1d(192, eps=1e-05, momentum=0.1, affine=True, track_running_stats=True)
        )
      )
      (branch3): Sequential(
        (0): ConvBlock(
          (conv): Conv1d(256, 32, kernel_size=(1,), stride=(1,))
          (bn): BatchNorm1d(32, eps=1e-05, momentum=0.1, affine=True, track_running_stats=True)
        )
        (1): ConvBlock(
          (conv): Conv1d(32, 96, kernel_size=(5,), stride=(1,), padding=(2,))
          (bn): BatchNorm1d(96, eps=1e-05, momentum=0.1, affine=True, track_running_stats=True)
        )
      )
      (branch4): Sequential(
        (0): MaxPool2d(kernel_size=3, stride=1, padding=1, dilation=1, ceil_mode=False)
        (1): ConvBlock(
          (conv): Conv1d(256, 64, kernel_size=(1,), stride=(1,))
          (bn): BatchNorm1d(64, eps=1e-05, momentum=0.1, affine=True, track_running_stats=True)
        )
      )
    )
    (inception4a): InceptionBlock(
      (branch1): ConvBlock(
        (conv): Conv1d(480, 192, kernel_size=(1,), stride=(1,))
        (bn): BatchNorm1d(192, eps=1e-05, momentum=0.1, affine=True, track_running_stats=True)
      )
      (branch2): Sequential(
        (0): ConvBlock(
          (conv): Conv1d(480, 96, kernel_size=(1,), stride=(1,))
          (bn): BatchNorm1d(96, eps=1e-05, momentum=0.1, affine=True, track_running_stats=True)
        )
        (1): ConvBlock(
          (conv): Conv1d(96, 208, kernel_size=(3,), stride=(1,), padding=(1,))
          (bn): BatchNorm1d(208, eps=1e-05, momentum=0.1, affine=True, track_running_stats=True)
        )
      )
      (branch3): Sequential(
        (0): ConvBlock(
          (conv): Conv1d(480, 16, kernel_size=(1,), stride=(1,))
          (bn): BatchNorm1d(16, eps=1e-05, momentum=0.1, affine=True, track_running_stats=True)
        )
        (1): ConvBlock(
          (conv): Conv1d(16, 48, kernel_size=(5,), stride=(1,), padding=(2,))
          (bn): BatchNorm1d(48, eps=1e-05, momentum=0.1, affine=True, track_running_stats=True)
        )
      )
      (branch4): Sequential(
        (0): MaxPool2d(kernel_size=3, stride=1, padding=1, dilation=1, ceil_mode=False)
        (1): ConvBlock(
          (conv): Conv1d(480, 64, kernel_size=(1,), stride=(1,))
          (bn): BatchNorm1d(64, eps=1e-05, momentum=0.1, affine=True, track_running_stats=True)
        )
      )
    )
    (inception4b): InceptionBlock(
      (branch1): ConvBlock(
        (conv): Conv1d(512, 32, kernel_size=(1,), stride=(1,))
        (bn): BatchNorm1d(32, eps=1e-05, momentum=0.1, affine=True, track_running_stats=True)
      )
      (branch2): Sequential(
        (0): ConvBlock(
          (conv): Conv1d(512, 112, kernel_size=(1,), stride=(1,))
          (bn): BatchNorm1d(112, eps=1e-05, momentum=0.1, affine=True, track_running_stats=True)
        )
        (1): ConvBlock(
          (conv): Conv1d(112, 32, kernel_size=(3,), stride=(1,), padding=(1,))
          (bn): BatchNorm1d(32, eps=1e-05, momentum=0.1, affine=True, track_running_stats=True)
        )
      )
      (branch3): Sequential(
        (0): ConvBlock(
          (conv): Conv1d(512, 24, kernel_size=(1,), stride=(1,))
          (bn): BatchNorm1d(24, eps=1e-05, momentum=0.1, affine=True, track_running_stats=True)
        )
        (1): ConvBlock(
          (conv): Conv1d(24, 64, kernel_size=(5,), stride=(1,), padding=(2,))
          (bn): BatchNorm1d(64, eps=1e-05, momentum=0.1, affine=True, track_running_stats=True)
        )
      )
      (branch4): Sequential(
        (0): MaxPool2d(kernel_size=3, stride=1, padding=1, dilation=1, ceil_mode=False)
        (1): ConvBlock(
          (conv): Conv1d(512, 32, kernel_size=(1,), stride=(1,))
          (bn): BatchNorm1d(32, eps=1e-05, momentum=0.1, affine=True, track_running_stats=True)
        )
      )
    )
    (avgpool): AvgPool1d(kernel_size=(5,), stride=(1,), padding=(0,))
    (dropout): Dropout(p=0.5, inplace=False)
    (fc): Linear(in_features=8480, out_features=1, bias=True)
    (sigmoid): Sigmoid()
  )
)
2024-10-26 10:31 - INFO - * -----------
2024-10-26 10:39 - INFO - ---------------------------------------------
2024-10-26 10:39 - INFO - Epoch: 01 | Time: 8m 2s
2024-10-26 10:39 - INFO - 	 New best val_rocauc loss was found, current best value is 0.89496
2024-10-26 10:39 - INFO - 	 Train Loss: 0.049
2024-10-26 10:39 - INFO - 	 Val. Loss: 0.057
2024-10-26 10:39 - INFO - 	 ROC-AUC: 0.988
2024-10-26 10:39 - INFO - 	 PR-AUC: 0.895
2024-10-26 10:39 - INFO - 	 Best Val. Loss: 0.057
2024-10-26 10:39 - INFO - 	 Best ROC-AUC: 0.988
2024-10-26 10:39 - INFO - 	 Best PR-AUC: 0.895
2024-10-26 10:39 - INFO - 	 Test-ROC-AUC under Best Validation ROC-AUC: 0.984
2024-10-26 10:39 - INFO - 	 Test-PR-AUC under Best Validation Best PR-AUC: 0.881
2024-10-26 10:39 - INFO - ---------------------------------------------
2024-10-26 10:47 - INFO - ---------------------------------------------
2024-10-26 10:47 - INFO - Epoch: 02 | Time: 8m 2s
2024-10-26 10:47 - INFO - 	 New best val_rocauc loss was found, current best value is 0.89565
2024-10-26 10:47 - INFO - 	 Train Loss: 0.043
2024-10-26 10:47 - INFO - 	 Val. Loss: 0.057
2024-10-26 10:47 - INFO - 	 ROC-AUC: 0.989
2024-10-26 10:47 - INFO - 	 PR-AUC: 0.896
2024-10-26 10:47 - INFO - 	 Best Val. Loss: 0.057
2024-10-26 10:47 - INFO - 	 Best ROC-AUC: 0.989
2024-10-26 10:47 - INFO - 	 Best PR-AUC: 0.896
2024-10-26 10:47 - INFO - 	 Test-ROC-AUC under Best Validation ROC-AUC: 0.985
2024-10-26 10:47 - INFO - 	 Test-PR-AUC under Best Validation Best PR-AUC: 0.895
2024-10-26 10:47 - INFO - ---------------------------------------------
2024-10-26 10:55 - INFO - ---------------------------------------------
2024-10-26 10:55 - INFO - Epoch: 03 | Time: 8m 2s
2024-10-26 10:55 - INFO - 	 New best val_rocauc loss was found, current best value is 0.89893
2024-10-26 10:55 - INFO - 	 Train Loss: 0.042
2024-10-26 10:55 - INFO - 	 Val. Loss: 0.055
2024-10-26 10:55 - INFO - 	 ROC-AUC: 0.989
2024-10-26 10:55 - INFO - 	 PR-AUC: 0.899
2024-10-26 10:55 - INFO - 	 Best Val. Loss: 0.055
2024-10-26 10:55 - INFO - 	 Best ROC-AUC: 0.989
2024-10-26 10:55 - INFO - 	 Best PR-AUC: 0.899
2024-10-26 10:55 - INFO - 	 Test-ROC-AUC under Best Validation ROC-AUC: 0.986
2024-10-26 10:55 - INFO - 	 Test-PR-AUC under Best Validation Best PR-AUC: 0.894
2024-10-26 10:55 - INFO - ---------------------------------------------
2024-10-26 11:03 - INFO - ---------------------------------------------
2024-10-26 11:03 - INFO - Epoch: 04 | Time: 8m 1s
2024-10-26 11:03 - INFO - 	 Train Loss: 0.041
2024-10-26 11:03 - INFO - 	 Val. Loss: 0.056
2024-10-26 11:03 - INFO - 	 ROC-AUC: 0.988
2024-10-26 11:03 - INFO - 	 PR-AUC: 0.892
2024-10-26 11:03 - INFO - 	 Best Val. Loss: 0.055
2024-10-26 11:03 - INFO - 	 Best ROC-AUC: 0.989
2024-10-26 11:03 - INFO - 	 Best PR-AUC: 0.899
2024-10-26 11:03 - INFO - 	 Test-ROC-AUC under Best Validation ROC-AUC: 0.986
2024-10-26 11:03 - INFO - 	 Test-PR-AUC under Best Validation Best PR-AUC: 0.894
2024-10-26 11:03 - INFO - ---------------------------------------------
2024-10-26 11:11 - INFO - ---------------------------------------------
2024-10-26 11:11 - INFO - Epoch: 05 | Time: 8m 2s
2024-10-26 11:11 - INFO - 	 New best val_rocauc loss was found, current best value is 0.91136
2024-10-26 11:11 - INFO - 	 Train Loss: 0.040
2024-10-26 11:11 - INFO - 	 Val. Loss: 0.052
2024-10-26 11:11 - INFO - 	 ROC-AUC: 0.990
2024-10-26 11:11 - INFO - 	 PR-AUC: 0.911
2024-10-26 11:11 - INFO - 	 Best Val. Loss: 0.052
2024-10-26 11:11 - INFO - 	 Best ROC-AUC: 0.990
2024-10-26 11:11 - INFO - 	 Best PR-AUC: 0.911
2024-10-26 11:11 - INFO - 	 Test-ROC-AUC under Best Validation ROC-AUC: 0.986
2024-10-26 11:11 - INFO - 	 Test-PR-AUC under Best Validation Best PR-AUC: 0.896
2024-10-26 11:11 - INFO - ---------------------------------------------
2024-10-26 11:19 - INFO - ---------------------------------------------
2024-10-26 11:19 - INFO - Epoch: 06 | Time: 8m 2s
2024-10-26 11:19 - INFO - 	 Train Loss: 0.038
2024-10-26 11:19 - INFO - 	 Val. Loss: 0.056
2024-10-26 11:19 - INFO - 	 ROC-AUC: 0.988
2024-10-26 11:19 - INFO - 	 PR-AUC: 0.895
2024-10-26 11:19 - INFO - 	 Best Val. Loss: 0.052
2024-10-26 11:19 - INFO - 	 Best ROC-AUC: 0.990
2024-10-26 11:19 - INFO - 	 Best PR-AUC: 0.911
2024-10-26 11:19 - INFO - 	 Test-ROC-AUC under Best Validation ROC-AUC: 0.986
2024-10-26 11:19 - INFO - 	 Test-PR-AUC under Best Validation Best PR-AUC: 0.896
2024-10-26 11:19 - INFO - ---------------------------------------------
2024-10-26 11:27 - INFO - ---------------------------------------------
2024-10-26 11:27 - INFO - Epoch: 07 | Time: 8m 2s
2024-10-26 11:27 - INFO - 	 Train Loss: 0.037
2024-10-26 11:27 - INFO - 	 Val. Loss: 0.059
2024-10-26 11:27 - INFO - 	 ROC-AUC: 0.988
2024-10-26 11:27 - INFO - 	 PR-AUC: 0.898
2024-10-26 11:27 - INFO - 	 Best Val. Loss: 0.052
2024-10-26 11:27 - INFO - 	 Best ROC-AUC: 0.990
2024-10-26 11:27 - INFO - 	 Best PR-AUC: 0.911
2024-10-26 11:27 - INFO - 	 Test-ROC-AUC under Best Validation ROC-AUC: 0.986
2024-10-26 11:27 - INFO - 	 Test-PR-AUC under Best Validation Best PR-AUC: 0.896
2024-10-26 11:27 - INFO - ---------------------------------------------
2024-10-26 11:35 - INFO - ---------------------------------------------
2024-10-26 11:35 - INFO - Epoch: 08 | Time: 8m 2s
2024-10-26 11:35 - INFO - 	 Train Loss: 0.036
2024-10-26 11:35 - INFO - 	 Val. Loss: 0.057
2024-10-26 11:35 - INFO - 	 ROC-AUC: 0.987
2024-10-26 11:35 - INFO - 	 PR-AUC: 0.890
2024-10-26 11:35 - INFO - 	 Best Val. Loss: 0.052
2024-10-26 11:35 - INFO - 	 Best ROC-AUC: 0.990
2024-10-26 11:35 - INFO - 	 Best PR-AUC: 0.911
2024-10-26 11:35 - INFO - 	 Test-ROC-AUC under Best Validation ROC-AUC: 0.986
2024-10-26 11:35 - INFO - 	 Test-PR-AUC under Best Validation Best PR-AUC: 0.896
2024-10-26 11:35 - INFO - ---------------------------------------------
2024-10-26 11:45 - INFO - Fit the preprocessing pipeline
2024-10-26 11:45 - INFO - Training using device: cuda
2024-10-26 11:45 - INFO - Creating generators
2024-10-26 11:45 - INFO - The model has 2,246,929 trainable parameters
2024-10-26 11:45 - INFO - * Model:
2024-10-26 11:45 - INFO - * -----------
2024-10-26 11:45 - INFO - CombinedModel(
  (upstream_model): TSTransformerEncoderCNN(
    (project_input): Linear(in_features=12, out_features=128, bias=True)
    (encoder): Linear(in_features=12, out_features=128, bias=True)
    (transformer_encoder): TransformerEncoder(
      (layers): ModuleList(
        (0-7): 8 x TransformerEncoderLayer(
          (self_attn): MultiheadAttention(
            (out_proj): NonDynamicallyQuantizableLinear(in_features=128, out_features=128, bias=True)
          )
          (linear1): Linear(in_features=128, out_features=512, bias=True)
          (dropout): Dropout(p=0.4, inplace=False)
          (linear2): Linear(in_features=512, out_features=128, bias=True)
          (norm1): LayerNorm((128,), eps=1e-05, elementwise_affine=True)
          (norm2): LayerNorm((128,), eps=1e-05, elementwise_affine=True)
          (dropout1): Dropout(p=0.4, inplace=False)
          (dropout2): Dropout(p=0.4, inplace=False)
        )
      )
    )
    (output_layer): Linear(in_features=128, out_features=12, bias=True)
    (dropout1): Dropout(p=0.4, inplace=False)
    (cnn): Conv1d(128, 12, kernel_size=(3,), stride=(1,), padding=(1,))
  )
  (downstream_model): DownstreamInception(
    (conv1): ConvBlock(
      (conv): Conv1d(12, 64, kernel_size=(7,), stride=(2,), padding=(3,))
      (bn): BatchNorm1d(64, eps=1e-05, momentum=0.1, affine=True, track_running_stats=True)
    )
    (conv2): ConvBlock(
      (conv): Conv1d(64, 128, kernel_size=(3,), stride=(1,), padding=(1,))
      (bn): BatchNorm1d(128, eps=1e-05, momentum=0.1, affine=True, track_running_stats=True)
    )
    (maxpool): MaxPool1d(kernel_size=3, stride=2, padding=1, dilation=1, ceil_mode=False)
    (inception3a): InceptionBlock(
      (branch1): ConvBlock(
        (conv): Conv1d(128, 64, kernel_size=(1,), stride=(1,))
        (bn): BatchNorm1d(64, eps=1e-05, momentum=0.1, affine=True, track_running_stats=True)
      )
      (branch2): Sequential(
        (0): ConvBlock(
          (conv): Conv1d(128, 96, kernel_size=(1,), stride=(1,))
          (bn): BatchNorm1d(96, eps=1e-05, momentum=0.1, affine=True, track_running_stats=True)
        )
        (1): ConvBlock(
          (conv): Conv1d(96, 128, kernel_size=(3,), stride=(1,), padding=(1,))
          (bn): BatchNorm1d(128, eps=1e-05, momentum=0.1, affine=True, track_running_stats=True)
        )
      )
      (branch3): Sequential(
        (0): ConvBlock(
          (conv): Conv1d(128, 16, kernel_size=(1,), stride=(1,))
          (bn): BatchNorm1d(16, eps=1e-05, momentum=0.1, affine=True, track_running_stats=True)
        )
        (1): ConvBlock(
          (conv): Conv1d(16, 32, kernel_size=(5,), stride=(1,), padding=(2,))
          (bn): BatchNorm1d(32, eps=1e-05, momentum=0.1, affine=True, track_running_stats=True)
        )
      )
      (branch4): Sequential(
        (0): MaxPool2d(kernel_size=3, stride=1, padding=1, dilation=1, ceil_mode=False)
        (1): ConvBlock(
          (conv): Conv1d(128, 32, kernel_size=(1,), stride=(1,))
          (bn): BatchNorm1d(32, eps=1e-05, momentum=0.1, affine=True, track_running_stats=True)
        )
      )
    )
    (inception3b): InceptionBlock(
      (branch1): ConvBlock(
        (conv): Conv1d(256, 128, kernel_size=(1,), stride=(1,))
        (bn): BatchNorm1d(128, eps=1e-05, momentum=0.1, affine=True, track_running_stats=True)
      )
      (branch2): Sequential(
        (0): ConvBlock(
          (conv): Conv1d(256, 128, kernel_size=(1,), stride=(1,))
          (bn): BatchNorm1d(128, eps=1e-05, momentum=0.1, affine=True, track_running_stats=True)
        )
        (1): ConvBlock(
          (conv): Conv1d(128, 192, kernel_size=(3,), stride=(1,), padding=(1,))
          (bn): BatchNorm1d(192, eps=1e-05, momentum=0.1, affine=True, track_running_stats=True)
        )
      )
      (branch3): Sequential(
        (0): ConvBlock(
          (conv): Conv1d(256, 32, kernel_size=(1,), stride=(1,))
          (bn): BatchNorm1d(32, eps=1e-05, momentum=0.1, affine=True, track_running_stats=True)
        )
        (1): ConvBlock(
          (conv): Conv1d(32, 96, kernel_size=(5,), stride=(1,), padding=(2,))
          (bn): BatchNorm1d(96, eps=1e-05, momentum=0.1, affine=True, track_running_stats=True)
        )
      )
      (branch4): Sequential(
        (0): MaxPool2d(kernel_size=3, stride=1, padding=1, dilation=1, ceil_mode=False)
        (1): ConvBlock(
          (conv): Conv1d(256, 64, kernel_size=(1,), stride=(1,))
          (bn): BatchNorm1d(64, eps=1e-05, momentum=0.1, affine=True, track_running_stats=True)
        )
      )
    )
    (inception4a): InceptionBlock(
      (branch1): ConvBlock(
        (conv): Conv1d(480, 192, kernel_size=(1,), stride=(1,))
        (bn): BatchNorm1d(192, eps=1e-05, momentum=0.1, affine=True, track_running_stats=True)
      )
      (branch2): Sequential(
        (0): ConvBlock(
          (conv): Conv1d(480, 96, kernel_size=(1,), stride=(1,))
          (bn): BatchNorm1d(96, eps=1e-05, momentum=0.1, affine=True, track_running_stats=True)
        )
        (1): ConvBlock(
          (conv): Conv1d(96, 208, kernel_size=(3,), stride=(1,), padding=(1,))
          (bn): BatchNorm1d(208, eps=1e-05, momentum=0.1, affine=True, track_running_stats=True)
        )
      )
      (branch3): Sequential(
        (0): ConvBlock(
          (conv): Conv1d(480, 16, kernel_size=(1,), stride=(1,))
          (bn): BatchNorm1d(16, eps=1e-05, momentum=0.1, affine=True, track_running_stats=True)
        )
        (1): ConvBlock(
          (conv): Conv1d(16, 48, kernel_size=(5,), stride=(1,), padding=(2,))
          (bn): BatchNorm1d(48, eps=1e-05, momentum=0.1, affine=True, track_running_stats=True)
        )
      )
      (branch4): Sequential(
        (0): MaxPool2d(kernel_size=3, stride=1, padding=1, dilation=1, ceil_mode=False)
        (1): ConvBlock(
          (conv): Conv1d(480, 64, kernel_size=(1,), stride=(1,))
          (bn): BatchNorm1d(64, eps=1e-05, momentum=0.1, affine=True, track_running_stats=True)
        )
      )
    )
    (inception4b): InceptionBlock(
      (branch1): ConvBlock(
        (conv): Conv1d(512, 32, kernel_size=(1,), stride=(1,))
        (bn): BatchNorm1d(32, eps=1e-05, momentum=0.1, affine=True, track_running_stats=True)
      )
      (branch2): Sequential(
        (0): ConvBlock(
          (conv): Conv1d(512, 112, kernel_size=(1,), stride=(1,))
          (bn): BatchNorm1d(112, eps=1e-05, momentum=0.1, affine=True, track_running_stats=True)
        )
        (1): ConvBlock(
          (conv): Conv1d(112, 32, kernel_size=(3,), stride=(1,), padding=(1,))
          (bn): BatchNorm1d(32, eps=1e-05, momentum=0.1, affine=True, track_running_stats=True)
        )
      )
      (branch3): Sequential(
        (0): ConvBlock(
          (conv): Conv1d(512, 24, kernel_size=(1,), stride=(1,))
          (bn): BatchNorm1d(24, eps=1e-05, momentum=0.1, affine=True, track_running_stats=True)
        )
        (1): ConvBlock(
          (conv): Conv1d(24, 64, kernel_size=(5,), stride=(1,), padding=(2,))
          (bn): BatchNorm1d(64, eps=1e-05, momentum=0.1, affine=True, track_running_stats=True)
        )
      )
      (branch4): Sequential(
        (0): MaxPool2d(kernel_size=3, stride=1, padding=1, dilation=1, ceil_mode=False)
        (1): ConvBlock(
          (conv): Conv1d(512, 32, kernel_size=(1,), stride=(1,))
          (bn): BatchNorm1d(32, eps=1e-05, momentum=0.1, affine=True, track_running_stats=True)
        )
      )
    )
    (avgpool): AvgPool1d(kernel_size=(5,), stride=(1,), padding=(0,))
    (dropout): Dropout(p=0.5, inplace=False)
    (fc): Linear(in_features=8480, out_features=1, bias=True)
    (sigmoid): Sigmoid()
  )
)
2024-10-26 11:45 - INFO - * -----------
2024-10-26 11:53 - INFO - ---------------------------------------------
2024-10-26 11:53 - INFO - Epoch: 01 | Time: 8m 2s
2024-10-26 11:53 - INFO - 	 New best val_rocauc loss was found, current best value is 0.89528
2024-10-26 11:53 - INFO - 	 Train Loss: 0.045
2024-10-26 11:53 - INFO - 	 Val. Loss: 0.051
2024-10-26 11:53 - INFO - 	 ROC-AUC: 0.988
2024-10-26 11:53 - INFO - 	 PR-AUC: 0.895
2024-10-26 11:53 - INFO - 	 Best Val. Loss: 0.051
2024-10-26 11:53 - INFO - 	 Best ROC-AUC: 0.988
2024-10-26 11:53 - INFO - 	 Best PR-AUC: 0.895
2024-10-26 11:53 - INFO - 	 Test-ROC-AUC under Best Validation ROC-AUC: 0.985
2024-10-26 11:53 - INFO - 	 Test-PR-AUC under Best Validation Best PR-AUC: 0.883
2024-10-26 11:53 - INFO - ---------------------------------------------
2024-10-26 12:01 - INFO - ---------------------------------------------
2024-10-26 12:01 - INFO - Epoch: 02 | Time: 8m 2s
2024-10-26 12:01 - INFO - 	 New best val_rocauc loss was found, current best value is 0.89612
2024-10-26 12:01 - INFO - 	 Train Loss: 0.039
2024-10-26 12:01 - INFO - 	 Val. Loss: 0.051
2024-10-26 12:01 - INFO - 	 ROC-AUC: 0.988
2024-10-26 12:01 - INFO - 	 PR-AUC: 0.896
2024-10-26 12:01 - INFO - 	 Best Val. Loss: 0.051
2024-10-26 12:01 - INFO - 	 Best ROC-AUC: 0.988
2024-10-26 12:01 - INFO - 	 Best PR-AUC: 0.896
2024-10-26 12:01 - INFO - 	 Test-ROC-AUC under Best Validation ROC-AUC: 0.985
2024-10-26 12:01 - INFO - 	 Test-PR-AUC under Best Validation Best PR-AUC: 0.896
2024-10-26 12:01 - INFO - ---------------------------------------------
2024-10-26 12:10 - INFO - ---------------------------------------------
2024-10-26 12:10 - INFO - Epoch: 03 | Time: 8m 2s
2024-10-26 12:10 - INFO - 	 Train Loss: 0.037
2024-10-26 12:10 - INFO - 	 Val. Loss: 0.050
2024-10-26 12:10 - INFO - 	 ROC-AUC: 0.989
2024-10-26 12:10 - INFO - 	 PR-AUC: 0.891
2024-10-26 12:10 - INFO - 	 Best Val. Loss: 0.050
2024-10-26 12:10 - INFO - 	 Best ROC-AUC: 0.989
2024-10-26 12:10 - INFO - 	 Best PR-AUC: 0.896
2024-10-26 12:10 - INFO - 	 Test-ROC-AUC under Best Validation ROC-AUC: 0.985
2024-10-26 12:10 - INFO - 	 Test-PR-AUC under Best Validation Best PR-AUC: 0.896
2024-10-26 12:10 - INFO - ---------------------------------------------
2024-10-26 12:18 - INFO - ---------------------------------------------
2024-10-26 12:18 - INFO - Epoch: 04 | Time: 8m 2s
2024-10-26 12:18 - INFO - 	 Train Loss: 0.036
2024-10-26 12:18 - INFO - 	 Val. Loss: 0.054
2024-10-26 12:18 - INFO - 	 ROC-AUC: 0.988
2024-10-26 12:18 - INFO - 	 PR-AUC: 0.890
2024-10-26 12:18 - INFO - 	 Best Val. Loss: 0.050
2024-10-26 12:18 - INFO - 	 Best ROC-AUC: 0.989
2024-10-26 12:18 - INFO - 	 Best PR-AUC: 0.896
2024-10-26 12:18 - INFO - 	 Test-ROC-AUC under Best Validation ROC-AUC: 0.985
2024-10-26 12:18 - INFO - 	 Test-PR-AUC under Best Validation Best PR-AUC: 0.896
2024-10-26 12:18 - INFO - ---------------------------------------------
2024-10-26 12:26 - INFO - ---------------------------------------------
2024-10-26 12:26 - INFO - Epoch: 05 | Time: 8m 2s
2024-10-26 12:26 - INFO - 	 New best val_rocauc loss was found, current best value is 0.9009
2024-10-26 12:26 - INFO - 	 Train Loss: 0.035
2024-10-26 12:26 - INFO - 	 Val. Loss: 0.048
2024-10-26 12:26 - INFO - 	 ROC-AUC: 0.989
2024-10-26 12:26 - INFO - 	 PR-AUC: 0.901
2024-10-26 12:26 - INFO - 	 Best Val. Loss: 0.048
2024-10-26 12:26 - INFO - 	 Best ROC-AUC: 0.989
2024-10-26 12:26 - INFO - 	 Best PR-AUC: 0.901
2024-10-26 12:26 - INFO - 	 Test-ROC-AUC under Best Validation ROC-AUC: 0.984
2024-10-26 12:26 - INFO - 	 Test-PR-AUC under Best Validation Best PR-AUC: 0.895
2024-10-26 12:26 - INFO - ---------------------------------------------
2024-10-26 12:34 - INFO - ---------------------------------------------
2024-10-26 12:34 - INFO - Epoch: 06 | Time: 8m 2s
2024-10-26 12:34 - INFO - 	 Train Loss: 0.034
2024-10-26 12:34 - INFO - 	 Val. Loss: 0.051
2024-10-26 12:34 - INFO - 	 ROC-AUC: 0.988
2024-10-26 12:34 - INFO - 	 PR-AUC: 0.893
2024-10-26 12:34 - INFO - 	 Best Val. Loss: 0.048
2024-10-26 12:34 - INFO - 	 Best ROC-AUC: 0.989
2024-10-26 12:34 - INFO - 	 Best PR-AUC: 0.901
2024-10-26 12:34 - INFO - 	 Test-ROC-AUC under Best Validation ROC-AUC: 0.984
2024-10-26 12:34 - INFO - 	 Test-PR-AUC under Best Validation Best PR-AUC: 0.895
2024-10-26 12:34 - INFO - ---------------------------------------------
2024-10-26 12:42 - INFO - ---------------------------------------------
2024-10-26 12:42 - INFO - Epoch: 07 | Time: 8m 2s
2024-10-26 12:42 - INFO - 	 New best val_rocauc loss was found, current best value is 0.90178
2024-10-26 12:42 - INFO - 	 Train Loss: 0.033
2024-10-26 12:42 - INFO - 	 Val. Loss: 0.050
2024-10-26 12:42 - INFO - 	 ROC-AUC: 0.989
2024-10-26 12:42 - INFO - 	 PR-AUC: 0.902
2024-10-26 12:42 - INFO - 	 Best Val. Loss: 0.048
2024-10-26 12:42 - INFO - 	 Best ROC-AUC: 0.989
2024-10-26 12:42 - INFO - 	 Best PR-AUC: 0.902
2024-10-26 12:42 - INFO - 	 Test-ROC-AUC under Best Validation ROC-AUC: 0.984
2024-10-26 12:42 - INFO - 	 Test-PR-AUC under Best Validation Best PR-AUC: 0.896
2024-10-26 12:42 - INFO - ---------------------------------------------
2024-10-26 12:50 - INFO - ---------------------------------------------
2024-10-26 12:50 - INFO - Epoch: 08 | Time: 8m 2s
2024-10-26 12:50 - INFO - 	 New best val_rocauc loss was found, current best value is 0.90198
2024-10-26 12:50 - INFO - 	 Train Loss: 0.032
2024-10-26 12:50 - INFO - 	 Val. Loss: 0.047
2024-10-26 12:50 - INFO - 	 ROC-AUC: 0.988
2024-10-26 12:50 - INFO - 	 PR-AUC: 0.902
2024-10-26 12:50 - INFO - 	 Best Val. Loss: 0.047
2024-10-26 12:50 - INFO - 	 Best ROC-AUC: 0.989
2024-10-26 12:50 - INFO - 	 Best PR-AUC: 0.902
2024-10-26 12:50 - INFO - 	 Test-ROC-AUC under Best Validation ROC-AUC: 0.984
2024-10-26 12:50 - INFO - 	 Test-PR-AUC under Best Validation Best PR-AUC: 0.891
2024-10-26 12:50 - INFO - ---------------------------------------------
2024-10-26 12:58 - INFO - ---------------------------------------------
2024-10-26 12:58 - INFO - Epoch: 09 | Time: 8m 2s
2024-10-26 12:58 - INFO - 	 Train Loss: 0.032
2024-10-26 12:58 - INFO - 	 Val. Loss: 0.052
2024-10-26 12:58 - INFO - 	 ROC-AUC: 0.987
2024-10-26 12:58 - INFO - 	 PR-AUC: 0.886
2024-10-26 12:58 - INFO - 	 Best Val. Loss: 0.047
2024-10-26 12:58 - INFO - 	 Best ROC-AUC: 0.989
2024-10-26 12:58 - INFO - 	 Best PR-AUC: 0.902
2024-10-26 12:58 - INFO - 	 Test-ROC-AUC under Best Validation ROC-AUC: 0.984
2024-10-26 12:58 - INFO - 	 Test-PR-AUC under Best Validation Best PR-AUC: 0.891
2024-10-26 12:58 - INFO - ---------------------------------------------
2024-10-26 13:06 - INFO - ---------------------------------------------
2024-10-26 13:06 - INFO - Epoch: 10 | Time: 8m 2s
2024-10-26 13:06 - INFO - 	 Train Loss: 0.031
2024-10-26 13:06 - INFO - 	 Val. Loss: 0.052
2024-10-26 13:06 - INFO - 	 ROC-AUC: 0.987
2024-10-26 13:06 - INFO - 	 PR-AUC: 0.886
2024-10-26 13:06 - INFO - 	 Best Val. Loss: 0.047
2024-10-26 13:06 - INFO - 	 Best ROC-AUC: 0.989
2024-10-26 13:06 - INFO - 	 Best PR-AUC: 0.902
2024-10-26 13:06 - INFO - 	 Test-ROC-AUC under Best Validation ROC-AUC: 0.984
2024-10-26 13:06 - INFO - 	 Test-PR-AUC under Best Validation Best PR-AUC: 0.891
2024-10-26 13:06 - INFO - ---------------------------------------------
2024-10-26 13:08 - INFO - Fit the preprocessing pipeline
2024-10-26 13:08 - INFO - Training using device: cuda
2024-10-26 13:08 - INFO - Creating generators
2024-10-26 13:08 - INFO - The model has 2,246,929 trainable parameters
2024-10-26 13:08 - INFO - * Model:
2024-10-26 13:08 - INFO - * -----------
2024-10-26 13:08 - INFO - CombinedModel(
  (upstream_model): TSTransformerEncoderCNN(
    (project_input): Linear(in_features=12, out_features=128, bias=True)
    (encoder): Linear(in_features=12, out_features=128, bias=True)
    (transformer_encoder): TransformerEncoder(
      (layers): ModuleList(
        (0-7): 8 x TransformerEncoderLayer(
          (self_attn): MultiheadAttention(
            (out_proj): NonDynamicallyQuantizableLinear(in_features=128, out_features=128, bias=True)
          )
          (linear1): Linear(in_features=128, out_features=512, bias=True)
          (dropout): Dropout(p=0.4, inplace=False)
          (linear2): Linear(in_features=512, out_features=128, bias=True)
          (norm1): LayerNorm((128,), eps=1e-05, elementwise_affine=True)
          (norm2): LayerNorm((128,), eps=1e-05, elementwise_affine=True)
          (dropout1): Dropout(p=0.4, inplace=False)
          (dropout2): Dropout(p=0.4, inplace=False)
        )
      )
    )
    (output_layer): Linear(in_features=128, out_features=12, bias=True)
    (dropout1): Dropout(p=0.4, inplace=False)
    (cnn): Conv1d(128, 12, kernel_size=(3,), stride=(1,), padding=(1,))
  )
  (downstream_model): DownstreamInception(
    (conv1): ConvBlock(
      (conv): Conv1d(12, 64, kernel_size=(7,), stride=(2,), padding=(3,))
      (bn): BatchNorm1d(64, eps=1e-05, momentum=0.1, affine=True, track_running_stats=True)
    )
    (conv2): ConvBlock(
      (conv): Conv1d(64, 128, kernel_size=(3,), stride=(1,), padding=(1,))
      (bn): BatchNorm1d(128, eps=1e-05, momentum=0.1, affine=True, track_running_stats=True)
    )
    (maxpool): MaxPool1d(kernel_size=3, stride=2, padding=1, dilation=1, ceil_mode=False)
    (inception3a): InceptionBlock(
      (branch1): ConvBlock(
        (conv): Conv1d(128, 64, kernel_size=(1,), stride=(1,))
        (bn): BatchNorm1d(64, eps=1e-05, momentum=0.1, affine=True, track_running_stats=True)
      )
      (branch2): Sequential(
        (0): ConvBlock(
          (conv): Conv1d(128, 96, kernel_size=(1,), stride=(1,))
          (bn): BatchNorm1d(96, eps=1e-05, momentum=0.1, affine=True, track_running_stats=True)
        )
        (1): ConvBlock(
          (conv): Conv1d(96, 128, kernel_size=(3,), stride=(1,), padding=(1,))
          (bn): BatchNorm1d(128, eps=1e-05, momentum=0.1, affine=True, track_running_stats=True)
        )
      )
      (branch3): Sequential(
        (0): ConvBlock(
          (conv): Conv1d(128, 16, kernel_size=(1,), stride=(1,))
          (bn): BatchNorm1d(16, eps=1e-05, momentum=0.1, affine=True, track_running_stats=True)
        )
        (1): ConvBlock(
          (conv): Conv1d(16, 32, kernel_size=(5,), stride=(1,), padding=(2,))
          (bn): BatchNorm1d(32, eps=1e-05, momentum=0.1, affine=True, track_running_stats=True)
        )
      )
      (branch4): Sequential(
        (0): MaxPool2d(kernel_size=3, stride=1, padding=1, dilation=1, ceil_mode=False)
        (1): ConvBlock(
          (conv): Conv1d(128, 32, kernel_size=(1,), stride=(1,))
          (bn): BatchNorm1d(32, eps=1e-05, momentum=0.1, affine=True, track_running_stats=True)
        )
      )
    )
    (inception3b): InceptionBlock(
      (branch1): ConvBlock(
        (conv): Conv1d(256, 128, kernel_size=(1,), stride=(1,))
        (bn): BatchNorm1d(128, eps=1e-05, momentum=0.1, affine=True, track_running_stats=True)
      )
      (branch2): Sequential(
        (0): ConvBlock(
          (conv): Conv1d(256, 128, kernel_size=(1,), stride=(1,))
          (bn): BatchNorm1d(128, eps=1e-05, momentum=0.1, affine=True, track_running_stats=True)
        )
        (1): ConvBlock(
          (conv): Conv1d(128, 192, kernel_size=(3,), stride=(1,), padding=(1,))
          (bn): BatchNorm1d(192, eps=1e-05, momentum=0.1, affine=True, track_running_stats=True)
        )
      )
      (branch3): Sequential(
        (0): ConvBlock(
          (conv): Conv1d(256, 32, kernel_size=(1,), stride=(1,))
          (bn): BatchNorm1d(32, eps=1e-05, momentum=0.1, affine=True, track_running_stats=True)
        )
        (1): ConvBlock(
          (conv): Conv1d(32, 96, kernel_size=(5,), stride=(1,), padding=(2,))
          (bn): BatchNorm1d(96, eps=1e-05, momentum=0.1, affine=True, track_running_stats=True)
        )
      )
      (branch4): Sequential(
        (0): MaxPool2d(kernel_size=3, stride=1, padding=1, dilation=1, ceil_mode=False)
        (1): ConvBlock(
          (conv): Conv1d(256, 64, kernel_size=(1,), stride=(1,))
          (bn): BatchNorm1d(64, eps=1e-05, momentum=0.1, affine=True, track_running_stats=True)
        )
      )
    )
    (inception4a): InceptionBlock(
      (branch1): ConvBlock(
        (conv): Conv1d(480, 192, kernel_size=(1,), stride=(1,))
        (bn): BatchNorm1d(192, eps=1e-05, momentum=0.1, affine=True, track_running_stats=True)
      )
      (branch2): Sequential(
        (0): ConvBlock(
          (conv): Conv1d(480, 96, kernel_size=(1,), stride=(1,))
          (bn): BatchNorm1d(96, eps=1e-05, momentum=0.1, affine=True, track_running_stats=True)
        )
        (1): ConvBlock(
          (conv): Conv1d(96, 208, kernel_size=(3,), stride=(1,), padding=(1,))
          (bn): BatchNorm1d(208, eps=1e-05, momentum=0.1, affine=True, track_running_stats=True)
        )
      )
      (branch3): Sequential(
        (0): ConvBlock(
          (conv): Conv1d(480, 16, kernel_size=(1,), stride=(1,))
          (bn): BatchNorm1d(16, eps=1e-05, momentum=0.1, affine=True, track_running_stats=True)
        )
        (1): ConvBlock(
          (conv): Conv1d(16, 48, kernel_size=(5,), stride=(1,), padding=(2,))
          (bn): BatchNorm1d(48, eps=1e-05, momentum=0.1, affine=True, track_running_stats=True)
        )
      )
      (branch4): Sequential(
        (0): MaxPool2d(kernel_size=3, stride=1, padding=1, dilation=1, ceil_mode=False)
        (1): ConvBlock(
          (conv): Conv1d(480, 64, kernel_size=(1,), stride=(1,))
          (bn): BatchNorm1d(64, eps=1e-05, momentum=0.1, affine=True, track_running_stats=True)
        )
      )
    )
    (inception4b): InceptionBlock(
      (branch1): ConvBlock(
        (conv): Conv1d(512, 32, kernel_size=(1,), stride=(1,))
        (bn): BatchNorm1d(32, eps=1e-05, momentum=0.1, affine=True, track_running_stats=True)
      )
      (branch2): Sequential(
        (0): ConvBlock(
          (conv): Conv1d(512, 112, kernel_size=(1,), stride=(1,))
          (bn): BatchNorm1d(112, eps=1e-05, momentum=0.1, affine=True, track_running_stats=True)
        )
        (1): ConvBlock(
          (conv): Conv1d(112, 32, kernel_size=(3,), stride=(1,), padding=(1,))
          (bn): BatchNorm1d(32, eps=1e-05, momentum=0.1, affine=True, track_running_stats=True)
        )
      )
      (branch3): Sequential(
        (0): ConvBlock(
          (conv): Conv1d(512, 24, kernel_size=(1,), stride=(1,))
          (bn): BatchNorm1d(24, eps=1e-05, momentum=0.1, affine=True, track_running_stats=True)
        )
        (1): ConvBlock(
          (conv): Conv1d(24, 64, kernel_size=(5,), stride=(1,), padding=(2,))
          (bn): BatchNorm1d(64, eps=1e-05, momentum=0.1, affine=True, track_running_stats=True)
        )
      )
      (branch4): Sequential(
        (0): MaxPool2d(kernel_size=3, stride=1, padding=1, dilation=1, ceil_mode=False)
        (1): ConvBlock(
          (conv): Conv1d(512, 32, kernel_size=(1,), stride=(1,))
          (bn): BatchNorm1d(32, eps=1e-05, momentum=0.1, affine=True, track_running_stats=True)
        )
      )
    )
    (avgpool): AvgPool1d(kernel_size=(5,), stride=(1,), padding=(0,))
    (dropout): Dropout(p=0.5, inplace=False)
    (fc): Linear(in_features=8480, out_features=1, bias=True)
    (sigmoid): Sigmoid()
  )
)
2024-10-26 13:08 - INFO - * -----------
2024-10-26 13:16 - INFO - ---------------------------------------------
2024-10-26 13:16 - INFO - Epoch: 01 | Time: 8m 2s
2024-10-26 13:16 - INFO - 	 New best val_rocauc loss was found, current best value is 0.8941
2024-10-26 13:16 - INFO - 	 Train Loss: 0.042
2024-10-26 13:16 - INFO - 	 Val. Loss: 0.048
2024-10-26 13:16 - INFO - 	 ROC-AUC: 0.988
2024-10-26 13:16 - INFO - 	 PR-AUC: 0.894
2024-10-26 13:16 - INFO - 	 Best Val. Loss: 0.048
2024-10-26 13:16 - INFO - 	 Best ROC-AUC: 0.988
2024-10-26 13:16 - INFO - 	 Best PR-AUC: 0.894
2024-10-26 13:16 - INFO - 	 Test-ROC-AUC under Best Validation ROC-AUC: 0.985
2024-10-26 13:16 - INFO - 	 Test-PR-AUC under Best Validation Best PR-AUC: 0.880
2024-10-26 13:16 - INFO - ---------------------------------------------
2024-10-26 13:24 - INFO - ---------------------------------------------
2024-10-26 13:24 - INFO - Epoch: 02 | Time: 8m 1s
2024-10-26 13:24 - INFO - 	 New best val_rocauc loss was found, current best value is 0.89851
2024-10-26 13:24 - INFO - 	 Train Loss: 0.034
2024-10-26 13:24 - INFO - 	 Val. Loss: 0.045
2024-10-26 13:24 - INFO - 	 ROC-AUC: 0.989
2024-10-26 13:24 - INFO - 	 PR-AUC: 0.899
2024-10-26 13:24 - INFO - 	 Best Val. Loss: 0.045
2024-10-26 13:24 - INFO - 	 Best ROC-AUC: 0.989
2024-10-26 13:24 - INFO - 	 Best PR-AUC: 0.899
2024-10-26 13:24 - INFO - 	 Test-ROC-AUC under Best Validation ROC-AUC: 0.986
2024-10-26 13:24 - INFO - 	 Test-PR-AUC under Best Validation Best PR-AUC: 0.893
2024-10-26 13:24 - INFO - ---------------------------------------------
2024-10-26 13:32 - INFO - ---------------------------------------------
2024-10-26 13:32 - INFO - Epoch: 03 | Time: 8m 2s
2024-10-26 13:32 - INFO - 	 New best val_rocauc loss was found, current best value is 0.90067
2024-10-26 13:32 - INFO - 	 Train Loss: 0.034
2024-10-26 13:32 - INFO - 	 Val. Loss: 0.042
2024-10-26 13:32 - INFO - 	 ROC-AUC: 0.989
2024-10-26 13:32 - INFO - 	 PR-AUC: 0.901
2024-10-26 13:32 - INFO - 	 Best Val. Loss: 0.042
2024-10-26 13:32 - INFO - 	 Best ROC-AUC: 0.989
2024-10-26 13:32 - INFO - 	 Best PR-AUC: 0.901
2024-10-26 13:32 - INFO - 	 Test-ROC-AUC under Best Validation ROC-AUC: 0.986
2024-10-26 13:32 - INFO - 	 Test-PR-AUC under Best Validation Best PR-AUC: 0.890
2024-10-26 13:32 - INFO - ---------------------------------------------
2024-10-26 13:40 - INFO - ---------------------------------------------
2024-10-26 13:40 - INFO - Epoch: 04 | Time: 8m 2s
2024-10-26 13:40 - INFO - 	 New best val_rocauc loss was found, current best value is 0.90764
2024-10-26 13:40 - INFO - 	 Train Loss: 0.032
2024-10-26 13:40 - INFO - 	 Val. Loss: 0.039
2024-10-26 13:40 - INFO - 	 ROC-AUC: 0.989
2024-10-26 13:40 - INFO - 	 PR-AUC: 0.908
2024-10-26 13:40 - INFO - 	 Best Val. Loss: 0.039
2024-10-26 13:40 - INFO - 	 Best ROC-AUC: 0.989
2024-10-26 13:40 - INFO - 	 Best PR-AUC: 0.908
2024-10-26 13:40 - INFO - 	 Test-ROC-AUC under Best Validation ROC-AUC: 0.987
2024-10-26 13:40 - INFO - 	 Test-PR-AUC under Best Validation Best PR-AUC: 0.901
2024-10-26 13:40 - INFO - ---------------------------------------------
2024-10-26 13:48 - INFO - ---------------------------------------------
2024-10-26 13:48 - INFO - Epoch: 05 | Time: 8m 2s
2024-10-26 13:48 - INFO - 	 Train Loss: 0.031
2024-10-26 13:48 - INFO - 	 Val. Loss: 0.040
2024-10-26 13:48 - INFO - 	 ROC-AUC: 0.988
2024-10-26 13:48 - INFO - 	 PR-AUC: 0.900
2024-10-26 13:48 - INFO - 	 Best Val. Loss: 0.039
2024-10-26 13:48 - INFO - 	 Best ROC-AUC: 0.989
2024-10-26 13:48 - INFO - 	 Best PR-AUC: 0.908
2024-10-26 13:48 - INFO - 	 Test-ROC-AUC under Best Validation ROC-AUC: 0.987
2024-10-26 13:48 - INFO - 	 Test-PR-AUC under Best Validation Best PR-AUC: 0.901
2024-10-26 13:48 - INFO - ---------------------------------------------
2024-10-26 13:56 - INFO - ---------------------------------------------
2024-10-26 13:56 - INFO - Epoch: 06 | Time: 8m 2s
2024-10-26 13:56 - INFO - 	 Train Loss: 0.029
2024-10-26 13:56 - INFO - 	 Val. Loss: 0.043
2024-10-26 13:56 - INFO - 	 ROC-AUC: 0.988
2024-10-26 13:56 - INFO - 	 PR-AUC: 0.878
2024-10-26 13:56 - INFO - 	 Best Val. Loss: 0.039
2024-10-26 13:56 - INFO - 	 Best ROC-AUC: 0.989
2024-10-26 13:56 - INFO - 	 Best PR-AUC: 0.908
2024-10-26 13:56 - INFO - 	 Test-ROC-AUC under Best Validation ROC-AUC: 0.987
2024-10-26 13:56 - INFO - 	 Test-PR-AUC under Best Validation Best PR-AUC: 0.901
2024-10-26 13:56 - INFO - ---------------------------------------------
2024-10-26 14:04 - INFO - ---------------------------------------------
2024-10-26 14:04 - INFO - Epoch: 07 | Time: 8m 2s
2024-10-26 14:04 - INFO - 	 Train Loss: 0.029
2024-10-26 14:04 - INFO - 	 Val. Loss: 0.043
2024-10-26 14:04 - INFO - 	 ROC-AUC: 0.988
2024-10-26 14:04 - INFO - 	 PR-AUC: 0.893
2024-10-26 14:04 - INFO - 	 Best Val. Loss: 0.039
2024-10-26 14:04 - INFO - 	 Best ROC-AUC: 0.989
2024-10-26 14:04 - INFO - 	 Best PR-AUC: 0.908
2024-10-26 14:04 - INFO - 	 Test-ROC-AUC under Best Validation ROC-AUC: 0.987
2024-10-26 14:04 - INFO - 	 Test-PR-AUC under Best Validation Best PR-AUC: 0.901
2024-10-26 14:04 - INFO - ---------------------------------------------
2024-10-26 14:15 - INFO - Fit the preprocessing pipeline
2024-10-26 14:15 - INFO - Training using device: cuda
2024-10-26 14:15 - INFO - Creating generators
2024-10-26 14:15 - INFO - The model has 2,246,929 trainable parameters
2024-10-26 14:15 - INFO - * Model:
2024-10-26 14:15 - INFO - * -----------
2024-10-26 14:15 - INFO - CombinedModel(
  (upstream_model): TSTransformerEncoderCNN(
    (project_input): Linear(in_features=12, out_features=128, bias=True)
    (encoder): Linear(in_features=12, out_features=128, bias=True)
    (transformer_encoder): TransformerEncoder(
      (layers): ModuleList(
        (0-7): 8 x TransformerEncoderLayer(
          (self_attn): MultiheadAttention(
            (out_proj): NonDynamicallyQuantizableLinear(in_features=128, out_features=128, bias=True)
          )
          (linear1): Linear(in_features=128, out_features=512, bias=True)
          (dropout): Dropout(p=0.4, inplace=False)
          (linear2): Linear(in_features=512, out_features=128, bias=True)
          (norm1): LayerNorm((128,), eps=1e-05, elementwise_affine=True)
          (norm2): LayerNorm((128,), eps=1e-05, elementwise_affine=True)
          (dropout1): Dropout(p=0.4, inplace=False)
          (dropout2): Dropout(p=0.4, inplace=False)
        )
      )
    )
    (output_layer): Linear(in_features=128, out_features=12, bias=True)
    (dropout1): Dropout(p=0.4, inplace=False)
    (cnn): Conv1d(128, 12, kernel_size=(3,), stride=(1,), padding=(1,))
  )
  (downstream_model): DownstreamInception(
    (conv1): ConvBlock(
      (conv): Conv1d(12, 64, kernel_size=(7,), stride=(2,), padding=(3,))
      (bn): BatchNorm1d(64, eps=1e-05, momentum=0.1, affine=True, track_running_stats=True)
    )
    (conv2): ConvBlock(
      (conv): Conv1d(64, 128, kernel_size=(3,), stride=(1,), padding=(1,))
      (bn): BatchNorm1d(128, eps=1e-05, momentum=0.1, affine=True, track_running_stats=True)
    )
    (maxpool): MaxPool1d(kernel_size=3, stride=2, padding=1, dilation=1, ceil_mode=False)
    (inception3a): InceptionBlock(
      (branch1): ConvBlock(
        (conv): Conv1d(128, 64, kernel_size=(1,), stride=(1,))
        (bn): BatchNorm1d(64, eps=1e-05, momentum=0.1, affine=True, track_running_stats=True)
      )
      (branch2): Sequential(
        (0): ConvBlock(
          (conv): Conv1d(128, 96, kernel_size=(1,), stride=(1,))
          (bn): BatchNorm1d(96, eps=1e-05, momentum=0.1, affine=True, track_running_stats=True)
        )
        (1): ConvBlock(
          (conv): Conv1d(96, 128, kernel_size=(3,), stride=(1,), padding=(1,))
          (bn): BatchNorm1d(128, eps=1e-05, momentum=0.1, affine=True, track_running_stats=True)
        )
      )
      (branch3): Sequential(
        (0): ConvBlock(
          (conv): Conv1d(128, 16, kernel_size=(1,), stride=(1,))
          (bn): BatchNorm1d(16, eps=1e-05, momentum=0.1, affine=True, track_running_stats=True)
        )
        (1): ConvBlock(
          (conv): Conv1d(16, 32, kernel_size=(5,), stride=(1,), padding=(2,))
          (bn): BatchNorm1d(32, eps=1e-05, momentum=0.1, affine=True, track_running_stats=True)
        )
      )
      (branch4): Sequential(
        (0): MaxPool2d(kernel_size=3, stride=1, padding=1, dilation=1, ceil_mode=False)
        (1): ConvBlock(
          (conv): Conv1d(128, 32, kernel_size=(1,), stride=(1,))
          (bn): BatchNorm1d(32, eps=1e-05, momentum=0.1, affine=True, track_running_stats=True)
        )
      )
    )
    (inception3b): InceptionBlock(
      (branch1): ConvBlock(
        (conv): Conv1d(256, 128, kernel_size=(1,), stride=(1,))
        (bn): BatchNorm1d(128, eps=1e-05, momentum=0.1, affine=True, track_running_stats=True)
      )
      (branch2): Sequential(
        (0): ConvBlock(
          (conv): Conv1d(256, 128, kernel_size=(1,), stride=(1,))
          (bn): BatchNorm1d(128, eps=1e-05, momentum=0.1, affine=True, track_running_stats=True)
        )
        (1): ConvBlock(
          (conv): Conv1d(128, 192, kernel_size=(3,), stride=(1,), padding=(1,))
          (bn): BatchNorm1d(192, eps=1e-05, momentum=0.1, affine=True, track_running_stats=True)
        )
      )
      (branch3): Sequential(
        (0): ConvBlock(
          (conv): Conv1d(256, 32, kernel_size=(1,), stride=(1,))
          (bn): BatchNorm1d(32, eps=1e-05, momentum=0.1, affine=True, track_running_stats=True)
        )
        (1): ConvBlock(
          (conv): Conv1d(32, 96, kernel_size=(5,), stride=(1,), padding=(2,))
          (bn): BatchNorm1d(96, eps=1e-05, momentum=0.1, affine=True, track_running_stats=True)
        )
      )
      (branch4): Sequential(
        (0): MaxPool2d(kernel_size=3, stride=1, padding=1, dilation=1, ceil_mode=False)
        (1): ConvBlock(
          (conv): Conv1d(256, 64, kernel_size=(1,), stride=(1,))
          (bn): BatchNorm1d(64, eps=1e-05, momentum=0.1, affine=True, track_running_stats=True)
        )
      )
    )
    (inception4a): InceptionBlock(
      (branch1): ConvBlock(
        (conv): Conv1d(480, 192, kernel_size=(1,), stride=(1,))
        (bn): BatchNorm1d(192, eps=1e-05, momentum=0.1, affine=True, track_running_stats=True)
      )
      (branch2): Sequential(
        (0): ConvBlock(
          (conv): Conv1d(480, 96, kernel_size=(1,), stride=(1,))
          (bn): BatchNorm1d(96, eps=1e-05, momentum=0.1, affine=True, track_running_stats=True)
        )
        (1): ConvBlock(
          (conv): Conv1d(96, 208, kernel_size=(3,), stride=(1,), padding=(1,))
          (bn): BatchNorm1d(208, eps=1e-05, momentum=0.1, affine=True, track_running_stats=True)
        )
      )
      (branch3): Sequential(
        (0): ConvBlock(
          (conv): Conv1d(480, 16, kernel_size=(1,), stride=(1,))
          (bn): BatchNorm1d(16, eps=1e-05, momentum=0.1, affine=True, track_running_stats=True)
        )
        (1): ConvBlock(
          (conv): Conv1d(16, 48, kernel_size=(5,), stride=(1,), padding=(2,))
          (bn): BatchNorm1d(48, eps=1e-05, momentum=0.1, affine=True, track_running_stats=True)
        )
      )
      (branch4): Sequential(
        (0): MaxPool2d(kernel_size=3, stride=1, padding=1, dilation=1, ceil_mode=False)
        (1): ConvBlock(
          (conv): Conv1d(480, 64, kernel_size=(1,), stride=(1,))
          (bn): BatchNorm1d(64, eps=1e-05, momentum=0.1, affine=True, track_running_stats=True)
        )
      )
    )
    (inception4b): InceptionBlock(
      (branch1): ConvBlock(
        (conv): Conv1d(512, 32, kernel_size=(1,), stride=(1,))
        (bn): BatchNorm1d(32, eps=1e-05, momentum=0.1, affine=True, track_running_stats=True)
      )
      (branch2): Sequential(
        (0): ConvBlock(
          (conv): Conv1d(512, 112, kernel_size=(1,), stride=(1,))
          (bn): BatchNorm1d(112, eps=1e-05, momentum=0.1, affine=True, track_running_stats=True)
        )
        (1): ConvBlock(
          (conv): Conv1d(112, 32, kernel_size=(3,), stride=(1,), padding=(1,))
          (bn): BatchNorm1d(32, eps=1e-05, momentum=0.1, affine=True, track_running_stats=True)
        )
      )
      (branch3): Sequential(
        (0): ConvBlock(
          (conv): Conv1d(512, 24, kernel_size=(1,), stride=(1,))
          (bn): BatchNorm1d(24, eps=1e-05, momentum=0.1, affine=True, track_running_stats=True)
        )
        (1): ConvBlock(
          (conv): Conv1d(24, 64, kernel_size=(5,), stride=(1,), padding=(2,))
          (bn): BatchNorm1d(64, eps=1e-05, momentum=0.1, affine=True, track_running_stats=True)
        )
      )
      (branch4): Sequential(
        (0): MaxPool2d(kernel_size=3, stride=1, padding=1, dilation=1, ceil_mode=False)
        (1): ConvBlock(
          (conv): Conv1d(512, 32, kernel_size=(1,), stride=(1,))
          (bn): BatchNorm1d(32, eps=1e-05, momentum=0.1, affine=True, track_running_stats=True)
        )
      )
    )
    (avgpool): AvgPool1d(kernel_size=(5,), stride=(1,), padding=(0,))
    (dropout): Dropout(p=0.5, inplace=False)
    (fc): Linear(in_features=8480, out_features=1, bias=True)
    (sigmoid): Sigmoid()
  )
)
2024-10-26 14:15 - INFO - * -----------
2024-10-26 14:23 - INFO - ---------------------------------------------
2024-10-26 14:23 - INFO - Epoch: 01 | Time: 8m 2s
2024-10-26 14:23 - INFO - 	 New best val_rocauc loss was found, current best value is 0.88599
2024-10-26 14:23 - INFO - 	 Train Loss: 0.038
2024-10-26 14:23 - INFO - 	 Val. Loss: 0.044
2024-10-26 14:23 - INFO - 	 ROC-AUC: 0.988
2024-10-26 14:23 - INFO - 	 PR-AUC: 0.886
2024-10-26 14:23 - INFO - 	 Best Val. Loss: 0.044
2024-10-26 14:23 - INFO - 	 Best ROC-AUC: 0.988
2024-10-26 14:23 - INFO - 	 Best PR-AUC: 0.886
2024-10-26 14:23 - INFO - 	 Test-ROC-AUC under Best Validation ROC-AUC: 0.985
2024-10-26 14:23 - INFO - 	 Test-PR-AUC under Best Validation Best PR-AUC: 0.882
2024-10-26 14:23 - INFO - ---------------------------------------------
2024-10-26 14:31 - INFO - ---------------------------------------------
2024-10-26 14:31 - INFO - Epoch: 02 | Time: 8m 2s
2024-10-26 14:31 - INFO - 	 New best val_rocauc loss was found, current best value is 0.89525
2024-10-26 14:31 - INFO - 	 Train Loss: 0.031
2024-10-26 14:31 - INFO - 	 Val. Loss: 0.040
2024-10-26 14:31 - INFO - 	 ROC-AUC: 0.989
2024-10-26 14:31 - INFO - 	 PR-AUC: 0.895
2024-10-26 14:31 - INFO - 	 Best Val. Loss: 0.040
2024-10-26 14:31 - INFO - 	 Best ROC-AUC: 0.989
2024-10-26 14:31 - INFO - 	 Best PR-AUC: 0.895
2024-10-26 14:31 - INFO - 	 Test-ROC-AUC under Best Validation ROC-AUC: 0.984
2024-10-26 14:31 - INFO - 	 Test-PR-AUC under Best Validation Best PR-AUC: 0.892
2024-10-26 14:31 - INFO - ---------------------------------------------
2024-10-26 14:39 - INFO - ---------------------------------------------
2024-10-26 14:39 - INFO - Epoch: 03 | Time: 8m 2s
2024-10-26 14:39 - INFO - 	 Train Loss: 0.029
2024-10-26 14:39 - INFO - 	 Val. Loss: 0.040
2024-10-26 14:39 - INFO - 	 ROC-AUC: 0.988
2024-10-26 14:39 - INFO - 	 PR-AUC: 0.881
2024-10-26 14:39 - INFO - 	 Best Val. Loss: 0.040
2024-10-26 14:39 - INFO - 	 Best ROC-AUC: 0.989
2024-10-26 14:39 - INFO - 	 Best PR-AUC: 0.895
2024-10-26 14:39 - INFO - 	 Test-ROC-AUC under Best Validation ROC-AUC: 0.984
2024-10-26 14:39 - INFO - 	 Test-PR-AUC under Best Validation Best PR-AUC: 0.892
2024-10-26 14:39 - INFO - ---------------------------------------------
2024-10-26 14:47 - INFO - ---------------------------------------------
2024-10-26 14:47 - INFO - Epoch: 04 | Time: 8m 2s
2024-10-26 14:47 - INFO - 	 New best val_rocauc loss was found, current best value is 0.89551
2024-10-26 14:47 - INFO - 	 Train Loss: 0.027
2024-10-26 14:47 - INFO - 	 Val. Loss: 0.036
2024-10-26 14:47 - INFO - 	 ROC-AUC: 0.989
2024-10-26 14:47 - INFO - 	 PR-AUC: 0.896
2024-10-26 14:47 - INFO - 	 Best Val. Loss: 0.036
2024-10-26 14:47 - INFO - 	 Best ROC-AUC: 0.989
2024-10-26 14:47 - INFO - 	 Best PR-AUC: 0.896
2024-10-26 14:47 - INFO - 	 Test-ROC-AUC under Best Validation ROC-AUC: 0.984
2024-10-26 14:47 - INFO - 	 Test-PR-AUC under Best Validation Best PR-AUC: 0.887
2024-10-26 14:47 - INFO - ---------------------------------------------
2024-10-26 14:55 - INFO - ---------------------------------------------
2024-10-26 14:55 - INFO - Epoch: 05 | Time: 8m 2s
2024-10-26 14:55 - INFO - 	 New best val_rocauc loss was found, current best value is 0.90166
2024-10-26 14:55 - INFO - 	 Train Loss: 0.027
2024-10-26 14:55 - INFO - 	 Val. Loss: 0.034
2024-10-26 14:55 - INFO - 	 ROC-AUC: 0.989
2024-10-26 14:55 - INFO - 	 PR-AUC: 0.902
2024-10-26 14:55 - INFO - 	 Best Val. Loss: 0.034
2024-10-26 14:55 - INFO - 	 Best ROC-AUC: 0.989
2024-10-26 14:55 - INFO - 	 Best PR-AUC: 0.902
2024-10-26 14:55 - INFO - 	 Test-ROC-AUC under Best Validation ROC-AUC: 0.986
2024-10-26 14:55 - INFO - 	 Test-PR-AUC under Best Validation Best PR-AUC: 0.881
2024-10-26 14:55 - INFO - ---------------------------------------------
2024-10-26 15:03 - INFO - ---------------------------------------------
2024-10-26 15:03 - INFO - Epoch: 06 | Time: 8m 2s
2024-10-26 15:03 - INFO - 	 Train Loss: 0.026
2024-10-26 15:03 - INFO - 	 Val. Loss: 0.036
2024-10-26 15:03 - INFO - 	 ROC-AUC: 0.988
2024-10-26 15:03 - INFO - 	 PR-AUC: 0.898
2024-10-26 15:03 - INFO - 	 Best Val. Loss: 0.034
2024-10-26 15:03 - INFO - 	 Best ROC-AUC: 0.989
2024-10-26 15:03 - INFO - 	 Best PR-AUC: 0.902
2024-10-26 15:03 - INFO - 	 Test-ROC-AUC under Best Validation ROC-AUC: 0.986
2024-10-26 15:03 - INFO - 	 Test-PR-AUC under Best Validation Best PR-AUC: 0.881
2024-10-26 15:03 - INFO - ---------------------------------------------
2024-10-26 15:11 - INFO - ---------------------------------------------
2024-10-26 15:11 - INFO - Epoch: 07 | Time: 8m 2s
2024-10-26 15:11 - INFO - 	 Train Loss: 0.025
2024-10-26 15:11 - INFO - 	 Val. Loss: 0.036
2024-10-26 15:11 - INFO - 	 ROC-AUC: 0.988
2024-10-26 15:11 - INFO - 	 PR-AUC: 0.897
2024-10-26 15:11 - INFO - 	 Best Val. Loss: 0.034
2024-10-26 15:11 - INFO - 	 Best ROC-AUC: 0.989
2024-10-26 15:11 - INFO - 	 Best PR-AUC: 0.902
2024-10-26 15:11 - INFO - 	 Test-ROC-AUC under Best Validation ROC-AUC: 0.986
2024-10-26 15:11 - INFO - 	 Test-PR-AUC under Best Validation Best PR-AUC: 0.881
2024-10-26 15:11 - INFO - ---------------------------------------------
2024-10-26 15:19 - INFO - ---------------------------------------------
2024-10-26 15:19 - INFO - Epoch: 08 | Time: 8m 2s
2024-10-26 15:19 - INFO - 	 Train Loss: 0.024
2024-10-26 15:19 - INFO - 	 Val. Loss: 0.036
2024-10-26 15:19 - INFO - 	 ROC-AUC: 0.988
2024-10-26 15:19 - INFO - 	 PR-AUC: 0.894
2024-10-26 15:19 - INFO - 	 Best Val. Loss: 0.034
2024-10-26 15:19 - INFO - 	 Best ROC-AUC: 0.989
2024-10-26 15:19 - INFO - 	 Best PR-AUC: 0.902
2024-10-26 15:19 - INFO - 	 Test-ROC-AUC under Best Validation ROC-AUC: 0.986
2024-10-26 15:19 - INFO - 	 Test-PR-AUC under Best Validation Best PR-AUC: 0.881
2024-10-26 15:19 - INFO - ---------------------------------------------
2024-10-26 15:30 - INFO - Fit the preprocessing pipeline
2024-10-26 15:30 - INFO - Training using device: cuda
2024-10-26 15:30 - INFO - Creating generators
2024-10-26 15:30 - INFO - The model has 2,246,929 trainable parameters
2024-10-26 15:30 - INFO - * Model:
2024-10-26 15:30 - INFO - * -----------
2024-10-26 15:30 - INFO - CombinedModel(
  (upstream_model): TSTransformerEncoderCNN(
    (project_input): Linear(in_features=12, out_features=128, bias=True)
    (encoder): Linear(in_features=12, out_features=128, bias=True)
    (transformer_encoder): TransformerEncoder(
      (layers): ModuleList(
        (0-7): 8 x TransformerEncoderLayer(
          (self_attn): MultiheadAttention(
            (out_proj): NonDynamicallyQuantizableLinear(in_features=128, out_features=128, bias=True)
          )
          (linear1): Linear(in_features=128, out_features=512, bias=True)
          (dropout): Dropout(p=0.4, inplace=False)
          (linear2): Linear(in_features=512, out_features=128, bias=True)
          (norm1): LayerNorm((128,), eps=1e-05, elementwise_affine=True)
          (norm2): LayerNorm((128,), eps=1e-05, elementwise_affine=True)
          (dropout1): Dropout(p=0.4, inplace=False)
          (dropout2): Dropout(p=0.4, inplace=False)
        )
      )
    )
    (output_layer): Linear(in_features=128, out_features=12, bias=True)
    (dropout1): Dropout(p=0.4, inplace=False)
    (cnn): Conv1d(128, 12, kernel_size=(3,), stride=(1,), padding=(1,))
  )
  (downstream_model): DownstreamInception(
    (conv1): ConvBlock(
      (conv): Conv1d(12, 64, kernel_size=(7,), stride=(2,), padding=(3,))
      (bn): BatchNorm1d(64, eps=1e-05, momentum=0.1, affine=True, track_running_stats=True)
    )
    (conv2): ConvBlock(
      (conv): Conv1d(64, 128, kernel_size=(3,), stride=(1,), padding=(1,))
      (bn): BatchNorm1d(128, eps=1e-05, momentum=0.1, affine=True, track_running_stats=True)
    )
    (maxpool): MaxPool1d(kernel_size=3, stride=2, padding=1, dilation=1, ceil_mode=False)
    (inception3a): InceptionBlock(
      (branch1): ConvBlock(
        (conv): Conv1d(128, 64, kernel_size=(1,), stride=(1,))
        (bn): BatchNorm1d(64, eps=1e-05, momentum=0.1, affine=True, track_running_stats=True)
      )
      (branch2): Sequential(
        (0): ConvBlock(
          (conv): Conv1d(128, 96, kernel_size=(1,), stride=(1,))
          (bn): BatchNorm1d(96, eps=1e-05, momentum=0.1, affine=True, track_running_stats=True)
        )
        (1): ConvBlock(
          (conv): Conv1d(96, 128, kernel_size=(3,), stride=(1,), padding=(1,))
          (bn): BatchNorm1d(128, eps=1e-05, momentum=0.1, affine=True, track_running_stats=True)
        )
      )
      (branch3): Sequential(
        (0): ConvBlock(
          (conv): Conv1d(128, 16, kernel_size=(1,), stride=(1,))
          (bn): BatchNorm1d(16, eps=1e-05, momentum=0.1, affine=True, track_running_stats=True)
        )
        (1): ConvBlock(
          (conv): Conv1d(16, 32, kernel_size=(5,), stride=(1,), padding=(2,))
          (bn): BatchNorm1d(32, eps=1e-05, momentum=0.1, affine=True, track_running_stats=True)
        )
      )
      (branch4): Sequential(
        (0): MaxPool2d(kernel_size=3, stride=1, padding=1, dilation=1, ceil_mode=False)
        (1): ConvBlock(
          (conv): Conv1d(128, 32, kernel_size=(1,), stride=(1,))
          (bn): BatchNorm1d(32, eps=1e-05, momentum=0.1, affine=True, track_running_stats=True)
        )
      )
    )
    (inception3b): InceptionBlock(
      (branch1): ConvBlock(
        (conv): Conv1d(256, 128, kernel_size=(1,), stride=(1,))
        (bn): BatchNorm1d(128, eps=1e-05, momentum=0.1, affine=True, track_running_stats=True)
      )
      (branch2): Sequential(
        (0): ConvBlock(
          (conv): Conv1d(256, 128, kernel_size=(1,), stride=(1,))
          (bn): BatchNorm1d(128, eps=1e-05, momentum=0.1, affine=True, track_running_stats=True)
        )
        (1): ConvBlock(
          (conv): Conv1d(128, 192, kernel_size=(3,), stride=(1,), padding=(1,))
          (bn): BatchNorm1d(192, eps=1e-05, momentum=0.1, affine=True, track_running_stats=True)
        )
      )
      (branch3): Sequential(
        (0): ConvBlock(
          (conv): Conv1d(256, 32, kernel_size=(1,), stride=(1,))
          (bn): BatchNorm1d(32, eps=1e-05, momentum=0.1, affine=True, track_running_stats=True)
        )
        (1): ConvBlock(
          (conv): Conv1d(32, 96, kernel_size=(5,), stride=(1,), padding=(2,))
          (bn): BatchNorm1d(96, eps=1e-05, momentum=0.1, affine=True, track_running_stats=True)
        )
      )
      (branch4): Sequential(
        (0): MaxPool2d(kernel_size=3, stride=1, padding=1, dilation=1, ceil_mode=False)
        (1): ConvBlock(
          (conv): Conv1d(256, 64, kernel_size=(1,), stride=(1,))
          (bn): BatchNorm1d(64, eps=1e-05, momentum=0.1, affine=True, track_running_stats=True)
        )
      )
    )
    (inception4a): InceptionBlock(
      (branch1): ConvBlock(
        (conv): Conv1d(480, 192, kernel_size=(1,), stride=(1,))
        (bn): BatchNorm1d(192, eps=1e-05, momentum=0.1, affine=True, track_running_stats=True)
      )
      (branch2): Sequential(
        (0): ConvBlock(
          (conv): Conv1d(480, 96, kernel_size=(1,), stride=(1,))
          (bn): BatchNorm1d(96, eps=1e-05, momentum=0.1, affine=True, track_running_stats=True)
        )
        (1): ConvBlock(
          (conv): Conv1d(96, 208, kernel_size=(3,), stride=(1,), padding=(1,))
          (bn): BatchNorm1d(208, eps=1e-05, momentum=0.1, affine=True, track_running_stats=True)
        )
      )
      (branch3): Sequential(
        (0): ConvBlock(
          (conv): Conv1d(480, 16, kernel_size=(1,), stride=(1,))
          (bn): BatchNorm1d(16, eps=1e-05, momentum=0.1, affine=True, track_running_stats=True)
        )
        (1): ConvBlock(
          (conv): Conv1d(16, 48, kernel_size=(5,), stride=(1,), padding=(2,))
          (bn): BatchNorm1d(48, eps=1e-05, momentum=0.1, affine=True, track_running_stats=True)
        )
      )
      (branch4): Sequential(
        (0): MaxPool2d(kernel_size=3, stride=1, padding=1, dilation=1, ceil_mode=False)
        (1): ConvBlock(
          (conv): Conv1d(480, 64, kernel_size=(1,), stride=(1,))
          (bn): BatchNorm1d(64, eps=1e-05, momentum=0.1, affine=True, track_running_stats=True)
        )
      )
    )
    (inception4b): InceptionBlock(
      (branch1): ConvBlock(
        (conv): Conv1d(512, 32, kernel_size=(1,), stride=(1,))
        (bn): BatchNorm1d(32, eps=1e-05, momentum=0.1, affine=True, track_running_stats=True)
      )
      (branch2): Sequential(
        (0): ConvBlock(
          (conv): Conv1d(512, 112, kernel_size=(1,), stride=(1,))
          (bn): BatchNorm1d(112, eps=1e-05, momentum=0.1, affine=True, track_running_stats=True)
        )
        (1): ConvBlock(
          (conv): Conv1d(112, 32, kernel_size=(3,), stride=(1,), padding=(1,))
          (bn): BatchNorm1d(32, eps=1e-05, momentum=0.1, affine=True, track_running_stats=True)
        )
      )
      (branch3): Sequential(
        (0): ConvBlock(
          (conv): Conv1d(512, 24, kernel_size=(1,), stride=(1,))
          (bn): BatchNorm1d(24, eps=1e-05, momentum=0.1, affine=True, track_running_stats=True)
        )
        (1): ConvBlock(
          (conv): Conv1d(24, 64, kernel_size=(5,), stride=(1,), padding=(2,))
          (bn): BatchNorm1d(64, eps=1e-05, momentum=0.1, affine=True, track_running_stats=True)
        )
      )
      (branch4): Sequential(
        (0): MaxPool2d(kernel_size=3, stride=1, padding=1, dilation=1, ceil_mode=False)
        (1): ConvBlock(
          (conv): Conv1d(512, 32, kernel_size=(1,), stride=(1,))
          (bn): BatchNorm1d(32, eps=1e-05, momentum=0.1, affine=True, track_running_stats=True)
        )
      )
    )
    (avgpool): AvgPool1d(kernel_size=(5,), stride=(1,), padding=(0,))
    (dropout): Dropout(p=0.5, inplace=False)
    (fc): Linear(in_features=8480, out_features=1, bias=True)
    (sigmoid): Sigmoid()
  )
)
2024-10-26 15:30 - INFO - * -----------
2024-10-26 15:38 - INFO - ---------------------------------------------
2024-10-26 15:38 - INFO - Epoch: 01 | Time: 8m 27s
2024-10-26 15:38 - INFO - 	 New best val_rocauc loss was found, current best value is 0.88474
2024-10-26 15:38 - INFO - 	 Train Loss: 0.035
2024-10-26 15:38 - INFO - 	 Val. Loss: 0.040
2024-10-26 15:38 - INFO - 	 ROC-AUC: 0.988
2024-10-26 15:38 - INFO - 	 PR-AUC: 0.885
2024-10-26 15:38 - INFO - 	 Best Val. Loss: 0.040
2024-10-26 15:38 - INFO - 	 Best ROC-AUC: 0.988
2024-10-26 15:38 - INFO - 	 Best PR-AUC: 0.885
2024-10-26 15:38 - INFO - 	 Test-ROC-AUC under Best Validation ROC-AUC: 0.984
2024-10-26 15:38 - INFO - 	 Test-PR-AUC under Best Validation Best PR-AUC: 0.883
2024-10-26 15:38 - INFO - ---------------------------------------------
2024-10-26 15:47 - INFO - ---------------------------------------------
2024-10-26 15:47 - INFO - Epoch: 02 | Time: 8m 24s
2024-10-26 15:47 - INFO - 	 New best val_rocauc loss was found, current best value is 0.89024
2024-10-26 15:47 - INFO - 	 Train Loss: 0.026
2024-10-26 15:47 - INFO - 	 Val. Loss: 0.036
2024-10-26 15:47 - INFO - 	 ROC-AUC: 0.988
2024-10-26 15:47 - INFO - 	 PR-AUC: 0.890
2024-10-26 15:47 - INFO - 	 Best Val. Loss: 0.036
2024-10-26 15:47 - INFO - 	 Best ROC-AUC: 0.988
2024-10-26 15:47 - INFO - 	 Best PR-AUC: 0.890
2024-10-26 15:47 - INFO - 	 Test-ROC-AUC under Best Validation ROC-AUC: 0.985
2024-10-26 15:47 - INFO - 	 Test-PR-AUC under Best Validation Best PR-AUC: 0.890
2024-10-26 15:47 - INFO - ---------------------------------------------
2024-10-26 15:55 - INFO - ---------------------------------------------
2024-10-26 15:55 - INFO - Epoch: 03 | Time: 8m 25s
2024-10-26 15:55 - INFO - 	 New best val_rocauc loss was found, current best value is 0.90136
2024-10-26 15:55 - INFO - 	 Train Loss: 0.025
2024-10-26 15:55 - INFO - 	 Val. Loss: 0.030
2024-10-26 15:55 - INFO - 	 ROC-AUC: 0.990
2024-10-26 15:55 - INFO - 	 PR-AUC: 0.901
2024-10-26 15:55 - INFO - 	 Best Val. Loss: 0.030
2024-10-26 15:55 - INFO - 	 Best ROC-AUC: 0.990
2024-10-26 15:55 - INFO - 	 Best PR-AUC: 0.901
2024-10-26 15:55 - INFO - 	 Test-ROC-AUC under Best Validation ROC-AUC: 0.985
2024-10-26 15:55 - INFO - 	 Test-PR-AUC under Best Validation Best PR-AUC: 0.875
2024-10-26 15:55 - INFO - ---------------------------------------------
2024-10-26 16:04 - INFO - ---------------------------------------------
2024-10-26 16:04 - INFO - Epoch: 04 | Time: 8m 17s
2024-10-26 16:04 - INFO - 	 New best val_rocauc loss was found, current best value is 0.90748
2024-10-26 16:04 - INFO - 	 Train Loss: 0.023
2024-10-26 16:04 - INFO - 	 Val. Loss: 0.029
2024-10-26 16:04 - INFO - 	 ROC-AUC: 0.989
2024-10-26 16:04 - INFO - 	 PR-AUC: 0.907
2024-10-26 16:04 - INFO - 	 Best Val. Loss: 0.029
2024-10-26 16:04 - INFO - 	 Best ROC-AUC: 0.990
2024-10-26 16:04 - INFO - 	 Best PR-AUC: 0.907
2024-10-26 16:04 - INFO - 	 Test-ROC-AUC under Best Validation ROC-AUC: 0.985
2024-10-26 16:04 - INFO - 	 Test-PR-AUC under Best Validation Best PR-AUC: 0.898
2024-10-26 16:04 - INFO - ---------------------------------------------
2024-10-26 16:12 - INFO - ---------------------------------------------
2024-10-26 16:12 - INFO - Epoch: 05 | Time: 8m 15s
2024-10-26 16:12 - INFO - 	 New best val_rocauc loss was found, current best value is 0.9122
2024-10-26 16:12 - INFO - 	 Train Loss: 0.022
2024-10-26 16:12 - INFO - 	 Val. Loss: 0.027
2024-10-26 16:12 - INFO - 	 ROC-AUC: 0.989
2024-10-26 16:12 - INFO - 	 PR-AUC: 0.912
2024-10-26 16:12 - INFO - 	 Best Val. Loss: 0.027
2024-10-26 16:12 - INFO - 	 Best ROC-AUC: 0.990
2024-10-26 16:12 - INFO - 	 Best PR-AUC: 0.912
2024-10-26 16:12 - INFO - 	 Test-ROC-AUC under Best Validation ROC-AUC: 0.985
2024-10-26 16:12 - INFO - 	 Test-PR-AUC under Best Validation Best PR-AUC: 0.901
2024-10-26 16:12 - INFO - ---------------------------------------------
2024-10-26 16:20 - INFO - ---------------------------------------------
2024-10-26 16:20 - INFO - Epoch: 06 | Time: 8m 17s
2024-10-26 16:20 - INFO - 	 Train Loss: 0.021
2024-10-26 16:20 - INFO - 	 Val. Loss: 0.028
2024-10-26 16:20 - INFO - 	 ROC-AUC: 0.989
2024-10-26 16:20 - INFO - 	 PR-AUC: 0.910
2024-10-26 16:20 - INFO - 	 Best Val. Loss: 0.027
2024-10-26 16:20 - INFO - 	 Best ROC-AUC: 0.990
2024-10-26 16:20 - INFO - 	 Best PR-AUC: 0.912
2024-10-26 16:20 - INFO - 	 Test-ROC-AUC under Best Validation ROC-AUC: 0.985
2024-10-26 16:20 - INFO - 	 Test-PR-AUC under Best Validation Best PR-AUC: 0.901
2024-10-26 16:20 - INFO - ---------------------------------------------
2024-10-26 16:28 - INFO - ---------------------------------------------
2024-10-26 16:28 - INFO - Epoch: 07 | Time: 8m 16s
2024-10-26 16:28 - INFO - 	 Train Loss: 0.020
2024-10-26 16:28 - INFO - 	 Val. Loss: 0.029
2024-10-26 16:28 - INFO - 	 ROC-AUC: 0.989
2024-10-26 16:28 - INFO - 	 PR-AUC: 0.909
2024-10-26 16:28 - INFO - 	 Best Val. Loss: 0.027
2024-10-26 16:28 - INFO - 	 Best ROC-AUC: 0.990
2024-10-26 16:28 - INFO - 	 Best PR-AUC: 0.912
2024-10-26 16:28 - INFO - 	 Test-ROC-AUC under Best Validation ROC-AUC: 0.985
2024-10-26 16:28 - INFO - 	 Test-PR-AUC under Best Validation Best PR-AUC: 0.901
2024-10-26 16:28 - INFO - ---------------------------------------------
2024-10-26 16:37 - INFO - ---------------------------------------------
2024-10-26 16:37 - INFO - Epoch: 08 | Time: 8m 15s
2024-10-26 16:37 - INFO - 	 Train Loss: 0.020
2024-10-26 16:37 - INFO - 	 Val. Loss: 0.030
2024-10-26 16:37 - INFO - 	 ROC-AUC: 0.988
2024-10-26 16:37 - INFO - 	 PR-AUC: 0.889
2024-10-26 16:37 - INFO - 	 Best Val. Loss: 0.027
2024-10-26 16:37 - INFO - 	 Best ROC-AUC: 0.990
2024-10-26 16:37 - INFO - 	 Best PR-AUC: 0.912
2024-10-26 16:37 - INFO - 	 Test-ROC-AUC under Best Validation ROC-AUC: 0.985
2024-10-26 16:37 - INFO - 	 Test-PR-AUC under Best Validation Best PR-AUC: 0.901
2024-10-26 16:37 - INFO - ---------------------------------------------
2024-10-26 16:47 - INFO - Fit the preprocessing pipeline
2024-10-26 16:47 - INFO - Training using device: cuda
2024-10-26 16:47 - INFO - Creating generators
2024-10-26 16:47 - INFO - The model has 2,246,929 trainable parameters
2024-10-26 16:47 - INFO - * Model:
2024-10-26 16:47 - INFO - * -----------
2024-10-26 16:47 - INFO - CombinedModel(
  (upstream_model): TSTransformerEncoderCNN(
    (project_input): Linear(in_features=12, out_features=128, bias=True)
    (encoder): Linear(in_features=12, out_features=128, bias=True)
    (transformer_encoder): TransformerEncoder(
      (layers): ModuleList(
        (0-7): 8 x TransformerEncoderLayer(
          (self_attn): MultiheadAttention(
            (out_proj): NonDynamicallyQuantizableLinear(in_features=128, out_features=128, bias=True)
          )
          (linear1): Linear(in_features=128, out_features=512, bias=True)
          (dropout): Dropout(p=0.4, inplace=False)
          (linear2): Linear(in_features=512, out_features=128, bias=True)
          (norm1): LayerNorm((128,), eps=1e-05, elementwise_affine=True)
          (norm2): LayerNorm((128,), eps=1e-05, elementwise_affine=True)
          (dropout1): Dropout(p=0.4, inplace=False)
          (dropout2): Dropout(p=0.4, inplace=False)
        )
      )
    )
    (output_layer): Linear(in_features=128, out_features=12, bias=True)
    (dropout1): Dropout(p=0.4, inplace=False)
    (cnn): Conv1d(128, 12, kernel_size=(3,), stride=(1,), padding=(1,))
  )
  (downstream_model): DownstreamInception(
    (conv1): ConvBlock(
      (conv): Conv1d(12, 64, kernel_size=(7,), stride=(2,), padding=(3,))
      (bn): BatchNorm1d(64, eps=1e-05, momentum=0.1, affine=True, track_running_stats=True)
    )
    (conv2): ConvBlock(
      (conv): Conv1d(64, 128, kernel_size=(3,), stride=(1,), padding=(1,))
      (bn): BatchNorm1d(128, eps=1e-05, momentum=0.1, affine=True, track_running_stats=True)
    )
    (maxpool): MaxPool1d(kernel_size=3, stride=2, padding=1, dilation=1, ceil_mode=False)
    (inception3a): InceptionBlock(
      (branch1): ConvBlock(
        (conv): Conv1d(128, 64, kernel_size=(1,), stride=(1,))
        (bn): BatchNorm1d(64, eps=1e-05, momentum=0.1, affine=True, track_running_stats=True)
      )
      (branch2): Sequential(
        (0): ConvBlock(
          (conv): Conv1d(128, 96, kernel_size=(1,), stride=(1,))
          (bn): BatchNorm1d(96, eps=1e-05, momentum=0.1, affine=True, track_running_stats=True)
        )
        (1): ConvBlock(
          (conv): Conv1d(96, 128, kernel_size=(3,), stride=(1,), padding=(1,))
          (bn): BatchNorm1d(128, eps=1e-05, momentum=0.1, affine=True, track_running_stats=True)
        )
      )
      (branch3): Sequential(
        (0): ConvBlock(
          (conv): Conv1d(128, 16, kernel_size=(1,), stride=(1,))
          (bn): BatchNorm1d(16, eps=1e-05, momentum=0.1, affine=True, track_running_stats=True)
        )
        (1): ConvBlock(
          (conv): Conv1d(16, 32, kernel_size=(5,), stride=(1,), padding=(2,))
          (bn): BatchNorm1d(32, eps=1e-05, momentum=0.1, affine=True, track_running_stats=True)
        )
      )
      (branch4): Sequential(
        (0): MaxPool2d(kernel_size=3, stride=1, padding=1, dilation=1, ceil_mode=False)
        (1): ConvBlock(
          (conv): Conv1d(128, 32, kernel_size=(1,), stride=(1,))
          (bn): BatchNorm1d(32, eps=1e-05, momentum=0.1, affine=True, track_running_stats=True)
        )
      )
    )
    (inception3b): InceptionBlock(
      (branch1): ConvBlock(
        (conv): Conv1d(256, 128, kernel_size=(1,), stride=(1,))
        (bn): BatchNorm1d(128, eps=1e-05, momentum=0.1, affine=True, track_running_stats=True)
      )
      (branch2): Sequential(
        (0): ConvBlock(
          (conv): Conv1d(256, 128, kernel_size=(1,), stride=(1,))
          (bn): BatchNorm1d(128, eps=1e-05, momentum=0.1, affine=True, track_running_stats=True)
        )
        (1): ConvBlock(
          (conv): Conv1d(128, 192, kernel_size=(3,), stride=(1,), padding=(1,))
          (bn): BatchNorm1d(192, eps=1e-05, momentum=0.1, affine=True, track_running_stats=True)
        )
      )
      (branch3): Sequential(
        (0): ConvBlock(
          (conv): Conv1d(256, 32, kernel_size=(1,), stride=(1,))
          (bn): BatchNorm1d(32, eps=1e-05, momentum=0.1, affine=True, track_running_stats=True)
        )
        (1): ConvBlock(
          (conv): Conv1d(32, 96, kernel_size=(5,), stride=(1,), padding=(2,))
          (bn): BatchNorm1d(96, eps=1e-05, momentum=0.1, affine=True, track_running_stats=True)
        )
      )
      (branch4): Sequential(
        (0): MaxPool2d(kernel_size=3, stride=1, padding=1, dilation=1, ceil_mode=False)
        (1): ConvBlock(
          (conv): Conv1d(256, 64, kernel_size=(1,), stride=(1,))
          (bn): BatchNorm1d(64, eps=1e-05, momentum=0.1, affine=True, track_running_stats=True)
        )
      )
    )
    (inception4a): InceptionBlock(
      (branch1): ConvBlock(
        (conv): Conv1d(480, 192, kernel_size=(1,), stride=(1,))
        (bn): BatchNorm1d(192, eps=1e-05, momentum=0.1, affine=True, track_running_stats=True)
      )
      (branch2): Sequential(
        (0): ConvBlock(
          (conv): Conv1d(480, 96, kernel_size=(1,), stride=(1,))
          (bn): BatchNorm1d(96, eps=1e-05, momentum=0.1, affine=True, track_running_stats=True)
        )
        (1): ConvBlock(
          (conv): Conv1d(96, 208, kernel_size=(3,), stride=(1,), padding=(1,))
          (bn): BatchNorm1d(208, eps=1e-05, momentum=0.1, affine=True, track_running_stats=True)
        )
      )
      (branch3): Sequential(
        (0): ConvBlock(
          (conv): Conv1d(480, 16, kernel_size=(1,), stride=(1,))
          (bn): BatchNorm1d(16, eps=1e-05, momentum=0.1, affine=True, track_running_stats=True)
        )
        (1): ConvBlock(
          (conv): Conv1d(16, 48, kernel_size=(5,), stride=(1,), padding=(2,))
          (bn): BatchNorm1d(48, eps=1e-05, momentum=0.1, affine=True, track_running_stats=True)
        )
      )
      (branch4): Sequential(
        (0): MaxPool2d(kernel_size=3, stride=1, padding=1, dilation=1, ceil_mode=False)
        (1): ConvBlock(
          (conv): Conv1d(480, 64, kernel_size=(1,), stride=(1,))
          (bn): BatchNorm1d(64, eps=1e-05, momentum=0.1, affine=True, track_running_stats=True)
        )
      )
    )
    (inception4b): InceptionBlock(
      (branch1): ConvBlock(
        (conv): Conv1d(512, 32, kernel_size=(1,), stride=(1,))
        (bn): BatchNorm1d(32, eps=1e-05, momentum=0.1, affine=True, track_running_stats=True)
      )
      (branch2): Sequential(
        (0): ConvBlock(
          (conv): Conv1d(512, 112, kernel_size=(1,), stride=(1,))
          (bn): BatchNorm1d(112, eps=1e-05, momentum=0.1, affine=True, track_running_stats=True)
        )
        (1): ConvBlock(
          (conv): Conv1d(112, 32, kernel_size=(3,), stride=(1,), padding=(1,))
          (bn): BatchNorm1d(32, eps=1e-05, momentum=0.1, affine=True, track_running_stats=True)
        )
      )
      (branch3): Sequential(
        (0): ConvBlock(
          (conv): Conv1d(512, 24, kernel_size=(1,), stride=(1,))
          (bn): BatchNorm1d(24, eps=1e-05, momentum=0.1, affine=True, track_running_stats=True)
        )
        (1): ConvBlock(
          (conv): Conv1d(24, 64, kernel_size=(5,), stride=(1,), padding=(2,))
          (bn): BatchNorm1d(64, eps=1e-05, momentum=0.1, affine=True, track_running_stats=True)
        )
      )
      (branch4): Sequential(
        (0): MaxPool2d(kernel_size=3, stride=1, padding=1, dilation=1, ceil_mode=False)
        (1): ConvBlock(
          (conv): Conv1d(512, 32, kernel_size=(1,), stride=(1,))
          (bn): BatchNorm1d(32, eps=1e-05, momentum=0.1, affine=True, track_running_stats=True)
        )
      )
    )
    (avgpool): AvgPool1d(kernel_size=(5,), stride=(1,), padding=(0,))
    (dropout): Dropout(p=0.5, inplace=False)
    (fc): Linear(in_features=8480, out_features=1, bias=True)
    (sigmoid): Sigmoid()
  )
)
2024-10-26 16:47 - INFO - * -----------
2024-10-26 16:56 - INFO - ---------------------------------------------
2024-10-26 16:56 - INFO - Epoch: 01 | Time: 8m 15s
2024-10-26 16:56 - INFO - 	 New best val_rocauc loss was found, current best value is 0.8782
2024-10-26 16:56 - INFO - 	 Train Loss: 0.031
2024-10-26 16:56 - INFO - 	 Val. Loss: 0.037
2024-10-26 16:56 - INFO - 	 ROC-AUC: 0.987
2024-10-26 16:56 - INFO - 	 PR-AUC: 0.878
2024-10-26 16:56 - INFO - 	 Best Val. Loss: 0.037
2024-10-26 16:56 - INFO - 	 Best ROC-AUC: 0.987
2024-10-26 16:56 - INFO - 	 Best PR-AUC: 0.878
2024-10-26 16:56 - INFO - 	 Test-ROC-AUC under Best Validation ROC-AUC: 0.984
2024-10-26 16:56 - INFO - 	 Test-PR-AUC under Best Validation Best PR-AUC: 0.882
2024-10-26 16:56 - INFO - ---------------------------------------------
2024-10-26 17:04 - INFO - ---------------------------------------------
2024-10-26 17:04 - INFO - Epoch: 02 | Time: 8m 15s
2024-10-26 17:04 - INFO - 	 New best val_rocauc loss was found, current best value is 0.90531
2024-10-26 17:04 - INFO - 	 Train Loss: 0.022
2024-10-26 17:04 - INFO - 	 Val. Loss: 0.029
2024-10-26 17:04 - INFO - 	 ROC-AUC: 0.989
2024-10-26 17:04 - INFO - 	 PR-AUC: 0.905
2024-10-26 17:04 - INFO - 	 Best Val. Loss: 0.029
2024-10-26 17:04 - INFO - 	 Best ROC-AUC: 0.989
2024-10-26 17:04 - INFO - 	 Best PR-AUC: 0.905
2024-10-26 17:04 - INFO - 	 Test-ROC-AUC under Best Validation ROC-AUC: 0.985
2024-10-26 17:04 - INFO - 	 Test-PR-AUC under Best Validation Best PR-AUC: 0.888
2024-10-26 17:04 - INFO - ---------------------------------------------
2024-10-26 17:12 - INFO - ---------------------------------------------
2024-10-26 17:12 - INFO - Epoch: 03 | Time: 8m 17s
2024-10-26 17:12 - INFO - 	 Train Loss: 0.021
2024-10-26 17:12 - INFO - 	 Val. Loss: 0.025
2024-10-26 17:12 - INFO - 	 ROC-AUC: 0.989
2024-10-26 17:12 - INFO - 	 PR-AUC: 0.898
2024-10-26 17:12 - INFO - 	 Best Val. Loss: 0.025
2024-10-26 17:12 - INFO - 	 Best ROC-AUC: 0.989
2024-10-26 17:12 - INFO - 	 Best PR-AUC: 0.905
2024-10-26 17:12 - INFO - 	 Test-ROC-AUC under Best Validation ROC-AUC: 0.985
2024-10-26 17:12 - INFO - 	 Test-PR-AUC under Best Validation Best PR-AUC: 0.888
2024-10-26 17:12 - INFO - ---------------------------------------------
2024-10-26 17:20 - INFO - ---------------------------------------------
2024-10-26 17:20 - INFO - Epoch: 04 | Time: 8m 16s
2024-10-26 17:20 - INFO - 	 Train Loss: 0.019
2024-10-26 17:20 - INFO - 	 Val. Loss: 0.024
2024-10-26 17:20 - INFO - 	 ROC-AUC: 0.988
2024-10-26 17:20 - INFO - 	 PR-AUC: 0.891
2024-10-26 17:20 - INFO - 	 Best Val. Loss: 0.024
2024-10-26 17:20 - INFO - 	 Best ROC-AUC: 0.989
2024-10-26 17:20 - INFO - 	 Best PR-AUC: 0.905
2024-10-26 17:20 - INFO - 	 Test-ROC-AUC under Best Validation ROC-AUC: 0.985
2024-10-26 17:20 - INFO - 	 Test-PR-AUC under Best Validation Best PR-AUC: 0.888
2024-10-26 17:20 - INFO - ---------------------------------------------
