2024-01-11 23:27 - INFO - Fit the preprocessing pipeline
2024-01-11 23:27 - INFO - Training using device: cuda
2024-01-11 23:27 - INFO - Creating generators
2024-01-11 23:27 - INFO - The model has 2,246,929 trainable parameters
2024-01-11 23:27 - INFO - * Model:
2024-01-11 23:27 - INFO - * -----------
2024-01-11 23:27 - INFO - CombinedModel(
  (upstream_model): TSTransformerEncoderCNN(
    (project_input): Linear(in_features=12, out_features=128, bias=True)
    (encoder): Linear(in_features=12, out_features=128, bias=True)
    (transformer_encoder): TransformerEncoder(
      (layers): ModuleList(
        (0-7): 8 x TransformerEncoderLayer(
          (self_attn): MultiheadAttention(
            (out_proj): NonDynamicallyQuantizableLinear(in_features=128, out_features=128, bias=True)
          )
          (linear1): Linear(in_features=128, out_features=512, bias=True)
          (dropout): Dropout(p=0.4, inplace=False)
          (linear2): Linear(in_features=512, out_features=128, bias=True)
          (norm1): LayerNorm((128,), eps=1e-05, elementwise_affine=True)
          (norm2): LayerNorm((128,), eps=1e-05, elementwise_affine=True)
          (dropout1): Dropout(p=0.4, inplace=False)
          (dropout2): Dropout(p=0.4, inplace=False)
        )
      )
    )
    (output_layer): Linear(in_features=128, out_features=12, bias=True)
    (dropout1): Dropout(p=0.4, inplace=False)
    (cnn): Conv1d(128, 12, kernel_size=(3,), stride=(1,), padding=(1,))
  )
  (downstream_model): DownstreamInception(
    (conv1): ConvBlock(
      (conv): Conv1d(12, 64, kernel_size=(7,), stride=(2,), padding=(3,))
      (bn): BatchNorm1d(64, eps=1e-05, momentum=0.1, affine=True, track_running_stats=True)
    )
    (conv2): ConvBlock(
      (conv): Conv1d(64, 128, kernel_size=(3,), stride=(1,), padding=(1,))
      (bn): BatchNorm1d(128, eps=1e-05, momentum=0.1, affine=True, track_running_stats=True)
    )
    (maxpool): MaxPool1d(kernel_size=3, stride=2, padding=1, dilation=1, ceil_mode=False)
    (inception3a): InceptionBlock(
      (branch1): ConvBlock(
        (conv): Conv1d(128, 64, kernel_size=(1,), stride=(1,))
        (bn): BatchNorm1d(64, eps=1e-05, momentum=0.1, affine=True, track_running_stats=True)
      )
      (branch2): Sequential(
        (0): ConvBlock(
          (conv): Conv1d(128, 96, kernel_size=(1,), stride=(1,))
          (bn): BatchNorm1d(96, eps=1e-05, momentum=0.1, affine=True, track_running_stats=True)
        )
        (1): ConvBlock(
          (conv): Conv1d(96, 128, kernel_size=(3,), stride=(1,), padding=(1,))
          (bn): BatchNorm1d(128, eps=1e-05, momentum=0.1, affine=True, track_running_stats=True)
        )
      )
      (branch3): Sequential(
        (0): ConvBlock(
          (conv): Conv1d(128, 16, kernel_size=(1,), stride=(1,))
          (bn): BatchNorm1d(16, eps=1e-05, momentum=0.1, affine=True, track_running_stats=True)
        )
        (1): ConvBlock(
          (conv): Conv1d(16, 32, kernel_size=(5,), stride=(1,), padding=(2,))
          (bn): BatchNorm1d(32, eps=1e-05, momentum=0.1, affine=True, track_running_stats=True)
        )
      )
      (branch4): Sequential(
        (0): MaxPool2d(kernel_size=3, stride=1, padding=1, dilation=1, ceil_mode=False)
        (1): ConvBlock(
          (conv): Conv1d(128, 32, kernel_size=(1,), stride=(1,))
          (bn): BatchNorm1d(32, eps=1e-05, momentum=0.1, affine=True, track_running_stats=True)
        )
      )
    )
    (inception3b): InceptionBlock(
      (branch1): ConvBlock(
        (conv): Conv1d(256, 128, kernel_size=(1,), stride=(1,))
        (bn): BatchNorm1d(128, eps=1e-05, momentum=0.1, affine=True, track_running_stats=True)
      )
      (branch2): Sequential(
        (0): ConvBlock(
          (conv): Conv1d(256, 128, kernel_size=(1,), stride=(1,))
          (bn): BatchNorm1d(128, eps=1e-05, momentum=0.1, affine=True, track_running_stats=True)
        )
        (1): ConvBlock(
          (conv): Conv1d(128, 192, kernel_size=(3,), stride=(1,), padding=(1,))
          (bn): BatchNorm1d(192, eps=1e-05, momentum=0.1, affine=True, track_running_stats=True)
        )
      )
      (branch3): Sequential(
        (0): ConvBlock(
          (conv): Conv1d(256, 32, kernel_size=(1,), stride=(1,))
          (bn): BatchNorm1d(32, eps=1e-05, momentum=0.1, affine=True, track_running_stats=True)
        )
        (1): ConvBlock(
          (conv): Conv1d(32, 96, kernel_size=(5,), stride=(1,), padding=(2,))
          (bn): BatchNorm1d(96, eps=1e-05, momentum=0.1, affine=True, track_running_stats=True)
        )
      )
      (branch4): Sequential(
        (0): MaxPool2d(kernel_size=3, stride=1, padding=1, dilation=1, ceil_mode=False)
        (1): ConvBlock(
          (conv): Conv1d(256, 64, kernel_size=(1,), stride=(1,))
          (bn): BatchNorm1d(64, eps=1e-05, momentum=0.1, affine=True, track_running_stats=True)
        )
      )
    )
    (inception4a): InceptionBlock(
      (branch1): ConvBlock(
        (conv): Conv1d(480, 192, kernel_size=(1,), stride=(1,))
        (bn): BatchNorm1d(192, eps=1e-05, momentum=0.1, affine=True, track_running_stats=True)
      )
      (branch2): Sequential(
        (0): ConvBlock(
          (conv): Conv1d(480, 96, kernel_size=(1,), stride=(1,))
          (bn): BatchNorm1d(96, eps=1e-05, momentum=0.1, affine=True, track_running_stats=True)
        )
        (1): ConvBlock(
          (conv): Conv1d(96, 208, kernel_size=(3,), stride=(1,), padding=(1,))
          (bn): BatchNorm1d(208, eps=1e-05, momentum=0.1, affine=True, track_running_stats=True)
        )
      )
      (branch3): Sequential(
        (0): ConvBlock(
          (conv): Conv1d(480, 16, kernel_size=(1,), stride=(1,))
          (bn): BatchNorm1d(16, eps=1e-05, momentum=0.1, affine=True, track_running_stats=True)
        )
        (1): ConvBlock(
          (conv): Conv1d(16, 48, kernel_size=(5,), stride=(1,), padding=(2,))
          (bn): BatchNorm1d(48, eps=1e-05, momentum=0.1, affine=True, track_running_stats=True)
        )
      )
      (branch4): Sequential(
        (0): MaxPool2d(kernel_size=3, stride=1, padding=1, dilation=1, ceil_mode=False)
        (1): ConvBlock(
          (conv): Conv1d(480, 64, kernel_size=(1,), stride=(1,))
          (bn): BatchNorm1d(64, eps=1e-05, momentum=0.1, affine=True, track_running_stats=True)
        )
      )
    )
    (inception4b): InceptionBlock(
      (branch1): ConvBlock(
        (conv): Conv1d(512, 32, kernel_size=(1,), stride=(1,))
        (bn): BatchNorm1d(32, eps=1e-05, momentum=0.1, affine=True, track_running_stats=True)
      )
      (branch2): Sequential(
        (0): ConvBlock(
          (conv): Conv1d(512, 112, kernel_size=(1,), stride=(1,))
          (bn): BatchNorm1d(112, eps=1e-05, momentum=0.1, affine=True, track_running_stats=True)
        )
        (1): ConvBlock(
          (conv): Conv1d(112, 32, kernel_size=(3,), stride=(1,), padding=(1,))
          (bn): BatchNorm1d(32, eps=1e-05, momentum=0.1, affine=True, track_running_stats=True)
        )
      )
      (branch3): Sequential(
        (0): ConvBlock(
          (conv): Conv1d(512, 24, kernel_size=(1,), stride=(1,))
          (bn): BatchNorm1d(24, eps=1e-05, momentum=0.1, affine=True, track_running_stats=True)
        )
        (1): ConvBlock(
          (conv): Conv1d(24, 64, kernel_size=(5,), stride=(1,), padding=(2,))
          (bn): BatchNorm1d(64, eps=1e-05, momentum=0.1, affine=True, track_running_stats=True)
        )
      )
      (branch4): Sequential(
        (0): MaxPool2d(kernel_size=3, stride=1, padding=1, dilation=1, ceil_mode=False)
        (1): ConvBlock(
          (conv): Conv1d(512, 32, kernel_size=(1,), stride=(1,))
          (bn): BatchNorm1d(32, eps=1e-05, momentum=0.1, affine=True, track_running_stats=True)
        )
      )
    )
    (avgpool): AvgPool1d(kernel_size=(5,), stride=(1,), padding=(0,))
    (dropout): Dropout(p=0.5, inplace=False)
    (fc): Linear(in_features=8480, out_features=1, bias=True)
    (sigmoid): Sigmoid()
  )
)
2024-01-11 23:27 - INFO - * -----------
2024-01-11 23:52 - INFO - ---------------------------------------------
2024-01-11 23:52 - INFO - Epoch: 01 | Time: 25m 0s
2024-01-11 23:52 - INFO - 	 New best val_rocauc loss was found, current best value is 0.72611
2024-01-11 23:52 - INFO - 	 Train Loss: 0.502
2024-01-11 23:52 - INFO - 	 Val. Loss: 0.501
2024-01-11 23:52 - INFO - 	 ROC-AUC: 0.726
2024-01-11 23:52 - INFO - 	 PR-AUC: 0.435
2024-01-11 23:52 - INFO - 	 Recall for 0.4 precision: 0.647
2024-01-11 23:52 - INFO - 	 Best Val. Loss: 0.501
2024-01-11 23:52 - INFO - 	 Best ROC-AUC: 0.726
2024-01-11 23:52 - INFO - 	 Best PR-AUC: 0.435
2024-01-11 23:52 - INFO - 	 Best Recall for 0.4 precision: 0.647
2024-01-11 23:52 - INFO - ---------------------------------------------
2024-01-12 00:16 - INFO - ---------------------------------------------
2024-01-12 00:16 - INFO - Epoch: 02 | Time: 24m 18s
2024-01-12 00:16 - INFO - 	 New best val_rocauc loss was found, current best value is 0.72913
2024-01-12 00:16 - INFO - 	 Train Loss: 0.493
2024-01-12 00:16 - INFO - 	 Val. Loss: 0.498
2024-01-12 00:16 - INFO - 	 ROC-AUC: 0.729
2024-01-12 00:16 - INFO - 	 PR-AUC: 0.443
2024-01-12 00:16 - INFO - 	 Recall for 0.4 precision: 0.641
2024-01-12 00:16 - INFO - 	 Best Val. Loss: 0.498
2024-01-12 00:16 - INFO - 	 Best ROC-AUC: 0.729
2024-01-12 00:16 - INFO - 	 Best PR-AUC: 0.443
2024-01-12 00:16 - INFO - 	 Best Recall for 0.4 precision: 0.647
2024-01-12 00:16 - INFO - ---------------------------------------------
2024-01-12 00:41 - INFO - ---------------------------------------------
2024-01-12 00:41 - INFO - Epoch: 03 | Time: 24m 33s
2024-01-12 00:41 - INFO - 	 Train Loss: 0.492
2024-01-12 00:41 - INFO - 	 Val. Loss: 0.499
2024-01-12 00:41 - INFO - 	 ROC-AUC: 0.727
2024-01-12 00:41 - INFO - 	 PR-AUC: 0.445
2024-01-12 00:41 - INFO - 	 Recall for 0.4 precision: 0.647
2024-01-12 00:41 - INFO - 	 Best Val. Loss: 0.498
2024-01-12 00:41 - INFO - 	 Best ROC-AUC: 0.729
2024-01-12 00:41 - INFO - 	 Best PR-AUC: 0.445
2024-01-12 00:41 - INFO - 	 Best Recall for 0.4 precision: 0.647
2024-01-12 00:41 - INFO - ---------------------------------------------
2024-01-12 01:06 - INFO - ---------------------------------------------
2024-01-12 01:06 - INFO - Epoch: 04 | Time: 24m 46s
2024-01-12 01:06 - INFO - 	 New best val_rocauc loss was found, current best value is 0.73089
2024-01-12 01:06 - INFO - 	 Train Loss: 0.492
2024-01-12 01:06 - INFO - 	 Val. Loss: 0.498
2024-01-12 01:06 - INFO - 	 ROC-AUC: 0.731
2024-01-12 01:06 - INFO - 	 PR-AUC: 0.442
2024-01-12 01:06 - INFO - 	 Recall for 0.4 precision: 0.662
2024-01-12 01:06 - INFO - 	 Best Val. Loss: 0.498
2024-01-12 01:06 - INFO - 	 Best ROC-AUC: 0.731
2024-01-12 01:06 - INFO - 	 Best PR-AUC: 0.445
2024-01-12 01:06 - INFO - 	 Best Recall for 0.4 precision: 0.662
2024-01-12 01:06 - INFO - ---------------------------------------------
2024-01-12 01:31 - INFO - ---------------------------------------------
2024-01-12 01:31 - INFO - Epoch: 05 | Time: 24m 57s
2024-01-12 01:31 - INFO - 	 New best val_rocauc loss was found, current best value is 0.7354
2024-01-12 01:31 - INFO - 	 Train Loss: 0.492
2024-01-12 01:31 - INFO - 	 Val. Loss: 0.489
2024-01-12 01:31 - INFO - 	 ROC-AUC: 0.735
2024-01-12 01:31 - INFO - 	 PR-AUC: 0.456
2024-01-12 01:31 - INFO - 	 Recall for 0.4 precision: 0.668
2024-01-12 01:31 - INFO - 	 Best Val. Loss: 0.489
2024-01-12 01:31 - INFO - 	 Best ROC-AUC: 0.735
2024-01-12 01:31 - INFO - 	 Best PR-AUC: 0.456
2024-01-12 01:31 - INFO - 	 Best Recall for 0.4 precision: 0.668
2024-01-12 01:31 - INFO - ---------------------------------------------
2024-01-12 01:55 - INFO - ---------------------------------------------
2024-01-12 01:55 - INFO - Epoch: 06 | Time: 24m 47s
2024-01-12 01:55 - INFO - 	 New best val_rocauc loss was found, current best value is 0.73705
2024-01-12 01:55 - INFO - 	 Train Loss: 0.493
2024-01-12 01:55 - INFO - 	 Val. Loss: 0.496
2024-01-12 01:55 - INFO - 	 ROC-AUC: 0.737
2024-01-12 01:55 - INFO - 	 PR-AUC: 0.452
2024-01-12 01:55 - INFO - 	 Recall for 0.4 precision: 0.682
2024-01-12 01:55 - INFO - 	 Best Val. Loss: 0.489
2024-01-12 01:55 - INFO - 	 Best ROC-AUC: 0.737
2024-01-12 01:55 - INFO - 	 Best PR-AUC: 0.456
2024-01-12 01:55 - INFO - 	 Best Recall for 0.4 precision: 0.682
2024-01-12 01:55 - INFO - ---------------------------------------------
2024-01-12 02:20 - INFO - ---------------------------------------------
2024-01-12 02:20 - INFO - Epoch: 07 | Time: 24m 52s
2024-01-12 02:20 - INFO - 	 Train Loss: 0.493
2024-01-12 02:20 - INFO - 	 Val. Loss: 0.495
2024-01-12 02:20 - INFO - 	 ROC-AUC: 0.737
2024-01-12 02:20 - INFO - 	 PR-AUC: 0.453
2024-01-12 02:20 - INFO - 	 Recall for 0.4 precision: 0.676
2024-01-12 02:20 - INFO - 	 Best Val. Loss: 0.489
2024-01-12 02:20 - INFO - 	 Best ROC-AUC: 0.737
2024-01-12 02:20 - INFO - 	 Best PR-AUC: 0.456
2024-01-12 02:20 - INFO - 	 Best Recall for 0.4 precision: 0.682
2024-01-12 02:20 - INFO - ---------------------------------------------
2024-01-12 02:45 - INFO - ---------------------------------------------
2024-01-12 02:45 - INFO - Epoch: 08 | Time: 24m 33s
2024-01-12 02:45 - INFO - 	 Train Loss: 0.493
2024-01-12 02:45 - INFO - 	 Val. Loss: 0.497
2024-01-12 02:45 - INFO - 	 ROC-AUC: 0.730
2024-01-12 02:45 - INFO - 	 PR-AUC: 0.442
2024-01-12 02:45 - INFO - 	 Recall for 0.4 precision: 0.676
2024-01-12 02:45 - INFO - 	 Best Val. Loss: 0.489
2024-01-12 02:45 - INFO - 	 Best ROC-AUC: 0.737
2024-01-12 02:45 - INFO - 	 Best PR-AUC: 0.456
2024-01-12 02:45 - INFO - 	 Best Recall for 0.4 precision: 0.682
2024-01-12 02:45 - INFO - ---------------------------------------------
2024-01-12 03:11 - INFO - ---------------------------------------------
2024-01-12 03:11 - INFO - Epoch: 09 | Time: 26m 16s
2024-01-12 03:11 - INFO - 	 Train Loss: 0.493
2024-01-12 03:11 - INFO - 	 Val. Loss: 0.496
2024-01-12 03:11 - INFO - 	 ROC-AUC: 0.728
2024-01-12 03:11 - INFO - 	 PR-AUC: 0.443
2024-01-12 03:11 - INFO - 	 Recall for 0.4 precision: 0.649
2024-01-12 03:11 - INFO - 	 Best Val. Loss: 0.489
2024-01-12 03:11 - INFO - 	 Best ROC-AUC: 0.737
2024-01-12 03:11 - INFO - 	 Best PR-AUC: 0.456
2024-01-12 03:11 - INFO - 	 Best Recall for 0.4 precision: 0.682
2024-01-12 03:11 - INFO - ---------------------------------------------
