2024-01-14 16:53 - INFO - Fit the preprocessing pipeline
2024-01-14 16:53 - INFO - Training using device: cuda
2024-01-14 16:53 - INFO - Creating generators
2024-01-14 16:53 - INFO - The model has 2,246,929 trainable parameters
2024-01-14 16:53 - INFO - * Model:
2024-01-14 16:53 - INFO - * -----------
2024-01-14 16:53 - INFO - CombinedModel(
  (upstream_model): TSTransformerEncoderCNN(
    (project_input): Linear(in_features=12, out_features=128, bias=True)
    (encoder): Linear(in_features=12, out_features=128, bias=True)
    (transformer_encoder): TransformerEncoder(
      (layers): ModuleList(
        (0-7): 8 x TransformerEncoderLayer(
          (self_attn): MultiheadAttention(
            (out_proj): NonDynamicallyQuantizableLinear(in_features=128, out_features=128, bias=True)
          )
          (linear1): Linear(in_features=128, out_features=512, bias=True)
          (dropout): Dropout(p=0.4, inplace=False)
          (linear2): Linear(in_features=512, out_features=128, bias=True)
          (norm1): LayerNorm((128,), eps=1e-05, elementwise_affine=True)
          (norm2): LayerNorm((128,), eps=1e-05, elementwise_affine=True)
          (dropout1): Dropout(p=0.4, inplace=False)
          (dropout2): Dropout(p=0.4, inplace=False)
        )
      )
    )
    (output_layer): Linear(in_features=128, out_features=12, bias=True)
    (dropout1): Dropout(p=0.4, inplace=False)
    (cnn): Conv1d(128, 12, kernel_size=(3,), stride=(1,), padding=(1,))
  )
  (downstream_model): DownstreamInception(
    (conv1): ConvBlock(
      (conv): Conv1d(12, 64, kernel_size=(7,), stride=(2,), padding=(3,))
      (bn): BatchNorm1d(64, eps=1e-05, momentum=0.1, affine=True, track_running_stats=True)
    )
    (conv2): ConvBlock(
      (conv): Conv1d(64, 128, kernel_size=(3,), stride=(1,), padding=(1,))
      (bn): BatchNorm1d(128, eps=1e-05, momentum=0.1, affine=True, track_running_stats=True)
    )
    (maxpool): MaxPool1d(kernel_size=3, stride=2, padding=1, dilation=1, ceil_mode=False)
    (inception3a): InceptionBlock(
      (branch1): ConvBlock(
        (conv): Conv1d(128, 64, kernel_size=(1,), stride=(1,))
        (bn): BatchNorm1d(64, eps=1e-05, momentum=0.1, affine=True, track_running_stats=True)
      )
      (branch2): Sequential(
        (0): ConvBlock(
          (conv): Conv1d(128, 96, kernel_size=(1,), stride=(1,))
          (bn): BatchNorm1d(96, eps=1e-05, momentum=0.1, affine=True, track_running_stats=True)
        )
        (1): ConvBlock(
          (conv): Conv1d(96, 128, kernel_size=(3,), stride=(1,), padding=(1,))
          (bn): BatchNorm1d(128, eps=1e-05, momentum=0.1, affine=True, track_running_stats=True)
        )
      )
      (branch3): Sequential(
        (0): ConvBlock(
          (conv): Conv1d(128, 16, kernel_size=(1,), stride=(1,))
          (bn): BatchNorm1d(16, eps=1e-05, momentum=0.1, affine=True, track_running_stats=True)
        )
        (1): ConvBlock(
          (conv): Conv1d(16, 32, kernel_size=(5,), stride=(1,), padding=(2,))
          (bn): BatchNorm1d(32, eps=1e-05, momentum=0.1, affine=True, track_running_stats=True)
        )
      )
      (branch4): Sequential(
        (0): MaxPool2d(kernel_size=3, stride=1, padding=1, dilation=1, ceil_mode=False)
        (1): ConvBlock(
          (conv): Conv1d(128, 32, kernel_size=(1,), stride=(1,))
          (bn): BatchNorm1d(32, eps=1e-05, momentum=0.1, affine=True, track_running_stats=True)
        )
      )
    )
    (inception3b): InceptionBlock(
      (branch1): ConvBlock(
        (conv): Conv1d(256, 128, kernel_size=(1,), stride=(1,))
        (bn): BatchNorm1d(128, eps=1e-05, momentum=0.1, affine=True, track_running_stats=True)
      )
      (branch2): Sequential(
        (0): ConvBlock(
          (conv): Conv1d(256, 128, kernel_size=(1,), stride=(1,))
          (bn): BatchNorm1d(128, eps=1e-05, momentum=0.1, affine=True, track_running_stats=True)
        )
        (1): ConvBlock(
          (conv): Conv1d(128, 192, kernel_size=(3,), stride=(1,), padding=(1,))
          (bn): BatchNorm1d(192, eps=1e-05, momentum=0.1, affine=True, track_running_stats=True)
        )
      )
      (branch3): Sequential(
        (0): ConvBlock(
          (conv): Conv1d(256, 32, kernel_size=(1,), stride=(1,))
          (bn): BatchNorm1d(32, eps=1e-05, momentum=0.1, affine=True, track_running_stats=True)
        )
        (1): ConvBlock(
          (conv): Conv1d(32, 96, kernel_size=(5,), stride=(1,), padding=(2,))
          (bn): BatchNorm1d(96, eps=1e-05, momentum=0.1, affine=True, track_running_stats=True)
        )
      )
      (branch4): Sequential(
        (0): MaxPool2d(kernel_size=3, stride=1, padding=1, dilation=1, ceil_mode=False)
        (1): ConvBlock(
          (conv): Conv1d(256, 64, kernel_size=(1,), stride=(1,))
          (bn): BatchNorm1d(64, eps=1e-05, momentum=0.1, affine=True, track_running_stats=True)
        )
      )
    )
    (inception4a): InceptionBlock(
      (branch1): ConvBlock(
        (conv): Conv1d(480, 192, kernel_size=(1,), stride=(1,))
        (bn): BatchNorm1d(192, eps=1e-05, momentum=0.1, affine=True, track_running_stats=True)
      )
      (branch2): Sequential(
        (0): ConvBlock(
          (conv): Conv1d(480, 96, kernel_size=(1,), stride=(1,))
          (bn): BatchNorm1d(96, eps=1e-05, momentum=0.1, affine=True, track_running_stats=True)
        )
        (1): ConvBlock(
          (conv): Conv1d(96, 208, kernel_size=(3,), stride=(1,), padding=(1,))
          (bn): BatchNorm1d(208, eps=1e-05, momentum=0.1, affine=True, track_running_stats=True)
        )
      )
      (branch3): Sequential(
        (0): ConvBlock(
          (conv): Conv1d(480, 16, kernel_size=(1,), stride=(1,))
          (bn): BatchNorm1d(16, eps=1e-05, momentum=0.1, affine=True, track_running_stats=True)
        )
        (1): ConvBlock(
          (conv): Conv1d(16, 48, kernel_size=(5,), stride=(1,), padding=(2,))
          (bn): BatchNorm1d(48, eps=1e-05, momentum=0.1, affine=True, track_running_stats=True)
        )
      )
      (branch4): Sequential(
        (0): MaxPool2d(kernel_size=3, stride=1, padding=1, dilation=1, ceil_mode=False)
        (1): ConvBlock(
          (conv): Conv1d(480, 64, kernel_size=(1,), stride=(1,))
          (bn): BatchNorm1d(64, eps=1e-05, momentum=0.1, affine=True, track_running_stats=True)
        )
      )
    )
    (inception4b): InceptionBlock(
      (branch1): ConvBlock(
        (conv): Conv1d(512, 32, kernel_size=(1,), stride=(1,))
        (bn): BatchNorm1d(32, eps=1e-05, momentum=0.1, affine=True, track_running_stats=True)
      )
      (branch2): Sequential(
        (0): ConvBlock(
          (conv): Conv1d(512, 112, kernel_size=(1,), stride=(1,))
          (bn): BatchNorm1d(112, eps=1e-05, momentum=0.1, affine=True, track_running_stats=True)
        )
        (1): ConvBlock(
          (conv): Conv1d(112, 32, kernel_size=(3,), stride=(1,), padding=(1,))
          (bn): BatchNorm1d(32, eps=1e-05, momentum=0.1, affine=True, track_running_stats=True)
        )
      )
      (branch3): Sequential(
        (0): ConvBlock(
          (conv): Conv1d(512, 24, kernel_size=(1,), stride=(1,))
          (bn): BatchNorm1d(24, eps=1e-05, momentum=0.1, affine=True, track_running_stats=True)
        )
        (1): ConvBlock(
          (conv): Conv1d(24, 64, kernel_size=(5,), stride=(1,), padding=(2,))
          (bn): BatchNorm1d(64, eps=1e-05, momentum=0.1, affine=True, track_running_stats=True)
        )
      )
      (branch4): Sequential(
        (0): MaxPool2d(kernel_size=3, stride=1, padding=1, dilation=1, ceil_mode=False)
        (1): ConvBlock(
          (conv): Conv1d(512, 32, kernel_size=(1,), stride=(1,))
          (bn): BatchNorm1d(32, eps=1e-05, momentum=0.1, affine=True, track_running_stats=True)
        )
      )
    )
    (avgpool): AvgPool1d(kernel_size=(5,), stride=(1,), padding=(0,))
    (dropout): Dropout(p=0.5, inplace=False)
    (fc): Linear(in_features=8480, out_features=1, bias=True)
    (sigmoid): Sigmoid()
  )
)
2024-01-14 16:53 - INFO - * -----------
2024-01-14 17:20 - INFO - ---------------------------------------------
2024-01-14 17:20 - INFO - Epoch: 01 | Time: 26m 42s
2024-01-14 17:20 - INFO - 	 New best val_rocauc loss was found, current best value is 0.70863
2024-01-14 17:20 - INFO - 	 Train Loss: 0.502
2024-01-14 17:20 - INFO - 	 Val. Loss: 0.530
2024-01-14 17:20 - INFO - 	 ROC-AUC: 0.709
2024-01-14 17:20 - INFO - 	 PR-AUC: 0.412
2024-01-14 17:20 - INFO - 	 Best Val. Loss: 0.530
2024-01-14 17:20 - INFO - 	 Best ROC-AUC: 0.709
2024-01-14 17:20 - INFO - 	 Best PR-AUC: 0.412
2024-01-14 17:20 - INFO - 	 Test-ROC-AUC under Best Validation ROC-AUC: 0.687
2024-01-14 17:20 - INFO - 	 Test-PR-AUC under Best Validation Best PR-AUC: 0.405
2024-01-14 17:20 - INFO - ---------------------------------------------
2024-01-14 17:45 - INFO - ---------------------------------------------
2024-01-14 17:45 - INFO - Epoch: 02 | Time: 25m 22s
2024-01-14 17:45 - INFO - 	 New best val_rocauc loss was found, current best value is 0.71166
2024-01-14 17:45 - INFO - 	 Train Loss: 0.493
2024-01-14 17:45 - INFO - 	 Val. Loss: 0.537
2024-01-14 17:45 - INFO - 	 ROC-AUC: 0.712
2024-01-14 17:45 - INFO - 	 PR-AUC: 0.419
2024-01-14 17:45 - INFO - 	 Best Val. Loss: 0.530
2024-01-14 17:45 - INFO - 	 Best ROC-AUC: 0.712
2024-01-14 17:45 - INFO - 	 Best PR-AUC: 0.419
2024-01-14 17:45 - INFO - 	 Test-ROC-AUC under Best Validation ROC-AUC: 0.692
2024-01-14 17:45 - INFO - 	 Test-PR-AUC under Best Validation Best PR-AUC: 0.412
2024-01-14 17:45 - INFO - ---------------------------------------------
2024-01-14 18:10 - INFO - ---------------------------------------------
2024-01-14 18:10 - INFO - Epoch: 03 | Time: 24m 58s
2024-01-14 18:10 - INFO - 	 New best val_rocauc loss was found, current best value is 0.72378
2024-01-14 18:10 - INFO - 	 Train Loss: 0.492
2024-01-14 18:10 - INFO - 	 Val. Loss: 0.503
2024-01-14 18:10 - INFO - 	 ROC-AUC: 0.724
2024-01-14 18:10 - INFO - 	 PR-AUC: 0.444
2024-01-14 18:10 - INFO - 	 Best Val. Loss: 0.503
2024-01-14 18:10 - INFO - 	 Best ROC-AUC: 0.724
2024-01-14 18:10 - INFO - 	 Best PR-AUC: 0.444
2024-01-14 18:10 - INFO - 	 Test-ROC-AUC under Best Validation ROC-AUC: 0.695
2024-01-14 18:10 - INFO - 	 Test-PR-AUC under Best Validation Best PR-AUC: 0.423
2024-01-14 18:10 - INFO - ---------------------------------------------
2024-01-14 18:36 - INFO - ---------------------------------------------
2024-01-14 18:36 - INFO - Epoch: 04 | Time: 25m 17s
2024-01-14 18:36 - INFO - 	 New best val_rocauc loss was found, current best value is 0.7248
2024-01-14 18:36 - INFO - 	 Train Loss: 0.492
2024-01-14 18:36 - INFO - 	 Val. Loss: 0.506
2024-01-14 18:36 - INFO - 	 ROC-AUC: 0.725
2024-01-14 18:36 - INFO - 	 PR-AUC: 0.446
2024-01-14 18:36 - INFO - 	 Best Val. Loss: 0.503
2024-01-14 18:36 - INFO - 	 Best ROC-AUC: 0.725
2024-01-14 18:36 - INFO - 	 Best PR-AUC: 0.446
2024-01-14 18:36 - INFO - 	 Test-ROC-AUC under Best Validation ROC-AUC: 0.701
2024-01-14 18:36 - INFO - 	 Test-PR-AUC under Best Validation Best PR-AUC: 0.419
2024-01-14 18:36 - INFO - ---------------------------------------------
2024-01-14 19:01 - INFO - ---------------------------------------------
2024-01-14 19:01 - INFO - Epoch: 05 | Time: 25m 0s
2024-01-14 19:01 - INFO - 	 Train Loss: 0.492
2024-01-14 19:01 - INFO - 	 Val. Loss: 0.533
2024-01-14 19:01 - INFO - 	 ROC-AUC: 0.719
2024-01-14 19:01 - INFO - 	 PR-AUC: 0.443
2024-01-14 19:01 - INFO - 	 Best Val. Loss: 0.503
2024-01-14 19:01 - INFO - 	 Best ROC-AUC: 0.725
2024-01-14 19:01 - INFO - 	 Best PR-AUC: 0.446
2024-01-14 19:01 - INFO - 	 Test-ROC-AUC under Best Validation ROC-AUC: 0.701
2024-01-14 19:01 - INFO - 	 Test-PR-AUC under Best Validation Best PR-AUC: 0.419
2024-01-14 19:01 - INFO - ---------------------------------------------
2024-01-14 19:26 - INFO - ---------------------------------------------
2024-01-14 19:26 - INFO - Epoch: 06 | Time: 25m 27s
2024-01-14 19:26 - INFO - 	 New best val_rocauc loss was found, current best value is 0.73065
2024-01-14 19:26 - INFO - 	 Train Loss: 0.493
2024-01-14 19:26 - INFO - 	 Val. Loss: 0.501
2024-01-14 19:26 - INFO - 	 ROC-AUC: 0.731
2024-01-14 19:26 - INFO - 	 PR-AUC: 0.455
2024-01-14 19:26 - INFO - 	 Best Val. Loss: 0.501
2024-01-14 19:26 - INFO - 	 Best ROC-AUC: 0.731
2024-01-14 19:26 - INFO - 	 Best PR-AUC: 0.455
2024-01-14 19:26 - INFO - 	 Test-ROC-AUC under Best Validation ROC-AUC: 0.707
2024-01-14 19:26 - INFO - 	 Test-PR-AUC under Best Validation Best PR-AUC: 0.436
2024-01-14 19:26 - INFO - ---------------------------------------------
2024-01-14 19:51 - INFO - ---------------------------------------------
2024-01-14 19:51 - INFO - Epoch: 07 | Time: 25m 12s
2024-01-14 19:51 - INFO - 	 Train Loss: 0.492
2024-01-14 19:51 - INFO - 	 Val. Loss: 0.501
2024-01-14 19:51 - INFO - 	 ROC-AUC: 0.724
2024-01-14 19:51 - INFO - 	 PR-AUC: 0.439
2024-01-14 19:51 - INFO - 	 Best Val. Loss: 0.501
2024-01-14 19:51 - INFO - 	 Best ROC-AUC: 0.731
2024-01-14 19:51 - INFO - 	 Best PR-AUC: 0.455
2024-01-14 19:51 - INFO - 	 Test-ROC-AUC under Best Validation ROC-AUC: 0.707
2024-01-14 19:51 - INFO - 	 Test-PR-AUC under Best Validation Best PR-AUC: 0.436
2024-01-14 19:51 - INFO - ---------------------------------------------
2024-01-14 20:16 - INFO - ---------------------------------------------
2024-01-14 20:16 - INFO - Epoch: 08 | Time: 25m 1s
2024-01-14 20:16 - INFO - 	 New best val_rocauc loss was found, current best value is 0.73478
2024-01-14 20:16 - INFO - 	 Train Loss: 0.492
2024-01-14 20:16 - INFO - 	 Val. Loss: 0.492
2024-01-14 20:16 - INFO - 	 ROC-AUC: 0.735
2024-01-14 20:16 - INFO - 	 PR-AUC: 0.449
2024-01-14 20:16 - INFO - 	 Best Val. Loss: 0.492
2024-01-14 20:16 - INFO - 	 Best ROC-AUC: 0.735
2024-01-14 20:16 - INFO - 	 Best PR-AUC: 0.455
2024-01-14 20:16 - INFO - 	 Test-ROC-AUC under Best Validation ROC-AUC: 0.701
2024-01-14 20:16 - INFO - 	 Test-PR-AUC under Best Validation Best PR-AUC: 0.436
2024-01-14 20:16 - INFO - ---------------------------------------------
2024-01-14 20:42 - INFO - ---------------------------------------------
2024-01-14 20:42 - INFO - Epoch: 09 | Time: 25m 11s
2024-01-14 20:42 - INFO - 	 New best val_rocauc loss was found, current best value is 0.73776
2024-01-14 20:42 - INFO - 	 Train Loss: 0.492
2024-01-14 20:42 - INFO - 	 Val. Loss: 0.495
2024-01-14 20:42 - INFO - 	 ROC-AUC: 0.738
2024-01-14 20:42 - INFO - 	 PR-AUC: 0.462
2024-01-14 20:42 - INFO - 	 Best Val. Loss: 0.492
2024-01-14 20:42 - INFO - 	 Best ROC-AUC: 0.738
2024-01-14 20:42 - INFO - 	 Best PR-AUC: 0.462
2024-01-14 20:42 - INFO - 	 Test-ROC-AUC under Best Validation ROC-AUC: 0.707
2024-01-14 20:42 - INFO - 	 Test-PR-AUC under Best Validation Best PR-AUC: 0.428
2024-01-14 20:42 - INFO - ---------------------------------------------
2024-01-14 21:07 - INFO - ---------------------------------------------
2024-01-14 21:07 - INFO - Epoch: 10 | Time: 25m 57s
2024-01-14 21:07 - INFO - 	 Train Loss: 0.492
2024-01-14 21:07 - INFO - 	 Val. Loss: 0.492
2024-01-14 21:07 - INFO - 	 ROC-AUC: 0.737
2024-01-14 21:07 - INFO - 	 PR-AUC: 0.458
2024-01-14 21:07 - INFO - 	 Best Val. Loss: 0.492
2024-01-14 21:07 - INFO - 	 Best ROC-AUC: 0.738
2024-01-14 21:07 - INFO - 	 Best PR-AUC: 0.462
2024-01-14 21:07 - INFO - 	 Test-ROC-AUC under Best Validation ROC-AUC: 0.707
2024-01-14 21:07 - INFO - 	 Test-PR-AUC under Best Validation Best PR-AUC: 0.428
2024-01-14 21:07 - INFO - ---------------------------------------------
2024-01-14 21:13 - INFO - Fit the preprocessing pipeline
2024-01-14 21:13 - INFO - Training using device: cuda
2024-01-14 21:13 - INFO - Creating generators
2024-01-14 21:13 - INFO - The model has 2,246,929 trainable parameters
2024-01-14 21:13 - INFO - * Model:
2024-01-14 21:13 - INFO - * -----------
2024-01-14 21:13 - INFO - CombinedModel(
  (upstream_model): TSTransformerEncoderCNN(
    (project_input): Linear(in_features=12, out_features=128, bias=True)
    (encoder): Linear(in_features=12, out_features=128, bias=True)
    (transformer_encoder): TransformerEncoder(
      (layers): ModuleList(
        (0-7): 8 x TransformerEncoderLayer(
          (self_attn): MultiheadAttention(
            (out_proj): NonDynamicallyQuantizableLinear(in_features=128, out_features=128, bias=True)
          )
          (linear1): Linear(in_features=128, out_features=512, bias=True)
          (dropout): Dropout(p=0.4, inplace=False)
          (linear2): Linear(in_features=512, out_features=128, bias=True)
          (norm1): LayerNorm((128,), eps=1e-05, elementwise_affine=True)
          (norm2): LayerNorm((128,), eps=1e-05, elementwise_affine=True)
          (dropout1): Dropout(p=0.4, inplace=False)
          (dropout2): Dropout(p=0.4, inplace=False)
        )
      )
    )
    (output_layer): Linear(in_features=128, out_features=12, bias=True)
    (dropout1): Dropout(p=0.4, inplace=False)
    (cnn): Conv1d(128, 12, kernel_size=(3,), stride=(1,), padding=(1,))
  )
  (downstream_model): DownstreamInception(
    (conv1): ConvBlock(
      (conv): Conv1d(12, 64, kernel_size=(7,), stride=(2,), padding=(3,))
      (bn): BatchNorm1d(64, eps=1e-05, momentum=0.1, affine=True, track_running_stats=True)
    )
    (conv2): ConvBlock(
      (conv): Conv1d(64, 128, kernel_size=(3,), stride=(1,), padding=(1,))
      (bn): BatchNorm1d(128, eps=1e-05, momentum=0.1, affine=True, track_running_stats=True)
    )
    (maxpool): MaxPool1d(kernel_size=3, stride=2, padding=1, dilation=1, ceil_mode=False)
    (inception3a): InceptionBlock(
      (branch1): ConvBlock(
        (conv): Conv1d(128, 64, kernel_size=(1,), stride=(1,))
        (bn): BatchNorm1d(64, eps=1e-05, momentum=0.1, affine=True, track_running_stats=True)
      )
      (branch2): Sequential(
        (0): ConvBlock(
          (conv): Conv1d(128, 96, kernel_size=(1,), stride=(1,))
          (bn): BatchNorm1d(96, eps=1e-05, momentum=0.1, affine=True, track_running_stats=True)
        )
        (1): ConvBlock(
          (conv): Conv1d(96, 128, kernel_size=(3,), stride=(1,), padding=(1,))
          (bn): BatchNorm1d(128, eps=1e-05, momentum=0.1, affine=True, track_running_stats=True)
        )
      )
      (branch3): Sequential(
        (0): ConvBlock(
          (conv): Conv1d(128, 16, kernel_size=(1,), stride=(1,))
          (bn): BatchNorm1d(16, eps=1e-05, momentum=0.1, affine=True, track_running_stats=True)
        )
        (1): ConvBlock(
          (conv): Conv1d(16, 32, kernel_size=(5,), stride=(1,), padding=(2,))
          (bn): BatchNorm1d(32, eps=1e-05, momentum=0.1, affine=True, track_running_stats=True)
        )
      )
      (branch4): Sequential(
        (0): MaxPool2d(kernel_size=3, stride=1, padding=1, dilation=1, ceil_mode=False)
        (1): ConvBlock(
          (conv): Conv1d(128, 32, kernel_size=(1,), stride=(1,))
          (bn): BatchNorm1d(32, eps=1e-05, momentum=0.1, affine=True, track_running_stats=True)
        )
      )
    )
    (inception3b): InceptionBlock(
      (branch1): ConvBlock(
        (conv): Conv1d(256, 128, kernel_size=(1,), stride=(1,))
        (bn): BatchNorm1d(128, eps=1e-05, momentum=0.1, affine=True, track_running_stats=True)
      )
      (branch2): Sequential(
        (0): ConvBlock(
          (conv): Conv1d(256, 128, kernel_size=(1,), stride=(1,))
          (bn): BatchNorm1d(128, eps=1e-05, momentum=0.1, affine=True, track_running_stats=True)
        )
        (1): ConvBlock(
          (conv): Conv1d(128, 192, kernel_size=(3,), stride=(1,), padding=(1,))
          (bn): BatchNorm1d(192, eps=1e-05, momentum=0.1, affine=True, track_running_stats=True)
        )
      )
      (branch3): Sequential(
        (0): ConvBlock(
          (conv): Conv1d(256, 32, kernel_size=(1,), stride=(1,))
          (bn): BatchNorm1d(32, eps=1e-05, momentum=0.1, affine=True, track_running_stats=True)
        )
        (1): ConvBlock(
          (conv): Conv1d(32, 96, kernel_size=(5,), stride=(1,), padding=(2,))
          (bn): BatchNorm1d(96, eps=1e-05, momentum=0.1, affine=True, track_running_stats=True)
        )
      )
      (branch4): Sequential(
        (0): MaxPool2d(kernel_size=3, stride=1, padding=1, dilation=1, ceil_mode=False)
        (1): ConvBlock(
          (conv): Conv1d(256, 64, kernel_size=(1,), stride=(1,))
          (bn): BatchNorm1d(64, eps=1e-05, momentum=0.1, affine=True, track_running_stats=True)
        )
      )
    )
    (inception4a): InceptionBlock(
      (branch1): ConvBlock(
        (conv): Conv1d(480, 192, kernel_size=(1,), stride=(1,))
        (bn): BatchNorm1d(192, eps=1e-05, momentum=0.1, affine=True, track_running_stats=True)
      )
      (branch2): Sequential(
        (0): ConvBlock(
          (conv): Conv1d(480, 96, kernel_size=(1,), stride=(1,))
          (bn): BatchNorm1d(96, eps=1e-05, momentum=0.1, affine=True, track_running_stats=True)
        )
        (1): ConvBlock(
          (conv): Conv1d(96, 208, kernel_size=(3,), stride=(1,), padding=(1,))
          (bn): BatchNorm1d(208, eps=1e-05, momentum=0.1, affine=True, track_running_stats=True)
        )
      )
      (branch3): Sequential(
        (0): ConvBlock(
          (conv): Conv1d(480, 16, kernel_size=(1,), stride=(1,))
          (bn): BatchNorm1d(16, eps=1e-05, momentum=0.1, affine=True, track_running_stats=True)
        )
        (1): ConvBlock(
          (conv): Conv1d(16, 48, kernel_size=(5,), stride=(1,), padding=(2,))
          (bn): BatchNorm1d(48, eps=1e-05, momentum=0.1, affine=True, track_running_stats=True)
        )
      )
      (branch4): Sequential(
        (0): MaxPool2d(kernel_size=3, stride=1, padding=1, dilation=1, ceil_mode=False)
        (1): ConvBlock(
          (conv): Conv1d(480, 64, kernel_size=(1,), stride=(1,))
          (bn): BatchNorm1d(64, eps=1e-05, momentum=0.1, affine=True, track_running_stats=True)
        )
      )
    )
    (inception4b): InceptionBlock(
      (branch1): ConvBlock(
        (conv): Conv1d(512, 32, kernel_size=(1,), stride=(1,))
        (bn): BatchNorm1d(32, eps=1e-05, momentum=0.1, affine=True, track_running_stats=True)
      )
      (branch2): Sequential(
        (0): ConvBlock(
          (conv): Conv1d(512, 112, kernel_size=(1,), stride=(1,))
          (bn): BatchNorm1d(112, eps=1e-05, momentum=0.1, affine=True, track_running_stats=True)
        )
        (1): ConvBlock(
          (conv): Conv1d(112, 32, kernel_size=(3,), stride=(1,), padding=(1,))
          (bn): BatchNorm1d(32, eps=1e-05, momentum=0.1, affine=True, track_running_stats=True)
        )
      )
      (branch3): Sequential(
        (0): ConvBlock(
          (conv): Conv1d(512, 24, kernel_size=(1,), stride=(1,))
          (bn): BatchNorm1d(24, eps=1e-05, momentum=0.1, affine=True, track_running_stats=True)
        )
        (1): ConvBlock(
          (conv): Conv1d(24, 64, kernel_size=(5,), stride=(1,), padding=(2,))
          (bn): BatchNorm1d(64, eps=1e-05, momentum=0.1, affine=True, track_running_stats=True)
        )
      )
      (branch4): Sequential(
        (0): MaxPool2d(kernel_size=3, stride=1, padding=1, dilation=1, ceil_mode=False)
        (1): ConvBlock(
          (conv): Conv1d(512, 32, kernel_size=(1,), stride=(1,))
          (bn): BatchNorm1d(32, eps=1e-05, momentum=0.1, affine=True, track_running_stats=True)
        )
      )
    )
    (avgpool): AvgPool1d(kernel_size=(5,), stride=(1,), padding=(0,))
    (dropout): Dropout(p=0.5, inplace=False)
    (fc): Linear(in_features=8480, out_features=1, bias=True)
    (sigmoid): Sigmoid()
  )
)
2024-01-14 21:13 - INFO - * -----------
2024-01-14 21:39 - INFO - ---------------------------------------------
2024-01-14 21:39 - INFO - Epoch: 01 | Time: 25m 24s
2024-01-14 21:39 - INFO - 	 New best val_rocauc loss was found, current best value is 0.71313
2024-01-14 21:39 - INFO - 	 Train Loss: 0.502
2024-01-14 21:39 - INFO - 	 Val. Loss: 0.521
2024-01-14 21:39 - INFO - 	 ROC-AUC: 0.713
2024-01-14 21:39 - INFO - 	 PR-AUC: 0.417
2024-01-14 21:39 - INFO - 	 Best Val. Loss: 0.521
2024-01-14 21:39 - INFO - 	 Best ROC-AUC: 0.713
2024-01-14 21:39 - INFO - 	 Best PR-AUC: 0.417
2024-01-14 21:39 - INFO - 	 Test-ROC-AUC under Best Validation ROC-AUC: 0.689
2024-01-14 21:39 - INFO - 	 Test-PR-AUC under Best Validation Best PR-AUC: 0.415
2024-01-14 21:39 - INFO - ---------------------------------------------
2024-01-14 22:04 - INFO - ---------------------------------------------
2024-01-14 22:04 - INFO - Epoch: 02 | Time: 25m 3s
2024-01-14 22:04 - INFO - 	 Train Loss: 0.493
2024-01-14 22:04 - INFO - 	 Val. Loss: 0.533
2024-01-14 22:04 - INFO - 	 ROC-AUC: 0.709
2024-01-14 22:04 - INFO - 	 PR-AUC: 0.418
2024-01-14 22:04 - INFO - 	 Best Val. Loss: 0.521
2024-01-14 22:04 - INFO - 	 Best ROC-AUC: 0.713
2024-01-14 22:04 - INFO - 	 Best PR-AUC: 0.418
2024-01-14 22:04 - INFO - 	 Test-ROC-AUC under Best Validation ROC-AUC: 0.689
2024-01-14 22:04 - INFO - 	 Test-PR-AUC under Best Validation Best PR-AUC: 0.420
2024-01-14 22:04 - INFO - ---------------------------------------------
2024-01-14 22:29 - INFO - ---------------------------------------------
2024-01-14 22:29 - INFO - Epoch: 03 | Time: 25m 25s
2024-01-14 22:29 - INFO - 	 New best val_rocauc loss was found, current best value is 0.73412
2024-01-14 22:29 - INFO - 	 Train Loss: 0.492
2024-01-14 22:29 - INFO - 	 Val. Loss: 0.494
2024-01-14 22:29 - INFO - 	 ROC-AUC: 0.734
2024-01-14 22:29 - INFO - 	 PR-AUC: 0.447
2024-01-14 22:29 - INFO - 	 Best Val. Loss: 0.494
2024-01-14 22:29 - INFO - 	 Best ROC-AUC: 0.734
2024-01-14 22:29 - INFO - 	 Best PR-AUC: 0.447
2024-01-14 22:29 - INFO - 	 Test-ROC-AUC under Best Validation ROC-AUC: 0.712
2024-01-14 22:29 - INFO - 	 Test-PR-AUC under Best Validation Best PR-AUC: 0.434
2024-01-14 22:29 - INFO - ---------------------------------------------
2024-01-14 22:54 - INFO - ---------------------------------------------
2024-01-14 22:54 - INFO - Epoch: 04 | Time: 25m 16s
2024-01-14 22:54 - INFO - 	 Train Loss: 0.492
2024-01-14 22:54 - INFO - 	 Val. Loss: 0.516
2024-01-14 22:54 - INFO - 	 ROC-AUC: 0.711
2024-01-14 22:54 - INFO - 	 PR-AUC: 0.414
2024-01-14 22:54 - INFO - 	 Best Val. Loss: 0.494
2024-01-14 22:54 - INFO - 	 Best ROC-AUC: 0.734
2024-01-14 22:54 - INFO - 	 Best PR-AUC: 0.447
2024-01-14 22:54 - INFO - 	 Test-ROC-AUC under Best Validation ROC-AUC: 0.712
2024-01-14 22:54 - INFO - 	 Test-PR-AUC under Best Validation Best PR-AUC: 0.434
2024-01-14 22:54 - INFO - ---------------------------------------------
2024-01-14 23:19 - INFO - ---------------------------------------------
2024-01-14 23:19 - INFO - Epoch: 05 | Time: 25m 1s
2024-01-14 23:19 - INFO - 	 Train Loss: 0.492
2024-01-14 23:19 - INFO - 	 Val. Loss: 0.498
2024-01-14 23:19 - INFO - 	 ROC-AUC: 0.730
2024-01-14 23:19 - INFO - 	 PR-AUC: 0.442
2024-01-14 23:19 - INFO - 	 Best Val. Loss: 0.494
2024-01-14 23:19 - INFO - 	 Best ROC-AUC: 0.734
2024-01-14 23:19 - INFO - 	 Best PR-AUC: 0.447
2024-01-14 23:19 - INFO - 	 Test-ROC-AUC under Best Validation ROC-AUC: 0.712
2024-01-14 23:19 - INFO - 	 Test-PR-AUC under Best Validation Best PR-AUC: 0.434
2024-01-14 23:19 - INFO - ---------------------------------------------
2024-01-14 23:45 - INFO - ---------------------------------------------
2024-01-14 23:45 - INFO - Epoch: 06 | Time: 25m 5s
2024-01-14 23:45 - INFO - 	 New best val_rocauc loss was found, current best value is 0.73837
2024-01-14 23:45 - INFO - 	 Train Loss: 0.493
2024-01-14 23:45 - INFO - 	 Val. Loss: 0.493
2024-01-14 23:45 - INFO - 	 ROC-AUC: 0.738
2024-01-14 23:45 - INFO - 	 PR-AUC: 0.456
2024-01-14 23:45 - INFO - 	 Best Val. Loss: 0.493
2024-01-14 23:45 - INFO - 	 Best ROC-AUC: 0.738
2024-01-14 23:45 - INFO - 	 Best PR-AUC: 0.456
2024-01-14 23:45 - INFO - 	 Test-ROC-AUC under Best Validation ROC-AUC: 0.712
2024-01-14 23:45 - INFO - 	 Test-PR-AUC under Best Validation Best PR-AUC: 0.431
2024-01-14 23:45 - INFO - ---------------------------------------------
2024-01-15 00:10 - INFO - ---------------------------------------------
2024-01-15 00:10 - INFO - Epoch: 07 | Time: 25m 0s
2024-01-15 00:10 - INFO - 	 Train Loss: 0.494
2024-01-15 00:10 - INFO - 	 Val. Loss: 0.497
2024-01-15 00:10 - INFO - 	 ROC-AUC: 0.735
2024-01-15 00:10 - INFO - 	 PR-AUC: 0.449
2024-01-15 00:10 - INFO - 	 Best Val. Loss: 0.493
2024-01-15 00:10 - INFO - 	 Best ROC-AUC: 0.738
2024-01-15 00:10 - INFO - 	 Best PR-AUC: 0.456
2024-01-15 00:10 - INFO - 	 Test-ROC-AUC under Best Validation ROC-AUC: 0.712
2024-01-15 00:10 - INFO - 	 Test-PR-AUC under Best Validation Best PR-AUC: 0.431
2024-01-15 00:10 - INFO - ---------------------------------------------
2024-01-15 00:35 - INFO - ---------------------------------------------
2024-01-15 00:35 - INFO - Epoch: 08 | Time: 25m 31s
2024-01-15 00:35 - INFO - 	 Train Loss: 0.493
2024-01-15 00:35 - INFO - 	 Val. Loss: 0.498
2024-01-15 00:35 - INFO - 	 ROC-AUC: 0.727
2024-01-15 00:35 - INFO - 	 PR-AUC: 0.438
2024-01-15 00:35 - INFO - 	 Best Val. Loss: 0.493
2024-01-15 00:35 - INFO - 	 Best ROC-AUC: 0.738
2024-01-15 00:35 - INFO - 	 Best PR-AUC: 0.456
2024-01-15 00:35 - INFO - 	 Test-ROC-AUC under Best Validation ROC-AUC: 0.712
2024-01-15 00:35 - INFO - 	 Test-PR-AUC under Best Validation Best PR-AUC: 0.431
2024-01-15 00:35 - INFO - ---------------------------------------------
2024-01-15 01:00 - INFO - ---------------------------------------------
2024-01-15 01:00 - INFO - Epoch: 09 | Time: 25m 12s
2024-01-15 01:00 - INFO - 	 Train Loss: 0.493
2024-01-15 01:00 - INFO - 	 Val. Loss: 0.503
2024-01-15 01:00 - INFO - 	 ROC-AUC: 0.719
2024-01-15 01:00 - INFO - 	 PR-AUC: 0.433
2024-01-15 01:00 - INFO - 	 Best Val. Loss: 0.493
2024-01-15 01:00 - INFO - 	 Best ROC-AUC: 0.738
2024-01-15 01:00 - INFO - 	 Best PR-AUC: 0.456
2024-01-15 01:00 - INFO - 	 Test-ROC-AUC under Best Validation ROC-AUC: 0.712
2024-01-15 01:00 - INFO - 	 Test-PR-AUC under Best Validation Best PR-AUC: 0.431
2024-01-15 01:00 - INFO - ---------------------------------------------
2024-01-15 01:32 - INFO - Fit the preprocessing pipeline
2024-01-15 01:32 - INFO - Training using device: cuda
2024-01-15 01:32 - INFO - Creating generators
2024-01-15 01:32 - INFO - The model has 2,246,929 trainable parameters
2024-01-15 01:32 - INFO - * Model:
2024-01-15 01:32 - INFO - * -----------
2024-01-15 01:32 - INFO - CombinedModel(
  (upstream_model): TSTransformerEncoderCNN(
    (project_input): Linear(in_features=12, out_features=128, bias=True)
    (encoder): Linear(in_features=12, out_features=128, bias=True)
    (transformer_encoder): TransformerEncoder(
      (layers): ModuleList(
        (0-7): 8 x TransformerEncoderLayer(
          (self_attn): MultiheadAttention(
            (out_proj): NonDynamicallyQuantizableLinear(in_features=128, out_features=128, bias=True)
          )
          (linear1): Linear(in_features=128, out_features=512, bias=True)
          (dropout): Dropout(p=0.4, inplace=False)
          (linear2): Linear(in_features=512, out_features=128, bias=True)
          (norm1): LayerNorm((128,), eps=1e-05, elementwise_affine=True)
          (norm2): LayerNorm((128,), eps=1e-05, elementwise_affine=True)
          (dropout1): Dropout(p=0.4, inplace=False)
          (dropout2): Dropout(p=0.4, inplace=False)
        )
      )
    )
    (output_layer): Linear(in_features=128, out_features=12, bias=True)
    (dropout1): Dropout(p=0.4, inplace=False)
    (cnn): Conv1d(128, 12, kernel_size=(3,), stride=(1,), padding=(1,))
  )
  (downstream_model): DownstreamInception(
    (conv1): ConvBlock(
      (conv): Conv1d(12, 64, kernel_size=(7,), stride=(2,), padding=(3,))
      (bn): BatchNorm1d(64, eps=1e-05, momentum=0.1, affine=True, track_running_stats=True)
    )
    (conv2): ConvBlock(
      (conv): Conv1d(64, 128, kernel_size=(3,), stride=(1,), padding=(1,))
      (bn): BatchNorm1d(128, eps=1e-05, momentum=0.1, affine=True, track_running_stats=True)
    )
    (maxpool): MaxPool1d(kernel_size=3, stride=2, padding=1, dilation=1, ceil_mode=False)
    (inception3a): InceptionBlock(
      (branch1): ConvBlock(
        (conv): Conv1d(128, 64, kernel_size=(1,), stride=(1,))
        (bn): BatchNorm1d(64, eps=1e-05, momentum=0.1, affine=True, track_running_stats=True)
      )
      (branch2): Sequential(
        (0): ConvBlock(
          (conv): Conv1d(128, 96, kernel_size=(1,), stride=(1,))
          (bn): BatchNorm1d(96, eps=1e-05, momentum=0.1, affine=True, track_running_stats=True)
        )
        (1): ConvBlock(
          (conv): Conv1d(96, 128, kernel_size=(3,), stride=(1,), padding=(1,))
          (bn): BatchNorm1d(128, eps=1e-05, momentum=0.1, affine=True, track_running_stats=True)
        )
      )
      (branch3): Sequential(
        (0): ConvBlock(
          (conv): Conv1d(128, 16, kernel_size=(1,), stride=(1,))
          (bn): BatchNorm1d(16, eps=1e-05, momentum=0.1, affine=True, track_running_stats=True)
        )
        (1): ConvBlock(
          (conv): Conv1d(16, 32, kernel_size=(5,), stride=(1,), padding=(2,))
          (bn): BatchNorm1d(32, eps=1e-05, momentum=0.1, affine=True, track_running_stats=True)
        )
      )
      (branch4): Sequential(
        (0): MaxPool2d(kernel_size=3, stride=1, padding=1, dilation=1, ceil_mode=False)
        (1): ConvBlock(
          (conv): Conv1d(128, 32, kernel_size=(1,), stride=(1,))
          (bn): BatchNorm1d(32, eps=1e-05, momentum=0.1, affine=True, track_running_stats=True)
        )
      )
    )
    (inception3b): InceptionBlock(
      (branch1): ConvBlock(
        (conv): Conv1d(256, 128, kernel_size=(1,), stride=(1,))
        (bn): BatchNorm1d(128, eps=1e-05, momentum=0.1, affine=True, track_running_stats=True)
      )
      (branch2): Sequential(
        (0): ConvBlock(
          (conv): Conv1d(256, 128, kernel_size=(1,), stride=(1,))
          (bn): BatchNorm1d(128, eps=1e-05, momentum=0.1, affine=True, track_running_stats=True)
        )
        (1): ConvBlock(
          (conv): Conv1d(128, 192, kernel_size=(3,), stride=(1,), padding=(1,))
          (bn): BatchNorm1d(192, eps=1e-05, momentum=0.1, affine=True, track_running_stats=True)
        )
      )
      (branch3): Sequential(
        (0): ConvBlock(
          (conv): Conv1d(256, 32, kernel_size=(1,), stride=(1,))
          (bn): BatchNorm1d(32, eps=1e-05, momentum=0.1, affine=True, track_running_stats=True)
        )
        (1): ConvBlock(
          (conv): Conv1d(32, 96, kernel_size=(5,), stride=(1,), padding=(2,))
          (bn): BatchNorm1d(96, eps=1e-05, momentum=0.1, affine=True, track_running_stats=True)
        )
      )
      (branch4): Sequential(
        (0): MaxPool2d(kernel_size=3, stride=1, padding=1, dilation=1, ceil_mode=False)
        (1): ConvBlock(
          (conv): Conv1d(256, 64, kernel_size=(1,), stride=(1,))
          (bn): BatchNorm1d(64, eps=1e-05, momentum=0.1, affine=True, track_running_stats=True)
        )
      )
    )
    (inception4a): InceptionBlock(
      (branch1): ConvBlock(
        (conv): Conv1d(480, 192, kernel_size=(1,), stride=(1,))
        (bn): BatchNorm1d(192, eps=1e-05, momentum=0.1, affine=True, track_running_stats=True)
      )
      (branch2): Sequential(
        (0): ConvBlock(
          (conv): Conv1d(480, 96, kernel_size=(1,), stride=(1,))
          (bn): BatchNorm1d(96, eps=1e-05, momentum=0.1, affine=True, track_running_stats=True)
        )
        (1): ConvBlock(
          (conv): Conv1d(96, 208, kernel_size=(3,), stride=(1,), padding=(1,))
          (bn): BatchNorm1d(208, eps=1e-05, momentum=0.1, affine=True, track_running_stats=True)
        )
      )
      (branch3): Sequential(
        (0): ConvBlock(
          (conv): Conv1d(480, 16, kernel_size=(1,), stride=(1,))
          (bn): BatchNorm1d(16, eps=1e-05, momentum=0.1, affine=True, track_running_stats=True)
        )
        (1): ConvBlock(
          (conv): Conv1d(16, 48, kernel_size=(5,), stride=(1,), padding=(2,))
          (bn): BatchNorm1d(48, eps=1e-05, momentum=0.1, affine=True, track_running_stats=True)
        )
      )
      (branch4): Sequential(
        (0): MaxPool2d(kernel_size=3, stride=1, padding=1, dilation=1, ceil_mode=False)
        (1): ConvBlock(
          (conv): Conv1d(480, 64, kernel_size=(1,), stride=(1,))
          (bn): BatchNorm1d(64, eps=1e-05, momentum=0.1, affine=True, track_running_stats=True)
        )
      )
    )
    (inception4b): InceptionBlock(
      (branch1): ConvBlock(
        (conv): Conv1d(512, 32, kernel_size=(1,), stride=(1,))
        (bn): BatchNorm1d(32, eps=1e-05, momentum=0.1, affine=True, track_running_stats=True)
      )
      (branch2): Sequential(
        (0): ConvBlock(
          (conv): Conv1d(512, 112, kernel_size=(1,), stride=(1,))
          (bn): BatchNorm1d(112, eps=1e-05, momentum=0.1, affine=True, track_running_stats=True)
        )
        (1): ConvBlock(
          (conv): Conv1d(112, 32, kernel_size=(3,), stride=(1,), padding=(1,))
          (bn): BatchNorm1d(32, eps=1e-05, momentum=0.1, affine=True, track_running_stats=True)
        )
      )
      (branch3): Sequential(
        (0): ConvBlock(
          (conv): Conv1d(512, 24, kernel_size=(1,), stride=(1,))
          (bn): BatchNorm1d(24, eps=1e-05, momentum=0.1, affine=True, track_running_stats=True)
        )
        (1): ConvBlock(
          (conv): Conv1d(24, 64, kernel_size=(5,), stride=(1,), padding=(2,))
          (bn): BatchNorm1d(64, eps=1e-05, momentum=0.1, affine=True, track_running_stats=True)
        )
      )
      (branch4): Sequential(
        (0): MaxPool2d(kernel_size=3, stride=1, padding=1, dilation=1, ceil_mode=False)
        (1): ConvBlock(
          (conv): Conv1d(512, 32, kernel_size=(1,), stride=(1,))
          (bn): BatchNorm1d(32, eps=1e-05, momentum=0.1, affine=True, track_running_stats=True)
        )
      )
    )
    (avgpool): AvgPool1d(kernel_size=(5,), stride=(1,), padding=(0,))
    (dropout): Dropout(p=0.5, inplace=False)
    (fc): Linear(in_features=8480, out_features=1, bias=True)
    (sigmoid): Sigmoid()
  )
)
2024-01-15 01:32 - INFO - * -----------
2024-01-15 01:57 - INFO - ---------------------------------------------
2024-01-15 01:57 - INFO - Epoch: 01 | Time: 25m 12s
2024-01-15 01:57 - INFO - 	 New best val_rocauc loss was found, current best value is 0.73188
2024-01-15 01:57 - INFO - 	 Train Loss: 0.502
2024-01-15 01:57 - INFO - 	 Val. Loss: 0.493
2024-01-15 01:57 - INFO - 	 ROC-AUC: 0.732
2024-01-15 01:57 - INFO - 	 PR-AUC: 0.446
2024-01-15 01:57 - INFO - 	 Best Val. Loss: 0.493
2024-01-15 01:57 - INFO - 	 Best ROC-AUC: 0.732
2024-01-15 01:57 - INFO - 	 Best PR-AUC: 0.446
2024-01-15 01:57 - INFO - 	 Test-ROC-AUC under Best Validation ROC-AUC: 0.706
2024-01-15 01:57 - INFO - 	 Test-PR-AUC under Best Validation Best PR-AUC: 0.432
2024-01-15 01:57 - INFO - ---------------------------------------------
2024-01-15 02:22 - INFO - ---------------------------------------------
2024-01-15 02:22 - INFO - Epoch: 02 | Time: 25m 11s
2024-01-15 02:22 - INFO - 	 Train Loss: 0.493
2024-01-15 02:22 - INFO - 	 Val. Loss: 0.497
2024-01-15 02:22 - INFO - 	 ROC-AUC: 0.726
2024-01-15 02:22 - INFO - 	 PR-AUC: 0.439
2024-01-15 02:22 - INFO - 	 Best Val. Loss: 0.493
2024-01-15 02:22 - INFO - 	 Best ROC-AUC: 0.732
2024-01-15 02:22 - INFO - 	 Best PR-AUC: 0.446
2024-01-15 02:22 - INFO - 	 Test-ROC-AUC under Best Validation ROC-AUC: 0.706
2024-01-15 02:22 - INFO - 	 Test-PR-AUC under Best Validation Best PR-AUC: 0.432
2024-01-15 02:22 - INFO - ---------------------------------------------
2024-01-15 02:48 - INFO - ---------------------------------------------
2024-01-15 02:48 - INFO - Epoch: 03 | Time: 25m 53s
2024-01-15 02:48 - INFO - 	 Train Loss: 0.492
2024-01-15 02:48 - INFO - 	 Val. Loss: 0.498
2024-01-15 02:48 - INFO - 	 ROC-AUC: 0.727
2024-01-15 02:48 - INFO - 	 PR-AUC: 0.437
2024-01-15 02:48 - INFO - 	 Best Val. Loss: 0.493
2024-01-15 02:48 - INFO - 	 Best ROC-AUC: 0.732
2024-01-15 02:48 - INFO - 	 Best PR-AUC: 0.446
2024-01-15 02:48 - INFO - 	 Test-ROC-AUC under Best Validation ROC-AUC: 0.706
2024-01-15 02:48 - INFO - 	 Test-PR-AUC under Best Validation Best PR-AUC: 0.432
2024-01-15 02:48 - INFO - ---------------------------------------------
2024-01-15 03:13 - INFO - ---------------------------------------------
2024-01-15 03:13 - INFO - Epoch: 04 | Time: 25m 19s
2024-01-15 03:13 - INFO - 	 Train Loss: 0.492
2024-01-15 03:13 - INFO - 	 Val. Loss: 0.519
2024-01-15 03:13 - INFO - 	 ROC-AUC: 0.720
2024-01-15 03:13 - INFO - 	 PR-AUC: 0.429
2024-01-15 03:13 - INFO - 	 Best Val. Loss: 0.493
2024-01-15 03:13 - INFO - 	 Best ROC-AUC: 0.732
2024-01-15 03:13 - INFO - 	 Best PR-AUC: 0.446
2024-01-15 03:13 - INFO - 	 Test-ROC-AUC under Best Validation ROC-AUC: 0.706
2024-01-15 03:13 - INFO - 	 Test-PR-AUC under Best Validation Best PR-AUC: 0.432
2024-01-15 03:13 - INFO - ---------------------------------------------
2024-01-15 03:39 - INFO - ---------------------------------------------
2024-01-15 03:39 - INFO - Epoch: 05 | Time: 25m 22s
2024-01-15 03:39 - INFO - 	 New best val_rocauc loss was found, current best value is 0.73302
2024-01-15 03:39 - INFO - 	 Train Loss: 0.493
2024-01-15 03:39 - INFO - 	 Val. Loss: 0.502
2024-01-15 03:39 - INFO - 	 ROC-AUC: 0.733
2024-01-15 03:39 - INFO - 	 PR-AUC: 0.448
2024-01-15 03:39 - INFO - 	 Best Val. Loss: 0.493
2024-01-15 03:39 - INFO - 	 Best ROC-AUC: 0.733
2024-01-15 03:39 - INFO - 	 Best PR-AUC: 0.448
2024-01-15 03:39 - INFO - 	 Test-ROC-AUC under Best Validation ROC-AUC: 0.704
2024-01-15 03:39 - INFO - 	 Test-PR-AUC under Best Validation Best PR-AUC: 0.424
2024-01-15 03:39 - INFO - ---------------------------------------------
2024-01-15 04:04 - INFO - ---------------------------------------------
2024-01-15 04:04 - INFO - Epoch: 06 | Time: 25m 26s
2024-01-15 04:04 - INFO - 	 Train Loss: 0.494
2024-01-15 04:04 - INFO - 	 Val. Loss: 0.492
2024-01-15 04:04 - INFO - 	 ROC-AUC: 0.731
2024-01-15 04:04 - INFO - 	 PR-AUC: 0.450
2024-01-15 04:04 - INFO - 	 Best Val. Loss: 0.492
2024-01-15 04:04 - INFO - 	 Best ROC-AUC: 0.733
2024-01-15 04:04 - INFO - 	 Best PR-AUC: 0.450
2024-01-15 04:04 - INFO - 	 Test-ROC-AUC under Best Validation ROC-AUC: 0.704
2024-01-15 04:04 - INFO - 	 Test-PR-AUC under Best Validation Best PR-AUC: 0.426
2024-01-15 04:04 - INFO - ---------------------------------------------
2024-01-15 04:29 - INFO - ---------------------------------------------
2024-01-15 04:29 - INFO - Epoch: 07 | Time: 25m 0s
2024-01-15 04:29 - INFO - 	 New best val_rocauc loss was found, current best value is 0.7401
2024-01-15 04:29 - INFO - 	 Train Loss: 0.493
2024-01-15 04:29 - INFO - 	 Val. Loss: 0.489
2024-01-15 04:29 - INFO - 	 ROC-AUC: 0.740
2024-01-15 04:29 - INFO - 	 PR-AUC: 0.458
2024-01-15 04:29 - INFO - 	 Best Val. Loss: 0.489
2024-01-15 04:29 - INFO - 	 Best ROC-AUC: 0.740
2024-01-15 04:29 - INFO - 	 Best PR-AUC: 0.458
2024-01-15 04:29 - INFO - 	 Test-ROC-AUC under Best Validation ROC-AUC: 0.712
2024-01-15 04:29 - INFO - 	 Test-PR-AUC under Best Validation Best PR-AUC: 0.433
2024-01-15 04:29 - INFO - ---------------------------------------------
2024-01-15 04:54 - INFO - ---------------------------------------------
2024-01-15 04:54 - INFO - Epoch: 08 | Time: 25m 13s
2024-01-15 04:54 - INFO - 	 Train Loss: 0.493
2024-01-15 04:54 - INFO - 	 Val. Loss: 0.491
2024-01-15 04:54 - INFO - 	 ROC-AUC: 0.739
2024-01-15 04:54 - INFO - 	 PR-AUC: 0.447
2024-01-15 04:54 - INFO - 	 Best Val. Loss: 0.489
2024-01-15 04:54 - INFO - 	 Best ROC-AUC: 0.740
2024-01-15 04:54 - INFO - 	 Best PR-AUC: 0.458
2024-01-15 04:54 - INFO - 	 Test-ROC-AUC under Best Validation ROC-AUC: 0.712
2024-01-15 04:54 - INFO - 	 Test-PR-AUC under Best Validation Best PR-AUC: 0.433
2024-01-15 04:54 - INFO - ---------------------------------------------
2024-01-15 05:19 - INFO - ---------------------------------------------
2024-01-15 05:19 - INFO - Epoch: 09 | Time: 25m 4s
2024-01-15 05:19 - INFO - 	 Train Loss: 0.493
2024-01-15 05:19 - INFO - 	 Val. Loss: 0.497
2024-01-15 05:19 - INFO - 	 ROC-AUC: 0.734
2024-01-15 05:19 - INFO - 	 PR-AUC: 0.450
2024-01-15 05:19 - INFO - 	 Best Val. Loss: 0.489
2024-01-15 05:19 - INFO - 	 Best ROC-AUC: 0.740
2024-01-15 05:19 - INFO - 	 Best PR-AUC: 0.458
2024-01-15 05:19 - INFO - 	 Test-ROC-AUC under Best Validation ROC-AUC: 0.712
2024-01-15 05:19 - INFO - 	 Test-PR-AUC under Best Validation Best PR-AUC: 0.433
2024-01-15 05:19 - INFO - ---------------------------------------------
2024-01-15 05:44 - INFO - ---------------------------------------------
2024-01-15 05:44 - INFO - Epoch: 10 | Time: 24m 58s
2024-01-15 05:44 - INFO - 	 Train Loss: 0.493
2024-01-15 05:44 - INFO - 	 Val. Loss: 0.513
2024-01-15 05:44 - INFO - 	 ROC-AUC: 0.719
2024-01-15 05:44 - INFO - 	 PR-AUC: 0.436
2024-01-15 05:44 - INFO - 	 Best Val. Loss: 0.489
2024-01-15 05:44 - INFO - 	 Best ROC-AUC: 0.740
2024-01-15 05:44 - INFO - 	 Best PR-AUC: 0.458
2024-01-15 05:44 - INFO - 	 Test-ROC-AUC under Best Validation ROC-AUC: 0.712
2024-01-15 05:44 - INFO - 	 Test-PR-AUC under Best Validation Best PR-AUC: 0.433
2024-01-15 05:44 - INFO - ---------------------------------------------
2024-01-15 05:50 - INFO - Fit the preprocessing pipeline
2024-01-15 05:50 - INFO - Training using device: cuda
2024-01-15 05:50 - INFO - Creating generators
2024-01-15 05:50 - INFO - The model has 2,246,929 trainable parameters
2024-01-15 05:50 - INFO - * Model:
2024-01-15 05:50 - INFO - * -----------
2024-01-15 05:50 - INFO - CombinedModel(
  (upstream_model): TSTransformerEncoderCNN(
    (project_input): Linear(in_features=12, out_features=128, bias=True)
    (encoder): Linear(in_features=12, out_features=128, bias=True)
    (transformer_encoder): TransformerEncoder(
      (layers): ModuleList(
        (0-7): 8 x TransformerEncoderLayer(
          (self_attn): MultiheadAttention(
            (out_proj): NonDynamicallyQuantizableLinear(in_features=128, out_features=128, bias=True)
          )
          (linear1): Linear(in_features=128, out_features=512, bias=True)
          (dropout): Dropout(p=0.4, inplace=False)
          (linear2): Linear(in_features=512, out_features=128, bias=True)
          (norm1): LayerNorm((128,), eps=1e-05, elementwise_affine=True)
          (norm2): LayerNorm((128,), eps=1e-05, elementwise_affine=True)
          (dropout1): Dropout(p=0.4, inplace=False)
          (dropout2): Dropout(p=0.4, inplace=False)
        )
      )
    )
    (output_layer): Linear(in_features=128, out_features=12, bias=True)
    (dropout1): Dropout(p=0.4, inplace=False)
    (cnn): Conv1d(128, 12, kernel_size=(3,), stride=(1,), padding=(1,))
  )
  (downstream_model): DownstreamInception(
    (conv1): ConvBlock(
      (conv): Conv1d(12, 64, kernel_size=(7,), stride=(2,), padding=(3,))
      (bn): BatchNorm1d(64, eps=1e-05, momentum=0.1, affine=True, track_running_stats=True)
    )
    (conv2): ConvBlock(
      (conv): Conv1d(64, 128, kernel_size=(3,), stride=(1,), padding=(1,))
      (bn): BatchNorm1d(128, eps=1e-05, momentum=0.1, affine=True, track_running_stats=True)
    )
    (maxpool): MaxPool1d(kernel_size=3, stride=2, padding=1, dilation=1, ceil_mode=False)
    (inception3a): InceptionBlock(
      (branch1): ConvBlock(
        (conv): Conv1d(128, 64, kernel_size=(1,), stride=(1,))
        (bn): BatchNorm1d(64, eps=1e-05, momentum=0.1, affine=True, track_running_stats=True)
      )
      (branch2): Sequential(
        (0): ConvBlock(
          (conv): Conv1d(128, 96, kernel_size=(1,), stride=(1,))
          (bn): BatchNorm1d(96, eps=1e-05, momentum=0.1, affine=True, track_running_stats=True)
        )
        (1): ConvBlock(
          (conv): Conv1d(96, 128, kernel_size=(3,), stride=(1,), padding=(1,))
          (bn): BatchNorm1d(128, eps=1e-05, momentum=0.1, affine=True, track_running_stats=True)
        )
      )
      (branch3): Sequential(
        (0): ConvBlock(
          (conv): Conv1d(128, 16, kernel_size=(1,), stride=(1,))
          (bn): BatchNorm1d(16, eps=1e-05, momentum=0.1, affine=True, track_running_stats=True)
        )
        (1): ConvBlock(
          (conv): Conv1d(16, 32, kernel_size=(5,), stride=(1,), padding=(2,))
          (bn): BatchNorm1d(32, eps=1e-05, momentum=0.1, affine=True, track_running_stats=True)
        )
      )
      (branch4): Sequential(
        (0): MaxPool2d(kernel_size=3, stride=1, padding=1, dilation=1, ceil_mode=False)
        (1): ConvBlock(
          (conv): Conv1d(128, 32, kernel_size=(1,), stride=(1,))
          (bn): BatchNorm1d(32, eps=1e-05, momentum=0.1, affine=True, track_running_stats=True)
        )
      )
    )
    (inception3b): InceptionBlock(
      (branch1): ConvBlock(
        (conv): Conv1d(256, 128, kernel_size=(1,), stride=(1,))
        (bn): BatchNorm1d(128, eps=1e-05, momentum=0.1, affine=True, track_running_stats=True)
      )
      (branch2): Sequential(
        (0): ConvBlock(
          (conv): Conv1d(256, 128, kernel_size=(1,), stride=(1,))
          (bn): BatchNorm1d(128, eps=1e-05, momentum=0.1, affine=True, track_running_stats=True)
        )
        (1): ConvBlock(
          (conv): Conv1d(128, 192, kernel_size=(3,), stride=(1,), padding=(1,))
          (bn): BatchNorm1d(192, eps=1e-05, momentum=0.1, affine=True, track_running_stats=True)
        )
      )
      (branch3): Sequential(
        (0): ConvBlock(
          (conv): Conv1d(256, 32, kernel_size=(1,), stride=(1,))
          (bn): BatchNorm1d(32, eps=1e-05, momentum=0.1, affine=True, track_running_stats=True)
        )
        (1): ConvBlock(
          (conv): Conv1d(32, 96, kernel_size=(5,), stride=(1,), padding=(2,))
          (bn): BatchNorm1d(96, eps=1e-05, momentum=0.1, affine=True, track_running_stats=True)
        )
      )
      (branch4): Sequential(
        (0): MaxPool2d(kernel_size=3, stride=1, padding=1, dilation=1, ceil_mode=False)
        (1): ConvBlock(
          (conv): Conv1d(256, 64, kernel_size=(1,), stride=(1,))
          (bn): BatchNorm1d(64, eps=1e-05, momentum=0.1, affine=True, track_running_stats=True)
        )
      )
    )
    (inception4a): InceptionBlock(
      (branch1): ConvBlock(
        (conv): Conv1d(480, 192, kernel_size=(1,), stride=(1,))
        (bn): BatchNorm1d(192, eps=1e-05, momentum=0.1, affine=True, track_running_stats=True)
      )
      (branch2): Sequential(
        (0): ConvBlock(
          (conv): Conv1d(480, 96, kernel_size=(1,), stride=(1,))
          (bn): BatchNorm1d(96, eps=1e-05, momentum=0.1, affine=True, track_running_stats=True)
        )
        (1): ConvBlock(
          (conv): Conv1d(96, 208, kernel_size=(3,), stride=(1,), padding=(1,))
          (bn): BatchNorm1d(208, eps=1e-05, momentum=0.1, affine=True, track_running_stats=True)
        )
      )
      (branch3): Sequential(
        (0): ConvBlock(
          (conv): Conv1d(480, 16, kernel_size=(1,), stride=(1,))
          (bn): BatchNorm1d(16, eps=1e-05, momentum=0.1, affine=True, track_running_stats=True)
        )
        (1): ConvBlock(
          (conv): Conv1d(16, 48, kernel_size=(5,), stride=(1,), padding=(2,))
          (bn): BatchNorm1d(48, eps=1e-05, momentum=0.1, affine=True, track_running_stats=True)
        )
      )
      (branch4): Sequential(
        (0): MaxPool2d(kernel_size=3, stride=1, padding=1, dilation=1, ceil_mode=False)
        (1): ConvBlock(
          (conv): Conv1d(480, 64, kernel_size=(1,), stride=(1,))
          (bn): BatchNorm1d(64, eps=1e-05, momentum=0.1, affine=True, track_running_stats=True)
        )
      )
    )
    (inception4b): InceptionBlock(
      (branch1): ConvBlock(
        (conv): Conv1d(512, 32, kernel_size=(1,), stride=(1,))
        (bn): BatchNorm1d(32, eps=1e-05, momentum=0.1, affine=True, track_running_stats=True)
      )
      (branch2): Sequential(
        (0): ConvBlock(
          (conv): Conv1d(512, 112, kernel_size=(1,), stride=(1,))
          (bn): BatchNorm1d(112, eps=1e-05, momentum=0.1, affine=True, track_running_stats=True)
        )
        (1): ConvBlock(
          (conv): Conv1d(112, 32, kernel_size=(3,), stride=(1,), padding=(1,))
          (bn): BatchNorm1d(32, eps=1e-05, momentum=0.1, affine=True, track_running_stats=True)
        )
      )
      (branch3): Sequential(
        (0): ConvBlock(
          (conv): Conv1d(512, 24, kernel_size=(1,), stride=(1,))
          (bn): BatchNorm1d(24, eps=1e-05, momentum=0.1, affine=True, track_running_stats=True)
        )
        (1): ConvBlock(
          (conv): Conv1d(24, 64, kernel_size=(5,), stride=(1,), padding=(2,))
          (bn): BatchNorm1d(64, eps=1e-05, momentum=0.1, affine=True, track_running_stats=True)
        )
      )
      (branch4): Sequential(
        (0): MaxPool2d(kernel_size=3, stride=1, padding=1, dilation=1, ceil_mode=False)
        (1): ConvBlock(
          (conv): Conv1d(512, 32, kernel_size=(1,), stride=(1,))
          (bn): BatchNorm1d(32, eps=1e-05, momentum=0.1, affine=True, track_running_stats=True)
        )
      )
    )
    (avgpool): AvgPool1d(kernel_size=(5,), stride=(1,), padding=(0,))
    (dropout): Dropout(p=0.5, inplace=False)
    (fc): Linear(in_features=8480, out_features=1, bias=True)
    (sigmoid): Sigmoid()
  )
)
2024-01-15 05:50 - INFO - * -----------
2024-01-15 06:16 - INFO - ---------------------------------------------
2024-01-15 06:16 - INFO - Epoch: 01 | Time: 25m 25s
2024-01-15 06:16 - INFO - 	 New best val_rocauc loss was found, current best value is 0.72202
2024-01-15 06:16 - INFO - 	 Train Loss: 0.501
2024-01-15 06:16 - INFO - 	 Val. Loss: 0.501
2024-01-15 06:16 - INFO - 	 ROC-AUC: 0.722
2024-01-15 06:16 - INFO - 	 PR-AUC: 0.432
2024-01-15 06:16 - INFO - 	 Best Val. Loss: 0.501
2024-01-15 06:16 - INFO - 	 Best ROC-AUC: 0.722
2024-01-15 06:16 - INFO - 	 Best PR-AUC: 0.432
2024-01-15 06:16 - INFO - 	 Test-ROC-AUC under Best Validation ROC-AUC: 0.692
2024-01-15 06:16 - INFO - 	 Test-PR-AUC under Best Validation Best PR-AUC: 0.422
2024-01-15 06:16 - INFO - ---------------------------------------------
2024-01-15 06:41 - INFO - ---------------------------------------------
2024-01-15 06:41 - INFO - Epoch: 02 | Time: 25m 10s
2024-01-15 06:41 - INFO - 	 New best val_rocauc loss was found, current best value is 0.72744
2024-01-15 06:41 - INFO - 	 Train Loss: 0.493
2024-01-15 06:41 - INFO - 	 Val. Loss: 0.498
2024-01-15 06:41 - INFO - 	 ROC-AUC: 0.727
2024-01-15 06:41 - INFO - 	 PR-AUC: 0.442
2024-01-15 06:41 - INFO - 	 Best Val. Loss: 0.498
2024-01-15 06:41 - INFO - 	 Best ROC-AUC: 0.727
2024-01-15 06:41 - INFO - 	 Best PR-AUC: 0.442
2024-01-15 06:41 - INFO - 	 Test-ROC-AUC under Best Validation ROC-AUC: 0.707
2024-01-15 06:41 - INFO - 	 Test-PR-AUC under Best Validation Best PR-AUC: 0.431
2024-01-15 06:41 - INFO - ---------------------------------------------
2024-01-15 07:06 - INFO - ---------------------------------------------
2024-01-15 07:06 - INFO - Epoch: 03 | Time: 25m 3s
2024-01-15 07:06 - INFO - 	 Train Loss: 0.492
2024-01-15 07:06 - INFO - 	 Val. Loss: 0.522
2024-01-15 07:06 - INFO - 	 ROC-AUC: 0.708
2024-01-15 07:06 - INFO - 	 PR-AUC: 0.420
2024-01-15 07:06 - INFO - 	 Best Val. Loss: 0.498
2024-01-15 07:06 - INFO - 	 Best ROC-AUC: 0.727
2024-01-15 07:06 - INFO - 	 Best PR-AUC: 0.442
2024-01-15 07:06 - INFO - 	 Test-ROC-AUC under Best Validation ROC-AUC: 0.707
2024-01-15 07:06 - INFO - 	 Test-PR-AUC under Best Validation Best PR-AUC: 0.431
2024-01-15 07:06 - INFO - ---------------------------------------------
2024-01-15 07:31 - INFO - ---------------------------------------------
2024-01-15 07:31 - INFO - Epoch: 04 | Time: 25m 0s
2024-01-15 07:31 - INFO - 	 Train Loss: 0.492
2024-01-15 07:31 - INFO - 	 Val. Loss: 0.500
2024-01-15 07:31 - INFO - 	 ROC-AUC: 0.727
2024-01-15 07:31 - INFO - 	 PR-AUC: 0.433
2024-01-15 07:31 - INFO - 	 Best Val. Loss: 0.498
2024-01-15 07:31 - INFO - 	 Best ROC-AUC: 0.727
2024-01-15 07:31 - INFO - 	 Best PR-AUC: 0.442
2024-01-15 07:31 - INFO - 	 Test-ROC-AUC under Best Validation ROC-AUC: 0.707
2024-01-15 07:31 - INFO - 	 Test-PR-AUC under Best Validation Best PR-AUC: 0.431
2024-01-15 07:31 - INFO - ---------------------------------------------
2024-01-15 07:56 - INFO - ---------------------------------------------
2024-01-15 07:56 - INFO - Epoch: 05 | Time: 25m 30s
2024-01-15 07:56 - INFO - 	 Train Loss: 0.492
2024-01-15 07:56 - INFO - 	 Val. Loss: 0.514
2024-01-15 07:56 - INFO - 	 ROC-AUC: 0.700
2024-01-15 07:56 - INFO - 	 PR-AUC: 0.409
2024-01-15 07:56 - INFO - 	 Best Val. Loss: 0.498
2024-01-15 07:56 - INFO - 	 Best ROC-AUC: 0.727
2024-01-15 07:56 - INFO - 	 Best PR-AUC: 0.442
2024-01-15 07:56 - INFO - 	 Test-ROC-AUC under Best Validation ROC-AUC: 0.707
2024-01-15 07:56 - INFO - 	 Test-PR-AUC under Best Validation Best PR-AUC: 0.431
2024-01-15 07:56 - INFO - ---------------------------------------------
2024-01-15 08:22 - INFO - ---------------------------------------------
2024-01-15 08:22 - INFO - Epoch: 06 | Time: 25m 12s
2024-01-15 08:22 - INFO - 	 New best val_rocauc loss was found, current best value is 0.73199
2024-01-15 08:22 - INFO - 	 Train Loss: 0.492
2024-01-15 08:22 - INFO - 	 Val. Loss: 0.495
2024-01-15 08:22 - INFO - 	 ROC-AUC: 0.732
2024-01-15 08:22 - INFO - 	 PR-AUC: 0.439
2024-01-15 08:22 - INFO - 	 Best Val. Loss: 0.495
2024-01-15 08:22 - INFO - 	 Best ROC-AUC: 0.732
2024-01-15 08:22 - INFO - 	 Best PR-AUC: 0.442
2024-01-15 08:22 - INFO - 	 Test-ROC-AUC under Best Validation ROC-AUC: 0.709
2024-01-15 08:22 - INFO - 	 Test-PR-AUC under Best Validation Best PR-AUC: 0.431
2024-01-15 08:22 - INFO - ---------------------------------------------
