2024-12-04 12:45 - INFO - Fit the preprocessing pipeline
2024-12-04 12:45 - INFO - Training using device: cuda
2024-12-04 12:45 - INFO - Creating generators
2024-12-04 12:45 - INFO - The model has 2,246,929 trainable parameters
2024-12-04 12:45 - INFO - * Model:
2024-12-04 12:45 - INFO - * -----------
2024-12-04 12:45 - INFO - CombinedModel(
  (upstream_model): TSTransformerEncoderCNN(
    (project_input): Linear(in_features=12, out_features=128, bias=True)
    (encoder): Linear(in_features=12, out_features=128, bias=True)
    (transformer_encoder): TransformerEncoder(
      (layers): ModuleList(
        (0-7): 8 x TransformerEncoderLayer(
          (self_attn): MultiheadAttention(
            (out_proj): NonDynamicallyQuantizableLinear(in_features=128, out_features=128, bias=True)
          )
          (linear1): Linear(in_features=128, out_features=512, bias=True)
          (dropout): Dropout(p=0.4, inplace=False)
          (linear2): Linear(in_features=512, out_features=128, bias=True)
          (norm1): LayerNorm((128,), eps=1e-05, elementwise_affine=True)
          (norm2): LayerNorm((128,), eps=1e-05, elementwise_affine=True)
          (dropout1): Dropout(p=0.4, inplace=False)
          (dropout2): Dropout(p=0.4, inplace=False)
        )
      )
    )
    (output_layer): Linear(in_features=128, out_features=12, bias=True)
    (dropout1): Dropout(p=0.4, inplace=False)
    (cnn): Conv1d(128, 12, kernel_size=(3,), stride=(1,), padding=(1,))
  )
  (downstream_model): DownstreamInception(
    (conv1): ConvBlock(
      (conv): Conv1d(12, 64, kernel_size=(7,), stride=(2,), padding=(3,))
      (bn): BatchNorm1d(64, eps=1e-05, momentum=0.1, affine=True, track_running_stats=True)
    )
    (conv2): ConvBlock(
      (conv): Conv1d(64, 128, kernel_size=(3,), stride=(1,), padding=(1,))
      (bn): BatchNorm1d(128, eps=1e-05, momentum=0.1, affine=True, track_running_stats=True)
    )
    (maxpool): MaxPool1d(kernel_size=3, stride=2, padding=1, dilation=1, ceil_mode=False)
    (inception3a): InceptionBlock(
      (branch1): ConvBlock(
        (conv): Conv1d(128, 64, kernel_size=(1,), stride=(1,))
        (bn): BatchNorm1d(64, eps=1e-05, momentum=0.1, affine=True, track_running_stats=True)
      )
      (branch2): Sequential(
        (0): ConvBlock(
          (conv): Conv1d(128, 96, kernel_size=(1,), stride=(1,))
          (bn): BatchNorm1d(96, eps=1e-05, momentum=0.1, affine=True, track_running_stats=True)
        )
        (1): ConvBlock(
          (conv): Conv1d(96, 128, kernel_size=(3,), stride=(1,), padding=(1,))
          (bn): BatchNorm1d(128, eps=1e-05, momentum=0.1, affine=True, track_running_stats=True)
        )
      )
      (branch3): Sequential(
        (0): ConvBlock(
          (conv): Conv1d(128, 16, kernel_size=(1,), stride=(1,))
          (bn): BatchNorm1d(16, eps=1e-05, momentum=0.1, affine=True, track_running_stats=True)
        )
        (1): ConvBlock(
          (conv): Conv1d(16, 32, kernel_size=(5,), stride=(1,), padding=(2,))
          (bn): BatchNorm1d(32, eps=1e-05, momentum=0.1, affine=True, track_running_stats=True)
        )
      )
      (branch4): Sequential(
        (0): MaxPool2d(kernel_size=3, stride=1, padding=1, dilation=1, ceil_mode=False)
        (1): ConvBlock(
          (conv): Conv1d(128, 32, kernel_size=(1,), stride=(1,))
          (bn): BatchNorm1d(32, eps=1e-05, momentum=0.1, affine=True, track_running_stats=True)
        )
      )
    )
    (inception3b): InceptionBlock(
      (branch1): ConvBlock(
        (conv): Conv1d(256, 128, kernel_size=(1,), stride=(1,))
        (bn): BatchNorm1d(128, eps=1e-05, momentum=0.1, affine=True, track_running_stats=True)
      )
      (branch2): Sequential(
        (0): ConvBlock(
          (conv): Conv1d(256, 128, kernel_size=(1,), stride=(1,))
          (bn): BatchNorm1d(128, eps=1e-05, momentum=0.1, affine=True, track_running_stats=True)
        )
        (1): ConvBlock(
          (conv): Conv1d(128, 192, kernel_size=(3,), stride=(1,), padding=(1,))
          (bn): BatchNorm1d(192, eps=1e-05, momentum=0.1, affine=True, track_running_stats=True)
        )
      )
      (branch3): Sequential(
        (0): ConvBlock(
          (conv): Conv1d(256, 32, kernel_size=(1,), stride=(1,))
          (bn): BatchNorm1d(32, eps=1e-05, momentum=0.1, affine=True, track_running_stats=True)
        )
        (1): ConvBlock(
          (conv): Conv1d(32, 96, kernel_size=(5,), stride=(1,), padding=(2,))
          (bn): BatchNorm1d(96, eps=1e-05, momentum=0.1, affine=True, track_running_stats=True)
        )
      )
      (branch4): Sequential(
        (0): MaxPool2d(kernel_size=3, stride=1, padding=1, dilation=1, ceil_mode=False)
        (1): ConvBlock(
          (conv): Conv1d(256, 64, kernel_size=(1,), stride=(1,))
          (bn): BatchNorm1d(64, eps=1e-05, momentum=0.1, affine=True, track_running_stats=True)
        )
      )
    )
    (inception4a): InceptionBlock(
      (branch1): ConvBlock(
        (conv): Conv1d(480, 192, kernel_size=(1,), stride=(1,))
        (bn): BatchNorm1d(192, eps=1e-05, momentum=0.1, affine=True, track_running_stats=True)
      )
      (branch2): Sequential(
        (0): ConvBlock(
          (conv): Conv1d(480, 96, kernel_size=(1,), stride=(1,))
          (bn): BatchNorm1d(96, eps=1e-05, momentum=0.1, affine=True, track_running_stats=True)
        )
        (1): ConvBlock(
          (conv): Conv1d(96, 208, kernel_size=(3,), stride=(1,), padding=(1,))
          (bn): BatchNorm1d(208, eps=1e-05, momentum=0.1, affine=True, track_running_stats=True)
        )
      )
      (branch3): Sequential(
        (0): ConvBlock(
          (conv): Conv1d(480, 16, kernel_size=(1,), stride=(1,))
          (bn): BatchNorm1d(16, eps=1e-05, momentum=0.1, affine=True, track_running_stats=True)
        )
        (1): ConvBlock(
          (conv): Conv1d(16, 48, kernel_size=(5,), stride=(1,), padding=(2,))
          (bn): BatchNorm1d(48, eps=1e-05, momentum=0.1, affine=True, track_running_stats=True)
        )
      )
      (branch4): Sequential(
        (0): MaxPool2d(kernel_size=3, stride=1, padding=1, dilation=1, ceil_mode=False)
        (1): ConvBlock(
          (conv): Conv1d(480, 64, kernel_size=(1,), stride=(1,))
          (bn): BatchNorm1d(64, eps=1e-05, momentum=0.1, affine=True, track_running_stats=True)
        )
      )
    )
    (inception4b): InceptionBlock(
      (branch1): ConvBlock(
        (conv): Conv1d(512, 32, kernel_size=(1,), stride=(1,))
        (bn): BatchNorm1d(32, eps=1e-05, momentum=0.1, affine=True, track_running_stats=True)
      )
      (branch2): Sequential(
        (0): ConvBlock(
          (conv): Conv1d(512, 112, kernel_size=(1,), stride=(1,))
          (bn): BatchNorm1d(112, eps=1e-05, momentum=0.1, affine=True, track_running_stats=True)
        )
        (1): ConvBlock(
          (conv): Conv1d(112, 32, kernel_size=(3,), stride=(1,), padding=(1,))
          (bn): BatchNorm1d(32, eps=1e-05, momentum=0.1, affine=True, track_running_stats=True)
        )
      )
      (branch3): Sequential(
        (0): ConvBlock(
          (conv): Conv1d(512, 24, kernel_size=(1,), stride=(1,))
          (bn): BatchNorm1d(24, eps=1e-05, momentum=0.1, affine=True, track_running_stats=True)
        )
        (1): ConvBlock(
          (conv): Conv1d(24, 64, kernel_size=(5,), stride=(1,), padding=(2,))
          (bn): BatchNorm1d(64, eps=1e-05, momentum=0.1, affine=True, track_running_stats=True)
        )
      )
      (branch4): Sequential(
        (0): MaxPool2d(kernel_size=3, stride=1, padding=1, dilation=1, ceil_mode=False)
        (1): ConvBlock(
          (conv): Conv1d(512, 32, kernel_size=(1,), stride=(1,))
          (bn): BatchNorm1d(32, eps=1e-05, momentum=0.1, affine=True, track_running_stats=True)
        )
      )
    )
    (avgpool): AvgPool1d(kernel_size=(5,), stride=(1,), padding=(0,))
    (dropout): Dropout(p=0.5, inplace=False)
    (fc): Linear(in_features=8480, out_features=1, bias=True)
    (sigmoid): Sigmoid()
  )
)
2024-12-04 12:45 - INFO - * -----------
2024-12-04 12:53 - INFO - ---------------------------------------------
2024-12-04 12:53 - INFO - Epoch: 01 | Time: 8m 3s
2024-12-04 12:53 - INFO - 	 New best val_rocauc loss was found, current best value is 0.52782
2024-12-04 12:53 - INFO - 	 Train Loss: 0.215
2024-12-04 12:53 - INFO - 	 Val. Loss: 0.198
2024-12-04 12:53 - INFO - 	 ROC-AUC: 0.940
2024-12-04 12:53 - INFO - 	 PR-AUC: 0.528
2024-12-04 12:53 - INFO - 	 Best Val. Loss: 0.198
2024-12-04 12:53 - INFO - 	 Best ROC-AUC: 0.940
2024-12-04 12:53 - INFO - 	 Best PR-AUC: 0.528
2024-12-04 12:53 - INFO - 	 Test-ROC-AUC under Best Validation ROC-AUC: 0.940
2024-12-04 12:53 - INFO - 	 Test-PR-AUC under Best Validation Best PR-AUC: 0.597
2024-12-04 12:53 - INFO - ---------------------------------------------
2024-12-04 13:01 - INFO - ---------------------------------------------
2024-12-04 13:01 - INFO - Epoch: 02 | Time: 8m 1s
2024-12-04 13:01 - INFO - 	 New best val_rocauc loss was found, current best value is 0.83744
2024-12-04 13:01 - INFO - 	 Train Loss: 0.095
2024-12-04 13:01 - INFO - 	 Val. Loss: 0.076
2024-12-04 13:01 - INFO - 	 ROC-AUC: 0.982
2024-12-04 13:01 - INFO - 	 PR-AUC: 0.837
2024-12-04 13:01 - INFO - 	 Best Val. Loss: 0.076
2024-12-04 13:01 - INFO - 	 Best ROC-AUC: 0.982
2024-12-04 13:01 - INFO - 	 Best PR-AUC: 0.837
2024-12-04 13:01 - INFO - 	 Test-ROC-AUC under Best Validation ROC-AUC: 0.981
2024-12-04 13:01 - INFO - 	 Test-PR-AUC under Best Validation Best PR-AUC: 0.819
2024-12-04 13:01 - INFO - ---------------------------------------------
2024-12-04 13:09 - INFO - ---------------------------------------------
2024-12-04 13:09 - INFO - Epoch: 03 | Time: 8m 1s
2024-12-04 13:09 - INFO - 	 New best val_rocauc loss was found, current best value is 0.87098
2024-12-04 13:09 - INFO - 	 Train Loss: 0.076
2024-12-04 13:09 - INFO - 	 Val. Loss: 0.065
2024-12-04 13:09 - INFO - 	 ROC-AUC: 0.986
2024-12-04 13:09 - INFO - 	 PR-AUC: 0.871
2024-12-04 13:09 - INFO - 	 Best Val. Loss: 0.065
2024-12-04 13:09 - INFO - 	 Best ROC-AUC: 0.986
2024-12-04 13:09 - INFO - 	 Best PR-AUC: 0.871
2024-12-04 13:09 - INFO - 	 Test-ROC-AUC under Best Validation ROC-AUC: 0.984
2024-12-04 13:09 - INFO - 	 Test-PR-AUC under Best Validation Best PR-AUC: 0.847
2024-12-04 13:09 - INFO - ---------------------------------------------
2024-12-04 13:17 - INFO - ---------------------------------------------
2024-12-04 13:17 - INFO - Epoch: 04 | Time: 8m 1s
2024-12-04 13:17 - INFO - 	 New best val_rocauc loss was found, current best value is 0.87183
2024-12-04 13:17 - INFO - 	 Train Loss: 0.071
2024-12-04 13:17 - INFO - 	 Val. Loss: 0.065
2024-12-04 13:17 - INFO - 	 ROC-AUC: 0.986
2024-12-04 13:17 - INFO - 	 PR-AUC: 0.872
2024-12-04 13:17 - INFO - 	 Best Val. Loss: 0.065
2024-12-04 13:17 - INFO - 	 Best ROC-AUC: 0.986
2024-12-04 13:17 - INFO - 	 Best PR-AUC: 0.872
2024-12-04 13:17 - INFO - 	 Test-ROC-AUC under Best Validation ROC-AUC: 0.984
2024-12-04 13:17 - INFO - 	 Test-PR-AUC under Best Validation Best PR-AUC: 0.845
2024-12-04 13:17 - INFO - ---------------------------------------------
2024-12-04 13:25 - INFO - ---------------------------------------------
2024-12-04 13:25 - INFO - Epoch: 05 | Time: 8m 1s
2024-12-04 13:25 - INFO - 	 New best val_rocauc loss was found, current best value is 0.88621
2024-12-04 13:25 - INFO - 	 Train Loss: 0.068
2024-12-04 13:25 - INFO - 	 Val. Loss: 0.060
2024-12-04 13:25 - INFO - 	 ROC-AUC: 0.988
2024-12-04 13:25 - INFO - 	 PR-AUC: 0.886
2024-12-04 13:25 - INFO - 	 Best Val. Loss: 0.060
2024-12-04 13:25 - INFO - 	 Best ROC-AUC: 0.988
2024-12-04 13:25 - INFO - 	 Best PR-AUC: 0.886
2024-12-04 13:25 - INFO - 	 Test-ROC-AUC under Best Validation ROC-AUC: 0.986
2024-12-04 13:25 - INFO - 	 Test-PR-AUC under Best Validation Best PR-AUC: 0.858
2024-12-04 13:25 - INFO - ---------------------------------------------
2024-12-04 13:33 - INFO - ---------------------------------------------
2024-12-04 13:33 - INFO - Epoch: 06 | Time: 8m 1s
2024-12-04 13:33 - INFO - 	 Train Loss: 0.065
2024-12-04 13:33 - INFO - 	 Val. Loss: 0.060
2024-12-04 13:33 - INFO - 	 ROC-AUC: 0.988
2024-12-04 13:33 - INFO - 	 PR-AUC: 0.874
2024-12-04 13:33 - INFO - 	 Best Val. Loss: 0.060
2024-12-04 13:33 - INFO - 	 Best ROC-AUC: 0.988
2024-12-04 13:33 - INFO - 	 Best PR-AUC: 0.886
2024-12-04 13:33 - INFO - 	 Test-ROC-AUC under Best Validation ROC-AUC: 0.986
2024-12-04 13:33 - INFO - 	 Test-PR-AUC under Best Validation Best PR-AUC: 0.858
2024-12-04 13:33 - INFO - ---------------------------------------------
2024-12-04 13:41 - INFO - ---------------------------------------------
2024-12-04 13:41 - INFO - Epoch: 07 | Time: 8m 1s
2024-12-04 13:41 - INFO - 	 Train Loss: 0.064
2024-12-04 13:41 - INFO - 	 Val. Loss: 0.060
2024-12-04 13:41 - INFO - 	 ROC-AUC: 0.988
2024-12-04 13:41 - INFO - 	 PR-AUC: 0.879
2024-12-04 13:41 - INFO - 	 Best Val. Loss: 0.060
2024-12-04 13:41 - INFO - 	 Best ROC-AUC: 0.988
2024-12-04 13:41 - INFO - 	 Best PR-AUC: 0.886
2024-12-04 13:41 - INFO - 	 Test-ROC-AUC under Best Validation ROC-AUC: 0.985
2024-12-04 13:41 - INFO - 	 Test-PR-AUC under Best Validation Best PR-AUC: 0.858
2024-12-04 13:41 - INFO - ---------------------------------------------
2024-12-04 13:49 - INFO - ---------------------------------------------
2024-12-04 13:49 - INFO - Epoch: 08 | Time: 8m 1s
2024-12-04 13:49 - INFO - 	 Train Loss: 0.062
2024-12-04 13:49 - INFO - 	 Val. Loss: 0.059
2024-12-04 13:49 - INFO - 	 ROC-AUC: 0.989
2024-12-04 13:49 - INFO - 	 PR-AUC: 0.886
2024-12-04 13:49 - INFO - 	 Best Val. Loss: 0.059
2024-12-04 13:49 - INFO - 	 Best ROC-AUC: 0.989
2024-12-04 13:49 - INFO - 	 Best PR-AUC: 0.886
2024-12-04 13:49 - INFO - 	 Test-ROC-AUC under Best Validation ROC-AUC: 0.987
2024-12-04 13:49 - INFO - 	 Test-PR-AUC under Best Validation Best PR-AUC: 0.858
2024-12-04 13:49 - INFO - ---------------------------------------------
2024-12-04 14:00 - INFO - Fit the preprocessing pipeline
2024-12-04 14:00 - INFO - Training using device: cuda
2024-12-04 14:00 - INFO - Creating generators
2024-12-04 14:00 - INFO - The model has 2,246,929 trainable parameters
2024-12-04 14:00 - INFO - * Model:
2024-12-04 14:00 - INFO - * -----------
2024-12-04 14:00 - INFO - CombinedModel(
  (upstream_model): TSTransformerEncoderCNN(
    (project_input): Linear(in_features=12, out_features=128, bias=True)
    (encoder): Linear(in_features=12, out_features=128, bias=True)
    (transformer_encoder): TransformerEncoder(
      (layers): ModuleList(
        (0-7): 8 x TransformerEncoderLayer(
          (self_attn): MultiheadAttention(
            (out_proj): NonDynamicallyQuantizableLinear(in_features=128, out_features=128, bias=True)
          )
          (linear1): Linear(in_features=128, out_features=512, bias=True)
          (dropout): Dropout(p=0.4, inplace=False)
          (linear2): Linear(in_features=512, out_features=128, bias=True)
          (norm1): LayerNorm((128,), eps=1e-05, elementwise_affine=True)
          (norm2): LayerNorm((128,), eps=1e-05, elementwise_affine=True)
          (dropout1): Dropout(p=0.4, inplace=False)
          (dropout2): Dropout(p=0.4, inplace=False)
        )
      )
    )
    (output_layer): Linear(in_features=128, out_features=12, bias=True)
    (dropout1): Dropout(p=0.4, inplace=False)
    (cnn): Conv1d(128, 12, kernel_size=(3,), stride=(1,), padding=(1,))
  )
  (downstream_model): DownstreamInception(
    (conv1): ConvBlock(
      (conv): Conv1d(12, 64, kernel_size=(7,), stride=(2,), padding=(3,))
      (bn): BatchNorm1d(64, eps=1e-05, momentum=0.1, affine=True, track_running_stats=True)
    )
    (conv2): ConvBlock(
      (conv): Conv1d(64, 128, kernel_size=(3,), stride=(1,), padding=(1,))
      (bn): BatchNorm1d(128, eps=1e-05, momentum=0.1, affine=True, track_running_stats=True)
    )
    (maxpool): MaxPool1d(kernel_size=3, stride=2, padding=1, dilation=1, ceil_mode=False)
    (inception3a): InceptionBlock(
      (branch1): ConvBlock(
        (conv): Conv1d(128, 64, kernel_size=(1,), stride=(1,))
        (bn): BatchNorm1d(64, eps=1e-05, momentum=0.1, affine=True, track_running_stats=True)
      )
      (branch2): Sequential(
        (0): ConvBlock(
          (conv): Conv1d(128, 96, kernel_size=(1,), stride=(1,))
          (bn): BatchNorm1d(96, eps=1e-05, momentum=0.1, affine=True, track_running_stats=True)
        )
        (1): ConvBlock(
          (conv): Conv1d(96, 128, kernel_size=(3,), stride=(1,), padding=(1,))
          (bn): BatchNorm1d(128, eps=1e-05, momentum=0.1, affine=True, track_running_stats=True)
        )
      )
      (branch3): Sequential(
        (0): ConvBlock(
          (conv): Conv1d(128, 16, kernel_size=(1,), stride=(1,))
          (bn): BatchNorm1d(16, eps=1e-05, momentum=0.1, affine=True, track_running_stats=True)
        )
        (1): ConvBlock(
          (conv): Conv1d(16, 32, kernel_size=(5,), stride=(1,), padding=(2,))
          (bn): BatchNorm1d(32, eps=1e-05, momentum=0.1, affine=True, track_running_stats=True)
        )
      )
      (branch4): Sequential(
        (0): MaxPool2d(kernel_size=3, stride=1, padding=1, dilation=1, ceil_mode=False)
        (1): ConvBlock(
          (conv): Conv1d(128, 32, kernel_size=(1,), stride=(1,))
          (bn): BatchNorm1d(32, eps=1e-05, momentum=0.1, affine=True, track_running_stats=True)
        )
      )
    )
    (inception3b): InceptionBlock(
      (branch1): ConvBlock(
        (conv): Conv1d(256, 128, kernel_size=(1,), stride=(1,))
        (bn): BatchNorm1d(128, eps=1e-05, momentum=0.1, affine=True, track_running_stats=True)
      )
      (branch2): Sequential(
        (0): ConvBlock(
          (conv): Conv1d(256, 128, kernel_size=(1,), stride=(1,))
          (bn): BatchNorm1d(128, eps=1e-05, momentum=0.1, affine=True, track_running_stats=True)
        )
        (1): ConvBlock(
          (conv): Conv1d(128, 192, kernel_size=(3,), stride=(1,), padding=(1,))
          (bn): BatchNorm1d(192, eps=1e-05, momentum=0.1, affine=True, track_running_stats=True)
        )
      )
      (branch3): Sequential(
        (0): ConvBlock(
          (conv): Conv1d(256, 32, kernel_size=(1,), stride=(1,))
          (bn): BatchNorm1d(32, eps=1e-05, momentum=0.1, affine=True, track_running_stats=True)
        )
        (1): ConvBlock(
          (conv): Conv1d(32, 96, kernel_size=(5,), stride=(1,), padding=(2,))
          (bn): BatchNorm1d(96, eps=1e-05, momentum=0.1, affine=True, track_running_stats=True)
        )
      )
      (branch4): Sequential(
        (0): MaxPool2d(kernel_size=3, stride=1, padding=1, dilation=1, ceil_mode=False)
        (1): ConvBlock(
          (conv): Conv1d(256, 64, kernel_size=(1,), stride=(1,))
          (bn): BatchNorm1d(64, eps=1e-05, momentum=0.1, affine=True, track_running_stats=True)
        )
      )
    )
    (inception4a): InceptionBlock(
      (branch1): ConvBlock(
        (conv): Conv1d(480, 192, kernel_size=(1,), stride=(1,))
        (bn): BatchNorm1d(192, eps=1e-05, momentum=0.1, affine=True, track_running_stats=True)
      )
      (branch2): Sequential(
        (0): ConvBlock(
          (conv): Conv1d(480, 96, kernel_size=(1,), stride=(1,))
          (bn): BatchNorm1d(96, eps=1e-05, momentum=0.1, affine=True, track_running_stats=True)
        )
        (1): ConvBlock(
          (conv): Conv1d(96, 208, kernel_size=(3,), stride=(1,), padding=(1,))
          (bn): BatchNorm1d(208, eps=1e-05, momentum=0.1, affine=True, track_running_stats=True)
        )
      )
      (branch3): Sequential(
        (0): ConvBlock(
          (conv): Conv1d(480, 16, kernel_size=(1,), stride=(1,))
          (bn): BatchNorm1d(16, eps=1e-05, momentum=0.1, affine=True, track_running_stats=True)
        )
        (1): ConvBlock(
          (conv): Conv1d(16, 48, kernel_size=(5,), stride=(1,), padding=(2,))
          (bn): BatchNorm1d(48, eps=1e-05, momentum=0.1, affine=True, track_running_stats=True)
        )
      )
      (branch4): Sequential(
        (0): MaxPool2d(kernel_size=3, stride=1, padding=1, dilation=1, ceil_mode=False)
        (1): ConvBlock(
          (conv): Conv1d(480, 64, kernel_size=(1,), stride=(1,))
          (bn): BatchNorm1d(64, eps=1e-05, momentum=0.1, affine=True, track_running_stats=True)
        )
      )
    )
    (inception4b): InceptionBlock(
      (branch1): ConvBlock(
        (conv): Conv1d(512, 32, kernel_size=(1,), stride=(1,))
        (bn): BatchNorm1d(32, eps=1e-05, momentum=0.1, affine=True, track_running_stats=True)
      )
      (branch2): Sequential(
        (0): ConvBlock(
          (conv): Conv1d(512, 112, kernel_size=(1,), stride=(1,))
          (bn): BatchNorm1d(112, eps=1e-05, momentum=0.1, affine=True, track_running_stats=True)
        )
        (1): ConvBlock(
          (conv): Conv1d(112, 32, kernel_size=(3,), stride=(1,), padding=(1,))
          (bn): BatchNorm1d(32, eps=1e-05, momentum=0.1, affine=True, track_running_stats=True)
        )
      )
      (branch3): Sequential(
        (0): ConvBlock(
          (conv): Conv1d(512, 24, kernel_size=(1,), stride=(1,))
          (bn): BatchNorm1d(24, eps=1e-05, momentum=0.1, affine=True, track_running_stats=True)
        )
        (1): ConvBlock(
          (conv): Conv1d(24, 64, kernel_size=(5,), stride=(1,), padding=(2,))
          (bn): BatchNorm1d(64, eps=1e-05, momentum=0.1, affine=True, track_running_stats=True)
        )
      )
      (branch4): Sequential(
        (0): MaxPool2d(kernel_size=3, stride=1, padding=1, dilation=1, ceil_mode=False)
        (1): ConvBlock(
          (conv): Conv1d(512, 32, kernel_size=(1,), stride=(1,))
          (bn): BatchNorm1d(32, eps=1e-05, momentum=0.1, affine=True, track_running_stats=True)
        )
      )
    )
    (avgpool): AvgPool1d(kernel_size=(5,), stride=(1,), padding=(0,))
    (dropout): Dropout(p=0.5, inplace=False)
    (fc): Linear(in_features=8480, out_features=1, bias=True)
    (sigmoid): Sigmoid()
  )
)
2024-12-04 14:00 - INFO - * -----------
2024-12-04 14:08 - INFO - ---------------------------------------------
2024-12-04 14:08 - INFO - Epoch: 01 | Time: 8m 1s
2024-12-04 14:08 - INFO - 	 New best val_rocauc loss was found, current best value is 0.55294
2024-12-04 14:08 - INFO - 	 Train Loss: 0.218
2024-12-04 14:08 - INFO - 	 Val. Loss: 0.134
2024-12-04 14:08 - INFO - 	 ROC-AUC: 0.951
2024-12-04 14:08 - INFO - 	 PR-AUC: 0.553
2024-12-04 14:08 - INFO - 	 Best Val. Loss: 0.134
2024-12-04 14:08 - INFO - 	 Best ROC-AUC: 0.951
2024-12-04 14:08 - INFO - 	 Best PR-AUC: 0.553
2024-12-04 14:08 - INFO - 	 Test-ROC-AUC under Best Validation ROC-AUC: 0.951
2024-12-04 14:08 - INFO - 	 Test-PR-AUC under Best Validation Best PR-AUC: 0.608
2024-12-04 14:08 - INFO - ---------------------------------------------
2024-12-04 14:16 - INFO - ---------------------------------------------
2024-12-04 14:16 - INFO - Epoch: 02 | Time: 8m 2s
2024-12-04 14:16 - INFO - 	 New best val_rocauc loss was found, current best value is 0.83646
2024-12-04 14:16 - INFO - 	 Train Loss: 0.095
2024-12-04 14:16 - INFO - 	 Val. Loss: 0.073
2024-12-04 14:16 - INFO - 	 ROC-AUC: 0.982
2024-12-04 14:16 - INFO - 	 PR-AUC: 0.836
2024-12-04 14:16 - INFO - 	 Best Val. Loss: 0.073
2024-12-04 14:16 - INFO - 	 Best ROC-AUC: 0.982
2024-12-04 14:16 - INFO - 	 Best PR-AUC: 0.836
2024-12-04 14:16 - INFO - 	 Test-ROC-AUC under Best Validation ROC-AUC: 0.982
2024-12-04 14:16 - INFO - 	 Test-PR-AUC under Best Validation Best PR-AUC: 0.818
2024-12-04 14:16 - INFO - ---------------------------------------------
2024-12-04 14:24 - INFO - ---------------------------------------------
2024-12-04 14:24 - INFO - Epoch: 03 | Time: 8m 1s
2024-12-04 14:24 - INFO - 	 New best val_rocauc loss was found, current best value is 0.84445
2024-12-04 14:24 - INFO - 	 Train Loss: 0.079
2024-12-04 14:24 - INFO - 	 Val. Loss: 0.076
2024-12-04 14:24 - INFO - 	 ROC-AUC: 0.984
2024-12-04 14:24 - INFO - 	 PR-AUC: 0.844
2024-12-04 14:24 - INFO - 	 Best Val. Loss: 0.073
2024-12-04 14:24 - INFO - 	 Best ROC-AUC: 0.984
2024-12-04 14:24 - INFO - 	 Best PR-AUC: 0.844
2024-12-04 14:24 - INFO - 	 Test-ROC-AUC under Best Validation ROC-AUC: 0.981
2024-12-04 14:24 - INFO - 	 Test-PR-AUC under Best Validation Best PR-AUC: 0.819
2024-12-04 14:24 - INFO - ---------------------------------------------
2024-12-04 14:32 - INFO - ---------------------------------------------
2024-12-04 14:32 - INFO - Epoch: 04 | Time: 8m 1s
2024-12-04 14:32 - INFO - 	 New best val_rocauc loss was found, current best value is 0.86022
2024-12-04 14:32 - INFO - 	 Train Loss: 0.071
2024-12-04 14:32 - INFO - 	 Val. Loss: 0.066
2024-12-04 14:32 - INFO - 	 ROC-AUC: 0.986
2024-12-04 14:32 - INFO - 	 PR-AUC: 0.860
2024-12-04 14:32 - INFO - 	 Best Val. Loss: 0.066
2024-12-04 14:32 - INFO - 	 Best ROC-AUC: 0.986
2024-12-04 14:32 - INFO - 	 Best PR-AUC: 0.860
2024-12-04 14:32 - INFO - 	 Test-ROC-AUC under Best Validation ROC-AUC: 0.983
2024-12-04 14:32 - INFO - 	 Test-PR-AUC under Best Validation Best PR-AUC: 0.852
2024-12-04 14:32 - INFO - ---------------------------------------------
2024-12-04 14:40 - INFO - ---------------------------------------------
2024-12-04 14:40 - INFO - Epoch: 05 | Time: 8m 2s
2024-12-04 14:40 - INFO - 	 New best val_rocauc loss was found, current best value is 0.87511
2024-12-04 14:40 - INFO - 	 Train Loss: 0.069
2024-12-04 14:40 - INFO - 	 Val. Loss: 0.067
2024-12-04 14:40 - INFO - 	 ROC-AUC: 0.986
2024-12-04 14:40 - INFO - 	 PR-AUC: 0.875
2024-12-04 14:40 - INFO - 	 Best Val. Loss: 0.066
2024-12-04 14:40 - INFO - 	 Best ROC-AUC: 0.986
2024-12-04 14:40 - INFO - 	 Best PR-AUC: 0.875
2024-12-04 14:40 - INFO - 	 Test-ROC-AUC under Best Validation ROC-AUC: 0.983
2024-12-04 14:40 - INFO - 	 Test-PR-AUC under Best Validation Best PR-AUC: 0.850
2024-12-04 14:40 - INFO - ---------------------------------------------
2024-12-04 14:48 - INFO - ---------------------------------------------
2024-12-04 14:48 - INFO - Epoch: 06 | Time: 8m 0s
2024-12-04 14:48 - INFO - 	 New best val_rocauc loss was found, current best value is 0.88413
2024-12-04 14:48 - INFO - 	 Train Loss: 0.067
2024-12-04 14:48 - INFO - 	 Val. Loss: 0.059
2024-12-04 14:48 - INFO - 	 ROC-AUC: 0.988
2024-12-04 14:48 - INFO - 	 PR-AUC: 0.884
2024-12-04 14:48 - INFO - 	 Best Val. Loss: 0.059
2024-12-04 14:48 - INFO - 	 Best ROC-AUC: 0.988
2024-12-04 14:48 - INFO - 	 Best PR-AUC: 0.884
2024-12-04 14:48 - INFO - 	 Test-ROC-AUC under Best Validation ROC-AUC: 0.985
2024-12-04 14:48 - INFO - 	 Test-PR-AUC under Best Validation Best PR-AUC: 0.850
2024-12-04 14:48 - INFO - ---------------------------------------------
2024-12-04 14:56 - INFO - ---------------------------------------------
2024-12-04 14:56 - INFO - Epoch: 07 | Time: 8m 1s
2024-12-04 14:56 - INFO - 	 Train Loss: 0.064
2024-12-04 14:56 - INFO - 	 Val. Loss: 0.062
2024-12-04 14:56 - INFO - 	 ROC-AUC: 0.987
2024-12-04 14:56 - INFO - 	 PR-AUC: 0.882
2024-12-04 14:56 - INFO - 	 Best Val. Loss: 0.059
2024-12-04 14:56 - INFO - 	 Best ROC-AUC: 0.988
2024-12-04 14:56 - INFO - 	 Best PR-AUC: 0.884
2024-12-04 14:56 - INFO - 	 Test-ROC-AUC under Best Validation ROC-AUC: 0.985
2024-12-04 14:56 - INFO - 	 Test-PR-AUC under Best Validation Best PR-AUC: 0.850
2024-12-04 14:56 - INFO - ---------------------------------------------
2024-12-04 15:04 - INFO - ---------------------------------------------
2024-12-04 15:04 - INFO - Epoch: 08 | Time: 8m 1s
2024-12-04 15:04 - INFO - 	 New best val_rocauc loss was found, current best value is 0.89434
2024-12-04 15:04 - INFO - 	 Train Loss: 0.062
2024-12-04 15:04 - INFO - 	 Val. Loss: 0.058
2024-12-04 15:04 - INFO - 	 ROC-AUC: 0.988
2024-12-04 15:04 - INFO - 	 PR-AUC: 0.894
2024-12-04 15:04 - INFO - 	 Best Val. Loss: 0.058
2024-12-04 15:04 - INFO - 	 Best ROC-AUC: 0.988
2024-12-04 15:04 - INFO - 	 Best PR-AUC: 0.894
2024-12-04 15:04 - INFO - 	 Test-ROC-AUC under Best Validation ROC-AUC: 0.986
2024-12-04 15:04 - INFO - 	 Test-PR-AUC under Best Validation Best PR-AUC: 0.856
2024-12-04 15:04 - INFO - ---------------------------------------------
2024-12-04 15:12 - INFO - ---------------------------------------------
2024-12-04 15:12 - INFO - Epoch: 09 | Time: 8m 1s
2024-12-04 15:12 - INFO - 	 Train Loss: 0.060
2024-12-04 15:12 - INFO - 	 Val. Loss: 0.057
2024-12-04 15:12 - INFO - 	 ROC-AUC: 0.988
2024-12-04 15:12 - INFO - 	 PR-AUC: 0.894
2024-12-04 15:12 - INFO - 	 Best Val. Loss: 0.057
2024-12-04 15:12 - INFO - 	 Best ROC-AUC: 0.988
2024-12-04 15:12 - INFO - 	 Best PR-AUC: 0.894
2024-12-04 15:12 - INFO - 	 Test-ROC-AUC under Best Validation ROC-AUC: 0.985
2024-12-04 15:12 - INFO - 	 Test-PR-AUC under Best Validation Best PR-AUC: 0.856
2024-12-04 15:12 - INFO - ---------------------------------------------
2024-12-04 15:20 - INFO - ---------------------------------------------
2024-12-04 15:20 - INFO - Epoch: 10 | Time: 8m 1s
2024-12-04 15:20 - INFO - 	 Train Loss: 0.058
2024-12-04 15:20 - INFO - 	 Val. Loss: 0.060
2024-12-04 15:20 - INFO - 	 ROC-AUC: 0.988
2024-12-04 15:20 - INFO - 	 PR-AUC: 0.891
2024-12-04 15:20 - INFO - 	 Best Val. Loss: 0.057
2024-12-04 15:20 - INFO - 	 Best ROC-AUC: 0.988
2024-12-04 15:20 - INFO - 	 Best PR-AUC: 0.894
2024-12-04 15:20 - INFO - 	 Test-ROC-AUC under Best Validation ROC-AUC: 0.985
2024-12-04 15:20 - INFO - 	 Test-PR-AUC under Best Validation Best PR-AUC: 0.856
2024-12-04 15:20 - INFO - ---------------------------------------------
2024-12-04 15:22 - INFO - Fit the preprocessing pipeline
2024-12-04 15:22 - INFO - Training using device: cuda
2024-12-04 15:22 - INFO - Creating generators
2024-12-04 15:22 - INFO - The model has 2,246,929 trainable parameters
2024-12-04 15:22 - INFO - * Model:
2024-12-04 15:22 - INFO - * -----------
2024-12-04 15:22 - INFO - CombinedModel(
  (upstream_model): TSTransformerEncoderCNN(
    (project_input): Linear(in_features=12, out_features=128, bias=True)
    (encoder): Linear(in_features=12, out_features=128, bias=True)
    (transformer_encoder): TransformerEncoder(
      (layers): ModuleList(
        (0-7): 8 x TransformerEncoderLayer(
          (self_attn): MultiheadAttention(
            (out_proj): NonDynamicallyQuantizableLinear(in_features=128, out_features=128, bias=True)
          )
          (linear1): Linear(in_features=128, out_features=512, bias=True)
          (dropout): Dropout(p=0.4, inplace=False)
          (linear2): Linear(in_features=512, out_features=128, bias=True)
          (norm1): LayerNorm((128,), eps=1e-05, elementwise_affine=True)
          (norm2): LayerNorm((128,), eps=1e-05, elementwise_affine=True)
          (dropout1): Dropout(p=0.4, inplace=False)
          (dropout2): Dropout(p=0.4, inplace=False)
        )
      )
    )
    (output_layer): Linear(in_features=128, out_features=12, bias=True)
    (dropout1): Dropout(p=0.4, inplace=False)
    (cnn): Conv1d(128, 12, kernel_size=(3,), stride=(1,), padding=(1,))
  )
  (downstream_model): DownstreamInception(
    (conv1): ConvBlock(
      (conv): Conv1d(12, 64, kernel_size=(7,), stride=(2,), padding=(3,))
      (bn): BatchNorm1d(64, eps=1e-05, momentum=0.1, affine=True, track_running_stats=True)
    )
    (conv2): ConvBlock(
      (conv): Conv1d(64, 128, kernel_size=(3,), stride=(1,), padding=(1,))
      (bn): BatchNorm1d(128, eps=1e-05, momentum=0.1, affine=True, track_running_stats=True)
    )
    (maxpool): MaxPool1d(kernel_size=3, stride=2, padding=1, dilation=1, ceil_mode=False)
    (inception3a): InceptionBlock(
      (branch1): ConvBlock(
        (conv): Conv1d(128, 64, kernel_size=(1,), stride=(1,))
        (bn): BatchNorm1d(64, eps=1e-05, momentum=0.1, affine=True, track_running_stats=True)
      )
      (branch2): Sequential(
        (0): ConvBlock(
          (conv): Conv1d(128, 96, kernel_size=(1,), stride=(1,))
          (bn): BatchNorm1d(96, eps=1e-05, momentum=0.1, affine=True, track_running_stats=True)
        )
        (1): ConvBlock(
          (conv): Conv1d(96, 128, kernel_size=(3,), stride=(1,), padding=(1,))
          (bn): BatchNorm1d(128, eps=1e-05, momentum=0.1, affine=True, track_running_stats=True)
        )
      )
      (branch3): Sequential(
        (0): ConvBlock(
          (conv): Conv1d(128, 16, kernel_size=(1,), stride=(1,))
          (bn): BatchNorm1d(16, eps=1e-05, momentum=0.1, affine=True, track_running_stats=True)
        )
        (1): ConvBlock(
          (conv): Conv1d(16, 32, kernel_size=(5,), stride=(1,), padding=(2,))
          (bn): BatchNorm1d(32, eps=1e-05, momentum=0.1, affine=True, track_running_stats=True)
        )
      )
      (branch4): Sequential(
        (0): MaxPool2d(kernel_size=3, stride=1, padding=1, dilation=1, ceil_mode=False)
        (1): ConvBlock(
          (conv): Conv1d(128, 32, kernel_size=(1,), stride=(1,))
          (bn): BatchNorm1d(32, eps=1e-05, momentum=0.1, affine=True, track_running_stats=True)
        )
      )
    )
    (inception3b): InceptionBlock(
      (branch1): ConvBlock(
        (conv): Conv1d(256, 128, kernel_size=(1,), stride=(1,))
        (bn): BatchNorm1d(128, eps=1e-05, momentum=0.1, affine=True, track_running_stats=True)
      )
      (branch2): Sequential(
        (0): ConvBlock(
          (conv): Conv1d(256, 128, kernel_size=(1,), stride=(1,))
          (bn): BatchNorm1d(128, eps=1e-05, momentum=0.1, affine=True, track_running_stats=True)
        )
        (1): ConvBlock(
          (conv): Conv1d(128, 192, kernel_size=(3,), stride=(1,), padding=(1,))
          (bn): BatchNorm1d(192, eps=1e-05, momentum=0.1, affine=True, track_running_stats=True)
        )
      )
      (branch3): Sequential(
        (0): ConvBlock(
          (conv): Conv1d(256, 32, kernel_size=(1,), stride=(1,))
          (bn): BatchNorm1d(32, eps=1e-05, momentum=0.1, affine=True, track_running_stats=True)
        )
        (1): ConvBlock(
          (conv): Conv1d(32, 96, kernel_size=(5,), stride=(1,), padding=(2,))
          (bn): BatchNorm1d(96, eps=1e-05, momentum=0.1, affine=True, track_running_stats=True)
        )
      )
      (branch4): Sequential(
        (0): MaxPool2d(kernel_size=3, stride=1, padding=1, dilation=1, ceil_mode=False)
        (1): ConvBlock(
          (conv): Conv1d(256, 64, kernel_size=(1,), stride=(1,))
          (bn): BatchNorm1d(64, eps=1e-05, momentum=0.1, affine=True, track_running_stats=True)
        )
      )
    )
    (inception4a): InceptionBlock(
      (branch1): ConvBlock(
        (conv): Conv1d(480, 192, kernel_size=(1,), stride=(1,))
        (bn): BatchNorm1d(192, eps=1e-05, momentum=0.1, affine=True, track_running_stats=True)
      )
      (branch2): Sequential(
        (0): ConvBlock(
          (conv): Conv1d(480, 96, kernel_size=(1,), stride=(1,))
          (bn): BatchNorm1d(96, eps=1e-05, momentum=0.1, affine=True, track_running_stats=True)
        )
        (1): ConvBlock(
          (conv): Conv1d(96, 208, kernel_size=(3,), stride=(1,), padding=(1,))
          (bn): BatchNorm1d(208, eps=1e-05, momentum=0.1, affine=True, track_running_stats=True)
        )
      )
      (branch3): Sequential(
        (0): ConvBlock(
          (conv): Conv1d(480, 16, kernel_size=(1,), stride=(1,))
          (bn): BatchNorm1d(16, eps=1e-05, momentum=0.1, affine=True, track_running_stats=True)
        )
        (1): ConvBlock(
          (conv): Conv1d(16, 48, kernel_size=(5,), stride=(1,), padding=(2,))
          (bn): BatchNorm1d(48, eps=1e-05, momentum=0.1, affine=True, track_running_stats=True)
        )
      )
      (branch4): Sequential(
        (0): MaxPool2d(kernel_size=3, stride=1, padding=1, dilation=1, ceil_mode=False)
        (1): ConvBlock(
          (conv): Conv1d(480, 64, kernel_size=(1,), stride=(1,))
          (bn): BatchNorm1d(64, eps=1e-05, momentum=0.1, affine=True, track_running_stats=True)
        )
      )
    )
    (inception4b): InceptionBlock(
      (branch1): ConvBlock(
        (conv): Conv1d(512, 32, kernel_size=(1,), stride=(1,))
        (bn): BatchNorm1d(32, eps=1e-05, momentum=0.1, affine=True, track_running_stats=True)
      )
      (branch2): Sequential(
        (0): ConvBlock(
          (conv): Conv1d(512, 112, kernel_size=(1,), stride=(1,))
          (bn): BatchNorm1d(112, eps=1e-05, momentum=0.1, affine=True, track_running_stats=True)
        )
        (1): ConvBlock(
          (conv): Conv1d(112, 32, kernel_size=(3,), stride=(1,), padding=(1,))
          (bn): BatchNorm1d(32, eps=1e-05, momentum=0.1, affine=True, track_running_stats=True)
        )
      )
      (branch3): Sequential(
        (0): ConvBlock(
          (conv): Conv1d(512, 24, kernel_size=(1,), stride=(1,))
          (bn): BatchNorm1d(24, eps=1e-05, momentum=0.1, affine=True, track_running_stats=True)
        )
        (1): ConvBlock(
          (conv): Conv1d(24, 64, kernel_size=(5,), stride=(1,), padding=(2,))
          (bn): BatchNorm1d(64, eps=1e-05, momentum=0.1, affine=True, track_running_stats=True)
        )
      )
      (branch4): Sequential(
        (0): MaxPool2d(kernel_size=3, stride=1, padding=1, dilation=1, ceil_mode=False)
        (1): ConvBlock(
          (conv): Conv1d(512, 32, kernel_size=(1,), stride=(1,))
          (bn): BatchNorm1d(32, eps=1e-05, momentum=0.1, affine=True, track_running_stats=True)
        )
      )
    )
    (avgpool): AvgPool1d(kernel_size=(5,), stride=(1,), padding=(0,))
    (dropout): Dropout(p=0.5, inplace=False)
    (fc): Linear(in_features=8480, out_features=1, bias=True)
    (sigmoid): Sigmoid()
  )
)
2024-12-04 15:22 - INFO - * -----------
2024-12-04 15:30 - INFO - ---------------------------------------------
2024-12-04 15:30 - INFO - Epoch: 01 | Time: 8m 1s
2024-12-04 15:30 - INFO - 	 New best val_rocauc loss was found, current best value is 0.45619
2024-12-04 15:30 - INFO - 	 Train Loss: 0.219
2024-12-04 15:30 - INFO - 	 Val. Loss: 0.221
2024-12-04 15:30 - INFO - 	 ROC-AUC: 0.925
2024-12-04 15:30 - INFO - 	 PR-AUC: 0.456
2024-12-04 15:30 - INFO - 	 Best Val. Loss: 0.221
2024-12-04 15:30 - INFO - 	 Best ROC-AUC: 0.925
2024-12-04 15:30 - INFO - 	 Best PR-AUC: 0.456
2024-12-04 15:30 - INFO - 	 Test-ROC-AUC under Best Validation ROC-AUC: 0.927
2024-12-04 15:30 - INFO - 	 Test-PR-AUC under Best Validation Best PR-AUC: 0.527
2024-12-04 15:30 - INFO - ---------------------------------------------
2024-12-04 15:38 - INFO - ---------------------------------------------
2024-12-04 15:38 - INFO - Epoch: 02 | Time: 8m 1s
2024-12-04 15:38 - INFO - 	 New best val_rocauc loss was found, current best value is 0.84307
2024-12-04 15:38 - INFO - 	 Train Loss: 0.098
2024-12-04 15:38 - INFO - 	 Val. Loss: 0.073
2024-12-04 15:38 - INFO - 	 ROC-AUC: 0.983
2024-12-04 15:38 - INFO - 	 PR-AUC: 0.843
2024-12-04 15:38 - INFO - 	 Best Val. Loss: 0.073
2024-12-04 15:38 - INFO - 	 Best ROC-AUC: 0.983
2024-12-04 15:38 - INFO - 	 Best PR-AUC: 0.843
2024-12-04 15:38 - INFO - 	 Test-ROC-AUC under Best Validation ROC-AUC: 0.983
2024-12-04 15:38 - INFO - 	 Test-PR-AUC under Best Validation Best PR-AUC: 0.833
2024-12-04 15:38 - INFO - ---------------------------------------------
2024-12-04 15:46 - INFO - ---------------------------------------------
2024-12-04 15:46 - INFO - Epoch: 03 | Time: 8m 2s
2024-12-04 15:46 - INFO - 	 New best val_rocauc loss was found, current best value is 0.86769
2024-12-04 15:46 - INFO - 	 Train Loss: 0.078
2024-12-04 15:46 - INFO - 	 Val. Loss: 0.066
2024-12-04 15:46 - INFO - 	 ROC-AUC: 0.986
2024-12-04 15:46 - INFO - 	 PR-AUC: 0.868
2024-12-04 15:46 - INFO - 	 Best Val. Loss: 0.066
2024-12-04 15:46 - INFO - 	 Best ROC-AUC: 0.986
2024-12-04 15:46 - INFO - 	 Best PR-AUC: 0.868
2024-12-04 15:46 - INFO - 	 Test-ROC-AUC under Best Validation ROC-AUC: 0.985
2024-12-04 15:46 - INFO - 	 Test-PR-AUC under Best Validation Best PR-AUC: 0.845
2024-12-04 15:46 - INFO - ---------------------------------------------
2024-12-04 15:55 - INFO - ---------------------------------------------
2024-12-04 15:55 - INFO - Epoch: 04 | Time: 8m 1s
2024-12-04 15:55 - INFO - 	 New best val_rocauc loss was found, current best value is 0.87722
2024-12-04 15:55 - INFO - 	 Train Loss: 0.071
2024-12-04 15:55 - INFO - 	 Val. Loss: 0.063
2024-12-04 15:55 - INFO - 	 ROC-AUC: 0.987
2024-12-04 15:55 - INFO - 	 PR-AUC: 0.877
2024-12-04 15:55 - INFO - 	 Best Val. Loss: 0.063
2024-12-04 15:55 - INFO - 	 Best ROC-AUC: 0.987
2024-12-04 15:55 - INFO - 	 Best PR-AUC: 0.877
2024-12-04 15:55 - INFO - 	 Test-ROC-AUC under Best Validation ROC-AUC: 0.983
2024-12-04 15:55 - INFO - 	 Test-PR-AUC under Best Validation Best PR-AUC: 0.857
2024-12-04 15:55 - INFO - ---------------------------------------------
2024-12-04 16:03 - INFO - ---------------------------------------------
2024-12-04 16:03 - INFO - Epoch: 05 | Time: 8m 1s
2024-12-04 16:03 - INFO - 	 New best val_rocauc loss was found, current best value is 0.88665
2024-12-04 16:03 - INFO - 	 Train Loss: 0.067
2024-12-04 16:03 - INFO - 	 Val. Loss: 0.060
2024-12-04 16:03 - INFO - 	 ROC-AUC: 0.987
2024-12-04 16:03 - INFO - 	 PR-AUC: 0.887
2024-12-04 16:03 - INFO - 	 Best Val. Loss: 0.060
2024-12-04 16:03 - INFO - 	 Best ROC-AUC: 0.987
2024-12-04 16:03 - INFO - 	 Best PR-AUC: 0.887
2024-12-04 16:03 - INFO - 	 Test-ROC-AUC under Best Validation ROC-AUC: 0.986
2024-12-04 16:03 - INFO - 	 Test-PR-AUC under Best Validation Best PR-AUC: 0.860
2024-12-04 16:03 - INFO - ---------------------------------------------
2024-12-04 16:11 - INFO - ---------------------------------------------
2024-12-04 16:11 - INFO - Epoch: 06 | Time: 8m 1s
2024-12-04 16:11 - INFO - 	 Train Loss: 0.064
2024-12-04 16:11 - INFO - 	 Val. Loss: 0.061
2024-12-04 16:11 - INFO - 	 ROC-AUC: 0.987
2024-12-04 16:11 - INFO - 	 PR-AUC: 0.878
2024-12-04 16:11 - INFO - 	 Best Val. Loss: 0.060
2024-12-04 16:11 - INFO - 	 Best ROC-AUC: 0.987
2024-12-04 16:11 - INFO - 	 Best PR-AUC: 0.887
2024-12-04 16:11 - INFO - 	 Test-ROC-AUC under Best Validation ROC-AUC: 0.987
2024-12-04 16:11 - INFO - 	 Test-PR-AUC under Best Validation Best PR-AUC: 0.860
2024-12-04 16:11 - INFO - ---------------------------------------------
2024-12-04 16:19 - INFO - ---------------------------------------------
2024-12-04 16:19 - INFO - Epoch: 07 | Time: 8m 1s
2024-12-04 16:19 - INFO - 	 Train Loss: 0.063
2024-12-04 16:19 - INFO - 	 Val. Loss: 0.058
2024-12-04 16:19 - INFO - 	 ROC-AUC: 0.989
2024-12-04 16:19 - INFO - 	 PR-AUC: 0.886
2024-12-04 16:19 - INFO - 	 Best Val. Loss: 0.058
2024-12-04 16:19 - INFO - 	 Best ROC-AUC: 0.989
2024-12-04 16:19 - INFO - 	 Best PR-AUC: 0.887
2024-12-04 16:19 - INFO - 	 Test-ROC-AUC under Best Validation ROC-AUC: 0.987
2024-12-04 16:19 - INFO - 	 Test-PR-AUC under Best Validation Best PR-AUC: 0.860
2024-12-04 16:19 - INFO - ---------------------------------------------
2024-12-04 16:27 - INFO - ---------------------------------------------
2024-12-04 16:27 - INFO - Epoch: 08 | Time: 8m 2s
2024-12-04 16:27 - INFO - 	 Train Loss: 0.060
2024-12-04 16:27 - INFO - 	 Val. Loss: 0.059
2024-12-04 16:27 - INFO - 	 ROC-AUC: 0.988
2024-12-04 16:27 - INFO - 	 PR-AUC: 0.881
2024-12-04 16:27 - INFO - 	 Best Val. Loss: 0.058
2024-12-04 16:27 - INFO - 	 Best ROC-AUC: 0.989
2024-12-04 16:27 - INFO - 	 Best PR-AUC: 0.887
2024-12-04 16:27 - INFO - 	 Test-ROC-AUC under Best Validation ROC-AUC: 0.987
2024-12-04 16:27 - INFO - 	 Test-PR-AUC under Best Validation Best PR-AUC: 0.860
2024-12-04 16:27 - INFO - ---------------------------------------------
2024-12-04 16:35 - INFO - ---------------------------------------------
2024-12-04 16:35 - INFO - Epoch: 09 | Time: 8m 1s
2024-12-04 16:35 - INFO - 	 New best val_rocauc loss was found, current best value is 0.88722
2024-12-04 16:35 - INFO - 	 Train Loss: 0.058
2024-12-04 16:35 - INFO - 	 Val. Loss: 0.057
2024-12-04 16:35 - INFO - 	 ROC-AUC: 0.989
2024-12-04 16:35 - INFO - 	 PR-AUC: 0.887
2024-12-04 16:35 - INFO - 	 Best Val. Loss: 0.057
2024-12-04 16:35 - INFO - 	 Best ROC-AUC: 0.989
2024-12-04 16:35 - INFO - 	 Best PR-AUC: 0.887
2024-12-04 16:35 - INFO - 	 Test-ROC-AUC under Best Validation ROC-AUC: 0.987
2024-12-04 16:35 - INFO - 	 Test-PR-AUC under Best Validation Best PR-AUC: 0.905
2024-12-04 16:35 - INFO - ---------------------------------------------
2024-12-04 16:43 - INFO - ---------------------------------------------
2024-12-04 16:43 - INFO - Epoch: 10 | Time: 8m 1s
2024-12-04 16:43 - INFO - 	 New best val_rocauc loss was found, current best value is 0.89242
2024-12-04 16:43 - INFO - 	 Train Loss: 0.057
2024-12-04 16:43 - INFO - 	 Val. Loss: 0.057
2024-12-04 16:43 - INFO - 	 ROC-AUC: 0.989
2024-12-04 16:43 - INFO - 	 PR-AUC: 0.892
2024-12-04 16:43 - INFO - 	 Best Val. Loss: 0.057
2024-12-04 16:43 - INFO - 	 Best ROC-AUC: 0.989
2024-12-04 16:43 - INFO - 	 Best PR-AUC: 0.892
2024-12-04 16:43 - INFO - 	 Test-ROC-AUC under Best Validation ROC-AUC: 0.987
2024-12-04 16:43 - INFO - 	 Test-PR-AUC under Best Validation Best PR-AUC: 0.902
2024-12-04 16:43 - INFO - ---------------------------------------------
2024-12-04 16:45 - INFO - Fit the preprocessing pipeline
2024-12-04 16:45 - INFO - Training using device: cuda
2024-12-04 16:45 - INFO - Creating generators
2024-12-04 16:45 - INFO - The model has 2,246,929 trainable parameters
2024-12-04 16:45 - INFO - * Model:
2024-12-04 16:45 - INFO - * -----------
2024-12-04 16:45 - INFO - CombinedModel(
  (upstream_model): TSTransformerEncoderCNN(
    (project_input): Linear(in_features=12, out_features=128, bias=True)
    (encoder): Linear(in_features=12, out_features=128, bias=True)
    (transformer_encoder): TransformerEncoder(
      (layers): ModuleList(
        (0-7): 8 x TransformerEncoderLayer(
          (self_attn): MultiheadAttention(
            (out_proj): NonDynamicallyQuantizableLinear(in_features=128, out_features=128, bias=True)
          )
          (linear1): Linear(in_features=128, out_features=512, bias=True)
          (dropout): Dropout(p=0.4, inplace=False)
          (linear2): Linear(in_features=512, out_features=128, bias=True)
          (norm1): LayerNorm((128,), eps=1e-05, elementwise_affine=True)
          (norm2): LayerNorm((128,), eps=1e-05, elementwise_affine=True)
          (dropout1): Dropout(p=0.4, inplace=False)
          (dropout2): Dropout(p=0.4, inplace=False)
        )
      )
    )
    (output_layer): Linear(in_features=128, out_features=12, bias=True)
    (dropout1): Dropout(p=0.4, inplace=False)
    (cnn): Conv1d(128, 12, kernel_size=(3,), stride=(1,), padding=(1,))
  )
  (downstream_model): DownstreamInception(
    (conv1): ConvBlock(
      (conv): Conv1d(12, 64, kernel_size=(7,), stride=(2,), padding=(3,))
      (bn): BatchNorm1d(64, eps=1e-05, momentum=0.1, affine=True, track_running_stats=True)
    )
    (conv2): ConvBlock(
      (conv): Conv1d(64, 128, kernel_size=(3,), stride=(1,), padding=(1,))
      (bn): BatchNorm1d(128, eps=1e-05, momentum=0.1, affine=True, track_running_stats=True)
    )
    (maxpool): MaxPool1d(kernel_size=3, stride=2, padding=1, dilation=1, ceil_mode=False)
    (inception3a): InceptionBlock(
      (branch1): ConvBlock(
        (conv): Conv1d(128, 64, kernel_size=(1,), stride=(1,))
        (bn): BatchNorm1d(64, eps=1e-05, momentum=0.1, affine=True, track_running_stats=True)
      )
      (branch2): Sequential(
        (0): ConvBlock(
          (conv): Conv1d(128, 96, kernel_size=(1,), stride=(1,))
          (bn): BatchNorm1d(96, eps=1e-05, momentum=0.1, affine=True, track_running_stats=True)
        )
        (1): ConvBlock(
          (conv): Conv1d(96, 128, kernel_size=(3,), stride=(1,), padding=(1,))
          (bn): BatchNorm1d(128, eps=1e-05, momentum=0.1, affine=True, track_running_stats=True)
        )
      )
      (branch3): Sequential(
        (0): ConvBlock(
          (conv): Conv1d(128, 16, kernel_size=(1,), stride=(1,))
          (bn): BatchNorm1d(16, eps=1e-05, momentum=0.1, affine=True, track_running_stats=True)
        )
        (1): ConvBlock(
          (conv): Conv1d(16, 32, kernel_size=(5,), stride=(1,), padding=(2,))
          (bn): BatchNorm1d(32, eps=1e-05, momentum=0.1, affine=True, track_running_stats=True)
        )
      )
      (branch4): Sequential(
        (0): MaxPool2d(kernel_size=3, stride=1, padding=1, dilation=1, ceil_mode=False)
        (1): ConvBlock(
          (conv): Conv1d(128, 32, kernel_size=(1,), stride=(1,))
          (bn): BatchNorm1d(32, eps=1e-05, momentum=0.1, affine=True, track_running_stats=True)
        )
      )
    )
    (inception3b): InceptionBlock(
      (branch1): ConvBlock(
        (conv): Conv1d(256, 128, kernel_size=(1,), stride=(1,))
        (bn): BatchNorm1d(128, eps=1e-05, momentum=0.1, affine=True, track_running_stats=True)
      )
      (branch2): Sequential(
        (0): ConvBlock(
          (conv): Conv1d(256, 128, kernel_size=(1,), stride=(1,))
          (bn): BatchNorm1d(128, eps=1e-05, momentum=0.1, affine=True, track_running_stats=True)
        )
        (1): ConvBlock(
          (conv): Conv1d(128, 192, kernel_size=(3,), stride=(1,), padding=(1,))
          (bn): BatchNorm1d(192, eps=1e-05, momentum=0.1, affine=True, track_running_stats=True)
        )
      )
      (branch3): Sequential(
        (0): ConvBlock(
          (conv): Conv1d(256, 32, kernel_size=(1,), stride=(1,))
          (bn): BatchNorm1d(32, eps=1e-05, momentum=0.1, affine=True, track_running_stats=True)
        )
        (1): ConvBlock(
          (conv): Conv1d(32, 96, kernel_size=(5,), stride=(1,), padding=(2,))
          (bn): BatchNorm1d(96, eps=1e-05, momentum=0.1, affine=True, track_running_stats=True)
        )
      )
      (branch4): Sequential(
        (0): MaxPool2d(kernel_size=3, stride=1, padding=1, dilation=1, ceil_mode=False)
        (1): ConvBlock(
          (conv): Conv1d(256, 64, kernel_size=(1,), stride=(1,))
          (bn): BatchNorm1d(64, eps=1e-05, momentum=0.1, affine=True, track_running_stats=True)
        )
      )
    )
    (inception4a): InceptionBlock(
      (branch1): ConvBlock(
        (conv): Conv1d(480, 192, kernel_size=(1,), stride=(1,))
        (bn): BatchNorm1d(192, eps=1e-05, momentum=0.1, affine=True, track_running_stats=True)
      )
      (branch2): Sequential(
        (0): ConvBlock(
          (conv): Conv1d(480, 96, kernel_size=(1,), stride=(1,))
          (bn): BatchNorm1d(96, eps=1e-05, momentum=0.1, affine=True, track_running_stats=True)
        )
        (1): ConvBlock(
          (conv): Conv1d(96, 208, kernel_size=(3,), stride=(1,), padding=(1,))
          (bn): BatchNorm1d(208, eps=1e-05, momentum=0.1, affine=True, track_running_stats=True)
        )
      )
      (branch3): Sequential(
        (0): ConvBlock(
          (conv): Conv1d(480, 16, kernel_size=(1,), stride=(1,))
          (bn): BatchNorm1d(16, eps=1e-05, momentum=0.1, affine=True, track_running_stats=True)
        )
        (1): ConvBlock(
          (conv): Conv1d(16, 48, kernel_size=(5,), stride=(1,), padding=(2,))
          (bn): BatchNorm1d(48, eps=1e-05, momentum=0.1, affine=True, track_running_stats=True)
        )
      )
      (branch4): Sequential(
        (0): MaxPool2d(kernel_size=3, stride=1, padding=1, dilation=1, ceil_mode=False)
        (1): ConvBlock(
          (conv): Conv1d(480, 64, kernel_size=(1,), stride=(1,))
          (bn): BatchNorm1d(64, eps=1e-05, momentum=0.1, affine=True, track_running_stats=True)
        )
      )
    )
    (inception4b): InceptionBlock(
      (branch1): ConvBlock(
        (conv): Conv1d(512, 32, kernel_size=(1,), stride=(1,))
        (bn): BatchNorm1d(32, eps=1e-05, momentum=0.1, affine=True, track_running_stats=True)
      )
      (branch2): Sequential(
        (0): ConvBlock(
          (conv): Conv1d(512, 112, kernel_size=(1,), stride=(1,))
          (bn): BatchNorm1d(112, eps=1e-05, momentum=0.1, affine=True, track_running_stats=True)
        )
        (1): ConvBlock(
          (conv): Conv1d(112, 32, kernel_size=(3,), stride=(1,), padding=(1,))
          (bn): BatchNorm1d(32, eps=1e-05, momentum=0.1, affine=True, track_running_stats=True)
        )
      )
      (branch3): Sequential(
        (0): ConvBlock(
          (conv): Conv1d(512, 24, kernel_size=(1,), stride=(1,))
          (bn): BatchNorm1d(24, eps=1e-05, momentum=0.1, affine=True, track_running_stats=True)
        )
        (1): ConvBlock(
          (conv): Conv1d(24, 64, kernel_size=(5,), stride=(1,), padding=(2,))
          (bn): BatchNorm1d(64, eps=1e-05, momentum=0.1, affine=True, track_running_stats=True)
        )
      )
      (branch4): Sequential(
        (0): MaxPool2d(kernel_size=3, stride=1, padding=1, dilation=1, ceil_mode=False)
        (1): ConvBlock(
          (conv): Conv1d(512, 32, kernel_size=(1,), stride=(1,))
          (bn): BatchNorm1d(32, eps=1e-05, momentum=0.1, affine=True, track_running_stats=True)
        )
      )
    )
    (avgpool): AvgPool1d(kernel_size=(5,), stride=(1,), padding=(0,))
    (dropout): Dropout(p=0.5, inplace=False)
    (fc): Linear(in_features=8480, out_features=1, bias=True)
    (sigmoid): Sigmoid()
  )
)
2024-12-04 16:45 - INFO - * -----------
2024-12-04 16:53 - INFO - ---------------------------------------------
2024-12-04 16:53 - INFO - Epoch: 01 | Time: 8m 1s
2024-12-04 16:53 - INFO - 	 New best val_rocauc loss was found, current best value is 0.40982
2024-12-04 16:53 - INFO - 	 Train Loss: 0.216
2024-12-04 16:53 - INFO - 	 Val. Loss: 0.181
2024-12-04 16:53 - INFO - 	 ROC-AUC: 0.921
2024-12-04 16:53 - INFO - 	 PR-AUC: 0.410
2024-12-04 16:53 - INFO - 	 Best Val. Loss: 0.181
2024-12-04 16:53 - INFO - 	 Best ROC-AUC: 0.921
2024-12-04 16:53 - INFO - 	 Best PR-AUC: 0.410
2024-12-04 16:53 - INFO - 	 Test-ROC-AUC under Best Validation ROC-AUC: 0.922
2024-12-04 16:53 - INFO - 	 Test-PR-AUC under Best Validation Best PR-AUC: 0.503
2024-12-04 16:53 - INFO - ---------------------------------------------
2024-12-04 17:01 - INFO - ---------------------------------------------
2024-12-04 17:01 - INFO - Epoch: 02 | Time: 8m 1s
2024-12-04 17:01 - INFO - 	 New best val_rocauc loss was found, current best value is 0.81949
2024-12-04 17:01 - INFO - 	 Train Loss: 0.099
2024-12-04 17:01 - INFO - 	 Val. Loss: 0.075
2024-12-04 17:01 - INFO - 	 ROC-AUC: 0.982
2024-12-04 17:01 - INFO - 	 PR-AUC: 0.819
2024-12-04 17:01 - INFO - 	 Best Val. Loss: 0.075
2024-12-04 17:01 - INFO - 	 Best ROC-AUC: 0.982
2024-12-04 17:01 - INFO - 	 Best PR-AUC: 0.819
2024-12-04 17:01 - INFO - 	 Test-ROC-AUC under Best Validation ROC-AUC: 0.979
2024-12-04 17:01 - INFO - 	 Test-PR-AUC under Best Validation Best PR-AUC: 0.816
2024-12-04 17:01 - INFO - ---------------------------------------------
2024-12-04 17:09 - INFO - ---------------------------------------------
2024-12-04 17:09 - INFO - Epoch: 03 | Time: 8m 0s
2024-12-04 17:09 - INFO - 	 New best val_rocauc loss was found, current best value is 0.84911
2024-12-04 17:09 - INFO - 	 Train Loss: 0.079
2024-12-04 17:09 - INFO - 	 Val. Loss: 0.071
2024-12-04 17:09 - INFO - 	 ROC-AUC: 0.984
2024-12-04 17:09 - INFO - 	 PR-AUC: 0.849
2024-12-04 17:09 - INFO - 	 Best Val. Loss: 0.071
2024-12-04 17:09 - INFO - 	 Best ROC-AUC: 0.984
2024-12-04 17:09 - INFO - 	 Best PR-AUC: 0.849
2024-12-04 17:09 - INFO - 	 Test-ROC-AUC under Best Validation ROC-AUC: 0.980
2024-12-04 17:09 - INFO - 	 Test-PR-AUC under Best Validation Best PR-AUC: 0.828
2024-12-04 17:09 - INFO - ---------------------------------------------
2024-12-04 17:17 - INFO - ---------------------------------------------
2024-12-04 17:17 - INFO - Epoch: 04 | Time: 8m 2s
2024-12-04 17:17 - INFO - 	 New best val_rocauc loss was found, current best value is 0.85925
2024-12-04 17:17 - INFO - 	 Train Loss: 0.073
2024-12-04 17:17 - INFO - 	 Val. Loss: 0.066
2024-12-04 17:17 - INFO - 	 ROC-AUC: 0.986
2024-12-04 17:17 - INFO - 	 PR-AUC: 0.859
2024-12-04 17:17 - INFO - 	 Best Val. Loss: 0.066
2024-12-04 17:17 - INFO - 	 Best ROC-AUC: 0.986
2024-12-04 17:17 - INFO - 	 Best PR-AUC: 0.859
2024-12-04 17:17 - INFO - 	 Test-ROC-AUC under Best Validation ROC-AUC: 0.983
2024-12-04 17:17 - INFO - 	 Test-PR-AUC under Best Validation Best PR-AUC: 0.849
2024-12-04 17:17 - INFO - ---------------------------------------------
2024-12-04 17:25 - INFO - ---------------------------------------------
2024-12-04 17:25 - INFO - Epoch: 05 | Time: 8m 2s
2024-12-04 17:25 - INFO - 	 New best val_rocauc loss was found, current best value is 0.87202
2024-12-04 17:25 - INFO - 	 Train Loss: 0.069
2024-12-04 17:25 - INFO - 	 Val. Loss: 0.063
2024-12-04 17:25 - INFO - 	 ROC-AUC: 0.988
2024-12-04 17:25 - INFO - 	 PR-AUC: 0.872
2024-12-04 17:25 - INFO - 	 Best Val. Loss: 0.063
2024-12-04 17:25 - INFO - 	 Best ROC-AUC: 0.988
2024-12-04 17:25 - INFO - 	 Best PR-AUC: 0.872
2024-12-04 17:25 - INFO - 	 Test-ROC-AUC under Best Validation ROC-AUC: 0.986
2024-12-04 17:25 - INFO - 	 Test-PR-AUC under Best Validation Best PR-AUC: 0.859
2024-12-04 17:25 - INFO - ---------------------------------------------
2024-12-04 17:33 - INFO - ---------------------------------------------
2024-12-04 17:33 - INFO - Epoch: 06 | Time: 8m 1s
2024-12-04 17:33 - INFO - 	 New best val_rocauc loss was found, current best value is 0.87752
2024-12-04 17:33 - INFO - 	 Train Loss: 0.067
2024-12-04 17:33 - INFO - 	 Val. Loss: 0.063
2024-12-04 17:33 - INFO - 	 ROC-AUC: 0.987
2024-12-04 17:33 - INFO - 	 PR-AUC: 0.878
2024-12-04 17:33 - INFO - 	 Best Val. Loss: 0.063
2024-12-04 17:33 - INFO - 	 Best ROC-AUC: 0.988
2024-12-04 17:33 - INFO - 	 Best PR-AUC: 0.878
2024-12-04 17:33 - INFO - 	 Test-ROC-AUC under Best Validation ROC-AUC: 0.986
2024-12-04 17:33 - INFO - 	 Test-PR-AUC under Best Validation Best PR-AUC: 0.864
2024-12-04 17:33 - INFO - ---------------------------------------------
2024-12-04 17:41 - INFO - ---------------------------------------------
2024-12-04 17:41 - INFO - Epoch: 07 | Time: 8m 2s
2024-12-04 17:41 - INFO - 	 Train Loss: 0.065
2024-12-04 17:41 - INFO - 	 Val. Loss: 0.063
2024-12-04 17:41 - INFO - 	 ROC-AUC: 0.987
2024-12-04 17:41 - INFO - 	 PR-AUC: 0.874
2024-12-04 17:41 - INFO - 	 Best Val. Loss: 0.063
2024-12-04 17:41 - INFO - 	 Best ROC-AUC: 0.988
2024-12-04 17:41 - INFO - 	 Best PR-AUC: 0.878
2024-12-04 17:41 - INFO - 	 Test-ROC-AUC under Best Validation ROC-AUC: 0.986
2024-12-04 17:41 - INFO - 	 Test-PR-AUC under Best Validation Best PR-AUC: 0.864
2024-12-04 17:41 - INFO - ---------------------------------------------
2024-12-04 17:49 - INFO - ---------------------------------------------
2024-12-04 17:49 - INFO - Epoch: 08 | Time: 8m 2s
2024-12-04 17:49 - INFO - 	 New best val_rocauc loss was found, current best value is 0.89644
2024-12-04 17:49 - INFO - 	 Train Loss: 0.061
2024-12-04 17:49 - INFO - 	 Val. Loss: 0.056
2024-12-04 17:49 - INFO - 	 ROC-AUC: 0.989
2024-12-04 17:49 - INFO - 	 PR-AUC: 0.896
2024-12-04 17:49 - INFO - 	 Best Val. Loss: 0.056
2024-12-04 17:49 - INFO - 	 Best ROC-AUC: 0.989
2024-12-04 17:49 - INFO - 	 Best PR-AUC: 0.896
2024-12-04 17:49 - INFO - 	 Test-ROC-AUC under Best Validation ROC-AUC: 0.985
2024-12-04 17:49 - INFO - 	 Test-PR-AUC under Best Validation Best PR-AUC: 0.885
2024-12-04 17:49 - INFO - ---------------------------------------------
2024-12-04 17:57 - INFO - ---------------------------------------------
2024-12-04 17:57 - INFO - Epoch: 09 | Time: 8m 2s
2024-12-04 17:57 - INFO - 	 Train Loss: 0.060
2024-12-04 17:57 - INFO - 	 Val. Loss: 0.059
2024-12-04 17:57 - INFO - 	 ROC-AUC: 0.988
2024-12-04 17:57 - INFO - 	 PR-AUC: 0.880
2024-12-04 17:57 - INFO - 	 Best Val. Loss: 0.056
2024-12-04 17:57 - INFO - 	 Best ROC-AUC: 0.989
2024-12-04 17:57 - INFO - 	 Best PR-AUC: 0.896
2024-12-04 17:57 - INFO - 	 Test-ROC-AUC under Best Validation ROC-AUC: 0.985
2024-12-04 17:57 - INFO - 	 Test-PR-AUC under Best Validation Best PR-AUC: 0.885
2024-12-04 17:57 - INFO - ---------------------------------------------
2024-12-04 18:05 - INFO - ---------------------------------------------
2024-12-04 18:05 - INFO - Epoch: 10 | Time: 8m 2s
2024-12-04 18:05 - INFO - 	 Train Loss: 0.059
2024-12-04 18:05 - INFO - 	 Val. Loss: 0.058
2024-12-04 18:05 - INFO - 	 ROC-AUC: 0.988
2024-12-04 18:05 - INFO - 	 PR-AUC: 0.880
2024-12-04 18:05 - INFO - 	 Best Val. Loss: 0.056
2024-12-04 18:05 - INFO - 	 Best ROC-AUC: 0.989
2024-12-04 18:05 - INFO - 	 Best PR-AUC: 0.896
2024-12-04 18:05 - INFO - 	 Test-ROC-AUC under Best Validation ROC-AUC: 0.985
2024-12-04 18:05 - INFO - 	 Test-PR-AUC under Best Validation Best PR-AUC: 0.885
2024-12-04 18:05 - INFO - ---------------------------------------------
2024-12-04 18:08 - INFO - Fit the preprocessing pipeline
2024-12-04 18:08 - INFO - Training using device: cuda
2024-12-04 18:08 - INFO - Creating generators
2024-12-04 18:08 - INFO - The model has 2,246,929 trainable parameters
2024-12-04 18:08 - INFO - * Model:
2024-12-04 18:08 - INFO - * -----------
2024-12-04 18:08 - INFO - CombinedModel(
  (upstream_model): TSTransformerEncoderCNN(
    (project_input): Linear(in_features=12, out_features=128, bias=True)
    (encoder): Linear(in_features=12, out_features=128, bias=True)
    (transformer_encoder): TransformerEncoder(
      (layers): ModuleList(
        (0-7): 8 x TransformerEncoderLayer(
          (self_attn): MultiheadAttention(
            (out_proj): NonDynamicallyQuantizableLinear(in_features=128, out_features=128, bias=True)
          )
          (linear1): Linear(in_features=128, out_features=512, bias=True)
          (dropout): Dropout(p=0.4, inplace=False)
          (linear2): Linear(in_features=512, out_features=128, bias=True)
          (norm1): LayerNorm((128,), eps=1e-05, elementwise_affine=True)
          (norm2): LayerNorm((128,), eps=1e-05, elementwise_affine=True)
          (dropout1): Dropout(p=0.4, inplace=False)
          (dropout2): Dropout(p=0.4, inplace=False)
        )
      )
    )
    (output_layer): Linear(in_features=128, out_features=12, bias=True)
    (dropout1): Dropout(p=0.4, inplace=False)
    (cnn): Conv1d(128, 12, kernel_size=(3,), stride=(1,), padding=(1,))
  )
  (downstream_model): DownstreamInception(
    (conv1): ConvBlock(
      (conv): Conv1d(12, 64, kernel_size=(7,), stride=(2,), padding=(3,))
      (bn): BatchNorm1d(64, eps=1e-05, momentum=0.1, affine=True, track_running_stats=True)
    )
    (conv2): ConvBlock(
      (conv): Conv1d(64, 128, kernel_size=(3,), stride=(1,), padding=(1,))
      (bn): BatchNorm1d(128, eps=1e-05, momentum=0.1, affine=True, track_running_stats=True)
    )
    (maxpool): MaxPool1d(kernel_size=3, stride=2, padding=1, dilation=1, ceil_mode=False)
    (inception3a): InceptionBlock(
      (branch1): ConvBlock(
        (conv): Conv1d(128, 64, kernel_size=(1,), stride=(1,))
        (bn): BatchNorm1d(64, eps=1e-05, momentum=0.1, affine=True, track_running_stats=True)
      )
      (branch2): Sequential(
        (0): ConvBlock(
          (conv): Conv1d(128, 96, kernel_size=(1,), stride=(1,))
          (bn): BatchNorm1d(96, eps=1e-05, momentum=0.1, affine=True, track_running_stats=True)
        )
        (1): ConvBlock(
          (conv): Conv1d(96, 128, kernel_size=(3,), stride=(1,), padding=(1,))
          (bn): BatchNorm1d(128, eps=1e-05, momentum=0.1, affine=True, track_running_stats=True)
        )
      )
      (branch3): Sequential(
        (0): ConvBlock(
          (conv): Conv1d(128, 16, kernel_size=(1,), stride=(1,))
          (bn): BatchNorm1d(16, eps=1e-05, momentum=0.1, affine=True, track_running_stats=True)
        )
        (1): ConvBlock(
          (conv): Conv1d(16, 32, kernel_size=(5,), stride=(1,), padding=(2,))
          (bn): BatchNorm1d(32, eps=1e-05, momentum=0.1, affine=True, track_running_stats=True)
        )
      )
      (branch4): Sequential(
        (0): MaxPool2d(kernel_size=3, stride=1, padding=1, dilation=1, ceil_mode=False)
        (1): ConvBlock(
          (conv): Conv1d(128, 32, kernel_size=(1,), stride=(1,))
          (bn): BatchNorm1d(32, eps=1e-05, momentum=0.1, affine=True, track_running_stats=True)
        )
      )
    )
    (inception3b): InceptionBlock(
      (branch1): ConvBlock(
        (conv): Conv1d(256, 128, kernel_size=(1,), stride=(1,))
        (bn): BatchNorm1d(128, eps=1e-05, momentum=0.1, affine=True, track_running_stats=True)
      )
      (branch2): Sequential(
        (0): ConvBlock(
          (conv): Conv1d(256, 128, kernel_size=(1,), stride=(1,))
          (bn): BatchNorm1d(128, eps=1e-05, momentum=0.1, affine=True, track_running_stats=True)
        )
        (1): ConvBlock(
          (conv): Conv1d(128, 192, kernel_size=(3,), stride=(1,), padding=(1,))
          (bn): BatchNorm1d(192, eps=1e-05, momentum=0.1, affine=True, track_running_stats=True)
        )
      )
      (branch3): Sequential(
        (0): ConvBlock(
          (conv): Conv1d(256, 32, kernel_size=(1,), stride=(1,))
          (bn): BatchNorm1d(32, eps=1e-05, momentum=0.1, affine=True, track_running_stats=True)
        )
        (1): ConvBlock(
          (conv): Conv1d(32, 96, kernel_size=(5,), stride=(1,), padding=(2,))
          (bn): BatchNorm1d(96, eps=1e-05, momentum=0.1, affine=True, track_running_stats=True)
        )
      )
      (branch4): Sequential(
        (0): MaxPool2d(kernel_size=3, stride=1, padding=1, dilation=1, ceil_mode=False)
        (1): ConvBlock(
          (conv): Conv1d(256, 64, kernel_size=(1,), stride=(1,))
          (bn): BatchNorm1d(64, eps=1e-05, momentum=0.1, affine=True, track_running_stats=True)
        )
      )
    )
    (inception4a): InceptionBlock(
      (branch1): ConvBlock(
        (conv): Conv1d(480, 192, kernel_size=(1,), stride=(1,))
        (bn): BatchNorm1d(192, eps=1e-05, momentum=0.1, affine=True, track_running_stats=True)
      )
      (branch2): Sequential(
        (0): ConvBlock(
          (conv): Conv1d(480, 96, kernel_size=(1,), stride=(1,))
          (bn): BatchNorm1d(96, eps=1e-05, momentum=0.1, affine=True, track_running_stats=True)
        )
        (1): ConvBlock(
          (conv): Conv1d(96, 208, kernel_size=(3,), stride=(1,), padding=(1,))
          (bn): BatchNorm1d(208, eps=1e-05, momentum=0.1, affine=True, track_running_stats=True)
        )
      )
      (branch3): Sequential(
        (0): ConvBlock(
          (conv): Conv1d(480, 16, kernel_size=(1,), stride=(1,))
          (bn): BatchNorm1d(16, eps=1e-05, momentum=0.1, affine=True, track_running_stats=True)
        )
        (1): ConvBlock(
          (conv): Conv1d(16, 48, kernel_size=(5,), stride=(1,), padding=(2,))
          (bn): BatchNorm1d(48, eps=1e-05, momentum=0.1, affine=True, track_running_stats=True)
        )
      )
      (branch4): Sequential(
        (0): MaxPool2d(kernel_size=3, stride=1, padding=1, dilation=1, ceil_mode=False)
        (1): ConvBlock(
          (conv): Conv1d(480, 64, kernel_size=(1,), stride=(1,))
          (bn): BatchNorm1d(64, eps=1e-05, momentum=0.1, affine=True, track_running_stats=True)
        )
      )
    )
    (inception4b): InceptionBlock(
      (branch1): ConvBlock(
        (conv): Conv1d(512, 32, kernel_size=(1,), stride=(1,))
        (bn): BatchNorm1d(32, eps=1e-05, momentum=0.1, affine=True, track_running_stats=True)
      )
      (branch2): Sequential(
        (0): ConvBlock(
          (conv): Conv1d(512, 112, kernel_size=(1,), stride=(1,))
          (bn): BatchNorm1d(112, eps=1e-05, momentum=0.1, affine=True, track_running_stats=True)
        )
        (1): ConvBlock(
          (conv): Conv1d(112, 32, kernel_size=(3,), stride=(1,), padding=(1,))
          (bn): BatchNorm1d(32, eps=1e-05, momentum=0.1, affine=True, track_running_stats=True)
        )
      )
      (branch3): Sequential(
        (0): ConvBlock(
          (conv): Conv1d(512, 24, kernel_size=(1,), stride=(1,))
          (bn): BatchNorm1d(24, eps=1e-05, momentum=0.1, affine=True, track_running_stats=True)
        )
        (1): ConvBlock(
          (conv): Conv1d(24, 64, kernel_size=(5,), stride=(1,), padding=(2,))
          (bn): BatchNorm1d(64, eps=1e-05, momentum=0.1, affine=True, track_running_stats=True)
        )
      )
      (branch4): Sequential(
        (0): MaxPool2d(kernel_size=3, stride=1, padding=1, dilation=1, ceil_mode=False)
        (1): ConvBlock(
          (conv): Conv1d(512, 32, kernel_size=(1,), stride=(1,))
          (bn): BatchNorm1d(32, eps=1e-05, momentum=0.1, affine=True, track_running_stats=True)
        )
      )
    )
    (avgpool): AvgPool1d(kernel_size=(5,), stride=(1,), padding=(0,))
    (dropout): Dropout(p=0.5, inplace=False)
    (fc): Linear(in_features=8480, out_features=1, bias=True)
    (sigmoid): Sigmoid()
  )
)
2024-12-04 18:08 - INFO - * -----------
2024-12-04 18:16 - INFO - ---------------------------------------------
2024-12-04 18:16 - INFO - Epoch: 01 | Time: 8m 1s
2024-12-04 18:16 - INFO - 	 New best val_rocauc loss was found, current best value is 0.50244
2024-12-04 18:16 - INFO - 	 Train Loss: 0.215
2024-12-04 18:16 - INFO - 	 Val. Loss: 0.233
2024-12-04 18:16 - INFO - 	 ROC-AUC: 0.939
2024-12-04 18:16 - INFO - 	 PR-AUC: 0.502
2024-12-04 18:16 - INFO - 	 Best Val. Loss: 0.233
2024-12-04 18:16 - INFO - 	 Best ROC-AUC: 0.939
2024-12-04 18:16 - INFO - 	 Best PR-AUC: 0.502
2024-12-04 18:16 - INFO - 	 Test-ROC-AUC under Best Validation ROC-AUC: 0.939
2024-12-04 18:16 - INFO - 	 Test-PR-AUC under Best Validation Best PR-AUC: 0.571
2024-12-04 18:16 - INFO - ---------------------------------------------
2024-12-04 18:24 - INFO - ---------------------------------------------
2024-12-04 18:24 - INFO - Epoch: 02 | Time: 8m 2s
2024-12-04 18:24 - INFO - 	 New best val_rocauc loss was found, current best value is 0.84058
2024-12-04 18:24 - INFO - 	 Train Loss: 0.099
2024-12-04 18:24 - INFO - 	 Val. Loss: 0.076
2024-12-04 18:24 - INFO - 	 ROC-AUC: 0.982
2024-12-04 18:24 - INFO - 	 PR-AUC: 0.841
2024-12-04 18:24 - INFO - 	 Best Val. Loss: 0.076
2024-12-04 18:24 - INFO - 	 Best ROC-AUC: 0.982
2024-12-04 18:24 - INFO - 	 Best PR-AUC: 0.841
2024-12-04 18:24 - INFO - 	 Test-ROC-AUC under Best Validation ROC-AUC: 0.980
2024-12-04 18:24 - INFO - 	 Test-PR-AUC under Best Validation Best PR-AUC: 0.806
2024-12-04 18:24 - INFO - ---------------------------------------------
2024-12-04 18:32 - INFO - ---------------------------------------------
2024-12-04 18:32 - INFO - Epoch: 03 | Time: 8m 1s
2024-12-04 18:32 - INFO - 	 New best val_rocauc loss was found, current best value is 0.87218
2024-12-04 18:32 - INFO - 	 Train Loss: 0.078
2024-12-04 18:32 - INFO - 	 Val. Loss: 0.064
2024-12-04 18:32 - INFO - 	 ROC-AUC: 0.986
2024-12-04 18:32 - INFO - 	 PR-AUC: 0.872
2024-12-04 18:32 - INFO - 	 Best Val. Loss: 0.064
2024-12-04 18:32 - INFO - 	 Best ROC-AUC: 0.986
2024-12-04 18:32 - INFO - 	 Best PR-AUC: 0.872
2024-12-04 18:32 - INFO - 	 Test-ROC-AUC under Best Validation ROC-AUC: 0.981
2024-12-04 18:32 - INFO - 	 Test-PR-AUC under Best Validation Best PR-AUC: 0.844
2024-12-04 18:32 - INFO - ---------------------------------------------
2024-12-04 18:40 - INFO - ---------------------------------------------
2024-12-04 18:40 - INFO - Epoch: 04 | Time: 8m 1s
2024-12-04 18:40 - INFO - 	 New best val_rocauc loss was found, current best value is 0.87493
2024-12-04 18:40 - INFO - 	 Train Loss: 0.073
2024-12-04 18:40 - INFO - 	 Val. Loss: 0.066
2024-12-04 18:40 - INFO - 	 ROC-AUC: 0.986
2024-12-04 18:40 - INFO - 	 PR-AUC: 0.875
2024-12-04 18:40 - INFO - 	 Best Val. Loss: 0.064
2024-12-04 18:40 - INFO - 	 Best ROC-AUC: 0.986
2024-12-04 18:40 - INFO - 	 Best PR-AUC: 0.875
2024-12-04 18:40 - INFO - 	 Test-ROC-AUC under Best Validation ROC-AUC: 0.982
2024-12-04 18:40 - INFO - 	 Test-PR-AUC under Best Validation Best PR-AUC: 0.844
2024-12-04 18:40 - INFO - ---------------------------------------------
2024-12-04 18:48 - INFO - ---------------------------------------------
2024-12-04 18:48 - INFO - Epoch: 05 | Time: 8m 1s
2024-12-04 18:48 - INFO - 	 New best val_rocauc loss was found, current best value is 0.88257
2024-12-04 18:48 - INFO - 	 Train Loss: 0.069
2024-12-04 18:48 - INFO - 	 Val. Loss: 0.060
2024-12-04 18:48 - INFO - 	 ROC-AUC: 0.987
2024-12-04 18:48 - INFO - 	 PR-AUC: 0.883
2024-12-04 18:48 - INFO - 	 Best Val. Loss: 0.060
2024-12-04 18:48 - INFO - 	 Best ROC-AUC: 0.987
2024-12-04 18:48 - INFO - 	 Best PR-AUC: 0.883
2024-12-04 18:48 - INFO - 	 Test-ROC-AUC under Best Validation ROC-AUC: 0.986
2024-12-04 18:48 - INFO - 	 Test-PR-AUC under Best Validation Best PR-AUC: 0.869
2024-12-04 18:48 - INFO - ---------------------------------------------
2024-12-04 18:56 - INFO - ---------------------------------------------
2024-12-04 18:56 - INFO - Epoch: 06 | Time: 8m 0s
2024-12-04 18:56 - INFO - 	 Train Loss: 0.066
2024-12-04 18:56 - INFO - 	 Val. Loss: 0.059
2024-12-04 18:56 - INFO - 	 ROC-AUC: 0.988
2024-12-04 18:56 - INFO - 	 PR-AUC: 0.881
2024-12-04 18:56 - INFO - 	 Best Val. Loss: 0.059
2024-12-04 18:56 - INFO - 	 Best ROC-AUC: 0.988
2024-12-04 18:56 - INFO - 	 Best PR-AUC: 0.883
2024-12-04 18:56 - INFO - 	 Test-ROC-AUC under Best Validation ROC-AUC: 0.986
2024-12-04 18:56 - INFO - 	 Test-PR-AUC under Best Validation Best PR-AUC: 0.869
2024-12-04 18:56 - INFO - ---------------------------------------------
2024-12-04 19:04 - INFO - ---------------------------------------------
2024-12-04 19:04 - INFO - Epoch: 07 | Time: 8m 1s
2024-12-04 19:04 - INFO - 	 Train Loss: 0.063
2024-12-04 19:04 - INFO - 	 Val. Loss: 0.061
2024-12-04 19:04 - INFO - 	 ROC-AUC: 0.987
2024-12-04 19:04 - INFO - 	 PR-AUC: 0.879
2024-12-04 19:04 - INFO - 	 Best Val. Loss: 0.059
2024-12-04 19:04 - INFO - 	 Best ROC-AUC: 0.988
2024-12-04 19:04 - INFO - 	 Best PR-AUC: 0.883
2024-12-04 19:04 - INFO - 	 Test-ROC-AUC under Best Validation ROC-AUC: 0.986
2024-12-04 19:04 - INFO - 	 Test-PR-AUC under Best Validation Best PR-AUC: 0.869
2024-12-04 19:04 - INFO - ---------------------------------------------
2024-12-04 19:12 - INFO - ---------------------------------------------
2024-12-04 19:12 - INFO - Epoch: 08 | Time: 8m 1s
2024-12-04 19:12 - INFO - 	 New best val_rocauc loss was found, current best value is 0.90006
2024-12-04 19:12 - INFO - 	 Train Loss: 0.061
2024-12-04 19:12 - INFO - 	 Val. Loss: 0.057
2024-12-04 19:12 - INFO - 	 ROC-AUC: 0.989
2024-12-04 19:12 - INFO - 	 PR-AUC: 0.900
2024-12-04 19:12 - INFO - 	 Best Val. Loss: 0.057
2024-12-04 19:12 - INFO - 	 Best ROC-AUC: 0.989
2024-12-04 19:12 - INFO - 	 Best PR-AUC: 0.900
2024-12-04 19:12 - INFO - 	 Test-ROC-AUC under Best Validation ROC-AUC: 0.985
2024-12-04 19:12 - INFO - 	 Test-PR-AUC under Best Validation Best PR-AUC: 0.881
2024-12-04 19:12 - INFO - ---------------------------------------------
2024-12-04 19:20 - INFO - ---------------------------------------------
2024-12-04 19:20 - INFO - Epoch: 09 | Time: 8m 1s
2024-12-04 19:20 - INFO - 	 Train Loss: 0.059
2024-12-04 19:20 - INFO - 	 Val. Loss: 0.055
2024-12-04 19:20 - INFO - 	 ROC-AUC: 0.989
2024-12-04 19:20 - INFO - 	 PR-AUC: 0.900
2024-12-04 19:20 - INFO - 	 Best Val. Loss: 0.055
2024-12-04 19:20 - INFO - 	 Best ROC-AUC: 0.989
2024-12-04 19:20 - INFO - 	 Best PR-AUC: 0.900
2024-12-04 19:20 - INFO - 	 Test-ROC-AUC under Best Validation ROC-AUC: 0.985
2024-12-04 19:20 - INFO - 	 Test-PR-AUC under Best Validation Best PR-AUC: 0.881
2024-12-04 19:20 - INFO - ---------------------------------------------
2024-12-04 19:28 - INFO - ---------------------------------------------
2024-12-04 19:28 - INFO - Epoch: 10 | Time: 8m 2s
2024-12-04 19:28 - INFO - 	 Train Loss: 0.058
2024-12-04 19:28 - INFO - 	 Val. Loss: 0.056
2024-12-04 19:28 - INFO - 	 ROC-AUC: 0.989
2024-12-04 19:28 - INFO - 	 PR-AUC: 0.893
2024-12-04 19:28 - INFO - 	 Best Val. Loss: 0.055
2024-12-04 19:28 - INFO - 	 Best ROC-AUC: 0.989
2024-12-04 19:28 - INFO - 	 Best PR-AUC: 0.900
2024-12-04 19:28 - INFO - 	 Test-ROC-AUC under Best Validation ROC-AUC: 0.985
2024-12-04 19:28 - INFO - 	 Test-PR-AUC under Best Validation Best PR-AUC: 0.881
2024-12-04 19:28 - INFO - ---------------------------------------------
