2024-11-24 20:39 - INFO - Fit the preprocessing pipeline
2024-11-24 20:39 - INFO - Training using device: cuda
2024-11-24 20:39 - INFO - Creating generators
2024-11-24 20:39 - INFO - The model has 2,246,929 trainable parameters
2024-11-24 20:39 - INFO - * Model:
2024-11-24 20:39 - INFO - * -----------
2024-11-24 20:39 - INFO - CombinedModel(
  (upstream_model): TSTransformerEncoderCNN(
    (project_input): Linear(in_features=12, out_features=128, bias=True)
    (encoder): Linear(in_features=12, out_features=128, bias=True)
    (transformer_encoder): TransformerEncoder(
      (layers): ModuleList(
        (0-7): 8 x TransformerEncoderLayer(
          (self_attn): MultiheadAttention(
            (out_proj): NonDynamicallyQuantizableLinear(in_features=128, out_features=128, bias=True)
          )
          (linear1): Linear(in_features=128, out_features=512, bias=True)
          (dropout): Dropout(p=0.4, inplace=False)
          (linear2): Linear(in_features=512, out_features=128, bias=True)
          (norm1): LayerNorm((128,), eps=1e-05, elementwise_affine=True)
          (norm2): LayerNorm((128,), eps=1e-05, elementwise_affine=True)
          (dropout1): Dropout(p=0.4, inplace=False)
          (dropout2): Dropout(p=0.4, inplace=False)
        )
      )
    )
    (output_layer): Linear(in_features=128, out_features=12, bias=True)
    (dropout1): Dropout(p=0.4, inplace=False)
    (cnn): Conv1d(128, 12, kernel_size=(3,), stride=(1,), padding=(1,))
  )
  (downstream_model): DownstreamInception(
    (conv1): ConvBlock(
      (conv): Conv1d(12, 64, kernel_size=(7,), stride=(2,), padding=(3,))
      (bn): BatchNorm1d(64, eps=1e-05, momentum=0.1, affine=True, track_running_stats=True)
    )
    (conv2): ConvBlock(
      (conv): Conv1d(64, 128, kernel_size=(3,), stride=(1,), padding=(1,))
      (bn): BatchNorm1d(128, eps=1e-05, momentum=0.1, affine=True, track_running_stats=True)
    )
    (maxpool): MaxPool1d(kernel_size=3, stride=2, padding=1, dilation=1, ceil_mode=False)
    (inception3a): InceptionBlock(
      (branch1): ConvBlock(
        (conv): Conv1d(128, 64, kernel_size=(1,), stride=(1,))
        (bn): BatchNorm1d(64, eps=1e-05, momentum=0.1, affine=True, track_running_stats=True)
      )
      (branch2): Sequential(
        (0): ConvBlock(
          (conv): Conv1d(128, 96, kernel_size=(1,), stride=(1,))
          (bn): BatchNorm1d(96, eps=1e-05, momentum=0.1, affine=True, track_running_stats=True)
        )
        (1): ConvBlock(
          (conv): Conv1d(96, 128, kernel_size=(3,), stride=(1,), padding=(1,))
          (bn): BatchNorm1d(128, eps=1e-05, momentum=0.1, affine=True, track_running_stats=True)
        )
      )
      (branch3): Sequential(
        (0): ConvBlock(
          (conv): Conv1d(128, 16, kernel_size=(1,), stride=(1,))
          (bn): BatchNorm1d(16, eps=1e-05, momentum=0.1, affine=True, track_running_stats=True)
        )
        (1): ConvBlock(
          (conv): Conv1d(16, 32, kernel_size=(5,), stride=(1,), padding=(2,))
          (bn): BatchNorm1d(32, eps=1e-05, momentum=0.1, affine=True, track_running_stats=True)
        )
      )
      (branch4): Sequential(
        (0): MaxPool2d(kernel_size=3, stride=1, padding=1, dilation=1, ceil_mode=False)
        (1): ConvBlock(
          (conv): Conv1d(128, 32, kernel_size=(1,), stride=(1,))
          (bn): BatchNorm1d(32, eps=1e-05, momentum=0.1, affine=True, track_running_stats=True)
        )
      )
    )
    (inception3b): InceptionBlock(
      (branch1): ConvBlock(
        (conv): Conv1d(256, 128, kernel_size=(1,), stride=(1,))
        (bn): BatchNorm1d(128, eps=1e-05, momentum=0.1, affine=True, track_running_stats=True)
      )
      (branch2): Sequential(
        (0): ConvBlock(
          (conv): Conv1d(256, 128, kernel_size=(1,), stride=(1,))
          (bn): BatchNorm1d(128, eps=1e-05, momentum=0.1, affine=True, track_running_stats=True)
        )
        (1): ConvBlock(
          (conv): Conv1d(128, 192, kernel_size=(3,), stride=(1,), padding=(1,))
          (bn): BatchNorm1d(192, eps=1e-05, momentum=0.1, affine=True, track_running_stats=True)
        )
      )
      (branch3): Sequential(
        (0): ConvBlock(
          (conv): Conv1d(256, 32, kernel_size=(1,), stride=(1,))
          (bn): BatchNorm1d(32, eps=1e-05, momentum=0.1, affine=True, track_running_stats=True)
        )
        (1): ConvBlock(
          (conv): Conv1d(32, 96, kernel_size=(5,), stride=(1,), padding=(2,))
          (bn): BatchNorm1d(96, eps=1e-05, momentum=0.1, affine=True, track_running_stats=True)
        )
      )
      (branch4): Sequential(
        (0): MaxPool2d(kernel_size=3, stride=1, padding=1, dilation=1, ceil_mode=False)
        (1): ConvBlock(
          (conv): Conv1d(256, 64, kernel_size=(1,), stride=(1,))
          (bn): BatchNorm1d(64, eps=1e-05, momentum=0.1, affine=True, track_running_stats=True)
        )
      )
    )
    (inception4a): InceptionBlock(
      (branch1): ConvBlock(
        (conv): Conv1d(480, 192, kernel_size=(1,), stride=(1,))
        (bn): BatchNorm1d(192, eps=1e-05, momentum=0.1, affine=True, track_running_stats=True)
      )
      (branch2): Sequential(
        (0): ConvBlock(
          (conv): Conv1d(480, 96, kernel_size=(1,), stride=(1,))
          (bn): BatchNorm1d(96, eps=1e-05, momentum=0.1, affine=True, track_running_stats=True)
        )
        (1): ConvBlock(
          (conv): Conv1d(96, 208, kernel_size=(3,), stride=(1,), padding=(1,))
          (bn): BatchNorm1d(208, eps=1e-05, momentum=0.1, affine=True, track_running_stats=True)
        )
      )
      (branch3): Sequential(
        (0): ConvBlock(
          (conv): Conv1d(480, 16, kernel_size=(1,), stride=(1,))
          (bn): BatchNorm1d(16, eps=1e-05, momentum=0.1, affine=True, track_running_stats=True)
        )
        (1): ConvBlock(
          (conv): Conv1d(16, 48, kernel_size=(5,), stride=(1,), padding=(2,))
          (bn): BatchNorm1d(48, eps=1e-05, momentum=0.1, affine=True, track_running_stats=True)
        )
      )
      (branch4): Sequential(
        (0): MaxPool2d(kernel_size=3, stride=1, padding=1, dilation=1, ceil_mode=False)
        (1): ConvBlock(
          (conv): Conv1d(480, 64, kernel_size=(1,), stride=(1,))
          (bn): BatchNorm1d(64, eps=1e-05, momentum=0.1, affine=True, track_running_stats=True)
        )
      )
    )
    (inception4b): InceptionBlock(
      (branch1): ConvBlock(
        (conv): Conv1d(512, 32, kernel_size=(1,), stride=(1,))
        (bn): BatchNorm1d(32, eps=1e-05, momentum=0.1, affine=True, track_running_stats=True)
      )
      (branch2): Sequential(
        (0): ConvBlock(
          (conv): Conv1d(512, 112, kernel_size=(1,), stride=(1,))
          (bn): BatchNorm1d(112, eps=1e-05, momentum=0.1, affine=True, track_running_stats=True)
        )
        (1): ConvBlock(
          (conv): Conv1d(112, 32, kernel_size=(3,), stride=(1,), padding=(1,))
          (bn): BatchNorm1d(32, eps=1e-05, momentum=0.1, affine=True, track_running_stats=True)
        )
      )
      (branch3): Sequential(
        (0): ConvBlock(
          (conv): Conv1d(512, 24, kernel_size=(1,), stride=(1,))
          (bn): BatchNorm1d(24, eps=1e-05, momentum=0.1, affine=True, track_running_stats=True)
        )
        (1): ConvBlock(
          (conv): Conv1d(24, 64, kernel_size=(5,), stride=(1,), padding=(2,))
          (bn): BatchNorm1d(64, eps=1e-05, momentum=0.1, affine=True, track_running_stats=True)
        )
      )
      (branch4): Sequential(
        (0): MaxPool2d(kernel_size=3, stride=1, padding=1, dilation=1, ceil_mode=False)
        (1): ConvBlock(
          (conv): Conv1d(512, 32, kernel_size=(1,), stride=(1,))
          (bn): BatchNorm1d(32, eps=1e-05, momentum=0.1, affine=True, track_running_stats=True)
        )
      )
    )
    (avgpool): AvgPool1d(kernel_size=(5,), stride=(1,), padding=(0,))
    (dropout): Dropout(p=0.5, inplace=False)
    (fc): Linear(in_features=8480, out_features=1, bias=True)
    (sigmoid): Sigmoid()
  )
)
2024-11-24 20:39 - INFO - * -----------
2024-12-06 12:52 - INFO - Fit the preprocessing pipeline
2024-12-06 12:52 - INFO - Training using device: cuda
2024-12-06 12:52 - INFO - Creating generators
2024-12-06 12:52 - INFO - The model has 2,246,929 trainable parameters
2024-12-06 12:52 - INFO - * Model:
2024-12-06 12:52 - INFO - * -----------
2024-12-06 12:52 - INFO - CombinedModel(
  (upstream_model): TSTransformerEncoderCNN(
    (project_input): Linear(in_features=12, out_features=128, bias=True)
    (encoder): Linear(in_features=12, out_features=128, bias=True)
    (transformer_encoder): TransformerEncoder(
      (layers): ModuleList(
        (0-7): 8 x TransformerEncoderLayer(
          (self_attn): MultiheadAttention(
            (out_proj): NonDynamicallyQuantizableLinear(in_features=128, out_features=128, bias=True)
          )
          (linear1): Linear(in_features=128, out_features=512, bias=True)
          (dropout): Dropout(p=0.4, inplace=False)
          (linear2): Linear(in_features=512, out_features=128, bias=True)
          (norm1): LayerNorm((128,), eps=1e-05, elementwise_affine=True)
          (norm2): LayerNorm((128,), eps=1e-05, elementwise_affine=True)
          (dropout1): Dropout(p=0.4, inplace=False)
          (dropout2): Dropout(p=0.4, inplace=False)
        )
      )
    )
    (output_layer): Linear(in_features=128, out_features=12, bias=True)
    (dropout1): Dropout(p=0.4, inplace=False)
    (cnn): Conv1d(128, 12, kernel_size=(3,), stride=(1,), padding=(1,))
  )
  (downstream_model): DownstreamInception(
    (conv1): ConvBlock(
      (conv): Conv1d(12, 64, kernel_size=(7,), stride=(2,), padding=(3,))
      (bn): BatchNorm1d(64, eps=1e-05, momentum=0.1, affine=True, track_running_stats=True)
    )
    (conv2): ConvBlock(
      (conv): Conv1d(64, 128, kernel_size=(3,), stride=(1,), padding=(1,))
      (bn): BatchNorm1d(128, eps=1e-05, momentum=0.1, affine=True, track_running_stats=True)
    )
    (maxpool): MaxPool1d(kernel_size=3, stride=2, padding=1, dilation=1, ceil_mode=False)
    (inception3a): InceptionBlock(
      (branch1): ConvBlock(
        (conv): Conv1d(128, 64, kernel_size=(1,), stride=(1,))
        (bn): BatchNorm1d(64, eps=1e-05, momentum=0.1, affine=True, track_running_stats=True)
      )
      (branch2): Sequential(
        (0): ConvBlock(
          (conv): Conv1d(128, 96, kernel_size=(1,), stride=(1,))
          (bn): BatchNorm1d(96, eps=1e-05, momentum=0.1, affine=True, track_running_stats=True)
        )
        (1): ConvBlock(
          (conv): Conv1d(96, 128, kernel_size=(3,), stride=(1,), padding=(1,))
          (bn): BatchNorm1d(128, eps=1e-05, momentum=0.1, affine=True, track_running_stats=True)
        )
      )
      (branch3): Sequential(
        (0): ConvBlock(
          (conv): Conv1d(128, 16, kernel_size=(1,), stride=(1,))
          (bn): BatchNorm1d(16, eps=1e-05, momentum=0.1, affine=True, track_running_stats=True)
        )
        (1): ConvBlock(
          (conv): Conv1d(16, 32, kernel_size=(5,), stride=(1,), padding=(2,))
          (bn): BatchNorm1d(32, eps=1e-05, momentum=0.1, affine=True, track_running_stats=True)
        )
      )
      (branch4): Sequential(
        (0): MaxPool2d(kernel_size=3, stride=1, padding=1, dilation=1, ceil_mode=False)
        (1): ConvBlock(
          (conv): Conv1d(128, 32, kernel_size=(1,), stride=(1,))
          (bn): BatchNorm1d(32, eps=1e-05, momentum=0.1, affine=True, track_running_stats=True)
        )
      )
    )
    (inception3b): InceptionBlock(
      (branch1): ConvBlock(
        (conv): Conv1d(256, 128, kernel_size=(1,), stride=(1,))
        (bn): BatchNorm1d(128, eps=1e-05, momentum=0.1, affine=True, track_running_stats=True)
      )
      (branch2): Sequential(
        (0): ConvBlock(
          (conv): Conv1d(256, 128, kernel_size=(1,), stride=(1,))
          (bn): BatchNorm1d(128, eps=1e-05, momentum=0.1, affine=True, track_running_stats=True)
        )
        (1): ConvBlock(
          (conv): Conv1d(128, 192, kernel_size=(3,), stride=(1,), padding=(1,))
          (bn): BatchNorm1d(192, eps=1e-05, momentum=0.1, affine=True, track_running_stats=True)
        )
      )
      (branch3): Sequential(
        (0): ConvBlock(
          (conv): Conv1d(256, 32, kernel_size=(1,), stride=(1,))
          (bn): BatchNorm1d(32, eps=1e-05, momentum=0.1, affine=True, track_running_stats=True)
        )
        (1): ConvBlock(
          (conv): Conv1d(32, 96, kernel_size=(5,), stride=(1,), padding=(2,))
          (bn): BatchNorm1d(96, eps=1e-05, momentum=0.1, affine=True, track_running_stats=True)
        )
      )
      (branch4): Sequential(
        (0): MaxPool2d(kernel_size=3, stride=1, padding=1, dilation=1, ceil_mode=False)
        (1): ConvBlock(
          (conv): Conv1d(256, 64, kernel_size=(1,), stride=(1,))
          (bn): BatchNorm1d(64, eps=1e-05, momentum=0.1, affine=True, track_running_stats=True)
        )
      )
    )
    (inception4a): InceptionBlock(
      (branch1): ConvBlock(
        (conv): Conv1d(480, 192, kernel_size=(1,), stride=(1,))
        (bn): BatchNorm1d(192, eps=1e-05, momentum=0.1, affine=True, track_running_stats=True)
      )
      (branch2): Sequential(
        (0): ConvBlock(
          (conv): Conv1d(480, 96, kernel_size=(1,), stride=(1,))
          (bn): BatchNorm1d(96, eps=1e-05, momentum=0.1, affine=True, track_running_stats=True)
        )
        (1): ConvBlock(
          (conv): Conv1d(96, 208, kernel_size=(3,), stride=(1,), padding=(1,))
          (bn): BatchNorm1d(208, eps=1e-05, momentum=0.1, affine=True, track_running_stats=True)
        )
      )
      (branch3): Sequential(
        (0): ConvBlock(
          (conv): Conv1d(480, 16, kernel_size=(1,), stride=(1,))
          (bn): BatchNorm1d(16, eps=1e-05, momentum=0.1, affine=True, track_running_stats=True)
        )
        (1): ConvBlock(
          (conv): Conv1d(16, 48, kernel_size=(5,), stride=(1,), padding=(2,))
          (bn): BatchNorm1d(48, eps=1e-05, momentum=0.1, affine=True, track_running_stats=True)
        )
      )
      (branch4): Sequential(
        (0): MaxPool2d(kernel_size=3, stride=1, padding=1, dilation=1, ceil_mode=False)
        (1): ConvBlock(
          (conv): Conv1d(480, 64, kernel_size=(1,), stride=(1,))
          (bn): BatchNorm1d(64, eps=1e-05, momentum=0.1, affine=True, track_running_stats=True)
        )
      )
    )
    (inception4b): InceptionBlock(
      (branch1): ConvBlock(
        (conv): Conv1d(512, 32, kernel_size=(1,), stride=(1,))
        (bn): BatchNorm1d(32, eps=1e-05, momentum=0.1, affine=True, track_running_stats=True)
      )
      (branch2): Sequential(
        (0): ConvBlock(
          (conv): Conv1d(512, 112, kernel_size=(1,), stride=(1,))
          (bn): BatchNorm1d(112, eps=1e-05, momentum=0.1, affine=True, track_running_stats=True)
        )
        (1): ConvBlock(
          (conv): Conv1d(112, 32, kernel_size=(3,), stride=(1,), padding=(1,))
          (bn): BatchNorm1d(32, eps=1e-05, momentum=0.1, affine=True, track_running_stats=True)
        )
      )
      (branch3): Sequential(
        (0): ConvBlock(
          (conv): Conv1d(512, 24, kernel_size=(1,), stride=(1,))
          (bn): BatchNorm1d(24, eps=1e-05, momentum=0.1, affine=True, track_running_stats=True)
        )
        (1): ConvBlock(
          (conv): Conv1d(24, 64, kernel_size=(5,), stride=(1,), padding=(2,))
          (bn): BatchNorm1d(64, eps=1e-05, momentum=0.1, affine=True, track_running_stats=True)
        )
      )
      (branch4): Sequential(
        (0): MaxPool2d(kernel_size=3, stride=1, padding=1, dilation=1, ceil_mode=False)
        (1): ConvBlock(
          (conv): Conv1d(512, 32, kernel_size=(1,), stride=(1,))
          (bn): BatchNorm1d(32, eps=1e-05, momentum=0.1, affine=True, track_running_stats=True)
        )
      )
    )
    (avgpool): AvgPool1d(kernel_size=(5,), stride=(1,), padding=(0,))
    (dropout): Dropout(p=0.5, inplace=False)
    (fc): Linear(in_features=8480, out_features=1, bias=True)
    (sigmoid): Sigmoid()
  )
)
2024-12-06 12:52 - INFO - * -----------
2024-12-06 13:00 - INFO - ---------------------------------------------
2024-12-06 13:00 - INFO - Epoch: 01 | Time: 8m 2s
2024-12-06 13:00 - INFO - 	 New best val_rocauc loss was found, current best value is 0.22996
2024-12-06 13:00 - INFO - 	 Train Loss: 0.248
2024-12-06 13:00 - INFO - 	 Val. Loss: 0.234
2024-12-06 13:00 - INFO - 	 ROC-AUC: 0.779
2024-12-06 13:00 - INFO - 	 PR-AUC: 0.230
2024-12-06 13:00 - INFO - 	 Best Val. Loss: 0.234
2024-12-06 13:00 - INFO - 	 Best ROC-AUC: 0.779
2024-12-06 13:00 - INFO - 	 Best PR-AUC: 0.230
2024-12-06 13:00 - INFO - 	 Test-ROC-AUC under Best Validation ROC-AUC: 0.765
2024-12-06 13:00 - INFO - 	 Test-PR-AUC under Best Validation Best PR-AUC: 0.245
2024-12-06 13:00 - INFO - ---------------------------------------------
2024-12-06 13:08 - INFO - ---------------------------------------------
2024-12-06 13:08 - INFO - Epoch: 02 | Time: 8m 0s
2024-12-06 13:08 - INFO - 	 New best val_rocauc loss was found, current best value is 0.47171
2024-12-06 13:08 - INFO - 	 Train Loss: 0.206
2024-12-06 13:08 - INFO - 	 Val. Loss: 0.141
2024-12-06 13:08 - INFO - 	 ROC-AUC: 0.940
2024-12-06 13:08 - INFO - 	 PR-AUC: 0.472
2024-12-06 13:08 - INFO - 	 Best Val. Loss: 0.141
2024-12-06 13:08 - INFO - 	 Best ROC-AUC: 0.940
2024-12-06 13:08 - INFO - 	 Best PR-AUC: 0.472
2024-12-06 13:08 - INFO - 	 Test-ROC-AUC under Best Validation ROC-AUC: 0.936
2024-12-06 13:08 - INFO - 	 Test-PR-AUC under Best Validation Best PR-AUC: 0.523
2024-12-06 13:08 - INFO - ---------------------------------------------
2024-12-06 13:16 - INFO - ---------------------------------------------
2024-12-06 13:16 - INFO - Epoch: 03 | Time: 8m 1s
2024-12-06 13:16 - INFO - 	 New best val_rocauc loss was found, current best value is 0.6379
2024-12-06 13:16 - INFO - 	 Train Loss: 0.128
2024-12-06 13:16 - INFO - 	 Val. Loss: 0.142
2024-12-06 13:16 - INFO - 	 ROC-AUC: 0.963
2024-12-06 13:16 - INFO - 	 PR-AUC: 0.638
2024-12-06 13:16 - INFO - 	 Best Val. Loss: 0.141
2024-12-06 13:16 - INFO - 	 Best ROC-AUC: 0.963
2024-12-06 13:16 - INFO - 	 Best PR-AUC: 0.638
2024-12-06 13:16 - INFO - 	 Test-ROC-AUC under Best Validation ROC-AUC: 0.964
2024-12-06 13:16 - INFO - 	 Test-PR-AUC under Best Validation Best PR-AUC: 0.664
2024-12-06 13:16 - INFO - ---------------------------------------------
2024-12-06 13:24 - INFO - ---------------------------------------------
2024-12-06 13:24 - INFO - Epoch: 04 | Time: 8m 1s
2024-12-06 13:24 - INFO - 	 New best val_rocauc loss was found, current best value is 0.71891
2024-12-06 13:24 - INFO - 	 Train Loss: 0.109
2024-12-06 13:24 - INFO - 	 Val. Loss: 0.097
2024-12-06 13:24 - INFO - 	 ROC-AUC: 0.972
2024-12-06 13:24 - INFO - 	 PR-AUC: 0.719
2024-12-06 13:24 - INFO - 	 Best Val. Loss: 0.097
2024-12-06 13:24 - INFO - 	 Best ROC-AUC: 0.972
2024-12-06 13:24 - INFO - 	 Best PR-AUC: 0.719
2024-12-06 13:24 - INFO - 	 Test-ROC-AUC under Best Validation ROC-AUC: 0.971
2024-12-06 13:24 - INFO - 	 Test-PR-AUC under Best Validation Best PR-AUC: 0.721
2024-12-06 13:24 - INFO - ---------------------------------------------
2024-12-06 13:32 - INFO - ---------------------------------------------
2024-12-06 13:32 - INFO - Epoch: 05 | Time: 8m 1s
2024-12-06 13:32 - INFO - 	 New best val_rocauc loss was found, current best value is 0.75698
2024-12-06 13:32 - INFO - 	 Train Loss: 0.103
2024-12-06 13:32 - INFO - 	 Val. Loss: 0.095
2024-12-06 13:32 - INFO - 	 ROC-AUC: 0.976
2024-12-06 13:32 - INFO - 	 PR-AUC: 0.757
2024-12-06 13:32 - INFO - 	 Best Val. Loss: 0.095
2024-12-06 13:32 - INFO - 	 Best ROC-AUC: 0.976
2024-12-06 13:32 - INFO - 	 Best PR-AUC: 0.757
2024-12-06 13:32 - INFO - 	 Test-ROC-AUC under Best Validation ROC-AUC: 0.975
2024-12-06 13:32 - INFO - 	 Test-PR-AUC under Best Validation Best PR-AUC: 0.761
2024-12-06 13:32 - INFO - ---------------------------------------------
2024-12-06 13:40 - INFO - ---------------------------------------------
2024-12-06 13:40 - INFO - Epoch: 06 | Time: 8m 1s
2024-12-06 13:40 - INFO - 	 New best val_rocauc loss was found, current best value is 0.76874
2024-12-06 13:40 - INFO - 	 Train Loss: 0.099
2024-12-06 13:40 - INFO - 	 Val. Loss: 0.094
2024-12-06 13:40 - INFO - 	 ROC-AUC: 0.976
2024-12-06 13:40 - INFO - 	 PR-AUC: 0.769
2024-12-06 13:40 - INFO - 	 Best Val. Loss: 0.094
2024-12-06 13:40 - INFO - 	 Best ROC-AUC: 0.976
2024-12-06 13:40 - INFO - 	 Best PR-AUC: 0.769
2024-12-06 13:40 - INFO - 	 Test-ROC-AUC under Best Validation ROC-AUC: 0.975
2024-12-06 13:40 - INFO - 	 Test-PR-AUC under Best Validation Best PR-AUC: 0.761
2024-12-06 13:40 - INFO - ---------------------------------------------
2024-12-06 13:48 - INFO - ---------------------------------------------
2024-12-06 13:48 - INFO - Epoch: 07 | Time: 8m 1s
2024-12-06 13:48 - INFO - 	 New best val_rocauc loss was found, current best value is 0.78823
2024-12-06 13:48 - INFO - 	 Train Loss: 0.096
2024-12-06 13:48 - INFO - 	 Val. Loss: 0.084
2024-12-06 13:48 - INFO - 	 ROC-AUC: 0.978
2024-12-06 13:48 - INFO - 	 PR-AUC: 0.788
2024-12-06 13:48 - INFO - 	 Best Val. Loss: 0.084
2024-12-06 13:48 - INFO - 	 Best ROC-AUC: 0.978
2024-12-06 13:48 - INFO - 	 Best PR-AUC: 0.788
2024-12-06 13:48 - INFO - 	 Test-ROC-AUC under Best Validation ROC-AUC: 0.974
2024-12-06 13:48 - INFO - 	 Test-PR-AUC under Best Validation Best PR-AUC: 0.787
2024-12-06 13:48 - INFO - ---------------------------------------------
2024-12-06 13:56 - INFO - ---------------------------------------------
2024-12-06 13:56 - INFO - Epoch: 08 | Time: 8m 1s
2024-12-06 13:56 - INFO - 	 Train Loss: 0.093
2024-12-06 13:56 - INFO - 	 Val. Loss: 0.100
2024-12-06 13:56 - INFO - 	 ROC-AUC: 0.976
2024-12-06 13:56 - INFO - 	 PR-AUC: 0.769
2024-12-06 13:56 - INFO - 	 Best Val. Loss: 0.084
2024-12-06 13:56 - INFO - 	 Best ROC-AUC: 0.978
2024-12-06 13:56 - INFO - 	 Best PR-AUC: 0.788
2024-12-06 13:56 - INFO - 	 Test-ROC-AUC under Best Validation ROC-AUC: 0.974
2024-12-06 13:56 - INFO - 	 Test-PR-AUC under Best Validation Best PR-AUC: 0.787
2024-12-06 13:56 - INFO - ---------------------------------------------
2024-12-06 14:04 - INFO - ---------------------------------------------
2024-12-06 14:04 - INFO - Epoch: 09 | Time: 8m 1s
2024-12-06 14:04 - INFO - 	 New best val_rocauc loss was found, current best value is 0.78937
2024-12-06 14:04 - INFO - 	 Train Loss: 0.093
2024-12-06 14:04 - INFO - 	 Val. Loss: 0.085
2024-12-06 14:04 - INFO - 	 ROC-AUC: 0.977
2024-12-06 14:04 - INFO - 	 PR-AUC: 0.789
2024-12-06 14:04 - INFO - 	 Best Val. Loss: 0.084
2024-12-06 14:04 - INFO - 	 Best ROC-AUC: 0.978
2024-12-06 14:04 - INFO - 	 Best PR-AUC: 0.789
2024-12-06 14:04 - INFO - 	 Test-ROC-AUC under Best Validation ROC-AUC: 0.974
2024-12-06 14:04 - INFO - 	 Test-PR-AUC under Best Validation Best PR-AUC: 0.784
2024-12-06 14:04 - INFO - ---------------------------------------------
2024-12-06 14:12 - INFO - ---------------------------------------------
2024-12-06 14:12 - INFO - Epoch: 10 | Time: 8m 1s
2024-12-06 14:12 - INFO - 	 New best val_rocauc loss was found, current best value is 0.79254
2024-12-06 14:12 - INFO - 	 Train Loss: 0.091
2024-12-06 14:12 - INFO - 	 Val. Loss: 0.083
2024-12-06 14:12 - INFO - 	 ROC-AUC: 0.980
2024-12-06 14:12 - INFO - 	 PR-AUC: 0.793
2024-12-06 14:12 - INFO - 	 Best Val. Loss: 0.083
2024-12-06 14:12 - INFO - 	 Best ROC-AUC: 0.980
2024-12-06 14:12 - INFO - 	 Best PR-AUC: 0.793
2024-12-06 14:12 - INFO - 	 Test-ROC-AUC under Best Validation ROC-AUC: 0.976
2024-12-06 14:12 - INFO - 	 Test-PR-AUC under Best Validation Best PR-AUC: 0.781
2024-12-06 14:12 - INFO - ---------------------------------------------
2024-12-06 14:14 - INFO - Fit the preprocessing pipeline
2024-12-06 14:14 - INFO - Training using device: cuda
2024-12-06 14:14 - INFO - Creating generators
2024-12-06 14:14 - INFO - The model has 2,246,929 trainable parameters
2024-12-06 14:14 - INFO - * Model:
2024-12-06 14:14 - INFO - * -----------
2024-12-06 14:14 - INFO - CombinedModel(
  (upstream_model): TSTransformerEncoderCNN(
    (project_input): Linear(in_features=12, out_features=128, bias=True)
    (encoder): Linear(in_features=12, out_features=128, bias=True)
    (transformer_encoder): TransformerEncoder(
      (layers): ModuleList(
        (0-7): 8 x TransformerEncoderLayer(
          (self_attn): MultiheadAttention(
            (out_proj): NonDynamicallyQuantizableLinear(in_features=128, out_features=128, bias=True)
          )
          (linear1): Linear(in_features=128, out_features=512, bias=True)
          (dropout): Dropout(p=0.4, inplace=False)
          (linear2): Linear(in_features=512, out_features=128, bias=True)
          (norm1): LayerNorm((128,), eps=1e-05, elementwise_affine=True)
          (norm2): LayerNorm((128,), eps=1e-05, elementwise_affine=True)
          (dropout1): Dropout(p=0.4, inplace=False)
          (dropout2): Dropout(p=0.4, inplace=False)
        )
      )
    )
    (output_layer): Linear(in_features=128, out_features=12, bias=True)
    (dropout1): Dropout(p=0.4, inplace=False)
    (cnn): Conv1d(128, 12, kernel_size=(3,), stride=(1,), padding=(1,))
  )
  (downstream_model): DownstreamInception(
    (conv1): ConvBlock(
      (conv): Conv1d(12, 64, kernel_size=(7,), stride=(2,), padding=(3,))
      (bn): BatchNorm1d(64, eps=1e-05, momentum=0.1, affine=True, track_running_stats=True)
    )
    (conv2): ConvBlock(
      (conv): Conv1d(64, 128, kernel_size=(3,), stride=(1,), padding=(1,))
      (bn): BatchNorm1d(128, eps=1e-05, momentum=0.1, affine=True, track_running_stats=True)
    )
    (maxpool): MaxPool1d(kernel_size=3, stride=2, padding=1, dilation=1, ceil_mode=False)
    (inception3a): InceptionBlock(
      (branch1): ConvBlock(
        (conv): Conv1d(128, 64, kernel_size=(1,), stride=(1,))
        (bn): BatchNorm1d(64, eps=1e-05, momentum=0.1, affine=True, track_running_stats=True)
      )
      (branch2): Sequential(
        (0): ConvBlock(
          (conv): Conv1d(128, 96, kernel_size=(1,), stride=(1,))
          (bn): BatchNorm1d(96, eps=1e-05, momentum=0.1, affine=True, track_running_stats=True)
        )
        (1): ConvBlock(
          (conv): Conv1d(96, 128, kernel_size=(3,), stride=(1,), padding=(1,))
          (bn): BatchNorm1d(128, eps=1e-05, momentum=0.1, affine=True, track_running_stats=True)
        )
      )
      (branch3): Sequential(
        (0): ConvBlock(
          (conv): Conv1d(128, 16, kernel_size=(1,), stride=(1,))
          (bn): BatchNorm1d(16, eps=1e-05, momentum=0.1, affine=True, track_running_stats=True)
        )
        (1): ConvBlock(
          (conv): Conv1d(16, 32, kernel_size=(5,), stride=(1,), padding=(2,))
          (bn): BatchNorm1d(32, eps=1e-05, momentum=0.1, affine=True, track_running_stats=True)
        )
      )
      (branch4): Sequential(
        (0): MaxPool2d(kernel_size=3, stride=1, padding=1, dilation=1, ceil_mode=False)
        (1): ConvBlock(
          (conv): Conv1d(128, 32, kernel_size=(1,), stride=(1,))
          (bn): BatchNorm1d(32, eps=1e-05, momentum=0.1, affine=True, track_running_stats=True)
        )
      )
    )
    (inception3b): InceptionBlock(
      (branch1): ConvBlock(
        (conv): Conv1d(256, 128, kernel_size=(1,), stride=(1,))
        (bn): BatchNorm1d(128, eps=1e-05, momentum=0.1, affine=True, track_running_stats=True)
      )
      (branch2): Sequential(
        (0): ConvBlock(
          (conv): Conv1d(256, 128, kernel_size=(1,), stride=(1,))
          (bn): BatchNorm1d(128, eps=1e-05, momentum=0.1, affine=True, track_running_stats=True)
        )
        (1): ConvBlock(
          (conv): Conv1d(128, 192, kernel_size=(3,), stride=(1,), padding=(1,))
          (bn): BatchNorm1d(192, eps=1e-05, momentum=0.1, affine=True, track_running_stats=True)
        )
      )
      (branch3): Sequential(
        (0): ConvBlock(
          (conv): Conv1d(256, 32, kernel_size=(1,), stride=(1,))
          (bn): BatchNorm1d(32, eps=1e-05, momentum=0.1, affine=True, track_running_stats=True)
        )
        (1): ConvBlock(
          (conv): Conv1d(32, 96, kernel_size=(5,), stride=(1,), padding=(2,))
          (bn): BatchNorm1d(96, eps=1e-05, momentum=0.1, affine=True, track_running_stats=True)
        )
      )
      (branch4): Sequential(
        (0): MaxPool2d(kernel_size=3, stride=1, padding=1, dilation=1, ceil_mode=False)
        (1): ConvBlock(
          (conv): Conv1d(256, 64, kernel_size=(1,), stride=(1,))
          (bn): BatchNorm1d(64, eps=1e-05, momentum=0.1, affine=True, track_running_stats=True)
        )
      )
    )
    (inception4a): InceptionBlock(
      (branch1): ConvBlock(
        (conv): Conv1d(480, 192, kernel_size=(1,), stride=(1,))
        (bn): BatchNorm1d(192, eps=1e-05, momentum=0.1, affine=True, track_running_stats=True)
      )
      (branch2): Sequential(
        (0): ConvBlock(
          (conv): Conv1d(480, 96, kernel_size=(1,), stride=(1,))
          (bn): BatchNorm1d(96, eps=1e-05, momentum=0.1, affine=True, track_running_stats=True)
        )
        (1): ConvBlock(
          (conv): Conv1d(96, 208, kernel_size=(3,), stride=(1,), padding=(1,))
          (bn): BatchNorm1d(208, eps=1e-05, momentum=0.1, affine=True, track_running_stats=True)
        )
      )
      (branch3): Sequential(
        (0): ConvBlock(
          (conv): Conv1d(480, 16, kernel_size=(1,), stride=(1,))
          (bn): BatchNorm1d(16, eps=1e-05, momentum=0.1, affine=True, track_running_stats=True)
        )
        (1): ConvBlock(
          (conv): Conv1d(16, 48, kernel_size=(5,), stride=(1,), padding=(2,))
          (bn): BatchNorm1d(48, eps=1e-05, momentum=0.1, affine=True, track_running_stats=True)
        )
      )
      (branch4): Sequential(
        (0): MaxPool2d(kernel_size=3, stride=1, padding=1, dilation=1, ceil_mode=False)
        (1): ConvBlock(
          (conv): Conv1d(480, 64, kernel_size=(1,), stride=(1,))
          (bn): BatchNorm1d(64, eps=1e-05, momentum=0.1, affine=True, track_running_stats=True)
        )
      )
    )
    (inception4b): InceptionBlock(
      (branch1): ConvBlock(
        (conv): Conv1d(512, 32, kernel_size=(1,), stride=(1,))
        (bn): BatchNorm1d(32, eps=1e-05, momentum=0.1, affine=True, track_running_stats=True)
      )
      (branch2): Sequential(
        (0): ConvBlock(
          (conv): Conv1d(512, 112, kernel_size=(1,), stride=(1,))
          (bn): BatchNorm1d(112, eps=1e-05, momentum=0.1, affine=True, track_running_stats=True)
        )
        (1): ConvBlock(
          (conv): Conv1d(112, 32, kernel_size=(3,), stride=(1,), padding=(1,))
          (bn): BatchNorm1d(32, eps=1e-05, momentum=0.1, affine=True, track_running_stats=True)
        )
      )
      (branch3): Sequential(
        (0): ConvBlock(
          (conv): Conv1d(512, 24, kernel_size=(1,), stride=(1,))
          (bn): BatchNorm1d(24, eps=1e-05, momentum=0.1, affine=True, track_running_stats=True)
        )
        (1): ConvBlock(
          (conv): Conv1d(24, 64, kernel_size=(5,), stride=(1,), padding=(2,))
          (bn): BatchNorm1d(64, eps=1e-05, momentum=0.1, affine=True, track_running_stats=True)
        )
      )
      (branch4): Sequential(
        (0): MaxPool2d(kernel_size=3, stride=1, padding=1, dilation=1, ceil_mode=False)
        (1): ConvBlock(
          (conv): Conv1d(512, 32, kernel_size=(1,), stride=(1,))
          (bn): BatchNorm1d(32, eps=1e-05, momentum=0.1, affine=True, track_running_stats=True)
        )
      )
    )
    (avgpool): AvgPool1d(kernel_size=(5,), stride=(1,), padding=(0,))
    (dropout): Dropout(p=0.5, inplace=False)
    (fc): Linear(in_features=8480, out_features=1, bias=True)
    (sigmoid): Sigmoid()
  )
)
2024-12-06 14:14 - INFO - * -----------
2024-12-06 14:22 - INFO - ---------------------------------------------
2024-12-06 14:22 - INFO - Epoch: 01 | Time: 8m 1s
2024-12-06 14:22 - INFO - 	 New best val_rocauc loss was found, current best value is 0.21174
2024-12-06 14:22 - INFO - 	 Train Loss: 0.250
2024-12-06 14:22 - INFO - 	 Val. Loss: 0.256
2024-12-06 14:22 - INFO - 	 ROC-AUC: 0.763
2024-12-06 14:22 - INFO - 	 PR-AUC: 0.212
2024-12-06 14:22 - INFO - 	 Best Val. Loss: 0.256
2024-12-06 14:22 - INFO - 	 Best ROC-AUC: 0.763
2024-12-06 14:22 - INFO - 	 Best PR-AUC: 0.212
2024-12-06 14:22 - INFO - 	 Test-ROC-AUC under Best Validation ROC-AUC: 0.744
2024-12-06 14:22 - INFO - 	 Test-PR-AUC under Best Validation Best PR-AUC: 0.217
2024-12-06 14:22 - INFO - ---------------------------------------------
2024-12-06 14:30 - INFO - ---------------------------------------------
2024-12-06 14:30 - INFO - Epoch: 02 | Time: 8m 1s
2024-12-06 14:30 - INFO - 	 New best val_rocauc loss was found, current best value is 0.45743
2024-12-06 14:30 - INFO - 	 Train Loss: 0.190
2024-12-06 14:30 - INFO - 	 Val. Loss: 0.205
2024-12-06 14:30 - INFO - 	 ROC-AUC: 0.937
2024-12-06 14:30 - INFO - 	 PR-AUC: 0.457
2024-12-06 14:30 - INFO - 	 Best Val. Loss: 0.205
2024-12-06 14:30 - INFO - 	 Best ROC-AUC: 0.937
2024-12-06 14:30 - INFO - 	 Best PR-AUC: 0.457
2024-12-06 14:30 - INFO - 	 Test-ROC-AUC under Best Validation ROC-AUC: 0.938
2024-12-06 14:30 - INFO - 	 Test-PR-AUC under Best Validation Best PR-AUC: 0.506
2024-12-06 14:30 - INFO - ---------------------------------------------
2024-12-06 14:38 - INFO - ---------------------------------------------
2024-12-06 14:38 - INFO - Epoch: 03 | Time: 8m 1s
2024-12-06 14:38 - INFO - 	 New best val_rocauc loss was found, current best value is 0.71475
2024-12-06 14:38 - INFO - 	 Train Loss: 0.124
2024-12-06 14:38 - INFO - 	 Val. Loss: 0.095
2024-12-06 14:38 - INFO - 	 ROC-AUC: 0.973
2024-12-06 14:38 - INFO - 	 PR-AUC: 0.715
2024-12-06 14:38 - INFO - 	 Best Val. Loss: 0.095
2024-12-06 14:38 - INFO - 	 Best ROC-AUC: 0.973
2024-12-06 14:38 - INFO - 	 Best PR-AUC: 0.715
2024-12-06 14:38 - INFO - 	 Test-ROC-AUC under Best Validation ROC-AUC: 0.971
2024-12-06 14:38 - INFO - 	 Test-PR-AUC under Best Validation Best PR-AUC: 0.732
2024-12-06 14:38 - INFO - ---------------------------------------------
2024-12-06 14:47 - INFO - ---------------------------------------------
2024-12-06 14:47 - INFO - Epoch: 04 | Time: 8m 1s
2024-12-06 14:47 - INFO - 	 New best val_rocauc loss was found, current best value is 0.73481
2024-12-06 14:47 - INFO - 	 Train Loss: 0.108
2024-12-06 14:47 - INFO - 	 Val. Loss: 0.095
2024-12-06 14:47 - INFO - 	 ROC-AUC: 0.974
2024-12-06 14:47 - INFO - 	 PR-AUC: 0.735
2024-12-06 14:47 - INFO - 	 Best Val. Loss: 0.095
2024-12-06 14:47 - INFO - 	 Best ROC-AUC: 0.974
2024-12-06 14:47 - INFO - 	 Best PR-AUC: 0.735
2024-12-06 14:47 - INFO - 	 Test-ROC-AUC under Best Validation ROC-AUC: 0.974
2024-12-06 14:47 - INFO - 	 Test-PR-AUC under Best Validation Best PR-AUC: 0.769
2024-12-06 14:47 - INFO - ---------------------------------------------
2024-12-06 14:55 - INFO - ---------------------------------------------
2024-12-06 14:55 - INFO - Epoch: 05 | Time: 8m 1s
2024-12-06 14:55 - INFO - 	 New best val_rocauc loss was found, current best value is 0.77216
2024-12-06 14:55 - INFO - 	 Train Loss: 0.100
2024-12-06 14:55 - INFO - 	 Val. Loss: 0.086
2024-12-06 14:55 - INFO - 	 ROC-AUC: 0.977
2024-12-06 14:55 - INFO - 	 PR-AUC: 0.772
2024-12-06 14:55 - INFO - 	 Best Val. Loss: 0.086
2024-12-06 14:55 - INFO - 	 Best ROC-AUC: 0.977
2024-12-06 14:55 - INFO - 	 Best PR-AUC: 0.772
2024-12-06 14:55 - INFO - 	 Test-ROC-AUC under Best Validation ROC-AUC: 0.976
2024-12-06 14:55 - INFO - 	 Test-PR-AUC under Best Validation Best PR-AUC: 0.775
2024-12-06 14:55 - INFO - ---------------------------------------------
2024-12-06 15:03 - INFO - ---------------------------------------------
2024-12-06 15:03 - INFO - Epoch: 06 | Time: 8m 1s
2024-12-06 15:03 - INFO - 	 Train Loss: 0.096
2024-12-06 15:03 - INFO - 	 Val. Loss: 0.088
2024-12-06 15:03 - INFO - 	 ROC-AUC: 0.976
2024-12-06 15:03 - INFO - 	 PR-AUC: 0.768
2024-12-06 15:03 - INFO - 	 Best Val. Loss: 0.086
2024-12-06 15:03 - INFO - 	 Best ROC-AUC: 0.977
2024-12-06 15:03 - INFO - 	 Best PR-AUC: 0.772
2024-12-06 15:03 - INFO - 	 Test-ROC-AUC under Best Validation ROC-AUC: 0.976
2024-12-06 15:03 - INFO - 	 Test-PR-AUC under Best Validation Best PR-AUC: 0.775
2024-12-06 15:03 - INFO - ---------------------------------------------
2024-12-06 15:11 - INFO - ---------------------------------------------
2024-12-06 15:11 - INFO - Epoch: 07 | Time: 8m 1s
2024-12-06 15:11 - INFO - 	 Train Loss: 0.094
2024-12-06 15:11 - INFO - 	 Val. Loss: 0.096
2024-12-06 15:11 - INFO - 	 ROC-AUC: 0.974
2024-12-06 15:11 - INFO - 	 PR-AUC: 0.764
2024-12-06 15:11 - INFO - 	 Best Val. Loss: 0.086
2024-12-06 15:11 - INFO - 	 Best ROC-AUC: 0.977
2024-12-06 15:11 - INFO - 	 Best PR-AUC: 0.772
2024-12-06 15:11 - INFO - 	 Test-ROC-AUC under Best Validation ROC-AUC: 0.976
2024-12-06 15:11 - INFO - 	 Test-PR-AUC under Best Validation Best PR-AUC: 0.775
2024-12-06 15:11 - INFO - ---------------------------------------------
2024-12-06 15:19 - INFO - ---------------------------------------------
2024-12-06 15:19 - INFO - Epoch: 08 | Time: 8m 1s
2024-12-06 15:19 - INFO - 	 Train Loss: 0.091
2024-12-06 15:19 - INFO - 	 Val. Loss: 0.086
2024-12-06 15:19 - INFO - 	 ROC-AUC: 0.978
2024-12-06 15:19 - INFO - 	 PR-AUC: 0.766
2024-12-06 15:19 - INFO - 	 Best Val. Loss: 0.086
2024-12-06 15:19 - INFO - 	 Best ROC-AUC: 0.978
2024-12-06 15:19 - INFO - 	 Best PR-AUC: 0.772
2024-12-06 15:19 - INFO - 	 Test-ROC-AUC under Best Validation ROC-AUC: 0.977
2024-12-06 15:19 - INFO - 	 Test-PR-AUC under Best Validation Best PR-AUC: 0.775
2024-12-06 15:19 - INFO - ---------------------------------------------
2024-12-06 15:27 - INFO - ---------------------------------------------
2024-12-06 15:27 - INFO - Epoch: 09 | Time: 8m 1s
2024-12-06 15:27 - INFO - 	 New best val_rocauc loss was found, current best value is 0.78475
2024-12-06 15:27 - INFO - 	 Train Loss: 0.091
2024-12-06 15:27 - INFO - 	 Val. Loss: 0.083
2024-12-06 15:27 - INFO - 	 ROC-AUC: 0.978
2024-12-06 15:27 - INFO - 	 PR-AUC: 0.785
2024-12-06 15:27 - INFO - 	 Best Val. Loss: 0.083
2024-12-06 15:27 - INFO - 	 Best ROC-AUC: 0.978
2024-12-06 15:27 - INFO - 	 Best PR-AUC: 0.785
2024-12-06 15:27 - INFO - 	 Test-ROC-AUC under Best Validation ROC-AUC: 0.978
2024-12-06 15:27 - INFO - 	 Test-PR-AUC under Best Validation Best PR-AUC: 0.811
2024-12-06 15:27 - INFO - ---------------------------------------------
2024-12-06 15:35 - INFO - ---------------------------------------------
2024-12-06 15:35 - INFO - Epoch: 10 | Time: 8m 1s
2024-12-06 15:35 - INFO - 	 New best val_rocauc loss was found, current best value is 0.79726
2024-12-06 15:35 - INFO - 	 Train Loss: 0.088
2024-12-06 15:35 - INFO - 	 Val. Loss: 0.080
2024-12-06 15:35 - INFO - 	 ROC-AUC: 0.980
2024-12-06 15:35 - INFO - 	 PR-AUC: 0.797
2024-12-06 15:35 - INFO - 	 Best Val. Loss: 0.080
2024-12-06 15:35 - INFO - 	 Best ROC-AUC: 0.980
2024-12-06 15:35 - INFO - 	 Best PR-AUC: 0.797
2024-12-06 15:35 - INFO - 	 Test-ROC-AUC under Best Validation ROC-AUC: 0.978
2024-12-06 15:35 - INFO - 	 Test-PR-AUC under Best Validation Best PR-AUC: 0.809
2024-12-06 15:35 - INFO - ---------------------------------------------
2024-12-06 15:37 - INFO - Fit the preprocessing pipeline
2024-12-06 15:37 - INFO - Training using device: cuda
2024-12-06 15:37 - INFO - Creating generators
2024-12-06 15:37 - INFO - The model has 2,246,929 trainable parameters
2024-12-06 15:37 - INFO - * Model:
2024-12-06 15:37 - INFO - * -----------
2024-12-06 15:37 - INFO - CombinedModel(
  (upstream_model): TSTransformerEncoderCNN(
    (project_input): Linear(in_features=12, out_features=128, bias=True)
    (encoder): Linear(in_features=12, out_features=128, bias=True)
    (transformer_encoder): TransformerEncoder(
      (layers): ModuleList(
        (0-7): 8 x TransformerEncoderLayer(
          (self_attn): MultiheadAttention(
            (out_proj): NonDynamicallyQuantizableLinear(in_features=128, out_features=128, bias=True)
          )
          (linear1): Linear(in_features=128, out_features=512, bias=True)
          (dropout): Dropout(p=0.4, inplace=False)
          (linear2): Linear(in_features=512, out_features=128, bias=True)
          (norm1): LayerNorm((128,), eps=1e-05, elementwise_affine=True)
          (norm2): LayerNorm((128,), eps=1e-05, elementwise_affine=True)
          (dropout1): Dropout(p=0.4, inplace=False)
          (dropout2): Dropout(p=0.4, inplace=False)
        )
      )
    )
    (output_layer): Linear(in_features=128, out_features=12, bias=True)
    (dropout1): Dropout(p=0.4, inplace=False)
    (cnn): Conv1d(128, 12, kernel_size=(3,), stride=(1,), padding=(1,))
  )
  (downstream_model): DownstreamInception(
    (conv1): ConvBlock(
      (conv): Conv1d(12, 64, kernel_size=(7,), stride=(2,), padding=(3,))
      (bn): BatchNorm1d(64, eps=1e-05, momentum=0.1, affine=True, track_running_stats=True)
    )
    (conv2): ConvBlock(
      (conv): Conv1d(64, 128, kernel_size=(3,), stride=(1,), padding=(1,))
      (bn): BatchNorm1d(128, eps=1e-05, momentum=0.1, affine=True, track_running_stats=True)
    )
    (maxpool): MaxPool1d(kernel_size=3, stride=2, padding=1, dilation=1, ceil_mode=False)
    (inception3a): InceptionBlock(
      (branch1): ConvBlock(
        (conv): Conv1d(128, 64, kernel_size=(1,), stride=(1,))
        (bn): BatchNorm1d(64, eps=1e-05, momentum=0.1, affine=True, track_running_stats=True)
      )
      (branch2): Sequential(
        (0): ConvBlock(
          (conv): Conv1d(128, 96, kernel_size=(1,), stride=(1,))
          (bn): BatchNorm1d(96, eps=1e-05, momentum=0.1, affine=True, track_running_stats=True)
        )
        (1): ConvBlock(
          (conv): Conv1d(96, 128, kernel_size=(3,), stride=(1,), padding=(1,))
          (bn): BatchNorm1d(128, eps=1e-05, momentum=0.1, affine=True, track_running_stats=True)
        )
      )
      (branch3): Sequential(
        (0): ConvBlock(
          (conv): Conv1d(128, 16, kernel_size=(1,), stride=(1,))
          (bn): BatchNorm1d(16, eps=1e-05, momentum=0.1, affine=True, track_running_stats=True)
        )
        (1): ConvBlock(
          (conv): Conv1d(16, 32, kernel_size=(5,), stride=(1,), padding=(2,))
          (bn): BatchNorm1d(32, eps=1e-05, momentum=0.1, affine=True, track_running_stats=True)
        )
      )
      (branch4): Sequential(
        (0): MaxPool2d(kernel_size=3, stride=1, padding=1, dilation=1, ceil_mode=False)
        (1): ConvBlock(
          (conv): Conv1d(128, 32, kernel_size=(1,), stride=(1,))
          (bn): BatchNorm1d(32, eps=1e-05, momentum=0.1, affine=True, track_running_stats=True)
        )
      )
    )
    (inception3b): InceptionBlock(
      (branch1): ConvBlock(
        (conv): Conv1d(256, 128, kernel_size=(1,), stride=(1,))
        (bn): BatchNorm1d(128, eps=1e-05, momentum=0.1, affine=True, track_running_stats=True)
      )
      (branch2): Sequential(
        (0): ConvBlock(
          (conv): Conv1d(256, 128, kernel_size=(1,), stride=(1,))
          (bn): BatchNorm1d(128, eps=1e-05, momentum=0.1, affine=True, track_running_stats=True)
        )
        (1): ConvBlock(
          (conv): Conv1d(128, 192, kernel_size=(3,), stride=(1,), padding=(1,))
          (bn): BatchNorm1d(192, eps=1e-05, momentum=0.1, affine=True, track_running_stats=True)
        )
      )
      (branch3): Sequential(
        (0): ConvBlock(
          (conv): Conv1d(256, 32, kernel_size=(1,), stride=(1,))
          (bn): BatchNorm1d(32, eps=1e-05, momentum=0.1, affine=True, track_running_stats=True)
        )
        (1): ConvBlock(
          (conv): Conv1d(32, 96, kernel_size=(5,), stride=(1,), padding=(2,))
          (bn): BatchNorm1d(96, eps=1e-05, momentum=0.1, affine=True, track_running_stats=True)
        )
      )
      (branch4): Sequential(
        (0): MaxPool2d(kernel_size=3, stride=1, padding=1, dilation=1, ceil_mode=False)
        (1): ConvBlock(
          (conv): Conv1d(256, 64, kernel_size=(1,), stride=(1,))
          (bn): BatchNorm1d(64, eps=1e-05, momentum=0.1, affine=True, track_running_stats=True)
        )
      )
    )
    (inception4a): InceptionBlock(
      (branch1): ConvBlock(
        (conv): Conv1d(480, 192, kernel_size=(1,), stride=(1,))
        (bn): BatchNorm1d(192, eps=1e-05, momentum=0.1, affine=True, track_running_stats=True)
      )
      (branch2): Sequential(
        (0): ConvBlock(
          (conv): Conv1d(480, 96, kernel_size=(1,), stride=(1,))
          (bn): BatchNorm1d(96, eps=1e-05, momentum=0.1, affine=True, track_running_stats=True)
        )
        (1): ConvBlock(
          (conv): Conv1d(96, 208, kernel_size=(3,), stride=(1,), padding=(1,))
          (bn): BatchNorm1d(208, eps=1e-05, momentum=0.1, affine=True, track_running_stats=True)
        )
      )
      (branch3): Sequential(
        (0): ConvBlock(
          (conv): Conv1d(480, 16, kernel_size=(1,), stride=(1,))
          (bn): BatchNorm1d(16, eps=1e-05, momentum=0.1, affine=True, track_running_stats=True)
        )
        (1): ConvBlock(
          (conv): Conv1d(16, 48, kernel_size=(5,), stride=(1,), padding=(2,))
          (bn): BatchNorm1d(48, eps=1e-05, momentum=0.1, affine=True, track_running_stats=True)
        )
      )
      (branch4): Sequential(
        (0): MaxPool2d(kernel_size=3, stride=1, padding=1, dilation=1, ceil_mode=False)
        (1): ConvBlock(
          (conv): Conv1d(480, 64, kernel_size=(1,), stride=(1,))
          (bn): BatchNorm1d(64, eps=1e-05, momentum=0.1, affine=True, track_running_stats=True)
        )
      )
    )
    (inception4b): InceptionBlock(
      (branch1): ConvBlock(
        (conv): Conv1d(512, 32, kernel_size=(1,), stride=(1,))
        (bn): BatchNorm1d(32, eps=1e-05, momentum=0.1, affine=True, track_running_stats=True)
      )
      (branch2): Sequential(
        (0): ConvBlock(
          (conv): Conv1d(512, 112, kernel_size=(1,), stride=(1,))
          (bn): BatchNorm1d(112, eps=1e-05, momentum=0.1, affine=True, track_running_stats=True)
        )
        (1): ConvBlock(
          (conv): Conv1d(112, 32, kernel_size=(3,), stride=(1,), padding=(1,))
          (bn): BatchNorm1d(32, eps=1e-05, momentum=0.1, affine=True, track_running_stats=True)
        )
      )
      (branch3): Sequential(
        (0): ConvBlock(
          (conv): Conv1d(512, 24, kernel_size=(1,), stride=(1,))
          (bn): BatchNorm1d(24, eps=1e-05, momentum=0.1, affine=True, track_running_stats=True)
        )
        (1): ConvBlock(
          (conv): Conv1d(24, 64, kernel_size=(5,), stride=(1,), padding=(2,))
          (bn): BatchNorm1d(64, eps=1e-05, momentum=0.1, affine=True, track_running_stats=True)
        )
      )
      (branch4): Sequential(
        (0): MaxPool2d(kernel_size=3, stride=1, padding=1, dilation=1, ceil_mode=False)
        (1): ConvBlock(
          (conv): Conv1d(512, 32, kernel_size=(1,), stride=(1,))
          (bn): BatchNorm1d(32, eps=1e-05, momentum=0.1, affine=True, track_running_stats=True)
        )
      )
    )
    (avgpool): AvgPool1d(kernel_size=(5,), stride=(1,), padding=(0,))
    (dropout): Dropout(p=0.5, inplace=False)
    (fc): Linear(in_features=8480, out_features=1, bias=True)
    (sigmoid): Sigmoid()
  )
)
2024-12-06 15:37 - INFO - * -----------
2024-12-06 15:45 - INFO - ---------------------------------------------
2024-12-06 15:45 - INFO - Epoch: 01 | Time: 8m 1s
2024-12-06 15:45 - INFO - 	 New best val_rocauc loss was found, current best value is 0.21464
2024-12-06 15:45 - INFO - 	 Train Loss: 0.251
2024-12-06 15:45 - INFO - 	 Val. Loss: 0.244
2024-12-06 15:45 - INFO - 	 ROC-AUC: 0.763
2024-12-06 15:45 - INFO - 	 PR-AUC: 0.215
2024-12-06 15:45 - INFO - 	 Best Val. Loss: 0.244
2024-12-06 15:45 - INFO - 	 Best ROC-AUC: 0.763
2024-12-06 15:45 - INFO - 	 Best PR-AUC: 0.215
2024-12-06 15:45 - INFO - 	 Test-ROC-AUC under Best Validation ROC-AUC: 0.747
2024-12-06 15:45 - INFO - 	 Test-PR-AUC under Best Validation Best PR-AUC: 0.231
2024-12-06 15:45 - INFO - ---------------------------------------------
2024-12-06 15:53 - INFO - ---------------------------------------------
2024-12-06 15:53 - INFO - Epoch: 02 | Time: 8m 1s
2024-12-06 15:53 - INFO - 	 New best val_rocauc loss was found, current best value is 0.38778
2024-12-06 15:53 - INFO - 	 Train Loss: 0.193
2024-12-06 15:53 - INFO - 	 Val. Loss: 0.157
2024-12-06 15:53 - INFO - 	 ROC-AUC: 0.913
2024-12-06 15:53 - INFO - 	 PR-AUC: 0.388
2024-12-06 15:53 - INFO - 	 Best Val. Loss: 0.157
2024-12-06 15:53 - INFO - 	 Best ROC-AUC: 0.913
2024-12-06 15:53 - INFO - 	 Best PR-AUC: 0.388
2024-12-06 15:53 - INFO - 	 Test-ROC-AUC under Best Validation ROC-AUC: 0.917
2024-12-06 15:53 - INFO - 	 Test-PR-AUC under Best Validation Best PR-AUC: 0.463
2024-12-06 15:53 - INFO - ---------------------------------------------
2024-12-06 16:01 - INFO - ---------------------------------------------
2024-12-06 16:01 - INFO - Epoch: 03 | Time: 8m 1s
2024-12-06 16:01 - INFO - 	 New best val_rocauc loss was found, current best value is 0.67749
2024-12-06 16:01 - INFO - 	 Train Loss: 0.122
2024-12-06 16:01 - INFO - 	 Val. Loss: 0.101
2024-12-06 16:01 - INFO - 	 ROC-AUC: 0.968
2024-12-06 16:01 - INFO - 	 PR-AUC: 0.677
2024-12-06 16:01 - INFO - 	 Best Val. Loss: 0.101
2024-12-06 16:01 - INFO - 	 Best ROC-AUC: 0.968
2024-12-06 16:01 - INFO - 	 Best PR-AUC: 0.677
2024-12-06 16:01 - INFO - 	 Test-ROC-AUC under Best Validation ROC-AUC: 0.968
2024-12-06 16:01 - INFO - 	 Test-PR-AUC under Best Validation Best PR-AUC: 0.693
2024-12-06 16:01 - INFO - ---------------------------------------------
2024-12-06 16:09 - INFO - ---------------------------------------------
2024-12-06 16:09 - INFO - Epoch: 04 | Time: 8m 1s
2024-12-06 16:09 - INFO - 	 New best val_rocauc loss was found, current best value is 0.76063
2024-12-06 16:09 - INFO - 	 Train Loss: 0.107
2024-12-06 16:09 - INFO - 	 Val. Loss: 0.088
2024-12-06 16:09 - INFO - 	 ROC-AUC: 0.977
2024-12-06 16:09 - INFO - 	 PR-AUC: 0.761
2024-12-06 16:09 - INFO - 	 Best Val. Loss: 0.088
2024-12-06 16:09 - INFO - 	 Best ROC-AUC: 0.977
2024-12-06 16:09 - INFO - 	 Best PR-AUC: 0.761
2024-12-06 16:09 - INFO - 	 Test-ROC-AUC under Best Validation ROC-AUC: 0.971
2024-12-06 16:09 - INFO - 	 Test-PR-AUC under Best Validation Best PR-AUC: 0.734
2024-12-06 16:09 - INFO - ---------------------------------------------
2024-12-06 16:17 - INFO - ---------------------------------------------
2024-12-06 16:17 - INFO - Epoch: 05 | Time: 8m 1s
2024-12-06 16:17 - INFO - 	 Train Loss: 0.101
2024-12-06 16:17 - INFO - 	 Val. Loss: 0.091
2024-12-06 16:17 - INFO - 	 ROC-AUC: 0.975
2024-12-06 16:17 - INFO - 	 PR-AUC: 0.745
2024-12-06 16:17 - INFO - 	 Best Val. Loss: 0.088
2024-12-06 16:17 - INFO - 	 Best ROC-AUC: 0.977
2024-12-06 16:17 - INFO - 	 Best PR-AUC: 0.761
2024-12-06 16:17 - INFO - 	 Test-ROC-AUC under Best Validation ROC-AUC: 0.971
2024-12-06 16:17 - INFO - 	 Test-PR-AUC under Best Validation Best PR-AUC: 0.734
2024-12-06 16:17 - INFO - ---------------------------------------------
2024-12-06 16:25 - INFO - ---------------------------------------------
2024-12-06 16:25 - INFO - Epoch: 06 | Time: 8m 1s
2024-12-06 16:25 - INFO - 	 New best val_rocauc loss was found, current best value is 0.7746
2024-12-06 16:25 - INFO - 	 Train Loss: 0.096
2024-12-06 16:25 - INFO - 	 Val. Loss: 0.087
2024-12-06 16:25 - INFO - 	 ROC-AUC: 0.977
2024-12-06 16:25 - INFO - 	 PR-AUC: 0.775
2024-12-06 16:25 - INFO - 	 Best Val. Loss: 0.087
2024-12-06 16:25 - INFO - 	 Best ROC-AUC: 0.977
2024-12-06 16:25 - INFO - 	 Best PR-AUC: 0.775
2024-12-06 16:25 - INFO - 	 Test-ROC-AUC under Best Validation ROC-AUC: 0.971
2024-12-06 16:25 - INFO - 	 Test-PR-AUC under Best Validation Best PR-AUC: 0.766
2024-12-06 16:25 - INFO - ---------------------------------------------
2024-12-06 16:33 - INFO - ---------------------------------------------
2024-12-06 16:33 - INFO - Epoch: 07 | Time: 8m 1s
2024-12-06 16:33 - INFO - 	 New best val_rocauc loss was found, current best value is 0.77792
2024-12-06 16:33 - INFO - 	 Train Loss: 0.095
2024-12-06 16:33 - INFO - 	 Val. Loss: 0.084
2024-12-06 16:33 - INFO - 	 ROC-AUC: 0.977
2024-12-06 16:33 - INFO - 	 PR-AUC: 0.778
2024-12-06 16:33 - INFO - 	 Best Val. Loss: 0.084
2024-12-06 16:33 - INFO - 	 Best ROC-AUC: 0.977
2024-12-06 16:33 - INFO - 	 Best PR-AUC: 0.778
2024-12-06 16:33 - INFO - 	 Test-ROC-AUC under Best Validation ROC-AUC: 0.975
2024-12-06 16:33 - INFO - 	 Test-PR-AUC under Best Validation Best PR-AUC: 0.791
2024-12-06 16:33 - INFO - ---------------------------------------------
2024-12-06 16:41 - INFO - ---------------------------------------------
2024-12-06 16:41 - INFO - Epoch: 08 | Time: 8m 1s
2024-12-06 16:41 - INFO - 	 New best val_rocauc loss was found, current best value is 0.78134
2024-12-06 16:41 - INFO - 	 Train Loss: 0.093
2024-12-06 16:41 - INFO - 	 Val. Loss: 0.087
2024-12-06 16:41 - INFO - 	 ROC-AUC: 0.978
2024-12-06 16:41 - INFO - 	 PR-AUC: 0.781
2024-12-06 16:41 - INFO - 	 Best Val. Loss: 0.084
2024-12-06 16:41 - INFO - 	 Best ROC-AUC: 0.978
2024-12-06 16:41 - INFO - 	 Best PR-AUC: 0.781
2024-12-06 16:41 - INFO - 	 Test-ROC-AUC under Best Validation ROC-AUC: 0.978
2024-12-06 16:41 - INFO - 	 Test-PR-AUC under Best Validation Best PR-AUC: 0.809
2024-12-06 16:41 - INFO - ---------------------------------------------
2024-12-06 16:49 - INFO - ---------------------------------------------
2024-12-06 16:49 - INFO - Epoch: 09 | Time: 8m 1s
2024-12-06 16:49 - INFO - 	 Train Loss: 0.092
2024-12-06 16:49 - INFO - 	 Val. Loss: 0.081
2024-12-06 16:49 - INFO - 	 ROC-AUC: 0.979
2024-12-06 16:49 - INFO - 	 PR-AUC: 0.775
2024-12-06 16:49 - INFO - 	 Best Val. Loss: 0.081
2024-12-06 16:49 - INFO - 	 Best ROC-AUC: 0.979
2024-12-06 16:49 - INFO - 	 Best PR-AUC: 0.781
2024-12-06 16:49 - INFO - 	 Test-ROC-AUC under Best Validation ROC-AUC: 0.977
2024-12-06 16:49 - INFO - 	 Test-PR-AUC under Best Validation Best PR-AUC: 0.809
2024-12-06 16:49 - INFO - ---------------------------------------------
2024-12-06 16:57 - INFO - ---------------------------------------------
2024-12-06 16:57 - INFO - Epoch: 10 | Time: 8m 1s
2024-12-06 16:57 - INFO - 	 New best val_rocauc loss was found, current best value is 0.81075
2024-12-06 16:57 - INFO - 	 Train Loss: 0.091
2024-12-06 16:57 - INFO - 	 Val. Loss: 0.080
2024-12-06 16:57 - INFO - 	 ROC-AUC: 0.980
2024-12-06 16:57 - INFO - 	 PR-AUC: 0.811
2024-12-06 16:57 - INFO - 	 Best Val. Loss: 0.080
2024-12-06 16:57 - INFO - 	 Best ROC-AUC: 0.980
2024-12-06 16:57 - INFO - 	 Best PR-AUC: 0.811
2024-12-06 16:57 - INFO - 	 Test-ROC-AUC under Best Validation ROC-AUC: 0.977
2024-12-06 16:57 - INFO - 	 Test-PR-AUC under Best Validation Best PR-AUC: 0.794
2024-12-06 16:57 - INFO - ---------------------------------------------
2024-12-06 17:00 - INFO - Fit the preprocessing pipeline
2024-12-06 17:00 - INFO - Training using device: cuda
2024-12-06 17:00 - INFO - Creating generators
2024-12-06 17:00 - INFO - The model has 2,246,929 trainable parameters
2024-12-06 17:00 - INFO - * Model:
2024-12-06 17:00 - INFO - * -----------
2024-12-06 17:00 - INFO - CombinedModel(
  (upstream_model): TSTransformerEncoderCNN(
    (project_input): Linear(in_features=12, out_features=128, bias=True)
    (encoder): Linear(in_features=12, out_features=128, bias=True)
    (transformer_encoder): TransformerEncoder(
      (layers): ModuleList(
        (0-7): 8 x TransformerEncoderLayer(
          (self_attn): MultiheadAttention(
            (out_proj): NonDynamicallyQuantizableLinear(in_features=128, out_features=128, bias=True)
          )
          (linear1): Linear(in_features=128, out_features=512, bias=True)
          (dropout): Dropout(p=0.4, inplace=False)
          (linear2): Linear(in_features=512, out_features=128, bias=True)
          (norm1): LayerNorm((128,), eps=1e-05, elementwise_affine=True)
          (norm2): LayerNorm((128,), eps=1e-05, elementwise_affine=True)
          (dropout1): Dropout(p=0.4, inplace=False)
          (dropout2): Dropout(p=0.4, inplace=False)
        )
      )
    )
    (output_layer): Linear(in_features=128, out_features=12, bias=True)
    (dropout1): Dropout(p=0.4, inplace=False)
    (cnn): Conv1d(128, 12, kernel_size=(3,), stride=(1,), padding=(1,))
  )
  (downstream_model): DownstreamInception(
    (conv1): ConvBlock(
      (conv): Conv1d(12, 64, kernel_size=(7,), stride=(2,), padding=(3,))
      (bn): BatchNorm1d(64, eps=1e-05, momentum=0.1, affine=True, track_running_stats=True)
    )
    (conv2): ConvBlock(
      (conv): Conv1d(64, 128, kernel_size=(3,), stride=(1,), padding=(1,))
      (bn): BatchNorm1d(128, eps=1e-05, momentum=0.1, affine=True, track_running_stats=True)
    )
    (maxpool): MaxPool1d(kernel_size=3, stride=2, padding=1, dilation=1, ceil_mode=False)
    (inception3a): InceptionBlock(
      (branch1): ConvBlock(
        (conv): Conv1d(128, 64, kernel_size=(1,), stride=(1,))
        (bn): BatchNorm1d(64, eps=1e-05, momentum=0.1, affine=True, track_running_stats=True)
      )
      (branch2): Sequential(
        (0): ConvBlock(
          (conv): Conv1d(128, 96, kernel_size=(1,), stride=(1,))
          (bn): BatchNorm1d(96, eps=1e-05, momentum=0.1, affine=True, track_running_stats=True)
        )
        (1): ConvBlock(
          (conv): Conv1d(96, 128, kernel_size=(3,), stride=(1,), padding=(1,))
          (bn): BatchNorm1d(128, eps=1e-05, momentum=0.1, affine=True, track_running_stats=True)
        )
      )
      (branch3): Sequential(
        (0): ConvBlock(
          (conv): Conv1d(128, 16, kernel_size=(1,), stride=(1,))
          (bn): BatchNorm1d(16, eps=1e-05, momentum=0.1, affine=True, track_running_stats=True)
        )
        (1): ConvBlock(
          (conv): Conv1d(16, 32, kernel_size=(5,), stride=(1,), padding=(2,))
          (bn): BatchNorm1d(32, eps=1e-05, momentum=0.1, affine=True, track_running_stats=True)
        )
      )
      (branch4): Sequential(
        (0): MaxPool2d(kernel_size=3, stride=1, padding=1, dilation=1, ceil_mode=False)
        (1): ConvBlock(
          (conv): Conv1d(128, 32, kernel_size=(1,), stride=(1,))
          (bn): BatchNorm1d(32, eps=1e-05, momentum=0.1, affine=True, track_running_stats=True)
        )
      )
    )
    (inception3b): InceptionBlock(
      (branch1): ConvBlock(
        (conv): Conv1d(256, 128, kernel_size=(1,), stride=(1,))
        (bn): BatchNorm1d(128, eps=1e-05, momentum=0.1, affine=True, track_running_stats=True)
      )
      (branch2): Sequential(
        (0): ConvBlock(
          (conv): Conv1d(256, 128, kernel_size=(1,), stride=(1,))
          (bn): BatchNorm1d(128, eps=1e-05, momentum=0.1, affine=True, track_running_stats=True)
        )
        (1): ConvBlock(
          (conv): Conv1d(128, 192, kernel_size=(3,), stride=(1,), padding=(1,))
          (bn): BatchNorm1d(192, eps=1e-05, momentum=0.1, affine=True, track_running_stats=True)
        )
      )
      (branch3): Sequential(
        (0): ConvBlock(
          (conv): Conv1d(256, 32, kernel_size=(1,), stride=(1,))
          (bn): BatchNorm1d(32, eps=1e-05, momentum=0.1, affine=True, track_running_stats=True)
        )
        (1): ConvBlock(
          (conv): Conv1d(32, 96, kernel_size=(5,), stride=(1,), padding=(2,))
          (bn): BatchNorm1d(96, eps=1e-05, momentum=0.1, affine=True, track_running_stats=True)
        )
      )
      (branch4): Sequential(
        (0): MaxPool2d(kernel_size=3, stride=1, padding=1, dilation=1, ceil_mode=False)
        (1): ConvBlock(
          (conv): Conv1d(256, 64, kernel_size=(1,), stride=(1,))
          (bn): BatchNorm1d(64, eps=1e-05, momentum=0.1, affine=True, track_running_stats=True)
        )
      )
    )
    (inception4a): InceptionBlock(
      (branch1): ConvBlock(
        (conv): Conv1d(480, 192, kernel_size=(1,), stride=(1,))
        (bn): BatchNorm1d(192, eps=1e-05, momentum=0.1, affine=True, track_running_stats=True)
      )
      (branch2): Sequential(
        (0): ConvBlock(
          (conv): Conv1d(480, 96, kernel_size=(1,), stride=(1,))
          (bn): BatchNorm1d(96, eps=1e-05, momentum=0.1, affine=True, track_running_stats=True)
        )
        (1): ConvBlock(
          (conv): Conv1d(96, 208, kernel_size=(3,), stride=(1,), padding=(1,))
          (bn): BatchNorm1d(208, eps=1e-05, momentum=0.1, affine=True, track_running_stats=True)
        )
      )
      (branch3): Sequential(
        (0): ConvBlock(
          (conv): Conv1d(480, 16, kernel_size=(1,), stride=(1,))
          (bn): BatchNorm1d(16, eps=1e-05, momentum=0.1, affine=True, track_running_stats=True)
        )
        (1): ConvBlock(
          (conv): Conv1d(16, 48, kernel_size=(5,), stride=(1,), padding=(2,))
          (bn): BatchNorm1d(48, eps=1e-05, momentum=0.1, affine=True, track_running_stats=True)
        )
      )
      (branch4): Sequential(
        (0): MaxPool2d(kernel_size=3, stride=1, padding=1, dilation=1, ceil_mode=False)
        (1): ConvBlock(
          (conv): Conv1d(480, 64, kernel_size=(1,), stride=(1,))
          (bn): BatchNorm1d(64, eps=1e-05, momentum=0.1, affine=True, track_running_stats=True)
        )
      )
    )
    (inception4b): InceptionBlock(
      (branch1): ConvBlock(
        (conv): Conv1d(512, 32, kernel_size=(1,), stride=(1,))
        (bn): BatchNorm1d(32, eps=1e-05, momentum=0.1, affine=True, track_running_stats=True)
      )
      (branch2): Sequential(
        (0): ConvBlock(
          (conv): Conv1d(512, 112, kernel_size=(1,), stride=(1,))
          (bn): BatchNorm1d(112, eps=1e-05, momentum=0.1, affine=True, track_running_stats=True)
        )
        (1): ConvBlock(
          (conv): Conv1d(112, 32, kernel_size=(3,), stride=(1,), padding=(1,))
          (bn): BatchNorm1d(32, eps=1e-05, momentum=0.1, affine=True, track_running_stats=True)
        )
      )
      (branch3): Sequential(
        (0): ConvBlock(
          (conv): Conv1d(512, 24, kernel_size=(1,), stride=(1,))
          (bn): BatchNorm1d(24, eps=1e-05, momentum=0.1, affine=True, track_running_stats=True)
        )
        (1): ConvBlock(
          (conv): Conv1d(24, 64, kernel_size=(5,), stride=(1,), padding=(2,))
          (bn): BatchNorm1d(64, eps=1e-05, momentum=0.1, affine=True, track_running_stats=True)
        )
      )
      (branch4): Sequential(
        (0): MaxPool2d(kernel_size=3, stride=1, padding=1, dilation=1, ceil_mode=False)
        (1): ConvBlock(
          (conv): Conv1d(512, 32, kernel_size=(1,), stride=(1,))
          (bn): BatchNorm1d(32, eps=1e-05, momentum=0.1, affine=True, track_running_stats=True)
        )
      )
    )
    (avgpool): AvgPool1d(kernel_size=(5,), stride=(1,), padding=(0,))
    (dropout): Dropout(p=0.5, inplace=False)
    (fc): Linear(in_features=8480, out_features=1, bias=True)
    (sigmoid): Sigmoid()
  )
)
2024-12-06 17:00 - INFO - * -----------
2024-12-06 17:08 - INFO - ---------------------------------------------
2024-12-06 17:08 - INFO - Epoch: 01 | Time: 8m 1s
2024-12-06 17:08 - INFO - 	 New best val_rocauc loss was found, current best value is 0.23364
2024-12-06 17:08 - INFO - 	 Train Loss: 0.248
2024-12-06 17:08 - INFO - 	 Val. Loss: 0.218
2024-12-06 17:08 - INFO - 	 ROC-AUC: 0.799
2024-12-06 17:08 - INFO - 	 PR-AUC: 0.234
2024-12-06 17:08 - INFO - 	 Best Val. Loss: 0.218
2024-12-06 17:08 - INFO - 	 Best ROC-AUC: 0.799
2024-12-06 17:08 - INFO - 	 Best PR-AUC: 0.234
2024-12-06 17:08 - INFO - 	 Test-ROC-AUC under Best Validation ROC-AUC: 0.782
2024-12-06 17:08 - INFO - 	 Test-PR-AUC under Best Validation Best PR-AUC: 0.258
2024-12-06 17:08 - INFO - ---------------------------------------------
2024-12-06 17:16 - INFO - ---------------------------------------------
2024-12-06 17:16 - INFO - Epoch: 02 | Time: 8m 1s
2024-12-06 17:16 - INFO - 	 New best val_rocauc loss was found, current best value is 0.50212
2024-12-06 17:16 - INFO - 	 Train Loss: 0.200
2024-12-06 17:16 - INFO - 	 Val. Loss: 0.137
2024-12-06 17:16 - INFO - 	 ROC-AUC: 0.942
2024-12-06 17:16 - INFO - 	 PR-AUC: 0.502
2024-12-06 17:16 - INFO - 	 Best Val. Loss: 0.137
2024-12-06 17:16 - INFO - 	 Best ROC-AUC: 0.942
2024-12-06 17:16 - INFO - 	 Best PR-AUC: 0.502
2024-12-06 17:16 - INFO - 	 Test-ROC-AUC under Best Validation ROC-AUC: 0.941
2024-12-06 17:16 - INFO - 	 Test-PR-AUC under Best Validation Best PR-AUC: 0.558
2024-12-06 17:16 - INFO - ---------------------------------------------
2024-12-06 17:24 - INFO - ---------------------------------------------
2024-12-06 17:24 - INFO - Epoch: 03 | Time: 8m 1s
2024-12-06 17:24 - INFO - 	 New best val_rocauc loss was found, current best value is 0.71946
2024-12-06 17:24 - INFO - 	 Train Loss: 0.126
2024-12-06 17:24 - INFO - 	 Val. Loss: 0.110
2024-12-06 17:24 - INFO - 	 ROC-AUC: 0.970
2024-12-06 17:24 - INFO - 	 PR-AUC: 0.719
2024-12-06 17:24 - INFO - 	 Best Val. Loss: 0.110
2024-12-06 17:24 - INFO - 	 Best ROC-AUC: 0.970
2024-12-06 17:24 - INFO - 	 Best PR-AUC: 0.719
2024-12-06 17:24 - INFO - 	 Test-ROC-AUC under Best Validation ROC-AUC: 0.969
2024-12-06 17:24 - INFO - 	 Test-PR-AUC under Best Validation Best PR-AUC: 0.700
2024-12-06 17:24 - INFO - ---------------------------------------------
2024-12-06 17:32 - INFO - ---------------------------------------------
2024-12-06 17:32 - INFO - Epoch: 04 | Time: 8m 1s
2024-12-06 17:32 - INFO - 	 New best val_rocauc loss was found, current best value is 0.73377
2024-12-06 17:32 - INFO - 	 Train Loss: 0.108
2024-12-06 17:32 - INFO - 	 Val. Loss: 0.095
2024-12-06 17:32 - INFO - 	 ROC-AUC: 0.973
2024-12-06 17:32 - INFO - 	 PR-AUC: 0.734
2024-12-06 17:32 - INFO - 	 Best Val. Loss: 0.095
2024-12-06 17:32 - INFO - 	 Best ROC-AUC: 0.973
2024-12-06 17:32 - INFO - 	 Best PR-AUC: 0.734
2024-12-06 17:32 - INFO - 	 Test-ROC-AUC under Best Validation ROC-AUC: 0.972
2024-12-06 17:32 - INFO - 	 Test-PR-AUC under Best Validation Best PR-AUC: 0.718
2024-12-06 17:32 - INFO - ---------------------------------------------
2024-12-06 17:40 - INFO - ---------------------------------------------
2024-12-06 17:40 - INFO - Epoch: 05 | Time: 8m 1s
2024-12-06 17:40 - INFO - 	 New best val_rocauc loss was found, current best value is 0.7398
2024-12-06 17:40 - INFO - 	 Train Loss: 0.101
2024-12-06 17:40 - INFO - 	 Val. Loss: 0.093
2024-12-06 17:40 - INFO - 	 ROC-AUC: 0.974
2024-12-06 17:40 - INFO - 	 PR-AUC: 0.740
2024-12-06 17:40 - INFO - 	 Best Val. Loss: 0.093
2024-12-06 17:40 - INFO - 	 Best ROC-AUC: 0.974
2024-12-06 17:40 - INFO - 	 Best PR-AUC: 0.740
2024-12-06 17:40 - INFO - 	 Test-ROC-AUC under Best Validation ROC-AUC: 0.973
2024-12-06 17:40 - INFO - 	 Test-PR-AUC under Best Validation Best PR-AUC: 0.750
2024-12-06 17:40 - INFO - ---------------------------------------------
2024-12-06 17:48 - INFO - ---------------------------------------------
2024-12-06 17:48 - INFO - Epoch: 06 | Time: 8m 1s
2024-12-06 17:48 - INFO - 	 New best val_rocauc loss was found, current best value is 0.75579
2024-12-06 17:48 - INFO - 	 Train Loss: 0.099
2024-12-06 17:48 - INFO - 	 Val. Loss: 0.091
2024-12-06 17:48 - INFO - 	 ROC-AUC: 0.976
2024-12-06 17:48 - INFO - 	 PR-AUC: 0.756
2024-12-06 17:48 - INFO - 	 Best Val. Loss: 0.091
2024-12-06 17:48 - INFO - 	 Best ROC-AUC: 0.976
2024-12-06 17:48 - INFO - 	 Best PR-AUC: 0.756
2024-12-06 17:48 - INFO - 	 Test-ROC-AUC under Best Validation ROC-AUC: 0.977
2024-12-06 17:48 - INFO - 	 Test-PR-AUC under Best Validation Best PR-AUC: 0.791
2024-12-06 17:48 - INFO - ---------------------------------------------
2024-12-06 17:56 - INFO - ---------------------------------------------
2024-12-06 17:56 - INFO - Epoch: 07 | Time: 8m 1s
2024-12-06 17:56 - INFO - 	 New best val_rocauc loss was found, current best value is 0.77665
2024-12-06 17:56 - INFO - 	 Train Loss: 0.095
2024-12-06 17:56 - INFO - 	 Val. Loss: 0.086
2024-12-06 17:56 - INFO - 	 ROC-AUC: 0.977
2024-12-06 17:56 - INFO - 	 PR-AUC: 0.777
2024-12-06 17:56 - INFO - 	 Best Val. Loss: 0.086
2024-12-06 17:56 - INFO - 	 Best ROC-AUC: 0.977
2024-12-06 17:56 - INFO - 	 Best PR-AUC: 0.777
2024-12-06 17:56 - INFO - 	 Test-ROC-AUC under Best Validation ROC-AUC: 0.976
2024-12-06 17:56 - INFO - 	 Test-PR-AUC under Best Validation Best PR-AUC: 0.797
2024-12-06 17:56 - INFO - ---------------------------------------------
2024-12-06 18:04 - INFO - ---------------------------------------------
2024-12-06 18:04 - INFO - Epoch: 08 | Time: 8m 1s
2024-12-06 18:04 - INFO - 	 Train Loss: 0.093
2024-12-06 18:04 - INFO - 	 Val. Loss: 0.088
2024-12-06 18:04 - INFO - 	 ROC-AUC: 0.976
2024-12-06 18:04 - INFO - 	 PR-AUC: 0.769
2024-12-06 18:04 - INFO - 	 Best Val. Loss: 0.086
2024-12-06 18:04 - INFO - 	 Best ROC-AUC: 0.977
2024-12-06 18:04 - INFO - 	 Best PR-AUC: 0.777
2024-12-06 18:04 - INFO - 	 Test-ROC-AUC under Best Validation ROC-AUC: 0.976
2024-12-06 18:04 - INFO - 	 Test-PR-AUC under Best Validation Best PR-AUC: 0.797
2024-12-06 18:04 - INFO - ---------------------------------------------
2024-12-06 18:12 - INFO - ---------------------------------------------
2024-12-06 18:12 - INFO - Epoch: 09 | Time: 8m 1s
2024-12-06 18:12 - INFO - 	 New best val_rocauc loss was found, current best value is 0.79491
2024-12-06 18:12 - INFO - 	 Train Loss: 0.093
2024-12-06 18:12 - INFO - 	 Val. Loss: 0.083
2024-12-06 18:12 - INFO - 	 ROC-AUC: 0.978
2024-12-06 18:12 - INFO - 	 PR-AUC: 0.795
2024-12-06 18:12 - INFO - 	 Best Val. Loss: 0.083
2024-12-06 18:12 - INFO - 	 Best ROC-AUC: 0.978
2024-12-06 18:12 - INFO - 	 Best PR-AUC: 0.795
2024-12-06 18:12 - INFO - 	 Test-ROC-AUC under Best Validation ROC-AUC: 0.978
2024-12-06 18:12 - INFO - 	 Test-PR-AUC under Best Validation Best PR-AUC: 0.808
2024-12-06 18:12 - INFO - ---------------------------------------------
2024-12-06 18:20 - INFO - ---------------------------------------------
2024-12-06 18:20 - INFO - Epoch: 10 | Time: 8m 1s
2024-12-06 18:20 - INFO - 	 Train Loss: 0.090
2024-12-06 18:20 - INFO - 	 Val. Loss: 0.083
2024-12-06 18:20 - INFO - 	 ROC-AUC: 0.979
2024-12-06 18:20 - INFO - 	 PR-AUC: 0.783
2024-12-06 18:20 - INFO - 	 Best Val. Loss: 0.083
2024-12-06 18:20 - INFO - 	 Best ROC-AUC: 0.979
2024-12-06 18:20 - INFO - 	 Best PR-AUC: 0.795
2024-12-06 18:20 - INFO - 	 Test-ROC-AUC under Best Validation ROC-AUC: 0.977
2024-12-06 18:20 - INFO - 	 Test-PR-AUC under Best Validation Best PR-AUC: 0.808
2024-12-06 18:20 - INFO - ---------------------------------------------
2024-12-06 18:23 - INFO - Fit the preprocessing pipeline
2024-12-06 18:23 - INFO - Training using device: cuda
2024-12-06 18:23 - INFO - Creating generators
2024-12-06 18:23 - INFO - The model has 2,246,929 trainable parameters
2024-12-06 18:23 - INFO - * Model:
2024-12-06 18:23 - INFO - * -----------
2024-12-06 18:23 - INFO - CombinedModel(
  (upstream_model): TSTransformerEncoderCNN(
    (project_input): Linear(in_features=12, out_features=128, bias=True)
    (encoder): Linear(in_features=12, out_features=128, bias=True)
    (transformer_encoder): TransformerEncoder(
      (layers): ModuleList(
        (0-7): 8 x TransformerEncoderLayer(
          (self_attn): MultiheadAttention(
            (out_proj): NonDynamicallyQuantizableLinear(in_features=128, out_features=128, bias=True)
          )
          (linear1): Linear(in_features=128, out_features=512, bias=True)
          (dropout): Dropout(p=0.4, inplace=False)
          (linear2): Linear(in_features=512, out_features=128, bias=True)
          (norm1): LayerNorm((128,), eps=1e-05, elementwise_affine=True)
          (norm2): LayerNorm((128,), eps=1e-05, elementwise_affine=True)
          (dropout1): Dropout(p=0.4, inplace=False)
          (dropout2): Dropout(p=0.4, inplace=False)
        )
      )
    )
    (output_layer): Linear(in_features=128, out_features=12, bias=True)
    (dropout1): Dropout(p=0.4, inplace=False)
    (cnn): Conv1d(128, 12, kernel_size=(3,), stride=(1,), padding=(1,))
  )
  (downstream_model): DownstreamInception(
    (conv1): ConvBlock(
      (conv): Conv1d(12, 64, kernel_size=(7,), stride=(2,), padding=(3,))
      (bn): BatchNorm1d(64, eps=1e-05, momentum=0.1, affine=True, track_running_stats=True)
    )
    (conv2): ConvBlock(
      (conv): Conv1d(64, 128, kernel_size=(3,), stride=(1,), padding=(1,))
      (bn): BatchNorm1d(128, eps=1e-05, momentum=0.1, affine=True, track_running_stats=True)
    )
    (maxpool): MaxPool1d(kernel_size=3, stride=2, padding=1, dilation=1, ceil_mode=False)
    (inception3a): InceptionBlock(
      (branch1): ConvBlock(
        (conv): Conv1d(128, 64, kernel_size=(1,), stride=(1,))
        (bn): BatchNorm1d(64, eps=1e-05, momentum=0.1, affine=True, track_running_stats=True)
      )
      (branch2): Sequential(
        (0): ConvBlock(
          (conv): Conv1d(128, 96, kernel_size=(1,), stride=(1,))
          (bn): BatchNorm1d(96, eps=1e-05, momentum=0.1, affine=True, track_running_stats=True)
        )
        (1): ConvBlock(
          (conv): Conv1d(96, 128, kernel_size=(3,), stride=(1,), padding=(1,))
          (bn): BatchNorm1d(128, eps=1e-05, momentum=0.1, affine=True, track_running_stats=True)
        )
      )
      (branch3): Sequential(
        (0): ConvBlock(
          (conv): Conv1d(128, 16, kernel_size=(1,), stride=(1,))
          (bn): BatchNorm1d(16, eps=1e-05, momentum=0.1, affine=True, track_running_stats=True)
        )
        (1): ConvBlock(
          (conv): Conv1d(16, 32, kernel_size=(5,), stride=(1,), padding=(2,))
          (bn): BatchNorm1d(32, eps=1e-05, momentum=0.1, affine=True, track_running_stats=True)
        )
      )
      (branch4): Sequential(
        (0): MaxPool2d(kernel_size=3, stride=1, padding=1, dilation=1, ceil_mode=False)
        (1): ConvBlock(
          (conv): Conv1d(128, 32, kernel_size=(1,), stride=(1,))
          (bn): BatchNorm1d(32, eps=1e-05, momentum=0.1, affine=True, track_running_stats=True)
        )
      )
    )
    (inception3b): InceptionBlock(
      (branch1): ConvBlock(
        (conv): Conv1d(256, 128, kernel_size=(1,), stride=(1,))
        (bn): BatchNorm1d(128, eps=1e-05, momentum=0.1, affine=True, track_running_stats=True)
      )
      (branch2): Sequential(
        (0): ConvBlock(
          (conv): Conv1d(256, 128, kernel_size=(1,), stride=(1,))
          (bn): BatchNorm1d(128, eps=1e-05, momentum=0.1, affine=True, track_running_stats=True)
        )
        (1): ConvBlock(
          (conv): Conv1d(128, 192, kernel_size=(3,), stride=(1,), padding=(1,))
          (bn): BatchNorm1d(192, eps=1e-05, momentum=0.1, affine=True, track_running_stats=True)
        )
      )
      (branch3): Sequential(
        (0): ConvBlock(
          (conv): Conv1d(256, 32, kernel_size=(1,), stride=(1,))
          (bn): BatchNorm1d(32, eps=1e-05, momentum=0.1, affine=True, track_running_stats=True)
        )
        (1): ConvBlock(
          (conv): Conv1d(32, 96, kernel_size=(5,), stride=(1,), padding=(2,))
          (bn): BatchNorm1d(96, eps=1e-05, momentum=0.1, affine=True, track_running_stats=True)
        )
      )
      (branch4): Sequential(
        (0): MaxPool2d(kernel_size=3, stride=1, padding=1, dilation=1, ceil_mode=False)
        (1): ConvBlock(
          (conv): Conv1d(256, 64, kernel_size=(1,), stride=(1,))
          (bn): BatchNorm1d(64, eps=1e-05, momentum=0.1, affine=True, track_running_stats=True)
        )
      )
    )
    (inception4a): InceptionBlock(
      (branch1): ConvBlock(
        (conv): Conv1d(480, 192, kernel_size=(1,), stride=(1,))
        (bn): BatchNorm1d(192, eps=1e-05, momentum=0.1, affine=True, track_running_stats=True)
      )
      (branch2): Sequential(
        (0): ConvBlock(
          (conv): Conv1d(480, 96, kernel_size=(1,), stride=(1,))
          (bn): BatchNorm1d(96, eps=1e-05, momentum=0.1, affine=True, track_running_stats=True)
        )
        (1): ConvBlock(
          (conv): Conv1d(96, 208, kernel_size=(3,), stride=(1,), padding=(1,))
          (bn): BatchNorm1d(208, eps=1e-05, momentum=0.1, affine=True, track_running_stats=True)
        )
      )
      (branch3): Sequential(
        (0): ConvBlock(
          (conv): Conv1d(480, 16, kernel_size=(1,), stride=(1,))
          (bn): BatchNorm1d(16, eps=1e-05, momentum=0.1, affine=True, track_running_stats=True)
        )
        (1): ConvBlock(
          (conv): Conv1d(16, 48, kernel_size=(5,), stride=(1,), padding=(2,))
          (bn): BatchNorm1d(48, eps=1e-05, momentum=0.1, affine=True, track_running_stats=True)
        )
      )
      (branch4): Sequential(
        (0): MaxPool2d(kernel_size=3, stride=1, padding=1, dilation=1, ceil_mode=False)
        (1): ConvBlock(
          (conv): Conv1d(480, 64, kernel_size=(1,), stride=(1,))
          (bn): BatchNorm1d(64, eps=1e-05, momentum=0.1, affine=True, track_running_stats=True)
        )
      )
    )
    (inception4b): InceptionBlock(
      (branch1): ConvBlock(
        (conv): Conv1d(512, 32, kernel_size=(1,), stride=(1,))
        (bn): BatchNorm1d(32, eps=1e-05, momentum=0.1, affine=True, track_running_stats=True)
      )
      (branch2): Sequential(
        (0): ConvBlock(
          (conv): Conv1d(512, 112, kernel_size=(1,), stride=(1,))
          (bn): BatchNorm1d(112, eps=1e-05, momentum=0.1, affine=True, track_running_stats=True)
        )
        (1): ConvBlock(
          (conv): Conv1d(112, 32, kernel_size=(3,), stride=(1,), padding=(1,))
          (bn): BatchNorm1d(32, eps=1e-05, momentum=0.1, affine=True, track_running_stats=True)
        )
      )
      (branch3): Sequential(
        (0): ConvBlock(
          (conv): Conv1d(512, 24, kernel_size=(1,), stride=(1,))
          (bn): BatchNorm1d(24, eps=1e-05, momentum=0.1, affine=True, track_running_stats=True)
        )
        (1): ConvBlock(
          (conv): Conv1d(24, 64, kernel_size=(5,), stride=(1,), padding=(2,))
          (bn): BatchNorm1d(64, eps=1e-05, momentum=0.1, affine=True, track_running_stats=True)
        )
      )
      (branch4): Sequential(
        (0): MaxPool2d(kernel_size=3, stride=1, padding=1, dilation=1, ceil_mode=False)
        (1): ConvBlock(
          (conv): Conv1d(512, 32, kernel_size=(1,), stride=(1,))
          (bn): BatchNorm1d(32, eps=1e-05, momentum=0.1, affine=True, track_running_stats=True)
        )
      )
    )
    (avgpool): AvgPool1d(kernel_size=(5,), stride=(1,), padding=(0,))
    (dropout): Dropout(p=0.5, inplace=False)
    (fc): Linear(in_features=8480, out_features=1, bias=True)
    (sigmoid): Sigmoid()
  )
)
2024-12-06 18:23 - INFO - * -----------
2024-12-06 18:31 - INFO - ---------------------------------------------
2024-12-06 18:31 - INFO - Epoch: 01 | Time: 8m 2s
2024-12-06 18:31 - INFO - 	 New best val_rocauc loss was found, current best value is 0.21315
2024-12-06 18:31 - INFO - 	 Train Loss: 0.249
2024-12-06 18:31 - INFO - 	 Val. Loss: 0.320
2024-12-06 18:31 - INFO - 	 ROC-AUC: 0.749
2024-12-06 18:31 - INFO - 	 PR-AUC: 0.213
2024-12-06 18:31 - INFO - 	 Best Val. Loss: 0.320
2024-12-06 18:31 - INFO - 	 Best ROC-AUC: 0.749
2024-12-06 18:31 - INFO - 	 Best PR-AUC: 0.213
2024-12-06 18:31 - INFO - 	 Test-ROC-AUC under Best Validation ROC-AUC: 0.734
2024-12-06 18:31 - INFO - 	 Test-PR-AUC under Best Validation Best PR-AUC: 0.208
2024-12-06 18:31 - INFO - ---------------------------------------------
2024-12-06 18:39 - INFO - ---------------------------------------------
2024-12-06 18:39 - INFO - Epoch: 02 | Time: 8m 1s
2024-12-06 18:39 - INFO - 	 New best val_rocauc loss was found, current best value is 0.50596
2024-12-06 18:39 - INFO - 	 Train Loss: 0.197
2024-12-06 18:39 - INFO - 	 Val. Loss: 0.138
2024-12-06 18:39 - INFO - 	 ROC-AUC: 0.944
2024-12-06 18:39 - INFO - 	 PR-AUC: 0.506
2024-12-06 18:39 - INFO - 	 Best Val. Loss: 0.138
2024-12-06 18:39 - INFO - 	 Best ROC-AUC: 0.944
2024-12-06 18:39 - INFO - 	 Best PR-AUC: 0.506
2024-12-06 18:39 - INFO - 	 Test-ROC-AUC under Best Validation ROC-AUC: 0.940
2024-12-06 18:39 - INFO - 	 Test-PR-AUC under Best Validation Best PR-AUC: 0.560
2024-12-06 18:39 - INFO - ---------------------------------------------
2024-12-06 18:47 - INFO - ---------------------------------------------
2024-12-06 18:47 - INFO - Epoch: 03 | Time: 8m 1s
2024-12-06 18:47 - INFO - 	 New best val_rocauc loss was found, current best value is 0.70089
2024-12-06 18:47 - INFO - 	 Train Loss: 0.124
2024-12-06 18:47 - INFO - 	 Val. Loss: 0.097
2024-12-06 18:47 - INFO - 	 ROC-AUC: 0.971
2024-12-06 18:47 - INFO - 	 PR-AUC: 0.701
2024-12-06 18:47 - INFO - 	 Best Val. Loss: 0.097
2024-12-06 18:47 - INFO - 	 Best ROC-AUC: 0.971
2024-12-06 18:47 - INFO - 	 Best PR-AUC: 0.701
2024-12-06 18:47 - INFO - 	 Test-ROC-AUC under Best Validation ROC-AUC: 0.969
2024-12-06 18:47 - INFO - 	 Test-PR-AUC under Best Validation Best PR-AUC: 0.717
2024-12-06 18:47 - INFO - ---------------------------------------------
2024-12-06 18:55 - INFO - ---------------------------------------------
2024-12-06 18:55 - INFO - Epoch: 04 | Time: 8m 2s
2024-12-06 18:55 - INFO - 	 New best val_rocauc loss was found, current best value is 0.74974
2024-12-06 18:55 - INFO - 	 Train Loss: 0.108
2024-12-06 18:55 - INFO - 	 Val. Loss: 0.092
2024-12-06 18:55 - INFO - 	 ROC-AUC: 0.974
2024-12-06 18:55 - INFO - 	 PR-AUC: 0.750
2024-12-06 18:55 - INFO - 	 Best Val. Loss: 0.092
2024-12-06 18:55 - INFO - 	 Best ROC-AUC: 0.974
2024-12-06 18:55 - INFO - 	 Best PR-AUC: 0.750
2024-12-06 18:55 - INFO - 	 Test-ROC-AUC under Best Validation ROC-AUC: 0.973
2024-12-06 18:55 - INFO - 	 Test-PR-AUC under Best Validation Best PR-AUC: 0.740
2024-12-06 18:55 - INFO - ---------------------------------------------
2024-12-06 19:03 - INFO - ---------------------------------------------
2024-12-06 19:03 - INFO - Epoch: 05 | Time: 8m 2s
2024-12-06 19:03 - INFO - 	 New best val_rocauc loss was found, current best value is 0.77181
2024-12-06 19:03 - INFO - 	 Train Loss: 0.101
2024-12-06 19:03 - INFO - 	 Val. Loss: 0.092
2024-12-06 19:03 - INFO - 	 ROC-AUC: 0.975
2024-12-06 19:03 - INFO - 	 PR-AUC: 0.772
2024-12-06 19:03 - INFO - 	 Best Val. Loss: 0.092
2024-12-06 19:03 - INFO - 	 Best ROC-AUC: 0.975
2024-12-06 19:03 - INFO - 	 Best PR-AUC: 0.772
2024-12-06 19:03 - INFO - 	 Test-ROC-AUC under Best Validation ROC-AUC: 0.974
2024-12-06 19:03 - INFO - 	 Test-PR-AUC under Best Validation Best PR-AUC: 0.757
2024-12-06 19:03 - INFO - ---------------------------------------------
2024-12-06 19:11 - INFO - ---------------------------------------------
2024-12-06 19:11 - INFO - Epoch: 06 | Time: 8m 1s
2024-12-06 19:11 - INFO - 	 Train Loss: 0.098
2024-12-06 19:11 - INFO - 	 Val. Loss: 0.090
2024-12-06 19:11 - INFO - 	 ROC-AUC: 0.974
2024-12-06 19:11 - INFO - 	 PR-AUC: 0.761
2024-12-06 19:11 - INFO - 	 Best Val. Loss: 0.090
2024-12-06 19:11 - INFO - 	 Best ROC-AUC: 0.975
2024-12-06 19:11 - INFO - 	 Best PR-AUC: 0.772
2024-12-06 19:11 - INFO - 	 Test-ROC-AUC under Best Validation ROC-AUC: 0.974
2024-12-06 19:11 - INFO - 	 Test-PR-AUC under Best Validation Best PR-AUC: 0.757
2024-12-06 19:11 - INFO - ---------------------------------------------
2024-12-06 19:19 - INFO - ---------------------------------------------
2024-12-06 19:19 - INFO - Epoch: 07 | Time: 8m 1s
2024-12-06 19:19 - INFO - 	 New best val_rocauc loss was found, current best value is 0.78555
2024-12-06 19:19 - INFO - 	 Train Loss: 0.096
2024-12-06 19:19 - INFO - 	 Val. Loss: 0.083
2024-12-06 19:19 - INFO - 	 ROC-AUC: 0.979
2024-12-06 19:19 - INFO - 	 PR-AUC: 0.786
2024-12-06 19:19 - INFO - 	 Best Val. Loss: 0.083
2024-12-06 19:19 - INFO - 	 Best ROC-AUC: 0.979
2024-12-06 19:19 - INFO - 	 Best PR-AUC: 0.786
2024-12-06 19:19 - INFO - 	 Test-ROC-AUC under Best Validation ROC-AUC: 0.977
2024-12-06 19:19 - INFO - 	 Test-PR-AUC under Best Validation Best PR-AUC: 0.784
2024-12-06 19:19 - INFO - ---------------------------------------------
2024-12-06 19:27 - INFO - ---------------------------------------------
2024-12-06 19:27 - INFO - Epoch: 08 | Time: 8m 1s
2024-12-06 19:27 - INFO - 	 Train Loss: 0.093
2024-12-06 19:27 - INFO - 	 Val. Loss: 0.085
2024-12-06 19:27 - INFO - 	 ROC-AUC: 0.977
2024-12-06 19:27 - INFO - 	 PR-AUC: 0.783
2024-12-06 19:27 - INFO - 	 Best Val. Loss: 0.083
2024-12-06 19:27 - INFO - 	 Best ROC-AUC: 0.979
2024-12-06 19:27 - INFO - 	 Best PR-AUC: 0.786
2024-12-06 19:27 - INFO - 	 Test-ROC-AUC under Best Validation ROC-AUC: 0.977
2024-12-06 19:27 - INFO - 	 Test-PR-AUC under Best Validation Best PR-AUC: 0.784
2024-12-06 19:27 - INFO - ---------------------------------------------
2024-12-06 19:35 - INFO - ---------------------------------------------
2024-12-06 19:35 - INFO - Epoch: 09 | Time: 8m 2s
2024-12-06 19:35 - INFO - 	 New best val_rocauc loss was found, current best value is 0.79861
2024-12-06 19:35 - INFO - 	 Train Loss: 0.091
2024-12-06 19:35 - INFO - 	 Val. Loss: 0.082
2024-12-06 19:35 - INFO - 	 ROC-AUC: 0.978
2024-12-06 19:35 - INFO - 	 PR-AUC: 0.799
2024-12-06 19:35 - INFO - 	 Best Val. Loss: 0.082
2024-12-06 19:35 - INFO - 	 Best ROC-AUC: 0.979
2024-12-06 19:35 - INFO - 	 Best PR-AUC: 0.799
2024-12-06 19:35 - INFO - 	 Test-ROC-AUC under Best Validation ROC-AUC: 0.977
2024-12-06 19:35 - INFO - 	 Test-PR-AUC under Best Validation Best PR-AUC: 0.797
2024-12-06 19:35 - INFO - ---------------------------------------------
2024-12-06 19:43 - INFO - ---------------------------------------------
2024-12-06 19:43 - INFO - Epoch: 10 | Time: 8m 1s
2024-12-06 19:43 - INFO - 	 Train Loss: 0.092
2024-12-06 19:43 - INFO - 	 Val. Loss: 0.086
2024-12-06 19:43 - INFO - 	 ROC-AUC: 0.977
2024-12-06 19:43 - INFO - 	 PR-AUC: 0.779
2024-12-06 19:43 - INFO - 	 Best Val. Loss: 0.082
2024-12-06 19:43 - INFO - 	 Best ROC-AUC: 0.979
2024-12-06 19:43 - INFO - 	 Best PR-AUC: 0.799
2024-12-06 19:43 - INFO - 	 Test-ROC-AUC under Best Validation ROC-AUC: 0.977
2024-12-06 19:43 - INFO - 	 Test-PR-AUC under Best Validation Best PR-AUC: 0.797
2024-12-06 19:43 - INFO - ---------------------------------------------
