2024-12-04 19:31 - INFO - Fit the preprocessing pipeline
2024-12-04 19:31 - INFO - Training using device: cuda
2024-12-04 19:31 - INFO - Creating generators
2024-12-04 19:31 - INFO - The model has 2,246,929 trainable parameters
2024-12-04 19:31 - INFO - * Model:
2024-12-04 19:31 - INFO - * -----------
2024-12-04 19:31 - INFO - CombinedModel(
  (upstream_model): TSTransformerEncoderCNN(
    (project_input): Linear(in_features=12, out_features=128, bias=True)
    (encoder): Linear(in_features=12, out_features=128, bias=True)
    (transformer_encoder): TransformerEncoder(
      (layers): ModuleList(
        (0-7): 8 x TransformerEncoderLayer(
          (self_attn): MultiheadAttention(
            (out_proj): NonDynamicallyQuantizableLinear(in_features=128, out_features=128, bias=True)
          )
          (linear1): Linear(in_features=128, out_features=512, bias=True)
          (dropout): Dropout(p=0.4, inplace=False)
          (linear2): Linear(in_features=512, out_features=128, bias=True)
          (norm1): LayerNorm((128,), eps=1e-05, elementwise_affine=True)
          (norm2): LayerNorm((128,), eps=1e-05, elementwise_affine=True)
          (dropout1): Dropout(p=0.4, inplace=False)
          (dropout2): Dropout(p=0.4, inplace=False)
        )
      )
    )
    (output_layer): Linear(in_features=128, out_features=12, bias=True)
    (dropout1): Dropout(p=0.4, inplace=False)
    (cnn): Conv1d(128, 12, kernel_size=(3,), stride=(1,), padding=(1,))
  )
  (downstream_model): DownstreamInception(
    (conv1): ConvBlock(
      (conv): Conv1d(12, 64, kernel_size=(7,), stride=(2,), padding=(3,))
      (bn): BatchNorm1d(64, eps=1e-05, momentum=0.1, affine=True, track_running_stats=True)
    )
    (conv2): ConvBlock(
      (conv): Conv1d(64, 128, kernel_size=(3,), stride=(1,), padding=(1,))
      (bn): BatchNorm1d(128, eps=1e-05, momentum=0.1, affine=True, track_running_stats=True)
    )
    (maxpool): MaxPool1d(kernel_size=3, stride=2, padding=1, dilation=1, ceil_mode=False)
    (inception3a): InceptionBlock(
      (branch1): ConvBlock(
        (conv): Conv1d(128, 64, kernel_size=(1,), stride=(1,))
        (bn): BatchNorm1d(64, eps=1e-05, momentum=0.1, affine=True, track_running_stats=True)
      )
      (branch2): Sequential(
        (0): ConvBlock(
          (conv): Conv1d(128, 96, kernel_size=(1,), stride=(1,))
          (bn): BatchNorm1d(96, eps=1e-05, momentum=0.1, affine=True, track_running_stats=True)
        )
        (1): ConvBlock(
          (conv): Conv1d(96, 128, kernel_size=(3,), stride=(1,), padding=(1,))
          (bn): BatchNorm1d(128, eps=1e-05, momentum=0.1, affine=True, track_running_stats=True)
        )
      )
      (branch3): Sequential(
        (0): ConvBlock(
          (conv): Conv1d(128, 16, kernel_size=(1,), stride=(1,))
          (bn): BatchNorm1d(16, eps=1e-05, momentum=0.1, affine=True, track_running_stats=True)
        )
        (1): ConvBlock(
          (conv): Conv1d(16, 32, kernel_size=(5,), stride=(1,), padding=(2,))
          (bn): BatchNorm1d(32, eps=1e-05, momentum=0.1, affine=True, track_running_stats=True)
        )
      )
      (branch4): Sequential(
        (0): MaxPool2d(kernel_size=3, stride=1, padding=1, dilation=1, ceil_mode=False)
        (1): ConvBlock(
          (conv): Conv1d(128, 32, kernel_size=(1,), stride=(1,))
          (bn): BatchNorm1d(32, eps=1e-05, momentum=0.1, affine=True, track_running_stats=True)
        )
      )
    )
    (inception3b): InceptionBlock(
      (branch1): ConvBlock(
        (conv): Conv1d(256, 128, kernel_size=(1,), stride=(1,))
        (bn): BatchNorm1d(128, eps=1e-05, momentum=0.1, affine=True, track_running_stats=True)
      )
      (branch2): Sequential(
        (0): ConvBlock(
          (conv): Conv1d(256, 128, kernel_size=(1,), stride=(1,))
          (bn): BatchNorm1d(128, eps=1e-05, momentum=0.1, affine=True, track_running_stats=True)
        )
        (1): ConvBlock(
          (conv): Conv1d(128, 192, kernel_size=(3,), stride=(1,), padding=(1,))
          (bn): BatchNorm1d(192, eps=1e-05, momentum=0.1, affine=True, track_running_stats=True)
        )
      )
      (branch3): Sequential(
        (0): ConvBlock(
          (conv): Conv1d(256, 32, kernel_size=(1,), stride=(1,))
          (bn): BatchNorm1d(32, eps=1e-05, momentum=0.1, affine=True, track_running_stats=True)
        )
        (1): ConvBlock(
          (conv): Conv1d(32, 96, kernel_size=(5,), stride=(1,), padding=(2,))
          (bn): BatchNorm1d(96, eps=1e-05, momentum=0.1, affine=True, track_running_stats=True)
        )
      )
      (branch4): Sequential(
        (0): MaxPool2d(kernel_size=3, stride=1, padding=1, dilation=1, ceil_mode=False)
        (1): ConvBlock(
          (conv): Conv1d(256, 64, kernel_size=(1,), stride=(1,))
          (bn): BatchNorm1d(64, eps=1e-05, momentum=0.1, affine=True, track_running_stats=True)
        )
      )
    )
    (inception4a): InceptionBlock(
      (branch1): ConvBlock(
        (conv): Conv1d(480, 192, kernel_size=(1,), stride=(1,))
        (bn): BatchNorm1d(192, eps=1e-05, momentum=0.1, affine=True, track_running_stats=True)
      )
      (branch2): Sequential(
        (0): ConvBlock(
          (conv): Conv1d(480, 96, kernel_size=(1,), stride=(1,))
          (bn): BatchNorm1d(96, eps=1e-05, momentum=0.1, affine=True, track_running_stats=True)
        )
        (1): ConvBlock(
          (conv): Conv1d(96, 208, kernel_size=(3,), stride=(1,), padding=(1,))
          (bn): BatchNorm1d(208, eps=1e-05, momentum=0.1, affine=True, track_running_stats=True)
        )
      )
      (branch3): Sequential(
        (0): ConvBlock(
          (conv): Conv1d(480, 16, kernel_size=(1,), stride=(1,))
          (bn): BatchNorm1d(16, eps=1e-05, momentum=0.1, affine=True, track_running_stats=True)
        )
        (1): ConvBlock(
          (conv): Conv1d(16, 48, kernel_size=(5,), stride=(1,), padding=(2,))
          (bn): BatchNorm1d(48, eps=1e-05, momentum=0.1, affine=True, track_running_stats=True)
        )
      )
      (branch4): Sequential(
        (0): MaxPool2d(kernel_size=3, stride=1, padding=1, dilation=1, ceil_mode=False)
        (1): ConvBlock(
          (conv): Conv1d(480, 64, kernel_size=(1,), stride=(1,))
          (bn): BatchNorm1d(64, eps=1e-05, momentum=0.1, affine=True, track_running_stats=True)
        )
      )
    )
    (inception4b): InceptionBlock(
      (branch1): ConvBlock(
        (conv): Conv1d(512, 32, kernel_size=(1,), stride=(1,))
        (bn): BatchNorm1d(32, eps=1e-05, momentum=0.1, affine=True, track_running_stats=True)
      )
      (branch2): Sequential(
        (0): ConvBlock(
          (conv): Conv1d(512, 112, kernel_size=(1,), stride=(1,))
          (bn): BatchNorm1d(112, eps=1e-05, momentum=0.1, affine=True, track_running_stats=True)
        )
        (1): ConvBlock(
          (conv): Conv1d(112, 32, kernel_size=(3,), stride=(1,), padding=(1,))
          (bn): BatchNorm1d(32, eps=1e-05, momentum=0.1, affine=True, track_running_stats=True)
        )
      )
      (branch3): Sequential(
        (0): ConvBlock(
          (conv): Conv1d(512, 24, kernel_size=(1,), stride=(1,))
          (bn): BatchNorm1d(24, eps=1e-05, momentum=0.1, affine=True, track_running_stats=True)
        )
        (1): ConvBlock(
          (conv): Conv1d(24, 64, kernel_size=(5,), stride=(1,), padding=(2,))
          (bn): BatchNorm1d(64, eps=1e-05, momentum=0.1, affine=True, track_running_stats=True)
        )
      )
      (branch4): Sequential(
        (0): MaxPool2d(kernel_size=3, stride=1, padding=1, dilation=1, ceil_mode=False)
        (1): ConvBlock(
          (conv): Conv1d(512, 32, kernel_size=(1,), stride=(1,))
          (bn): BatchNorm1d(32, eps=1e-05, momentum=0.1, affine=True, track_running_stats=True)
        )
      )
    )
    (avgpool): AvgPool1d(kernel_size=(5,), stride=(1,), padding=(0,))
    (dropout): Dropout(p=0.5, inplace=False)
    (fc): Linear(in_features=8480, out_features=1, bias=True)
    (sigmoid): Sigmoid()
  )
)
2024-12-04 19:31 - INFO - * -----------
2024-12-04 19:39 - INFO - ---------------------------------------------
2024-12-04 19:39 - INFO - Epoch: 01 | Time: 8m 2s
2024-12-04 19:39 - INFO - 	 New best val_rocauc loss was found, current best value is 0.31825
2024-12-04 19:39 - INFO - 	 Train Loss: 0.228
2024-12-04 19:39 - INFO - 	 Val. Loss: 0.265
2024-12-04 19:39 - INFO - 	 ROC-AUC: 0.877
2024-12-04 19:39 - INFO - 	 PR-AUC: 0.318
2024-12-04 19:39 - INFO - 	 Best Val. Loss: 0.265
2024-12-04 19:39 - INFO - 	 Best ROC-AUC: 0.877
2024-12-04 19:39 - INFO - 	 Best PR-AUC: 0.318
2024-12-04 19:39 - INFO - 	 Test-ROC-AUC under Best Validation ROC-AUC: 0.883
2024-12-04 19:39 - INFO - 	 Test-PR-AUC under Best Validation Best PR-AUC: 0.383
2024-12-04 19:39 - INFO - ---------------------------------------------
2024-12-04 19:47 - INFO - ---------------------------------------------
2024-12-04 19:47 - INFO - Epoch: 02 | Time: 8m 1s
2024-12-04 19:47 - INFO - 	 New best val_rocauc loss was found, current best value is 0.82957
2024-12-04 19:47 - INFO - 	 Train Loss: 0.109
2024-12-04 19:47 - INFO - 	 Val. Loss: 0.074
2024-12-04 19:47 - INFO - 	 ROC-AUC: 0.982
2024-12-04 19:47 - INFO - 	 PR-AUC: 0.830
2024-12-04 19:47 - INFO - 	 Best Val. Loss: 0.074
2024-12-04 19:47 - INFO - 	 Best ROC-AUC: 0.982
2024-12-04 19:47 - INFO - 	 Best PR-AUC: 0.830
2024-12-04 19:47 - INFO - 	 Test-ROC-AUC under Best Validation ROC-AUC: 0.980
2024-12-04 19:47 - INFO - 	 Test-PR-AUC under Best Validation Best PR-AUC: 0.803
2024-12-04 19:47 - INFO - ---------------------------------------------
2024-12-04 19:55 - INFO - ---------------------------------------------
2024-12-04 19:55 - INFO - Epoch: 03 | Time: 8m 1s
2024-12-04 19:55 - INFO - 	 New best val_rocauc loss was found, current best value is 0.855
2024-12-04 19:55 - INFO - 	 Train Loss: 0.080
2024-12-04 19:55 - INFO - 	 Val. Loss: 0.073
2024-12-04 19:55 - INFO - 	 ROC-AUC: 0.984
2024-12-04 19:55 - INFO - 	 PR-AUC: 0.855
2024-12-04 19:55 - INFO - 	 Best Val. Loss: 0.073
2024-12-04 19:55 - INFO - 	 Best ROC-AUC: 0.984
2024-12-04 19:55 - INFO - 	 Best PR-AUC: 0.855
2024-12-04 19:55 - INFO - 	 Test-ROC-AUC under Best Validation ROC-AUC: 0.982
2024-12-04 19:55 - INFO - 	 Test-PR-AUC under Best Validation Best PR-AUC: 0.841
2024-12-04 19:55 - INFO - ---------------------------------------------
2024-12-04 20:03 - INFO - ---------------------------------------------
2024-12-04 20:03 - INFO - Epoch: 04 | Time: 8m 1s
2024-12-04 20:03 - INFO - 	 New best val_rocauc loss was found, current best value is 0.87286
2024-12-04 20:03 - INFO - 	 Train Loss: 0.074
2024-12-04 20:03 - INFO - 	 Val. Loss: 0.063
2024-12-04 20:03 - INFO - 	 ROC-AUC: 0.986
2024-12-04 20:03 - INFO - 	 PR-AUC: 0.873
2024-12-04 20:03 - INFO - 	 Best Val. Loss: 0.063
2024-12-04 20:03 - INFO - 	 Best ROC-AUC: 0.986
2024-12-04 20:03 - INFO - 	 Best PR-AUC: 0.873
2024-12-04 20:03 - INFO - 	 Test-ROC-AUC under Best Validation ROC-AUC: 0.985
2024-12-04 20:03 - INFO - 	 Test-PR-AUC under Best Validation Best PR-AUC: 0.865
2024-12-04 20:03 - INFO - ---------------------------------------------
2024-12-04 20:11 - INFO - ---------------------------------------------
2024-12-04 20:11 - INFO - Epoch: 05 | Time: 8m 1s
2024-12-04 20:11 - INFO - 	 New best val_rocauc loss was found, current best value is 0.87856
2024-12-04 20:11 - INFO - 	 Train Loss: 0.070
2024-12-04 20:11 - INFO - 	 Val. Loss: 0.061
2024-12-04 20:11 - INFO - 	 ROC-AUC: 0.987
2024-12-04 20:11 - INFO - 	 PR-AUC: 0.879
2024-12-04 20:11 - INFO - 	 Best Val. Loss: 0.061
2024-12-04 20:11 - INFO - 	 Best ROC-AUC: 0.987
2024-12-04 20:11 - INFO - 	 Best PR-AUC: 0.879
2024-12-04 20:11 - INFO - 	 Test-ROC-AUC under Best Validation ROC-AUC: 0.984
2024-12-04 20:11 - INFO - 	 Test-PR-AUC under Best Validation Best PR-AUC: 0.866
2024-12-04 20:11 - INFO - ---------------------------------------------
2024-12-04 20:19 - INFO - ---------------------------------------------
2024-12-04 20:19 - INFO - Epoch: 06 | Time: 8m 1s
2024-12-04 20:19 - INFO - 	 Train Loss: 0.068
2024-12-04 20:19 - INFO - 	 Val. Loss: 0.061
2024-12-04 20:19 - INFO - 	 ROC-AUC: 0.988
2024-12-04 20:19 - INFO - 	 PR-AUC: 0.878
2024-12-04 20:19 - INFO - 	 Best Val. Loss: 0.061
2024-12-04 20:19 - INFO - 	 Best ROC-AUC: 0.988
2024-12-04 20:19 - INFO - 	 Best PR-AUC: 0.879
2024-12-04 20:19 - INFO - 	 Test-ROC-AUC under Best Validation ROC-AUC: 0.983
2024-12-04 20:19 - INFO - 	 Test-PR-AUC under Best Validation Best PR-AUC: 0.866
2024-12-04 20:19 - INFO - ---------------------------------------------
2024-12-04 20:27 - INFO - ---------------------------------------------
2024-12-04 20:27 - INFO - Epoch: 07 | Time: 8m 1s
2024-12-04 20:27 - INFO - 	 New best val_rocauc loss was found, current best value is 0.88136
2024-12-04 20:27 - INFO - 	 Train Loss: 0.066
2024-12-04 20:27 - INFO - 	 Val. Loss: 0.060
2024-12-04 20:27 - INFO - 	 ROC-AUC: 0.988
2024-12-04 20:27 - INFO - 	 PR-AUC: 0.881
2024-12-04 20:27 - INFO - 	 Best Val. Loss: 0.060
2024-12-04 20:27 - INFO - 	 Best ROC-AUC: 0.988
2024-12-04 20:27 - INFO - 	 Best PR-AUC: 0.881
2024-12-04 20:27 - INFO - 	 Test-ROC-AUC under Best Validation ROC-AUC: 0.985
2024-12-04 20:27 - INFO - 	 Test-PR-AUC under Best Validation Best PR-AUC: 0.879
2024-12-04 20:27 - INFO - ---------------------------------------------
2024-12-04 20:35 - INFO - ---------------------------------------------
2024-12-04 20:35 - INFO - Epoch: 08 | Time: 8m 1s
2024-12-04 20:35 - INFO - 	 New best val_rocauc loss was found, current best value is 0.89107
2024-12-04 20:35 - INFO - 	 Train Loss: 0.064
2024-12-04 20:35 - INFO - 	 Val. Loss: 0.058
2024-12-04 20:35 - INFO - 	 ROC-AUC: 0.988
2024-12-04 20:35 - INFO - 	 PR-AUC: 0.891
2024-12-04 20:35 - INFO - 	 Best Val. Loss: 0.058
2024-12-04 20:35 - INFO - 	 Best ROC-AUC: 0.988
2024-12-04 20:35 - INFO - 	 Best PR-AUC: 0.891
2024-12-04 20:35 - INFO - 	 Test-ROC-AUC under Best Validation ROC-AUC: 0.985
2024-12-04 20:35 - INFO - 	 Test-PR-AUC under Best Validation Best PR-AUC: 0.870
2024-12-04 20:35 - INFO - ---------------------------------------------
2024-12-04 20:43 - INFO - ---------------------------------------------
2024-12-04 20:43 - INFO - Epoch: 09 | Time: 8m 1s
2024-12-04 20:43 - INFO - 	 Train Loss: 0.062
2024-12-04 20:43 - INFO - 	 Val. Loss: 0.058
2024-12-04 20:43 - INFO - 	 ROC-AUC: 0.988
2024-12-04 20:43 - INFO - 	 PR-AUC: 0.883
2024-12-04 20:43 - INFO - 	 Best Val. Loss: 0.058
2024-12-04 20:43 - INFO - 	 Best ROC-AUC: 0.988
2024-12-04 20:43 - INFO - 	 Best PR-AUC: 0.891
2024-12-04 20:43 - INFO - 	 Test-ROC-AUC under Best Validation ROC-AUC: 0.986
2024-12-04 20:43 - INFO - 	 Test-PR-AUC under Best Validation Best PR-AUC: 0.870
2024-12-04 20:43 - INFO - ---------------------------------------------
2024-12-04 20:51 - INFO - ---------------------------------------------
2024-12-04 20:51 - INFO - Epoch: 10 | Time: 8m 0s
2024-12-04 20:51 - INFO - 	 Train Loss: 0.061
2024-12-04 20:51 - INFO - 	 Val. Loss: 0.056
2024-12-04 20:51 - INFO - 	 ROC-AUC: 0.989
2024-12-04 20:51 - INFO - 	 PR-AUC: 0.890
2024-12-04 20:51 - INFO - 	 Best Val. Loss: 0.056
2024-12-04 20:51 - INFO - 	 Best ROC-AUC: 0.989
2024-12-04 20:51 - INFO - 	 Best PR-AUC: 0.891
2024-12-04 20:51 - INFO - 	 Test-ROC-AUC under Best Validation ROC-AUC: 0.986
2024-12-04 20:51 - INFO - 	 Test-PR-AUC under Best Validation Best PR-AUC: 0.870
2024-12-04 20:51 - INFO - ---------------------------------------------
2024-12-04 20:53 - INFO - Fit the preprocessing pipeline
2024-12-04 20:53 - INFO - Training using device: cuda
2024-12-04 20:53 - INFO - Creating generators
2024-12-04 20:53 - INFO - The model has 2,246,929 trainable parameters
2024-12-04 20:53 - INFO - * Model:
2024-12-04 20:53 - INFO - * -----------
2024-12-04 20:53 - INFO - CombinedModel(
  (upstream_model): TSTransformerEncoderCNN(
    (project_input): Linear(in_features=12, out_features=128, bias=True)
    (encoder): Linear(in_features=12, out_features=128, bias=True)
    (transformer_encoder): TransformerEncoder(
      (layers): ModuleList(
        (0-7): 8 x TransformerEncoderLayer(
          (self_attn): MultiheadAttention(
            (out_proj): NonDynamicallyQuantizableLinear(in_features=128, out_features=128, bias=True)
          )
          (linear1): Linear(in_features=128, out_features=512, bias=True)
          (dropout): Dropout(p=0.4, inplace=False)
          (linear2): Linear(in_features=512, out_features=128, bias=True)
          (norm1): LayerNorm((128,), eps=1e-05, elementwise_affine=True)
          (norm2): LayerNorm((128,), eps=1e-05, elementwise_affine=True)
          (dropout1): Dropout(p=0.4, inplace=False)
          (dropout2): Dropout(p=0.4, inplace=False)
        )
      )
    )
    (output_layer): Linear(in_features=128, out_features=12, bias=True)
    (dropout1): Dropout(p=0.4, inplace=False)
    (cnn): Conv1d(128, 12, kernel_size=(3,), stride=(1,), padding=(1,))
  )
  (downstream_model): DownstreamInception(
    (conv1): ConvBlock(
      (conv): Conv1d(12, 64, kernel_size=(7,), stride=(2,), padding=(3,))
      (bn): BatchNorm1d(64, eps=1e-05, momentum=0.1, affine=True, track_running_stats=True)
    )
    (conv2): ConvBlock(
      (conv): Conv1d(64, 128, kernel_size=(3,), stride=(1,), padding=(1,))
      (bn): BatchNorm1d(128, eps=1e-05, momentum=0.1, affine=True, track_running_stats=True)
    )
    (maxpool): MaxPool1d(kernel_size=3, stride=2, padding=1, dilation=1, ceil_mode=False)
    (inception3a): InceptionBlock(
      (branch1): ConvBlock(
        (conv): Conv1d(128, 64, kernel_size=(1,), stride=(1,))
        (bn): BatchNorm1d(64, eps=1e-05, momentum=0.1, affine=True, track_running_stats=True)
      )
      (branch2): Sequential(
        (0): ConvBlock(
          (conv): Conv1d(128, 96, kernel_size=(1,), stride=(1,))
          (bn): BatchNorm1d(96, eps=1e-05, momentum=0.1, affine=True, track_running_stats=True)
        )
        (1): ConvBlock(
          (conv): Conv1d(96, 128, kernel_size=(3,), stride=(1,), padding=(1,))
          (bn): BatchNorm1d(128, eps=1e-05, momentum=0.1, affine=True, track_running_stats=True)
        )
      )
      (branch3): Sequential(
        (0): ConvBlock(
          (conv): Conv1d(128, 16, kernel_size=(1,), stride=(1,))
          (bn): BatchNorm1d(16, eps=1e-05, momentum=0.1, affine=True, track_running_stats=True)
        )
        (1): ConvBlock(
          (conv): Conv1d(16, 32, kernel_size=(5,), stride=(1,), padding=(2,))
          (bn): BatchNorm1d(32, eps=1e-05, momentum=0.1, affine=True, track_running_stats=True)
        )
      )
      (branch4): Sequential(
        (0): MaxPool2d(kernel_size=3, stride=1, padding=1, dilation=1, ceil_mode=False)
        (1): ConvBlock(
          (conv): Conv1d(128, 32, kernel_size=(1,), stride=(1,))
          (bn): BatchNorm1d(32, eps=1e-05, momentum=0.1, affine=True, track_running_stats=True)
        )
      )
    )
    (inception3b): InceptionBlock(
      (branch1): ConvBlock(
        (conv): Conv1d(256, 128, kernel_size=(1,), stride=(1,))
        (bn): BatchNorm1d(128, eps=1e-05, momentum=0.1, affine=True, track_running_stats=True)
      )
      (branch2): Sequential(
        (0): ConvBlock(
          (conv): Conv1d(256, 128, kernel_size=(1,), stride=(1,))
          (bn): BatchNorm1d(128, eps=1e-05, momentum=0.1, affine=True, track_running_stats=True)
        )
        (1): ConvBlock(
          (conv): Conv1d(128, 192, kernel_size=(3,), stride=(1,), padding=(1,))
          (bn): BatchNorm1d(192, eps=1e-05, momentum=0.1, affine=True, track_running_stats=True)
        )
      )
      (branch3): Sequential(
        (0): ConvBlock(
          (conv): Conv1d(256, 32, kernel_size=(1,), stride=(1,))
          (bn): BatchNorm1d(32, eps=1e-05, momentum=0.1, affine=True, track_running_stats=True)
        )
        (1): ConvBlock(
          (conv): Conv1d(32, 96, kernel_size=(5,), stride=(1,), padding=(2,))
          (bn): BatchNorm1d(96, eps=1e-05, momentum=0.1, affine=True, track_running_stats=True)
        )
      )
      (branch4): Sequential(
        (0): MaxPool2d(kernel_size=3, stride=1, padding=1, dilation=1, ceil_mode=False)
        (1): ConvBlock(
          (conv): Conv1d(256, 64, kernel_size=(1,), stride=(1,))
          (bn): BatchNorm1d(64, eps=1e-05, momentum=0.1, affine=True, track_running_stats=True)
        )
      )
    )
    (inception4a): InceptionBlock(
      (branch1): ConvBlock(
        (conv): Conv1d(480, 192, kernel_size=(1,), stride=(1,))
        (bn): BatchNorm1d(192, eps=1e-05, momentum=0.1, affine=True, track_running_stats=True)
      )
      (branch2): Sequential(
        (0): ConvBlock(
          (conv): Conv1d(480, 96, kernel_size=(1,), stride=(1,))
          (bn): BatchNorm1d(96, eps=1e-05, momentum=0.1, affine=True, track_running_stats=True)
        )
        (1): ConvBlock(
          (conv): Conv1d(96, 208, kernel_size=(3,), stride=(1,), padding=(1,))
          (bn): BatchNorm1d(208, eps=1e-05, momentum=0.1, affine=True, track_running_stats=True)
        )
      )
      (branch3): Sequential(
        (0): ConvBlock(
          (conv): Conv1d(480, 16, kernel_size=(1,), stride=(1,))
          (bn): BatchNorm1d(16, eps=1e-05, momentum=0.1, affine=True, track_running_stats=True)
        )
        (1): ConvBlock(
          (conv): Conv1d(16, 48, kernel_size=(5,), stride=(1,), padding=(2,))
          (bn): BatchNorm1d(48, eps=1e-05, momentum=0.1, affine=True, track_running_stats=True)
        )
      )
      (branch4): Sequential(
        (0): MaxPool2d(kernel_size=3, stride=1, padding=1, dilation=1, ceil_mode=False)
        (1): ConvBlock(
          (conv): Conv1d(480, 64, kernel_size=(1,), stride=(1,))
          (bn): BatchNorm1d(64, eps=1e-05, momentum=0.1, affine=True, track_running_stats=True)
        )
      )
    )
    (inception4b): InceptionBlock(
      (branch1): ConvBlock(
        (conv): Conv1d(512, 32, kernel_size=(1,), stride=(1,))
        (bn): BatchNorm1d(32, eps=1e-05, momentum=0.1, affine=True, track_running_stats=True)
      )
      (branch2): Sequential(
        (0): ConvBlock(
          (conv): Conv1d(512, 112, kernel_size=(1,), stride=(1,))
          (bn): BatchNorm1d(112, eps=1e-05, momentum=0.1, affine=True, track_running_stats=True)
        )
        (1): ConvBlock(
          (conv): Conv1d(112, 32, kernel_size=(3,), stride=(1,), padding=(1,))
          (bn): BatchNorm1d(32, eps=1e-05, momentum=0.1, affine=True, track_running_stats=True)
        )
      )
      (branch3): Sequential(
        (0): ConvBlock(
          (conv): Conv1d(512, 24, kernel_size=(1,), stride=(1,))
          (bn): BatchNorm1d(24, eps=1e-05, momentum=0.1, affine=True, track_running_stats=True)
        )
        (1): ConvBlock(
          (conv): Conv1d(24, 64, kernel_size=(5,), stride=(1,), padding=(2,))
          (bn): BatchNorm1d(64, eps=1e-05, momentum=0.1, affine=True, track_running_stats=True)
        )
      )
      (branch4): Sequential(
        (0): MaxPool2d(kernel_size=3, stride=1, padding=1, dilation=1, ceil_mode=False)
        (1): ConvBlock(
          (conv): Conv1d(512, 32, kernel_size=(1,), stride=(1,))
          (bn): BatchNorm1d(32, eps=1e-05, momentum=0.1, affine=True, track_running_stats=True)
        )
      )
    )
    (avgpool): AvgPool1d(kernel_size=(5,), stride=(1,), padding=(0,))
    (dropout): Dropout(p=0.5, inplace=False)
    (fc): Linear(in_features=8480, out_features=1, bias=True)
    (sigmoid): Sigmoid()
  )
)
2024-12-04 20:53 - INFO - * -----------
2024-12-04 21:01 - INFO - ---------------------------------------------
2024-12-04 21:01 - INFO - Epoch: 01 | Time: 8m 2s
2024-12-04 21:01 - INFO - 	 New best val_rocauc loss was found, current best value is 0.43992
2024-12-04 21:01 - INFO - 	 Train Loss: 0.224
2024-12-04 21:01 - INFO - 	 Val. Loss: 0.213
2024-12-04 21:01 - INFO - 	 ROC-AUC: 0.925
2024-12-04 21:01 - INFO - 	 PR-AUC: 0.440
2024-12-04 21:01 - INFO - 	 Best Val. Loss: 0.213
2024-12-04 21:01 - INFO - 	 Best ROC-AUC: 0.925
2024-12-04 21:01 - INFO - 	 Best PR-AUC: 0.440
2024-12-04 21:01 - INFO - 	 Test-ROC-AUC under Best Validation ROC-AUC: 0.924
2024-12-04 21:01 - INFO - 	 Test-PR-AUC under Best Validation Best PR-AUC: 0.487
2024-12-04 21:01 - INFO - ---------------------------------------------
2024-12-04 21:09 - INFO - ---------------------------------------------
2024-12-04 21:09 - INFO - Epoch: 02 | Time: 8m 2s
2024-12-04 21:09 - INFO - 	 New best val_rocauc loss was found, current best value is 0.80444
2024-12-04 21:09 - INFO - 	 Train Loss: 0.101
2024-12-04 21:09 - INFO - 	 Val. Loss: 0.082
2024-12-04 21:09 - INFO - 	 ROC-AUC: 0.980
2024-12-04 21:09 - INFO - 	 PR-AUC: 0.804
2024-12-04 21:09 - INFO - 	 Best Val. Loss: 0.082
2024-12-04 21:09 - INFO - 	 Best ROC-AUC: 0.980
2024-12-04 21:09 - INFO - 	 Best PR-AUC: 0.804
2024-12-04 21:09 - INFO - 	 Test-ROC-AUC under Best Validation ROC-AUC: 0.980
2024-12-04 21:09 - INFO - 	 Test-PR-AUC under Best Validation Best PR-AUC: 0.788
2024-12-04 21:09 - INFO - ---------------------------------------------
2024-12-04 21:17 - INFO - ---------------------------------------------
2024-12-04 21:17 - INFO - Epoch: 03 | Time: 8m 1s
2024-12-04 21:17 - INFO - 	 New best val_rocauc loss was found, current best value is 0.84271
2024-12-04 21:17 - INFO - 	 Train Loss: 0.081
2024-12-04 21:17 - INFO - 	 Val. Loss: 0.082
2024-12-04 21:17 - INFO - 	 ROC-AUC: 0.983
2024-12-04 21:17 - INFO - 	 PR-AUC: 0.843
2024-12-04 21:17 - INFO - 	 Best Val. Loss: 0.082
2024-12-04 21:17 - INFO - 	 Best ROC-AUC: 0.983
2024-12-04 21:17 - INFO - 	 Best PR-AUC: 0.843
2024-12-04 21:17 - INFO - 	 Test-ROC-AUC under Best Validation ROC-AUC: 0.982
2024-12-04 21:17 - INFO - 	 Test-PR-AUC under Best Validation Best PR-AUC: 0.824
2024-12-04 21:17 - INFO - ---------------------------------------------
2024-12-04 21:25 - INFO - ---------------------------------------------
2024-12-04 21:25 - INFO - Epoch: 04 | Time: 8m 1s
2024-12-04 21:25 - INFO - 	 New best val_rocauc loss was found, current best value is 0.85788
2024-12-04 21:25 - INFO - 	 Train Loss: 0.074
2024-12-04 21:25 - INFO - 	 Val. Loss: 0.066
2024-12-04 21:25 - INFO - 	 ROC-AUC: 0.985
2024-12-04 21:25 - INFO - 	 PR-AUC: 0.858
2024-12-04 21:25 - INFO - 	 Best Val. Loss: 0.066
2024-12-04 21:25 - INFO - 	 Best ROC-AUC: 0.985
2024-12-04 21:25 - INFO - 	 Best PR-AUC: 0.858
2024-12-04 21:25 - INFO - 	 Test-ROC-AUC under Best Validation ROC-AUC: 0.984
2024-12-04 21:25 - INFO - 	 Test-PR-AUC under Best Validation Best PR-AUC: 0.854
2024-12-04 21:25 - INFO - ---------------------------------------------
2024-12-04 21:33 - INFO - ---------------------------------------------
2024-12-04 21:33 - INFO - Epoch: 05 | Time: 8m 2s
2024-12-04 21:33 - INFO - 	 New best val_rocauc loss was found, current best value is 0.86408
2024-12-04 21:33 - INFO - 	 Train Loss: 0.070
2024-12-04 21:33 - INFO - 	 Val. Loss: 0.065
2024-12-04 21:33 - INFO - 	 ROC-AUC: 0.985
2024-12-04 21:33 - INFO - 	 PR-AUC: 0.864
2024-12-04 21:33 - INFO - 	 Best Val. Loss: 0.065
2024-12-04 21:33 - INFO - 	 Best ROC-AUC: 0.985
2024-12-04 21:33 - INFO - 	 Best PR-AUC: 0.864
2024-12-04 21:33 - INFO - 	 Test-ROC-AUC under Best Validation ROC-AUC: 0.984
2024-12-04 21:33 - INFO - 	 Test-PR-AUC under Best Validation Best PR-AUC: 0.859
2024-12-04 21:33 - INFO - ---------------------------------------------
2024-12-04 21:42 - INFO - ---------------------------------------------
2024-12-04 21:42 - INFO - Epoch: 06 | Time: 8m 1s
2024-12-04 21:42 - INFO - 	 New best val_rocauc loss was found, current best value is 0.8753
2024-12-04 21:42 - INFO - 	 Train Loss: 0.068
2024-12-04 21:42 - INFO - 	 Val. Loss: 0.061
2024-12-04 21:42 - INFO - 	 ROC-AUC: 0.987
2024-12-04 21:42 - INFO - 	 PR-AUC: 0.875
2024-12-04 21:42 - INFO - 	 Best Val. Loss: 0.061
2024-12-04 21:42 - INFO - 	 Best ROC-AUC: 0.987
2024-12-04 21:42 - INFO - 	 Best PR-AUC: 0.875
2024-12-04 21:42 - INFO - 	 Test-ROC-AUC under Best Validation ROC-AUC: 0.986
2024-12-04 21:42 - INFO - 	 Test-PR-AUC under Best Validation Best PR-AUC: 0.867
2024-12-04 21:42 - INFO - ---------------------------------------------
2024-12-04 21:50 - INFO - ---------------------------------------------
2024-12-04 21:50 - INFO - Epoch: 07 | Time: 8m 1s
2024-12-04 21:50 - INFO - 	 Train Loss: 0.066
2024-12-04 21:50 - INFO - 	 Val. Loss: 0.061
2024-12-04 21:50 - INFO - 	 ROC-AUC: 0.986
2024-12-04 21:50 - INFO - 	 PR-AUC: 0.873
2024-12-04 21:50 - INFO - 	 Best Val. Loss: 0.061
2024-12-04 21:50 - INFO - 	 Best ROC-AUC: 0.987
2024-12-04 21:50 - INFO - 	 Best PR-AUC: 0.875
2024-12-04 21:50 - INFO - 	 Test-ROC-AUC under Best Validation ROC-AUC: 0.986
2024-12-04 21:50 - INFO - 	 Test-PR-AUC under Best Validation Best PR-AUC: 0.867
2024-12-04 21:50 - INFO - ---------------------------------------------
2024-12-04 21:58 - INFO - ---------------------------------------------
2024-12-04 21:58 - INFO - Epoch: 08 | Time: 8m 1s
2024-12-04 21:58 - INFO - 	 Train Loss: 0.064
2024-12-04 21:58 - INFO - 	 Val. Loss: 0.062
2024-12-04 21:58 - INFO - 	 ROC-AUC: 0.987
2024-12-04 21:58 - INFO - 	 PR-AUC: 0.873
2024-12-04 21:58 - INFO - 	 Best Val. Loss: 0.061
2024-12-04 21:58 - INFO - 	 Best ROC-AUC: 0.987
2024-12-04 21:58 - INFO - 	 Best PR-AUC: 0.875
2024-12-04 21:58 - INFO - 	 Test-ROC-AUC under Best Validation ROC-AUC: 0.986
2024-12-04 21:58 - INFO - 	 Test-PR-AUC under Best Validation Best PR-AUC: 0.867
2024-12-04 21:58 - INFO - ---------------------------------------------
2024-12-04 22:06 - INFO - ---------------------------------------------
2024-12-04 22:06 - INFO - Epoch: 09 | Time: 8m 2s
2024-12-04 22:06 - INFO - 	 New best val_rocauc loss was found, current best value is 0.8894
2024-12-04 22:06 - INFO - 	 Train Loss: 0.063
2024-12-04 22:06 - INFO - 	 Val. Loss: 0.058
2024-12-04 22:06 - INFO - 	 ROC-AUC: 0.988
2024-12-04 22:06 - INFO - 	 PR-AUC: 0.889
2024-12-04 22:06 - INFO - 	 Best Val. Loss: 0.058
2024-12-04 22:06 - INFO - 	 Best ROC-AUC: 0.988
2024-12-04 22:06 - INFO - 	 Best PR-AUC: 0.889
2024-12-04 22:06 - INFO - 	 Test-ROC-AUC under Best Validation ROC-AUC: 0.985
2024-12-04 22:06 - INFO - 	 Test-PR-AUC under Best Validation Best PR-AUC: 0.881
2024-12-04 22:06 - INFO - ---------------------------------------------
2024-12-04 22:14 - INFO - ---------------------------------------------
2024-12-04 22:14 - INFO - Epoch: 10 | Time: 8m 2s
2024-12-04 22:14 - INFO - 	 Train Loss: 0.061
2024-12-04 22:14 - INFO - 	 Val. Loss: 0.057
2024-12-04 22:14 - INFO - 	 ROC-AUC: 0.988
2024-12-04 22:14 - INFO - 	 PR-AUC: 0.889
2024-12-04 22:14 - INFO - 	 Best Val. Loss: 0.057
2024-12-04 22:14 - INFO - 	 Best ROC-AUC: 0.988
2024-12-04 22:14 - INFO - 	 Best PR-AUC: 0.889
2024-12-04 22:14 - INFO - 	 Test-ROC-AUC under Best Validation ROC-AUC: 0.986
2024-12-04 22:14 - INFO - 	 Test-PR-AUC under Best Validation Best PR-AUC: 0.881
2024-12-04 22:14 - INFO - ---------------------------------------------
2024-12-04 22:16 - INFO - Fit the preprocessing pipeline
2024-12-04 22:16 - INFO - Training using device: cuda
2024-12-04 22:16 - INFO - Creating generators
2024-12-04 22:16 - INFO - The model has 2,246,929 trainable parameters
2024-12-04 22:16 - INFO - * Model:
2024-12-04 22:16 - INFO - * -----------
2024-12-04 22:16 - INFO - CombinedModel(
  (upstream_model): TSTransformerEncoderCNN(
    (project_input): Linear(in_features=12, out_features=128, bias=True)
    (encoder): Linear(in_features=12, out_features=128, bias=True)
    (transformer_encoder): TransformerEncoder(
      (layers): ModuleList(
        (0-7): 8 x TransformerEncoderLayer(
          (self_attn): MultiheadAttention(
            (out_proj): NonDynamicallyQuantizableLinear(in_features=128, out_features=128, bias=True)
          )
          (linear1): Linear(in_features=128, out_features=512, bias=True)
          (dropout): Dropout(p=0.4, inplace=False)
          (linear2): Linear(in_features=512, out_features=128, bias=True)
          (norm1): LayerNorm((128,), eps=1e-05, elementwise_affine=True)
          (norm2): LayerNorm((128,), eps=1e-05, elementwise_affine=True)
          (dropout1): Dropout(p=0.4, inplace=False)
          (dropout2): Dropout(p=0.4, inplace=False)
        )
      )
    )
    (output_layer): Linear(in_features=128, out_features=12, bias=True)
    (dropout1): Dropout(p=0.4, inplace=False)
    (cnn): Conv1d(128, 12, kernel_size=(3,), stride=(1,), padding=(1,))
  )
  (downstream_model): DownstreamInception(
    (conv1): ConvBlock(
      (conv): Conv1d(12, 64, kernel_size=(7,), stride=(2,), padding=(3,))
      (bn): BatchNorm1d(64, eps=1e-05, momentum=0.1, affine=True, track_running_stats=True)
    )
    (conv2): ConvBlock(
      (conv): Conv1d(64, 128, kernel_size=(3,), stride=(1,), padding=(1,))
      (bn): BatchNorm1d(128, eps=1e-05, momentum=0.1, affine=True, track_running_stats=True)
    )
    (maxpool): MaxPool1d(kernel_size=3, stride=2, padding=1, dilation=1, ceil_mode=False)
    (inception3a): InceptionBlock(
      (branch1): ConvBlock(
        (conv): Conv1d(128, 64, kernel_size=(1,), stride=(1,))
        (bn): BatchNorm1d(64, eps=1e-05, momentum=0.1, affine=True, track_running_stats=True)
      )
      (branch2): Sequential(
        (0): ConvBlock(
          (conv): Conv1d(128, 96, kernel_size=(1,), stride=(1,))
          (bn): BatchNorm1d(96, eps=1e-05, momentum=0.1, affine=True, track_running_stats=True)
        )
        (1): ConvBlock(
          (conv): Conv1d(96, 128, kernel_size=(3,), stride=(1,), padding=(1,))
          (bn): BatchNorm1d(128, eps=1e-05, momentum=0.1, affine=True, track_running_stats=True)
        )
      )
      (branch3): Sequential(
        (0): ConvBlock(
          (conv): Conv1d(128, 16, kernel_size=(1,), stride=(1,))
          (bn): BatchNorm1d(16, eps=1e-05, momentum=0.1, affine=True, track_running_stats=True)
        )
        (1): ConvBlock(
          (conv): Conv1d(16, 32, kernel_size=(5,), stride=(1,), padding=(2,))
          (bn): BatchNorm1d(32, eps=1e-05, momentum=0.1, affine=True, track_running_stats=True)
        )
      )
      (branch4): Sequential(
        (0): MaxPool2d(kernel_size=3, stride=1, padding=1, dilation=1, ceil_mode=False)
        (1): ConvBlock(
          (conv): Conv1d(128, 32, kernel_size=(1,), stride=(1,))
          (bn): BatchNorm1d(32, eps=1e-05, momentum=0.1, affine=True, track_running_stats=True)
        )
      )
    )
    (inception3b): InceptionBlock(
      (branch1): ConvBlock(
        (conv): Conv1d(256, 128, kernel_size=(1,), stride=(1,))
        (bn): BatchNorm1d(128, eps=1e-05, momentum=0.1, affine=True, track_running_stats=True)
      )
      (branch2): Sequential(
        (0): ConvBlock(
          (conv): Conv1d(256, 128, kernel_size=(1,), stride=(1,))
          (bn): BatchNorm1d(128, eps=1e-05, momentum=0.1, affine=True, track_running_stats=True)
        )
        (1): ConvBlock(
          (conv): Conv1d(128, 192, kernel_size=(3,), stride=(1,), padding=(1,))
          (bn): BatchNorm1d(192, eps=1e-05, momentum=0.1, affine=True, track_running_stats=True)
        )
      )
      (branch3): Sequential(
        (0): ConvBlock(
          (conv): Conv1d(256, 32, kernel_size=(1,), stride=(1,))
          (bn): BatchNorm1d(32, eps=1e-05, momentum=0.1, affine=True, track_running_stats=True)
        )
        (1): ConvBlock(
          (conv): Conv1d(32, 96, kernel_size=(5,), stride=(1,), padding=(2,))
          (bn): BatchNorm1d(96, eps=1e-05, momentum=0.1, affine=True, track_running_stats=True)
        )
      )
      (branch4): Sequential(
        (0): MaxPool2d(kernel_size=3, stride=1, padding=1, dilation=1, ceil_mode=False)
        (1): ConvBlock(
          (conv): Conv1d(256, 64, kernel_size=(1,), stride=(1,))
          (bn): BatchNorm1d(64, eps=1e-05, momentum=0.1, affine=True, track_running_stats=True)
        )
      )
    )
    (inception4a): InceptionBlock(
      (branch1): ConvBlock(
        (conv): Conv1d(480, 192, kernel_size=(1,), stride=(1,))
        (bn): BatchNorm1d(192, eps=1e-05, momentum=0.1, affine=True, track_running_stats=True)
      )
      (branch2): Sequential(
        (0): ConvBlock(
          (conv): Conv1d(480, 96, kernel_size=(1,), stride=(1,))
          (bn): BatchNorm1d(96, eps=1e-05, momentum=0.1, affine=True, track_running_stats=True)
        )
        (1): ConvBlock(
          (conv): Conv1d(96, 208, kernel_size=(3,), stride=(1,), padding=(1,))
          (bn): BatchNorm1d(208, eps=1e-05, momentum=0.1, affine=True, track_running_stats=True)
        )
      )
      (branch3): Sequential(
        (0): ConvBlock(
          (conv): Conv1d(480, 16, kernel_size=(1,), stride=(1,))
          (bn): BatchNorm1d(16, eps=1e-05, momentum=0.1, affine=True, track_running_stats=True)
        )
        (1): ConvBlock(
          (conv): Conv1d(16, 48, kernel_size=(5,), stride=(1,), padding=(2,))
          (bn): BatchNorm1d(48, eps=1e-05, momentum=0.1, affine=True, track_running_stats=True)
        )
      )
      (branch4): Sequential(
        (0): MaxPool2d(kernel_size=3, stride=1, padding=1, dilation=1, ceil_mode=False)
        (1): ConvBlock(
          (conv): Conv1d(480, 64, kernel_size=(1,), stride=(1,))
          (bn): BatchNorm1d(64, eps=1e-05, momentum=0.1, affine=True, track_running_stats=True)
        )
      )
    )
    (inception4b): InceptionBlock(
      (branch1): ConvBlock(
        (conv): Conv1d(512, 32, kernel_size=(1,), stride=(1,))
        (bn): BatchNorm1d(32, eps=1e-05, momentum=0.1, affine=True, track_running_stats=True)
      )
      (branch2): Sequential(
        (0): ConvBlock(
          (conv): Conv1d(512, 112, kernel_size=(1,), stride=(1,))
          (bn): BatchNorm1d(112, eps=1e-05, momentum=0.1, affine=True, track_running_stats=True)
        )
        (1): ConvBlock(
          (conv): Conv1d(112, 32, kernel_size=(3,), stride=(1,), padding=(1,))
          (bn): BatchNorm1d(32, eps=1e-05, momentum=0.1, affine=True, track_running_stats=True)
        )
      )
      (branch3): Sequential(
        (0): ConvBlock(
          (conv): Conv1d(512, 24, kernel_size=(1,), stride=(1,))
          (bn): BatchNorm1d(24, eps=1e-05, momentum=0.1, affine=True, track_running_stats=True)
        )
        (1): ConvBlock(
          (conv): Conv1d(24, 64, kernel_size=(5,), stride=(1,), padding=(2,))
          (bn): BatchNorm1d(64, eps=1e-05, momentum=0.1, affine=True, track_running_stats=True)
        )
      )
      (branch4): Sequential(
        (0): MaxPool2d(kernel_size=3, stride=1, padding=1, dilation=1, ceil_mode=False)
        (1): ConvBlock(
          (conv): Conv1d(512, 32, kernel_size=(1,), stride=(1,))
          (bn): BatchNorm1d(32, eps=1e-05, momentum=0.1, affine=True, track_running_stats=True)
        )
      )
    )
    (avgpool): AvgPool1d(kernel_size=(5,), stride=(1,), padding=(0,))
    (dropout): Dropout(p=0.5, inplace=False)
    (fc): Linear(in_features=8480, out_features=1, bias=True)
    (sigmoid): Sigmoid()
  )
)
2024-12-04 22:16 - INFO - * -----------
2024-12-04 22:24 - INFO - ---------------------------------------------
2024-12-04 22:24 - INFO - Epoch: 01 | Time: 8m 2s
2024-12-04 22:24 - INFO - 	 New best val_rocauc loss was found, current best value is 0.45954
2024-12-04 22:24 - INFO - 	 Train Loss: 0.220
2024-12-04 22:24 - INFO - 	 Val. Loss: 0.289
2024-12-04 22:24 - INFO - 	 ROC-AUC: 0.933
2024-12-04 22:24 - INFO - 	 PR-AUC: 0.460
2024-12-04 22:24 - INFO - 	 Best Val. Loss: 0.289
2024-12-04 22:24 - INFO - 	 Best ROC-AUC: 0.933
2024-12-04 22:24 - INFO - 	 Best PR-AUC: 0.460
2024-12-04 22:24 - INFO - 	 Test-ROC-AUC under Best Validation ROC-AUC: 0.929
2024-12-04 22:24 - INFO - 	 Test-PR-AUC under Best Validation Best PR-AUC: 0.522
2024-12-04 22:24 - INFO - ---------------------------------------------
2024-12-04 22:32 - INFO - ---------------------------------------------
2024-12-04 22:32 - INFO - Epoch: 02 | Time: 8m 2s
2024-12-04 22:32 - INFO - 	 New best val_rocauc loss was found, current best value is 0.85017
2024-12-04 22:32 - INFO - 	 Train Loss: 0.096
2024-12-04 22:32 - INFO - 	 Val. Loss: 0.070
2024-12-04 22:32 - INFO - 	 ROC-AUC: 0.984
2024-12-04 22:32 - INFO - 	 PR-AUC: 0.850
2024-12-04 22:32 - INFO - 	 Best Val. Loss: 0.070
2024-12-04 22:32 - INFO - 	 Best ROC-AUC: 0.984
2024-12-04 22:32 - INFO - 	 Best PR-AUC: 0.850
2024-12-04 22:32 - INFO - 	 Test-ROC-AUC under Best Validation ROC-AUC: 0.983
2024-12-04 22:32 - INFO - 	 Test-PR-AUC under Best Validation Best PR-AUC: 0.822
2024-12-04 22:32 - INFO - ---------------------------------------------
2024-12-04 22:40 - INFO - ---------------------------------------------
2024-12-04 22:40 - INFO - Epoch: 03 | Time: 8m 2s
2024-12-04 22:40 - INFO - 	 New best val_rocauc loss was found, current best value is 0.86982
2024-12-04 22:40 - INFO - 	 Train Loss: 0.079
2024-12-04 22:40 - INFO - 	 Val. Loss: 0.065
2024-12-04 22:40 - INFO - 	 ROC-AUC: 0.985
2024-12-04 22:40 - INFO - 	 PR-AUC: 0.870
2024-12-04 22:40 - INFO - 	 Best Val. Loss: 0.065
2024-12-04 22:40 - INFO - 	 Best ROC-AUC: 0.985
2024-12-04 22:40 - INFO - 	 Best PR-AUC: 0.870
2024-12-04 22:40 - INFO - 	 Test-ROC-AUC under Best Validation ROC-AUC: 0.985
2024-12-04 22:40 - INFO - 	 Test-PR-AUC under Best Validation Best PR-AUC: 0.851
2024-12-04 22:40 - INFO - ---------------------------------------------
2024-12-04 22:48 - INFO - ---------------------------------------------
2024-12-04 22:48 - INFO - Epoch: 04 | Time: 8m 2s
2024-12-04 22:48 - INFO - 	 New best val_rocauc loss was found, current best value is 0.87733
2024-12-04 22:48 - INFO - 	 Train Loss: 0.073
2024-12-04 22:48 - INFO - 	 Val. Loss: 0.062
2024-12-04 22:48 - INFO - 	 ROC-AUC: 0.987
2024-12-04 22:48 - INFO - 	 PR-AUC: 0.877
2024-12-04 22:48 - INFO - 	 Best Val. Loss: 0.062
2024-12-04 22:48 - INFO - 	 Best ROC-AUC: 0.987
2024-12-04 22:48 - INFO - 	 Best PR-AUC: 0.877
2024-12-04 22:48 - INFO - 	 Test-ROC-AUC under Best Validation ROC-AUC: 0.984
2024-12-04 22:48 - INFO - 	 Test-PR-AUC under Best Validation Best PR-AUC: 0.849
2024-12-04 22:48 - INFO - ---------------------------------------------
2024-12-04 22:56 - INFO - ---------------------------------------------
2024-12-04 22:56 - INFO - Epoch: 05 | Time: 8m 2s
2024-12-04 22:56 - INFO - 	 Train Loss: 0.071
2024-12-04 22:56 - INFO - 	 Val. Loss: 0.063
2024-12-04 22:56 - INFO - 	 ROC-AUC: 0.986
2024-12-04 22:56 - INFO - 	 PR-AUC: 0.866
2024-12-04 22:56 - INFO - 	 Best Val. Loss: 0.062
2024-12-04 22:56 - INFO - 	 Best ROC-AUC: 0.987
2024-12-04 22:56 - INFO - 	 Best PR-AUC: 0.877
2024-12-04 22:56 - INFO - 	 Test-ROC-AUC under Best Validation ROC-AUC: 0.984
2024-12-04 22:56 - INFO - 	 Test-PR-AUC under Best Validation Best PR-AUC: 0.849
2024-12-04 22:56 - INFO - ---------------------------------------------
2024-12-04 23:04 - INFO - ---------------------------------------------
2024-12-04 23:04 - INFO - Epoch: 06 | Time: 8m 1s
2024-12-04 23:04 - INFO - 	 Train Loss: 0.068
2024-12-04 23:04 - INFO - 	 Val. Loss: 0.063
2024-12-04 23:04 - INFO - 	 ROC-AUC: 0.986
2024-12-04 23:04 - INFO - 	 PR-AUC: 0.871
2024-12-04 23:04 - INFO - 	 Best Val. Loss: 0.062
2024-12-04 23:04 - INFO - 	 Best ROC-AUC: 0.987
2024-12-04 23:04 - INFO - 	 Best PR-AUC: 0.877
2024-12-04 23:04 - INFO - 	 Test-ROC-AUC under Best Validation ROC-AUC: 0.984
2024-12-04 23:04 - INFO - 	 Test-PR-AUC under Best Validation Best PR-AUC: 0.849
2024-12-04 23:04 - INFO - ---------------------------------------------
2024-12-04 23:12 - INFO - ---------------------------------------------
2024-12-04 23:12 - INFO - Epoch: 07 | Time: 8m 2s
2024-12-04 23:12 - INFO - 	 New best val_rocauc loss was found, current best value is 0.87983
2024-12-04 23:12 - INFO - 	 Train Loss: 0.065
2024-12-04 23:12 - INFO - 	 Val. Loss: 0.059
2024-12-04 23:12 - INFO - 	 ROC-AUC: 0.988
2024-12-04 23:12 - INFO - 	 PR-AUC: 0.880
2024-12-04 23:12 - INFO - 	 Best Val. Loss: 0.059
2024-12-04 23:12 - INFO - 	 Best ROC-AUC: 0.988
2024-12-04 23:12 - INFO - 	 Best PR-AUC: 0.880
2024-12-04 23:12 - INFO - 	 Test-ROC-AUC under Best Validation ROC-AUC: 0.986
2024-12-04 23:12 - INFO - 	 Test-PR-AUC under Best Validation Best PR-AUC: 0.869
2024-12-04 23:12 - INFO - ---------------------------------------------
2024-12-04 23:20 - INFO - ---------------------------------------------
2024-12-04 23:20 - INFO - Epoch: 08 | Time: 8m 2s
2024-12-04 23:20 - INFO - 	 Train Loss: 0.064
2024-12-04 23:20 - INFO - 	 Val. Loss: 0.061
2024-12-04 23:20 - INFO - 	 ROC-AUC: 0.987
2024-12-04 23:20 - INFO - 	 PR-AUC: 0.871
2024-12-04 23:20 - INFO - 	 Best Val. Loss: 0.059
2024-12-04 23:20 - INFO - 	 Best ROC-AUC: 0.988
2024-12-04 23:20 - INFO - 	 Best PR-AUC: 0.880
2024-12-04 23:20 - INFO - 	 Test-ROC-AUC under Best Validation ROC-AUC: 0.986
2024-12-04 23:20 - INFO - 	 Test-PR-AUC under Best Validation Best PR-AUC: 0.869
2024-12-04 23:20 - INFO - ---------------------------------------------
2024-12-04 23:28 - INFO - ---------------------------------------------
2024-12-04 23:28 - INFO - Epoch: 09 | Time: 8m 1s
2024-12-04 23:28 - INFO - 	 New best val_rocauc loss was found, current best value is 0.88658
2024-12-04 23:28 - INFO - 	 Train Loss: 0.062
2024-12-04 23:28 - INFO - 	 Val. Loss: 0.058
2024-12-04 23:28 - INFO - 	 ROC-AUC: 0.989
2024-12-04 23:28 - INFO - 	 PR-AUC: 0.887
2024-12-04 23:28 - INFO - 	 Best Val. Loss: 0.058
2024-12-04 23:28 - INFO - 	 Best ROC-AUC: 0.989
2024-12-04 23:28 - INFO - 	 Best PR-AUC: 0.887
2024-12-04 23:28 - INFO - 	 Test-ROC-AUC under Best Validation ROC-AUC: 0.986
2024-12-04 23:28 - INFO - 	 Test-PR-AUC under Best Validation Best PR-AUC: 0.876
2024-12-04 23:28 - INFO - ---------------------------------------------
2024-12-04 23:36 - INFO - ---------------------------------------------
2024-12-04 23:36 - INFO - Epoch: 10 | Time: 8m 1s
2024-12-04 23:36 - INFO - 	 New best val_rocauc loss was found, current best value is 0.88826
2024-12-04 23:36 - INFO - 	 Train Loss: 0.061
2024-12-04 23:36 - INFO - 	 Val. Loss: 0.058
2024-12-04 23:36 - INFO - 	 ROC-AUC: 0.989
2024-12-04 23:36 - INFO - 	 PR-AUC: 0.888
2024-12-04 23:36 - INFO - 	 Best Val. Loss: 0.058
2024-12-04 23:36 - INFO - 	 Best ROC-AUC: 0.989
2024-12-04 23:36 - INFO - 	 Best PR-AUC: 0.888
2024-12-04 23:36 - INFO - 	 Test-ROC-AUC under Best Validation ROC-AUC: 0.986
2024-12-04 23:36 - INFO - 	 Test-PR-AUC under Best Validation Best PR-AUC: 0.878
2024-12-04 23:36 - INFO - ---------------------------------------------
2024-12-04 23:39 - INFO - Fit the preprocessing pipeline
2024-12-04 23:39 - INFO - Training using device: cuda
2024-12-04 23:39 - INFO - Creating generators
2024-12-04 23:39 - INFO - The model has 2,246,929 trainable parameters
2024-12-04 23:39 - INFO - * Model:
2024-12-04 23:39 - INFO - * -----------
2024-12-04 23:39 - INFO - CombinedModel(
  (upstream_model): TSTransformerEncoderCNN(
    (project_input): Linear(in_features=12, out_features=128, bias=True)
    (encoder): Linear(in_features=12, out_features=128, bias=True)
    (transformer_encoder): TransformerEncoder(
      (layers): ModuleList(
        (0-7): 8 x TransformerEncoderLayer(
          (self_attn): MultiheadAttention(
            (out_proj): NonDynamicallyQuantizableLinear(in_features=128, out_features=128, bias=True)
          )
          (linear1): Linear(in_features=128, out_features=512, bias=True)
          (dropout): Dropout(p=0.4, inplace=False)
          (linear2): Linear(in_features=512, out_features=128, bias=True)
          (norm1): LayerNorm((128,), eps=1e-05, elementwise_affine=True)
          (norm2): LayerNorm((128,), eps=1e-05, elementwise_affine=True)
          (dropout1): Dropout(p=0.4, inplace=False)
          (dropout2): Dropout(p=0.4, inplace=False)
        )
      )
    )
    (output_layer): Linear(in_features=128, out_features=12, bias=True)
    (dropout1): Dropout(p=0.4, inplace=False)
    (cnn): Conv1d(128, 12, kernel_size=(3,), stride=(1,), padding=(1,))
  )
  (downstream_model): DownstreamInception(
    (conv1): ConvBlock(
      (conv): Conv1d(12, 64, kernel_size=(7,), stride=(2,), padding=(3,))
      (bn): BatchNorm1d(64, eps=1e-05, momentum=0.1, affine=True, track_running_stats=True)
    )
    (conv2): ConvBlock(
      (conv): Conv1d(64, 128, kernel_size=(3,), stride=(1,), padding=(1,))
      (bn): BatchNorm1d(128, eps=1e-05, momentum=0.1, affine=True, track_running_stats=True)
    )
    (maxpool): MaxPool1d(kernel_size=3, stride=2, padding=1, dilation=1, ceil_mode=False)
    (inception3a): InceptionBlock(
      (branch1): ConvBlock(
        (conv): Conv1d(128, 64, kernel_size=(1,), stride=(1,))
        (bn): BatchNorm1d(64, eps=1e-05, momentum=0.1, affine=True, track_running_stats=True)
      )
      (branch2): Sequential(
        (0): ConvBlock(
          (conv): Conv1d(128, 96, kernel_size=(1,), stride=(1,))
          (bn): BatchNorm1d(96, eps=1e-05, momentum=0.1, affine=True, track_running_stats=True)
        )
        (1): ConvBlock(
          (conv): Conv1d(96, 128, kernel_size=(3,), stride=(1,), padding=(1,))
          (bn): BatchNorm1d(128, eps=1e-05, momentum=0.1, affine=True, track_running_stats=True)
        )
      )
      (branch3): Sequential(
        (0): ConvBlock(
          (conv): Conv1d(128, 16, kernel_size=(1,), stride=(1,))
          (bn): BatchNorm1d(16, eps=1e-05, momentum=0.1, affine=True, track_running_stats=True)
        )
        (1): ConvBlock(
          (conv): Conv1d(16, 32, kernel_size=(5,), stride=(1,), padding=(2,))
          (bn): BatchNorm1d(32, eps=1e-05, momentum=0.1, affine=True, track_running_stats=True)
        )
      )
      (branch4): Sequential(
        (0): MaxPool2d(kernel_size=3, stride=1, padding=1, dilation=1, ceil_mode=False)
        (1): ConvBlock(
          (conv): Conv1d(128, 32, kernel_size=(1,), stride=(1,))
          (bn): BatchNorm1d(32, eps=1e-05, momentum=0.1, affine=True, track_running_stats=True)
        )
      )
    )
    (inception3b): InceptionBlock(
      (branch1): ConvBlock(
        (conv): Conv1d(256, 128, kernel_size=(1,), stride=(1,))
        (bn): BatchNorm1d(128, eps=1e-05, momentum=0.1, affine=True, track_running_stats=True)
      )
      (branch2): Sequential(
        (0): ConvBlock(
          (conv): Conv1d(256, 128, kernel_size=(1,), stride=(1,))
          (bn): BatchNorm1d(128, eps=1e-05, momentum=0.1, affine=True, track_running_stats=True)
        )
        (1): ConvBlock(
          (conv): Conv1d(128, 192, kernel_size=(3,), stride=(1,), padding=(1,))
          (bn): BatchNorm1d(192, eps=1e-05, momentum=0.1, affine=True, track_running_stats=True)
        )
      )
      (branch3): Sequential(
        (0): ConvBlock(
          (conv): Conv1d(256, 32, kernel_size=(1,), stride=(1,))
          (bn): BatchNorm1d(32, eps=1e-05, momentum=0.1, affine=True, track_running_stats=True)
        )
        (1): ConvBlock(
          (conv): Conv1d(32, 96, kernel_size=(5,), stride=(1,), padding=(2,))
          (bn): BatchNorm1d(96, eps=1e-05, momentum=0.1, affine=True, track_running_stats=True)
        )
      )
      (branch4): Sequential(
        (0): MaxPool2d(kernel_size=3, stride=1, padding=1, dilation=1, ceil_mode=False)
        (1): ConvBlock(
          (conv): Conv1d(256, 64, kernel_size=(1,), stride=(1,))
          (bn): BatchNorm1d(64, eps=1e-05, momentum=0.1, affine=True, track_running_stats=True)
        )
      )
    )
    (inception4a): InceptionBlock(
      (branch1): ConvBlock(
        (conv): Conv1d(480, 192, kernel_size=(1,), stride=(1,))
        (bn): BatchNorm1d(192, eps=1e-05, momentum=0.1, affine=True, track_running_stats=True)
      )
      (branch2): Sequential(
        (0): ConvBlock(
          (conv): Conv1d(480, 96, kernel_size=(1,), stride=(1,))
          (bn): BatchNorm1d(96, eps=1e-05, momentum=0.1, affine=True, track_running_stats=True)
        )
        (1): ConvBlock(
          (conv): Conv1d(96, 208, kernel_size=(3,), stride=(1,), padding=(1,))
          (bn): BatchNorm1d(208, eps=1e-05, momentum=0.1, affine=True, track_running_stats=True)
        )
      )
      (branch3): Sequential(
        (0): ConvBlock(
          (conv): Conv1d(480, 16, kernel_size=(1,), stride=(1,))
          (bn): BatchNorm1d(16, eps=1e-05, momentum=0.1, affine=True, track_running_stats=True)
        )
        (1): ConvBlock(
          (conv): Conv1d(16, 48, kernel_size=(5,), stride=(1,), padding=(2,))
          (bn): BatchNorm1d(48, eps=1e-05, momentum=0.1, affine=True, track_running_stats=True)
        )
      )
      (branch4): Sequential(
        (0): MaxPool2d(kernel_size=3, stride=1, padding=1, dilation=1, ceil_mode=False)
        (1): ConvBlock(
          (conv): Conv1d(480, 64, kernel_size=(1,), stride=(1,))
          (bn): BatchNorm1d(64, eps=1e-05, momentum=0.1, affine=True, track_running_stats=True)
        )
      )
    )
    (inception4b): InceptionBlock(
      (branch1): ConvBlock(
        (conv): Conv1d(512, 32, kernel_size=(1,), stride=(1,))
        (bn): BatchNorm1d(32, eps=1e-05, momentum=0.1, affine=True, track_running_stats=True)
      )
      (branch2): Sequential(
        (0): ConvBlock(
          (conv): Conv1d(512, 112, kernel_size=(1,), stride=(1,))
          (bn): BatchNorm1d(112, eps=1e-05, momentum=0.1, affine=True, track_running_stats=True)
        )
        (1): ConvBlock(
          (conv): Conv1d(112, 32, kernel_size=(3,), stride=(1,), padding=(1,))
          (bn): BatchNorm1d(32, eps=1e-05, momentum=0.1, affine=True, track_running_stats=True)
        )
      )
      (branch3): Sequential(
        (0): ConvBlock(
          (conv): Conv1d(512, 24, kernel_size=(1,), stride=(1,))
          (bn): BatchNorm1d(24, eps=1e-05, momentum=0.1, affine=True, track_running_stats=True)
        )
        (1): ConvBlock(
          (conv): Conv1d(24, 64, kernel_size=(5,), stride=(1,), padding=(2,))
          (bn): BatchNorm1d(64, eps=1e-05, momentum=0.1, affine=True, track_running_stats=True)
        )
      )
      (branch4): Sequential(
        (0): MaxPool2d(kernel_size=3, stride=1, padding=1, dilation=1, ceil_mode=False)
        (1): ConvBlock(
          (conv): Conv1d(512, 32, kernel_size=(1,), stride=(1,))
          (bn): BatchNorm1d(32, eps=1e-05, momentum=0.1, affine=True, track_running_stats=True)
        )
      )
    )
    (avgpool): AvgPool1d(kernel_size=(5,), stride=(1,), padding=(0,))
    (dropout): Dropout(p=0.5, inplace=False)
    (fc): Linear(in_features=8480, out_features=1, bias=True)
    (sigmoid): Sigmoid()
  )
)
2024-12-04 23:39 - INFO - * -----------
2024-12-04 23:47 - INFO - ---------------------------------------------
2024-12-04 23:47 - INFO - Epoch: 01 | Time: 8m 2s
2024-12-04 23:47 - INFO - 	 New best val_rocauc loss was found, current best value is 0.37531
2024-12-04 23:47 - INFO - 	 Train Loss: 0.228
2024-12-04 23:47 - INFO - 	 Val. Loss: 0.184
2024-12-04 23:47 - INFO - 	 ROC-AUC: 0.902
2024-12-04 23:47 - INFO - 	 PR-AUC: 0.375
2024-12-04 23:47 - INFO - 	 Best Val. Loss: 0.184
2024-12-04 23:47 - INFO - 	 Best ROC-AUC: 0.902
2024-12-04 23:47 - INFO - 	 Best PR-AUC: 0.375
2024-12-04 23:47 - INFO - 	 Test-ROC-AUC under Best Validation ROC-AUC: 0.902
2024-12-04 23:47 - INFO - 	 Test-PR-AUC under Best Validation Best PR-AUC: 0.444
2024-12-04 23:47 - INFO - ---------------------------------------------
2024-12-04 23:55 - INFO - ---------------------------------------------
2024-12-04 23:55 - INFO - Epoch: 02 | Time: 8m 1s
2024-12-04 23:55 - INFO - 	 New best val_rocauc loss was found, current best value is 0.84875
2024-12-04 23:55 - INFO - 	 Train Loss: 0.104
2024-12-04 23:55 - INFO - 	 Val. Loss: 0.073
2024-12-04 23:55 - INFO - 	 ROC-AUC: 0.983
2024-12-04 23:55 - INFO - 	 PR-AUC: 0.849
2024-12-04 23:55 - INFO - 	 Best Val. Loss: 0.073
2024-12-04 23:55 - INFO - 	 Best ROC-AUC: 0.983
2024-12-04 23:55 - INFO - 	 Best PR-AUC: 0.849
2024-12-04 23:55 - INFO - 	 Test-ROC-AUC under Best Validation ROC-AUC: 0.979
2024-12-04 23:55 - INFO - 	 Test-PR-AUC under Best Validation Best PR-AUC: 0.819
2024-12-04 23:55 - INFO - ---------------------------------------------
2024-12-05 00:03 - INFO - ---------------------------------------------
2024-12-05 00:03 - INFO - Epoch: 03 | Time: 8m 1s
2024-12-05 00:03 - INFO - 	 New best val_rocauc loss was found, current best value is 0.86681
2024-12-05 00:03 - INFO - 	 Train Loss: 0.081
2024-12-05 00:03 - INFO - 	 Val. Loss: 0.065
2024-12-05 00:03 - INFO - 	 ROC-AUC: 0.985
2024-12-05 00:03 - INFO - 	 PR-AUC: 0.867
2024-12-05 00:03 - INFO - 	 Best Val. Loss: 0.065
2024-12-05 00:03 - INFO - 	 Best ROC-AUC: 0.985
2024-12-05 00:03 - INFO - 	 Best PR-AUC: 0.867
2024-12-05 00:03 - INFO - 	 Test-ROC-AUC under Best Validation ROC-AUC: 0.982
2024-12-05 00:03 - INFO - 	 Test-PR-AUC under Best Validation Best PR-AUC: 0.830
2024-12-05 00:03 - INFO - ---------------------------------------------
2024-12-05 00:11 - INFO - ---------------------------------------------
2024-12-05 00:11 - INFO - Epoch: 04 | Time: 8m 1s
2024-12-05 00:11 - INFO - 	 New best val_rocauc loss was found, current best value is 0.86745
2024-12-05 00:11 - INFO - 	 Train Loss: 0.074
2024-12-05 00:11 - INFO - 	 Val. Loss: 0.065
2024-12-05 00:11 - INFO - 	 ROC-AUC: 0.986
2024-12-05 00:11 - INFO - 	 PR-AUC: 0.867
2024-12-05 00:11 - INFO - 	 Best Val. Loss: 0.065
2024-12-05 00:11 - INFO - 	 Best ROC-AUC: 0.986
2024-12-05 00:11 - INFO - 	 Best PR-AUC: 0.867
2024-12-05 00:11 - INFO - 	 Test-ROC-AUC under Best Validation ROC-AUC: 0.983
2024-12-05 00:11 - INFO - 	 Test-PR-AUC under Best Validation Best PR-AUC: 0.848
2024-12-05 00:11 - INFO - ---------------------------------------------
2024-12-05 00:19 - INFO - ---------------------------------------------
2024-12-05 00:19 - INFO - Epoch: 05 | Time: 8m 2s
2024-12-05 00:19 - INFO - 	 New best val_rocauc loss was found, current best value is 0.87607
2024-12-05 00:19 - INFO - 	 Train Loss: 0.070
2024-12-05 00:19 - INFO - 	 Val. Loss: 0.062
2024-12-05 00:19 - INFO - 	 ROC-AUC: 0.987
2024-12-05 00:19 - INFO - 	 PR-AUC: 0.876
2024-12-05 00:19 - INFO - 	 Best Val. Loss: 0.062
2024-12-05 00:19 - INFO - 	 Best ROC-AUC: 0.987
2024-12-05 00:19 - INFO - 	 Best PR-AUC: 0.876
2024-12-05 00:19 - INFO - 	 Test-ROC-AUC under Best Validation ROC-AUC: 0.983
2024-12-05 00:19 - INFO - 	 Test-PR-AUC under Best Validation Best PR-AUC: 0.846
2024-12-05 00:19 - INFO - ---------------------------------------------
2024-12-05 00:27 - INFO - ---------------------------------------------
2024-12-05 00:27 - INFO - Epoch: 06 | Time: 8m 2s
2024-12-05 00:27 - INFO - 	 New best val_rocauc loss was found, current best value is 0.89033
2024-12-05 00:27 - INFO - 	 Train Loss: 0.068
2024-12-05 00:27 - INFO - 	 Val. Loss: 0.058
2024-12-05 00:27 - INFO - 	 ROC-AUC: 0.988
2024-12-05 00:27 - INFO - 	 PR-AUC: 0.890
2024-12-05 00:27 - INFO - 	 Best Val. Loss: 0.058
2024-12-05 00:27 - INFO - 	 Best ROC-AUC: 0.988
2024-12-05 00:27 - INFO - 	 Best PR-AUC: 0.890
2024-12-05 00:27 - INFO - 	 Test-ROC-AUC under Best Validation ROC-AUC: 0.986
2024-12-05 00:27 - INFO - 	 Test-PR-AUC under Best Validation Best PR-AUC: 0.869
2024-12-05 00:27 - INFO - ---------------------------------------------
2024-12-05 00:35 - INFO - ---------------------------------------------
2024-12-05 00:35 - INFO - Epoch: 07 | Time: 8m 2s
2024-12-05 00:35 - INFO - 	 Train Loss: 0.067
2024-12-05 00:35 - INFO - 	 Val. Loss: 0.060
2024-12-05 00:35 - INFO - 	 ROC-AUC: 0.988
2024-12-05 00:35 - INFO - 	 PR-AUC: 0.878
2024-12-05 00:35 - INFO - 	 Best Val. Loss: 0.058
2024-12-05 00:35 - INFO - 	 Best ROC-AUC: 0.988
2024-12-05 00:35 - INFO - 	 Best PR-AUC: 0.890
2024-12-05 00:35 - INFO - 	 Test-ROC-AUC under Best Validation ROC-AUC: 0.986
2024-12-05 00:35 - INFO - 	 Test-PR-AUC under Best Validation Best PR-AUC: 0.869
2024-12-05 00:35 - INFO - ---------------------------------------------
2024-12-05 00:43 - INFO - ---------------------------------------------
2024-12-05 00:43 - INFO - Epoch: 08 | Time: 8m 2s
2024-12-05 00:43 - INFO - 	 Train Loss: 0.064
2024-12-05 00:43 - INFO - 	 Val. Loss: 0.059
2024-12-05 00:43 - INFO - 	 ROC-AUC: 0.988
2024-12-05 00:43 - INFO - 	 PR-AUC: 0.890
2024-12-05 00:43 - INFO - 	 Best Val. Loss: 0.058
2024-12-05 00:43 - INFO - 	 Best ROC-AUC: 0.988
2024-12-05 00:43 - INFO - 	 Best PR-AUC: 0.890
2024-12-05 00:43 - INFO - 	 Test-ROC-AUC under Best Validation ROC-AUC: 0.986
2024-12-05 00:43 - INFO - 	 Test-PR-AUC under Best Validation Best PR-AUC: 0.869
2024-12-05 00:43 - INFO - ---------------------------------------------
2024-12-05 00:51 - INFO - ---------------------------------------------
2024-12-05 00:51 - INFO - Epoch: 09 | Time: 8m 2s
2024-12-05 00:51 - INFO - 	 Train Loss: 0.063
2024-12-05 00:51 - INFO - 	 Val. Loss: 0.063
2024-12-05 00:51 - INFO - 	 ROC-AUC: 0.987
2024-12-05 00:51 - INFO - 	 PR-AUC: 0.876
2024-12-05 00:51 - INFO - 	 Best Val. Loss: 0.058
2024-12-05 00:51 - INFO - 	 Best ROC-AUC: 0.988
2024-12-05 00:51 - INFO - 	 Best PR-AUC: 0.890
2024-12-05 00:51 - INFO - 	 Test-ROC-AUC under Best Validation ROC-AUC: 0.986
2024-12-05 00:51 - INFO - 	 Test-PR-AUC under Best Validation Best PR-AUC: 0.869
2024-12-05 00:51 - INFO - ---------------------------------------------
2024-12-05 01:02 - INFO - Fit the preprocessing pipeline
2024-12-05 01:02 - INFO - Training using device: cuda
2024-12-05 01:02 - INFO - Creating generators
2024-12-05 01:02 - INFO - The model has 2,246,929 trainable parameters
2024-12-05 01:02 - INFO - * Model:
2024-12-05 01:02 - INFO - * -----------
2024-12-05 01:02 - INFO - CombinedModel(
  (upstream_model): TSTransformerEncoderCNN(
    (project_input): Linear(in_features=12, out_features=128, bias=True)
    (encoder): Linear(in_features=12, out_features=128, bias=True)
    (transformer_encoder): TransformerEncoder(
      (layers): ModuleList(
        (0-7): 8 x TransformerEncoderLayer(
          (self_attn): MultiheadAttention(
            (out_proj): NonDynamicallyQuantizableLinear(in_features=128, out_features=128, bias=True)
          )
          (linear1): Linear(in_features=128, out_features=512, bias=True)
          (dropout): Dropout(p=0.4, inplace=False)
          (linear2): Linear(in_features=512, out_features=128, bias=True)
          (norm1): LayerNorm((128,), eps=1e-05, elementwise_affine=True)
          (norm2): LayerNorm((128,), eps=1e-05, elementwise_affine=True)
          (dropout1): Dropout(p=0.4, inplace=False)
          (dropout2): Dropout(p=0.4, inplace=False)
        )
      )
    )
    (output_layer): Linear(in_features=128, out_features=12, bias=True)
    (dropout1): Dropout(p=0.4, inplace=False)
    (cnn): Conv1d(128, 12, kernel_size=(3,), stride=(1,), padding=(1,))
  )
  (downstream_model): DownstreamInception(
    (conv1): ConvBlock(
      (conv): Conv1d(12, 64, kernel_size=(7,), stride=(2,), padding=(3,))
      (bn): BatchNorm1d(64, eps=1e-05, momentum=0.1, affine=True, track_running_stats=True)
    )
    (conv2): ConvBlock(
      (conv): Conv1d(64, 128, kernel_size=(3,), stride=(1,), padding=(1,))
      (bn): BatchNorm1d(128, eps=1e-05, momentum=0.1, affine=True, track_running_stats=True)
    )
    (maxpool): MaxPool1d(kernel_size=3, stride=2, padding=1, dilation=1, ceil_mode=False)
    (inception3a): InceptionBlock(
      (branch1): ConvBlock(
        (conv): Conv1d(128, 64, kernel_size=(1,), stride=(1,))
        (bn): BatchNorm1d(64, eps=1e-05, momentum=0.1, affine=True, track_running_stats=True)
      )
      (branch2): Sequential(
        (0): ConvBlock(
          (conv): Conv1d(128, 96, kernel_size=(1,), stride=(1,))
          (bn): BatchNorm1d(96, eps=1e-05, momentum=0.1, affine=True, track_running_stats=True)
        )
        (1): ConvBlock(
          (conv): Conv1d(96, 128, kernel_size=(3,), stride=(1,), padding=(1,))
          (bn): BatchNorm1d(128, eps=1e-05, momentum=0.1, affine=True, track_running_stats=True)
        )
      )
      (branch3): Sequential(
        (0): ConvBlock(
          (conv): Conv1d(128, 16, kernel_size=(1,), stride=(1,))
          (bn): BatchNorm1d(16, eps=1e-05, momentum=0.1, affine=True, track_running_stats=True)
        )
        (1): ConvBlock(
          (conv): Conv1d(16, 32, kernel_size=(5,), stride=(1,), padding=(2,))
          (bn): BatchNorm1d(32, eps=1e-05, momentum=0.1, affine=True, track_running_stats=True)
        )
      )
      (branch4): Sequential(
        (0): MaxPool2d(kernel_size=3, stride=1, padding=1, dilation=1, ceil_mode=False)
        (1): ConvBlock(
          (conv): Conv1d(128, 32, kernel_size=(1,), stride=(1,))
          (bn): BatchNorm1d(32, eps=1e-05, momentum=0.1, affine=True, track_running_stats=True)
        )
      )
    )
    (inception3b): InceptionBlock(
      (branch1): ConvBlock(
        (conv): Conv1d(256, 128, kernel_size=(1,), stride=(1,))
        (bn): BatchNorm1d(128, eps=1e-05, momentum=0.1, affine=True, track_running_stats=True)
      )
      (branch2): Sequential(
        (0): ConvBlock(
          (conv): Conv1d(256, 128, kernel_size=(1,), stride=(1,))
          (bn): BatchNorm1d(128, eps=1e-05, momentum=0.1, affine=True, track_running_stats=True)
        )
        (1): ConvBlock(
          (conv): Conv1d(128, 192, kernel_size=(3,), stride=(1,), padding=(1,))
          (bn): BatchNorm1d(192, eps=1e-05, momentum=0.1, affine=True, track_running_stats=True)
        )
      )
      (branch3): Sequential(
        (0): ConvBlock(
          (conv): Conv1d(256, 32, kernel_size=(1,), stride=(1,))
          (bn): BatchNorm1d(32, eps=1e-05, momentum=0.1, affine=True, track_running_stats=True)
        )
        (1): ConvBlock(
          (conv): Conv1d(32, 96, kernel_size=(5,), stride=(1,), padding=(2,))
          (bn): BatchNorm1d(96, eps=1e-05, momentum=0.1, affine=True, track_running_stats=True)
        )
      )
      (branch4): Sequential(
        (0): MaxPool2d(kernel_size=3, stride=1, padding=1, dilation=1, ceil_mode=False)
        (1): ConvBlock(
          (conv): Conv1d(256, 64, kernel_size=(1,), stride=(1,))
          (bn): BatchNorm1d(64, eps=1e-05, momentum=0.1, affine=True, track_running_stats=True)
        )
      )
    )
    (inception4a): InceptionBlock(
      (branch1): ConvBlock(
        (conv): Conv1d(480, 192, kernel_size=(1,), stride=(1,))
        (bn): BatchNorm1d(192, eps=1e-05, momentum=0.1, affine=True, track_running_stats=True)
      )
      (branch2): Sequential(
        (0): ConvBlock(
          (conv): Conv1d(480, 96, kernel_size=(1,), stride=(1,))
          (bn): BatchNorm1d(96, eps=1e-05, momentum=0.1, affine=True, track_running_stats=True)
        )
        (1): ConvBlock(
          (conv): Conv1d(96, 208, kernel_size=(3,), stride=(1,), padding=(1,))
          (bn): BatchNorm1d(208, eps=1e-05, momentum=0.1, affine=True, track_running_stats=True)
        )
      )
      (branch3): Sequential(
        (0): ConvBlock(
          (conv): Conv1d(480, 16, kernel_size=(1,), stride=(1,))
          (bn): BatchNorm1d(16, eps=1e-05, momentum=0.1, affine=True, track_running_stats=True)
        )
        (1): ConvBlock(
          (conv): Conv1d(16, 48, kernel_size=(5,), stride=(1,), padding=(2,))
          (bn): BatchNorm1d(48, eps=1e-05, momentum=0.1, affine=True, track_running_stats=True)
        )
      )
      (branch4): Sequential(
        (0): MaxPool2d(kernel_size=3, stride=1, padding=1, dilation=1, ceil_mode=False)
        (1): ConvBlock(
          (conv): Conv1d(480, 64, kernel_size=(1,), stride=(1,))
          (bn): BatchNorm1d(64, eps=1e-05, momentum=0.1, affine=True, track_running_stats=True)
        )
      )
    )
    (inception4b): InceptionBlock(
      (branch1): ConvBlock(
        (conv): Conv1d(512, 32, kernel_size=(1,), stride=(1,))
        (bn): BatchNorm1d(32, eps=1e-05, momentum=0.1, affine=True, track_running_stats=True)
      )
      (branch2): Sequential(
        (0): ConvBlock(
          (conv): Conv1d(512, 112, kernel_size=(1,), stride=(1,))
          (bn): BatchNorm1d(112, eps=1e-05, momentum=0.1, affine=True, track_running_stats=True)
        )
        (1): ConvBlock(
          (conv): Conv1d(112, 32, kernel_size=(3,), stride=(1,), padding=(1,))
          (bn): BatchNorm1d(32, eps=1e-05, momentum=0.1, affine=True, track_running_stats=True)
        )
      )
      (branch3): Sequential(
        (0): ConvBlock(
          (conv): Conv1d(512, 24, kernel_size=(1,), stride=(1,))
          (bn): BatchNorm1d(24, eps=1e-05, momentum=0.1, affine=True, track_running_stats=True)
        )
        (1): ConvBlock(
          (conv): Conv1d(24, 64, kernel_size=(5,), stride=(1,), padding=(2,))
          (bn): BatchNorm1d(64, eps=1e-05, momentum=0.1, affine=True, track_running_stats=True)
        )
      )
      (branch4): Sequential(
        (0): MaxPool2d(kernel_size=3, stride=1, padding=1, dilation=1, ceil_mode=False)
        (1): ConvBlock(
          (conv): Conv1d(512, 32, kernel_size=(1,), stride=(1,))
          (bn): BatchNorm1d(32, eps=1e-05, momentum=0.1, affine=True, track_running_stats=True)
        )
      )
    )
    (avgpool): AvgPool1d(kernel_size=(5,), stride=(1,), padding=(0,))
    (dropout): Dropout(p=0.5, inplace=False)
    (fc): Linear(in_features=8480, out_features=1, bias=True)
    (sigmoid): Sigmoid()
  )
)
2024-12-05 01:02 - INFO - * -----------
2024-12-05 01:10 - INFO - ---------------------------------------------
2024-12-05 01:10 - INFO - Epoch: 01 | Time: 8m 1s
2024-12-05 01:10 - INFO - 	 New best val_rocauc loss was found, current best value is 0.41526
2024-12-05 01:10 - INFO - 	 Train Loss: 0.223
2024-12-05 01:10 - INFO - 	 Val. Loss: 0.188
2024-12-05 01:10 - INFO - 	 ROC-AUC: 0.917
2024-12-05 01:10 - INFO - 	 PR-AUC: 0.415
2024-12-05 01:10 - INFO - 	 Best Val. Loss: 0.188
2024-12-05 01:10 - INFO - 	 Best ROC-AUC: 0.917
2024-12-05 01:10 - INFO - 	 Best PR-AUC: 0.415
2024-12-05 01:10 - INFO - 	 Test-ROC-AUC under Best Validation ROC-AUC: 0.922
2024-12-05 01:10 - INFO - 	 Test-PR-AUC under Best Validation Best PR-AUC: 0.501
2024-12-05 01:10 - INFO - ---------------------------------------------
2024-12-05 01:18 - INFO - ---------------------------------------------
2024-12-05 01:18 - INFO - Epoch: 02 | Time: 8m 1s
2024-12-05 01:18 - INFO - 	 New best val_rocauc loss was found, current best value is 0.80388
2024-12-05 01:18 - INFO - 	 Train Loss: 0.103
2024-12-05 01:18 - INFO - 	 Val. Loss: 0.092
2024-12-05 01:18 - INFO - 	 ROC-AUC: 0.979
2024-12-05 01:18 - INFO - 	 PR-AUC: 0.804
2024-12-05 01:18 - INFO - 	 Best Val. Loss: 0.092
2024-12-05 01:18 - INFO - 	 Best ROC-AUC: 0.979
2024-12-05 01:18 - INFO - 	 Best PR-AUC: 0.804
2024-12-05 01:18 - INFO - 	 Test-ROC-AUC under Best Validation ROC-AUC: 0.976
2024-12-05 01:18 - INFO - 	 Test-PR-AUC under Best Validation Best PR-AUC: 0.772
2024-12-05 01:18 - INFO - ---------------------------------------------
2024-12-05 01:26 - INFO - ---------------------------------------------
2024-12-05 01:26 - INFO - Epoch: 03 | Time: 8m 2s
2024-12-05 01:26 - INFO - 	 New best val_rocauc loss was found, current best value is 0.86196
2024-12-05 01:26 - INFO - 	 Train Loss: 0.080
2024-12-05 01:26 - INFO - 	 Val. Loss: 0.076
2024-12-05 01:26 - INFO - 	 ROC-AUC: 0.985
2024-12-05 01:26 - INFO - 	 PR-AUC: 0.862
2024-12-05 01:26 - INFO - 	 Best Val. Loss: 0.076
2024-12-05 01:26 - INFO - 	 Best ROC-AUC: 0.985
2024-12-05 01:26 - INFO - 	 Best PR-AUC: 0.862
2024-12-05 01:26 - INFO - 	 Test-ROC-AUC under Best Validation ROC-AUC: 0.980
2024-12-05 01:26 - INFO - 	 Test-PR-AUC under Best Validation Best PR-AUC: 0.832
2024-12-05 01:26 - INFO - ---------------------------------------------
2024-12-05 01:34 - INFO - ---------------------------------------------
2024-12-05 01:34 - INFO - Epoch: 04 | Time: 8m 2s
2024-12-05 01:34 - INFO - 	 New best val_rocauc loss was found, current best value is 0.8695
2024-12-05 01:34 - INFO - 	 Train Loss: 0.075
2024-12-05 01:34 - INFO - 	 Val. Loss: 0.066
2024-12-05 01:34 - INFO - 	 ROC-AUC: 0.985
2024-12-05 01:34 - INFO - 	 PR-AUC: 0.870
2024-12-05 01:34 - INFO - 	 Best Val. Loss: 0.066
2024-12-05 01:34 - INFO - 	 Best ROC-AUC: 0.985
2024-12-05 01:34 - INFO - 	 Best PR-AUC: 0.870
2024-12-05 01:34 - INFO - 	 Test-ROC-AUC under Best Validation ROC-AUC: 0.982
2024-12-05 01:34 - INFO - 	 Test-PR-AUC under Best Validation Best PR-AUC: 0.833
2024-12-05 01:34 - INFO - ---------------------------------------------
2024-12-05 01:42 - INFO - ---------------------------------------------
2024-12-05 01:42 - INFO - Epoch: 05 | Time: 8m 2s
2024-12-05 01:42 - INFO - 	 New best val_rocauc loss was found, current best value is 0.87267
2024-12-05 01:42 - INFO - 	 Train Loss: 0.071
2024-12-05 01:42 - INFO - 	 Val. Loss: 0.068
2024-12-05 01:42 - INFO - 	 ROC-AUC: 0.987
2024-12-05 01:42 - INFO - 	 PR-AUC: 0.873
2024-12-05 01:42 - INFO - 	 Best Val. Loss: 0.066
2024-12-05 01:42 - INFO - 	 Best ROC-AUC: 0.987
2024-12-05 01:42 - INFO - 	 Best PR-AUC: 0.873
2024-12-05 01:42 - INFO - 	 Test-ROC-AUC under Best Validation ROC-AUC: 0.982
2024-12-05 01:42 - INFO - 	 Test-PR-AUC under Best Validation Best PR-AUC: 0.851
2024-12-05 01:42 - INFO - ---------------------------------------------
2024-12-05 01:50 - INFO - ---------------------------------------------
2024-12-05 01:50 - INFO - Epoch: 06 | Time: 8m 1s
2024-12-05 01:50 - INFO - 	 New best val_rocauc loss was found, current best value is 0.88553
2024-12-05 01:50 - INFO - 	 Train Loss: 0.069
2024-12-05 01:50 - INFO - 	 Val. Loss: 0.060
2024-12-05 01:50 - INFO - 	 ROC-AUC: 0.987
2024-12-05 01:50 - INFO - 	 PR-AUC: 0.886
2024-12-05 01:50 - INFO - 	 Best Val. Loss: 0.060
2024-12-05 01:50 - INFO - 	 Best ROC-AUC: 0.987
2024-12-05 01:50 - INFO - 	 Best PR-AUC: 0.886
2024-12-05 01:50 - INFO - 	 Test-ROC-AUC under Best Validation ROC-AUC: 0.985
2024-12-05 01:50 - INFO - 	 Test-PR-AUC under Best Validation Best PR-AUC: 0.859
2024-12-05 01:50 - INFO - ---------------------------------------------
2024-12-05 01:58 - INFO - ---------------------------------------------
2024-12-05 01:58 - INFO - Epoch: 07 | Time: 8m 1s
2024-12-05 01:58 - INFO - 	 Train Loss: 0.066
2024-12-05 01:58 - INFO - 	 Val. Loss: 0.058
2024-12-05 01:58 - INFO - 	 ROC-AUC: 0.988
2024-12-05 01:58 - INFO - 	 PR-AUC: 0.883
2024-12-05 01:58 - INFO - 	 Best Val. Loss: 0.058
2024-12-05 01:58 - INFO - 	 Best ROC-AUC: 0.988
2024-12-05 01:58 - INFO - 	 Best PR-AUC: 0.886
2024-12-05 01:58 - INFO - 	 Test-ROC-AUC under Best Validation ROC-AUC: 0.985
2024-12-05 01:58 - INFO - 	 Test-PR-AUC under Best Validation Best PR-AUC: 0.859
2024-12-05 01:58 - INFO - ---------------------------------------------
2024-12-05 02:06 - INFO - ---------------------------------------------
2024-12-05 02:06 - INFO - Epoch: 08 | Time: 8m 1s
2024-12-05 02:06 - INFO - 	 New best val_rocauc loss was found, current best value is 0.89156
2024-12-05 02:06 - INFO - 	 Train Loss: 0.064
2024-12-05 02:06 - INFO - 	 Val. Loss: 0.058
2024-12-05 02:06 - INFO - 	 ROC-AUC: 0.988
2024-12-05 02:06 - INFO - 	 PR-AUC: 0.892
2024-12-05 02:06 - INFO - 	 Best Val. Loss: 0.058
2024-12-05 02:06 - INFO - 	 Best ROC-AUC: 0.988
2024-12-05 02:06 - INFO - 	 Best PR-AUC: 0.892
2024-12-05 02:06 - INFO - 	 Test-ROC-AUC under Best Validation ROC-AUC: 0.986
2024-12-05 02:06 - INFO - 	 Test-PR-AUC under Best Validation Best PR-AUC: 0.874
2024-12-05 02:06 - INFO - ---------------------------------------------
2024-12-05 02:14 - INFO - ---------------------------------------------
2024-12-05 02:14 - INFO - Epoch: 09 | Time: 8m 1s
2024-12-05 02:14 - INFO - 	 New best val_rocauc loss was found, current best value is 0.89341
2024-12-05 02:14 - INFO - 	 Train Loss: 0.063
2024-12-05 02:14 - INFO - 	 Val. Loss: 0.057
2024-12-05 02:14 - INFO - 	 ROC-AUC: 0.989
2024-12-05 02:14 - INFO - 	 PR-AUC: 0.893
2024-12-05 02:14 - INFO - 	 Best Val. Loss: 0.057
2024-12-05 02:14 - INFO - 	 Best ROC-AUC: 0.989
2024-12-05 02:14 - INFO - 	 Best PR-AUC: 0.893
2024-12-05 02:14 - INFO - 	 Test-ROC-AUC under Best Validation ROC-AUC: 0.986
2024-12-05 02:14 - INFO - 	 Test-PR-AUC under Best Validation Best PR-AUC: 0.890
2024-12-05 02:14 - INFO - ---------------------------------------------
2024-12-05 02:22 - INFO - ---------------------------------------------
2024-12-05 02:22 - INFO - Epoch: 10 | Time: 8m 0s
2024-12-05 02:22 - INFO - 	 New best val_rocauc loss was found, current best value is 0.89485
2024-12-05 02:22 - INFO - 	 Train Loss: 0.061
2024-12-05 02:22 - INFO - 	 Val. Loss: 0.056
2024-12-05 02:22 - INFO - 	 ROC-AUC: 0.989
2024-12-05 02:22 - INFO - 	 PR-AUC: 0.895
2024-12-05 02:22 - INFO - 	 Best Val. Loss: 0.056
2024-12-05 02:22 - INFO - 	 Best ROC-AUC: 0.989
2024-12-05 02:22 - INFO - 	 Best PR-AUC: 0.895
2024-12-05 02:22 - INFO - 	 Test-ROC-AUC under Best Validation ROC-AUC: 0.986
2024-12-05 02:22 - INFO - 	 Test-PR-AUC under Best Validation Best PR-AUC: 0.878
2024-12-05 02:22 - INFO - ---------------------------------------------
