2024-04-07 18:56 - INFO - Fit the preprocessing pipeline
2024-04-07 18:56 - INFO - Training using device: cuda
2024-04-07 18:56 - INFO - Creating generators
2024-04-07 18:56 - INFO - The model has 2,246,929 trainable parameters
2024-04-07 18:56 - INFO - * Model:
2024-04-07 18:56 - INFO - * -----------
2024-04-07 18:56 - INFO - CombinedModel(
  (upstream_model): TSTransformerEncoderCNN(
    (project_input): Linear(in_features=12, out_features=128, bias=True)
    (encoder): Linear(in_features=12, out_features=128, bias=True)
    (transformer_encoder): TransformerEncoder(
      (layers): ModuleList(
        (0-7): 8 x TransformerEncoderLayer(
          (self_attn): MultiheadAttention(
            (out_proj): NonDynamicallyQuantizableLinear(in_features=128, out_features=128, bias=True)
          )
          (linear1): Linear(in_features=128, out_features=512, bias=True)
          (dropout): Dropout(p=0.4, inplace=False)
          (linear2): Linear(in_features=512, out_features=128, bias=True)
          (norm1): LayerNorm((128,), eps=1e-05, elementwise_affine=True)
          (norm2): LayerNorm((128,), eps=1e-05, elementwise_affine=True)
          (dropout1): Dropout(p=0.4, inplace=False)
          (dropout2): Dropout(p=0.4, inplace=False)
        )
      )
    )
    (output_layer): Linear(in_features=128, out_features=12, bias=True)
    (dropout1): Dropout(p=0.4, inplace=False)
    (cnn): Conv1d(128, 12, kernel_size=(3,), stride=(1,), padding=(1,))
  )
  (downstream_model): DownstreamInception(
    (conv1): ConvBlock(
      (conv): Conv1d(12, 64, kernel_size=(7,), stride=(2,), padding=(3,))
      (bn): BatchNorm1d(64, eps=1e-05, momentum=0.1, affine=True, track_running_stats=True)
    )
    (conv2): ConvBlock(
      (conv): Conv1d(64, 128, kernel_size=(3,), stride=(1,), padding=(1,))
      (bn): BatchNorm1d(128, eps=1e-05, momentum=0.1, affine=True, track_running_stats=True)
    )
    (maxpool): MaxPool1d(kernel_size=3, stride=2, padding=1, dilation=1, ceil_mode=False)
    (inception3a): InceptionBlock(
      (branch1): ConvBlock(
        (conv): Conv1d(128, 64, kernel_size=(1,), stride=(1,))
        (bn): BatchNorm1d(64, eps=1e-05, momentum=0.1, affine=True, track_running_stats=True)
      )
      (branch2): Sequential(
        (0): ConvBlock(
          (conv): Conv1d(128, 96, kernel_size=(1,), stride=(1,))
          (bn): BatchNorm1d(96, eps=1e-05, momentum=0.1, affine=True, track_running_stats=True)
        )
        (1): ConvBlock(
          (conv): Conv1d(96, 128, kernel_size=(3,), stride=(1,), padding=(1,))
          (bn): BatchNorm1d(128, eps=1e-05, momentum=0.1, affine=True, track_running_stats=True)
        )
      )
      (branch3): Sequential(
        (0): ConvBlock(
          (conv): Conv1d(128, 16, kernel_size=(1,), stride=(1,))
          (bn): BatchNorm1d(16, eps=1e-05, momentum=0.1, affine=True, track_running_stats=True)
        )
        (1): ConvBlock(
          (conv): Conv1d(16, 32, kernel_size=(5,), stride=(1,), padding=(2,))
          (bn): BatchNorm1d(32, eps=1e-05, momentum=0.1, affine=True, track_running_stats=True)
        )
      )
      (branch4): Sequential(
        (0): MaxPool2d(kernel_size=3, stride=1, padding=1, dilation=1, ceil_mode=False)
        (1): ConvBlock(
          (conv): Conv1d(128, 32, kernel_size=(1,), stride=(1,))
          (bn): BatchNorm1d(32, eps=1e-05, momentum=0.1, affine=True, track_running_stats=True)
        )
      )
    )
    (inception3b): InceptionBlock(
      (branch1): ConvBlock(
        (conv): Conv1d(256, 128, kernel_size=(1,), stride=(1,))
        (bn): BatchNorm1d(128, eps=1e-05, momentum=0.1, affine=True, track_running_stats=True)
      )
      (branch2): Sequential(
        (0): ConvBlock(
          (conv): Conv1d(256, 128, kernel_size=(1,), stride=(1,))
          (bn): BatchNorm1d(128, eps=1e-05, momentum=0.1, affine=True, track_running_stats=True)
        )
        (1): ConvBlock(
          (conv): Conv1d(128, 192, kernel_size=(3,), stride=(1,), padding=(1,))
          (bn): BatchNorm1d(192, eps=1e-05, momentum=0.1, affine=True, track_running_stats=True)
        )
      )
      (branch3): Sequential(
        (0): ConvBlock(
          (conv): Conv1d(256, 32, kernel_size=(1,), stride=(1,))
          (bn): BatchNorm1d(32, eps=1e-05, momentum=0.1, affine=True, track_running_stats=True)
        )
        (1): ConvBlock(
          (conv): Conv1d(32, 96, kernel_size=(5,), stride=(1,), padding=(2,))
          (bn): BatchNorm1d(96, eps=1e-05, momentum=0.1, affine=True, track_running_stats=True)
        )
      )
      (branch4): Sequential(
        (0): MaxPool2d(kernel_size=3, stride=1, padding=1, dilation=1, ceil_mode=False)
        (1): ConvBlock(
          (conv): Conv1d(256, 64, kernel_size=(1,), stride=(1,))
          (bn): BatchNorm1d(64, eps=1e-05, momentum=0.1, affine=True, track_running_stats=True)
        )
      )
    )
    (inception4a): InceptionBlock(
      (branch1): ConvBlock(
        (conv): Conv1d(480, 192, kernel_size=(1,), stride=(1,))
        (bn): BatchNorm1d(192, eps=1e-05, momentum=0.1, affine=True, track_running_stats=True)
      )
      (branch2): Sequential(
        (0): ConvBlock(
          (conv): Conv1d(480, 96, kernel_size=(1,), stride=(1,))
          (bn): BatchNorm1d(96, eps=1e-05, momentum=0.1, affine=True, track_running_stats=True)
        )
        (1): ConvBlock(
          (conv): Conv1d(96, 208, kernel_size=(3,), stride=(1,), padding=(1,))
          (bn): BatchNorm1d(208, eps=1e-05, momentum=0.1, affine=True, track_running_stats=True)
        )
      )
      (branch3): Sequential(
        (0): ConvBlock(
          (conv): Conv1d(480, 16, kernel_size=(1,), stride=(1,))
          (bn): BatchNorm1d(16, eps=1e-05, momentum=0.1, affine=True, track_running_stats=True)
        )
        (1): ConvBlock(
          (conv): Conv1d(16, 48, kernel_size=(5,), stride=(1,), padding=(2,))
          (bn): BatchNorm1d(48, eps=1e-05, momentum=0.1, affine=True, track_running_stats=True)
        )
      )
      (branch4): Sequential(
        (0): MaxPool2d(kernel_size=3, stride=1, padding=1, dilation=1, ceil_mode=False)
        (1): ConvBlock(
          (conv): Conv1d(480, 64, kernel_size=(1,), stride=(1,))
          (bn): BatchNorm1d(64, eps=1e-05, momentum=0.1, affine=True, track_running_stats=True)
        )
      )
    )
    (inception4b): InceptionBlock(
      (branch1): ConvBlock(
        (conv): Conv1d(512, 32, kernel_size=(1,), stride=(1,))
        (bn): BatchNorm1d(32, eps=1e-05, momentum=0.1, affine=True, track_running_stats=True)
      )
      (branch2): Sequential(
        (0): ConvBlock(
          (conv): Conv1d(512, 112, kernel_size=(1,), stride=(1,))
          (bn): BatchNorm1d(112, eps=1e-05, momentum=0.1, affine=True, track_running_stats=True)
        )
        (1): ConvBlock(
          (conv): Conv1d(112, 32, kernel_size=(3,), stride=(1,), padding=(1,))
          (bn): BatchNorm1d(32, eps=1e-05, momentum=0.1, affine=True, track_running_stats=True)
        )
      )
      (branch3): Sequential(
        (0): ConvBlock(
          (conv): Conv1d(512, 24, kernel_size=(1,), stride=(1,))
          (bn): BatchNorm1d(24, eps=1e-05, momentum=0.1, affine=True, track_running_stats=True)
        )
        (1): ConvBlock(
          (conv): Conv1d(24, 64, kernel_size=(5,), stride=(1,), padding=(2,))
          (bn): BatchNorm1d(64, eps=1e-05, momentum=0.1, affine=True, track_running_stats=True)
        )
      )
      (branch4): Sequential(
        (0): MaxPool2d(kernel_size=3, stride=1, padding=1, dilation=1, ceil_mode=False)
        (1): ConvBlock(
          (conv): Conv1d(512, 32, kernel_size=(1,), stride=(1,))
          (bn): BatchNorm1d(32, eps=1e-05, momentum=0.1, affine=True, track_running_stats=True)
        )
      )
    )
    (avgpool): AvgPool1d(kernel_size=(5,), stride=(1,), padding=(0,))
    (dropout): Dropout(p=0.5, inplace=False)
    (fc): Linear(in_features=8480, out_features=1, bias=True)
    (sigmoid): Sigmoid()
  )
)
2024-04-07 18:56 - INFO - * -----------
2024-04-07 19:42 - INFO - ---------------------------------------------
2024-04-07 19:42 - INFO - Epoch: 01 | Time: 45m 6s
2024-04-07 19:42 - INFO - 	 New best val_rocauc loss was found, current best value is 0.71323
2024-04-07 19:42 - INFO - 	 Train Loss: 0.259
2024-04-07 19:42 - INFO - 	 Val. Loss: 0.266
2024-04-07 19:42 - INFO - 	 ROC-AUC: 0.713
2024-04-07 19:42 - INFO - 	 PR-AUC: 0.416
2024-04-07 19:42 - INFO - 	 Best Val. Loss: 0.266
2024-04-07 19:42 - INFO - 	 Best ROC-AUC: 0.713
2024-04-07 19:42 - INFO - 	 Best PR-AUC: 0.416
2024-04-07 19:42 - INFO - 	 Test-ROC-AUC under Best Validation ROC-AUC: 0.688
2024-04-07 19:42 - INFO - 	 Test-PR-AUC under Best Validation Best PR-AUC: 0.418
2024-04-07 19:42 - INFO - ---------------------------------------------
2024-04-07 20:27 - INFO - ---------------------------------------------
2024-04-07 20:27 - INFO - Epoch: 02 | Time: 45m 23s
2024-04-07 20:27 - INFO - 	 Train Loss: 0.254
2024-04-07 20:27 - INFO - 	 Val. Loss: 0.266
2024-04-07 20:27 - INFO - 	 ROC-AUC: 0.708
2024-04-07 20:27 - INFO - 	 PR-AUC: 0.414
2024-04-07 20:27 - INFO - 	 Best Val. Loss: 0.266
2024-04-07 20:27 - INFO - 	 Best ROC-AUC: 0.713
2024-04-07 20:27 - INFO - 	 Best PR-AUC: 0.416
2024-04-07 20:27 - INFO - 	 Test-ROC-AUC under Best Validation ROC-AUC: 0.688
2024-04-07 20:27 - INFO - 	 Test-PR-AUC under Best Validation Best PR-AUC: 0.418
2024-04-07 20:27 - INFO - ---------------------------------------------
2024-04-07 21:12 - INFO - ---------------------------------------------
2024-04-07 21:12 - INFO - Epoch: 03 | Time: 44m 39s
2024-04-07 21:12 - INFO - 	 New best val_rocauc loss was found, current best value is 0.72724
2024-04-07 21:12 - INFO - 	 Train Loss: 0.253
2024-04-07 21:12 - INFO - 	 Val. Loss: 0.261
2024-04-07 21:12 - INFO - 	 ROC-AUC: 0.727
2024-04-07 21:12 - INFO - 	 PR-AUC: 0.438
2024-04-07 21:12 - INFO - 	 Best Val. Loss: 0.261
2024-04-07 21:12 - INFO - 	 Best ROC-AUC: 0.727
2024-04-07 21:12 - INFO - 	 Best PR-AUC: 0.438
2024-04-07 21:12 - INFO - 	 Test-ROC-AUC under Best Validation ROC-AUC: 0.704
2024-04-07 21:12 - INFO - 	 Test-PR-AUC under Best Validation Best PR-AUC: 0.434
2024-04-07 21:12 - INFO - ---------------------------------------------
2024-04-07 21:57 - INFO - ---------------------------------------------
2024-04-07 21:57 - INFO - Epoch: 04 | Time: 44m 52s
2024-04-07 21:57 - INFO - 	 New best val_rocauc loss was found, current best value is 0.72837
2024-04-07 21:57 - INFO - 	 Train Loss: 0.253
2024-04-07 21:57 - INFO - 	 Val. Loss: 0.256
2024-04-07 21:57 - INFO - 	 ROC-AUC: 0.728
2024-04-07 21:57 - INFO - 	 PR-AUC: 0.436
2024-04-07 21:57 - INFO - 	 Best Val. Loss: 0.256
2024-04-07 21:57 - INFO - 	 Best ROC-AUC: 0.728
2024-04-07 21:57 - INFO - 	 Best PR-AUC: 0.438
2024-04-07 21:57 - INFO - 	 Test-ROC-AUC under Best Validation ROC-AUC: 0.707
2024-04-07 21:57 - INFO - 	 Test-PR-AUC under Best Validation Best PR-AUC: 0.434
2024-04-07 21:57 - INFO - ---------------------------------------------
2024-04-07 22:42 - INFO - ---------------------------------------------
2024-04-07 22:42 - INFO - Epoch: 05 | Time: 45m 30s
2024-04-07 22:42 - INFO - 	 Train Loss: 0.253
2024-04-07 22:42 - INFO - 	 Val. Loss: 0.255
2024-04-07 22:42 - INFO - 	 ROC-AUC: 0.726
2024-04-07 22:42 - INFO - 	 PR-AUC: 0.432
2024-04-07 22:42 - INFO - 	 Best Val. Loss: 0.255
2024-04-07 22:42 - INFO - 	 Best ROC-AUC: 0.728
2024-04-07 22:42 - INFO - 	 Best PR-AUC: 0.438
2024-04-07 22:42 - INFO - 	 Test-ROC-AUC under Best Validation ROC-AUC: 0.707
2024-04-07 22:42 - INFO - 	 Test-PR-AUC under Best Validation Best PR-AUC: 0.434
2024-04-07 22:42 - INFO - ---------------------------------------------
2024-04-07 23:29 - INFO - ---------------------------------------------
2024-04-07 23:29 - INFO - Epoch: 06 | Time: 46m 27s
2024-04-07 23:29 - INFO - 	 Train Loss: 0.253
2024-04-07 23:29 - INFO - 	 Val. Loss: 0.258
2024-04-07 23:29 - INFO - 	 ROC-AUC: 0.723
2024-04-07 23:29 - INFO - 	 PR-AUC: 0.434
2024-04-07 23:29 - INFO - 	 Best Val. Loss: 0.255
2024-04-07 23:29 - INFO - 	 Best ROC-AUC: 0.728
2024-04-07 23:29 - INFO - 	 Best PR-AUC: 0.438
2024-04-07 23:29 - INFO - 	 Test-ROC-AUC under Best Validation ROC-AUC: 0.707
2024-04-07 23:29 - INFO - 	 Test-PR-AUC under Best Validation Best PR-AUC: 0.434
2024-04-07 23:29 - INFO - ---------------------------------------------
2024-04-08 00:16 - INFO - ---------------------------------------------
2024-04-08 00:16 - INFO - Epoch: 07 | Time: 47m 3s
2024-04-08 00:16 - INFO - 	 New best val_rocauc loss was found, current best value is 0.73198
2024-04-08 00:16 - INFO - 	 Train Loss: 0.253
2024-04-08 00:16 - INFO - 	 Val. Loss: 0.252
2024-04-08 00:16 - INFO - 	 ROC-AUC: 0.732
2024-04-08 00:16 - INFO - 	 PR-AUC: 0.445
2024-04-08 00:16 - INFO - 	 Best Val. Loss: 0.252
2024-04-08 00:16 - INFO - 	 Best ROC-AUC: 0.732
2024-04-08 00:16 - INFO - 	 Best PR-AUC: 0.445
2024-04-08 00:16 - INFO - 	 Test-ROC-AUC under Best Validation ROC-AUC: 0.701
2024-04-08 00:16 - INFO - 	 Test-PR-AUC under Best Validation Best PR-AUC: 0.434
2024-04-08 00:16 - INFO - ---------------------------------------------
2024-04-08 01:01 - INFO - ---------------------------------------------
2024-04-08 01:01 - INFO - Epoch: 08 | Time: 45m 31s
2024-04-08 01:01 - INFO - 	 Train Loss: 0.253
2024-04-08 01:01 - INFO - 	 Val. Loss: 0.269
2024-04-08 01:01 - INFO - 	 ROC-AUC: 0.709
2024-04-08 01:01 - INFO - 	 PR-AUC: 0.415
2024-04-08 01:01 - INFO - 	 Best Val. Loss: 0.252
2024-04-08 01:01 - INFO - 	 Best ROC-AUC: 0.732
2024-04-08 01:01 - INFO - 	 Best PR-AUC: 0.445
2024-04-08 01:01 - INFO - 	 Test-ROC-AUC under Best Validation ROC-AUC: 0.701
2024-04-08 01:01 - INFO - 	 Test-PR-AUC under Best Validation Best PR-AUC: 0.434
2024-04-08 01:01 - INFO - ---------------------------------------------
2024-04-08 01:47 - INFO - ---------------------------------------------
2024-04-08 01:47 - INFO - Epoch: 09 | Time: 45m 38s
2024-04-08 01:47 - INFO - 	 Train Loss: 0.253
2024-04-08 01:47 - INFO - 	 Val. Loss: 0.255
2024-04-08 01:47 - INFO - 	 ROC-AUC: 0.726
2024-04-08 01:47 - INFO - 	 PR-AUC: 0.443
2024-04-08 01:47 - INFO - 	 Best Val. Loss: 0.252
2024-04-08 01:47 - INFO - 	 Best ROC-AUC: 0.732
2024-04-08 01:47 - INFO - 	 Best PR-AUC: 0.445
2024-04-08 01:47 - INFO - 	 Test-ROC-AUC under Best Validation ROC-AUC: 0.701
2024-04-08 01:47 - INFO - 	 Test-PR-AUC under Best Validation Best PR-AUC: 0.434
2024-04-08 01:47 - INFO - ---------------------------------------------
2024-04-08 02:34 - INFO - ---------------------------------------------
2024-04-08 02:34 - INFO - Epoch: 10 | Time: 47m 17s
2024-04-08 02:34 - INFO - 	 Train Loss: 0.253
2024-04-08 02:34 - INFO - 	 Val. Loss: 0.254
2024-04-08 02:34 - INFO - 	 ROC-AUC: 0.730
2024-04-08 02:34 - INFO - 	 PR-AUC: 0.441
2024-04-08 02:34 - INFO - 	 Best Val. Loss: 0.252
2024-04-08 02:34 - INFO - 	 Best ROC-AUC: 0.732
2024-04-08 02:34 - INFO - 	 Best PR-AUC: 0.445
2024-04-08 02:34 - INFO - 	 Test-ROC-AUC under Best Validation ROC-AUC: 0.701
2024-04-08 02:34 - INFO - 	 Test-PR-AUC under Best Validation Best PR-AUC: 0.434
2024-04-08 02:34 - INFO - ---------------------------------------------
2024-04-08 02:41 - INFO - Fit the preprocessing pipeline
2024-04-08 02:41 - INFO - Training using device: cuda
2024-04-08 02:41 - INFO - Creating generators
2024-04-08 02:41 - INFO - The model has 2,246,929 trainable parameters
2024-04-08 02:41 - INFO - * Model:
2024-04-08 02:41 - INFO - * -----------
2024-04-08 02:41 - INFO - CombinedModel(
  (upstream_model): TSTransformerEncoderCNN(
    (project_input): Linear(in_features=12, out_features=128, bias=True)
    (encoder): Linear(in_features=12, out_features=128, bias=True)
    (transformer_encoder): TransformerEncoder(
      (layers): ModuleList(
        (0-7): 8 x TransformerEncoderLayer(
          (self_attn): MultiheadAttention(
            (out_proj): NonDynamicallyQuantizableLinear(in_features=128, out_features=128, bias=True)
          )
          (linear1): Linear(in_features=128, out_features=512, bias=True)
          (dropout): Dropout(p=0.4, inplace=False)
          (linear2): Linear(in_features=512, out_features=128, bias=True)
          (norm1): LayerNorm((128,), eps=1e-05, elementwise_affine=True)
          (norm2): LayerNorm((128,), eps=1e-05, elementwise_affine=True)
          (dropout1): Dropout(p=0.4, inplace=False)
          (dropout2): Dropout(p=0.4, inplace=False)
        )
      )
    )
    (output_layer): Linear(in_features=128, out_features=12, bias=True)
    (dropout1): Dropout(p=0.4, inplace=False)
    (cnn): Conv1d(128, 12, kernel_size=(3,), stride=(1,), padding=(1,))
  )
  (downstream_model): DownstreamInception(
    (conv1): ConvBlock(
      (conv): Conv1d(12, 64, kernel_size=(7,), stride=(2,), padding=(3,))
      (bn): BatchNorm1d(64, eps=1e-05, momentum=0.1, affine=True, track_running_stats=True)
    )
    (conv2): ConvBlock(
      (conv): Conv1d(64, 128, kernel_size=(3,), stride=(1,), padding=(1,))
      (bn): BatchNorm1d(128, eps=1e-05, momentum=0.1, affine=True, track_running_stats=True)
    )
    (maxpool): MaxPool1d(kernel_size=3, stride=2, padding=1, dilation=1, ceil_mode=False)
    (inception3a): InceptionBlock(
      (branch1): ConvBlock(
        (conv): Conv1d(128, 64, kernel_size=(1,), stride=(1,))
        (bn): BatchNorm1d(64, eps=1e-05, momentum=0.1, affine=True, track_running_stats=True)
      )
      (branch2): Sequential(
        (0): ConvBlock(
          (conv): Conv1d(128, 96, kernel_size=(1,), stride=(1,))
          (bn): BatchNorm1d(96, eps=1e-05, momentum=0.1, affine=True, track_running_stats=True)
        )
        (1): ConvBlock(
          (conv): Conv1d(96, 128, kernel_size=(3,), stride=(1,), padding=(1,))
          (bn): BatchNorm1d(128, eps=1e-05, momentum=0.1, affine=True, track_running_stats=True)
        )
      )
      (branch3): Sequential(
        (0): ConvBlock(
          (conv): Conv1d(128, 16, kernel_size=(1,), stride=(1,))
          (bn): BatchNorm1d(16, eps=1e-05, momentum=0.1, affine=True, track_running_stats=True)
        )
        (1): ConvBlock(
          (conv): Conv1d(16, 32, kernel_size=(5,), stride=(1,), padding=(2,))
          (bn): BatchNorm1d(32, eps=1e-05, momentum=0.1, affine=True, track_running_stats=True)
        )
      )
      (branch4): Sequential(
        (0): MaxPool2d(kernel_size=3, stride=1, padding=1, dilation=1, ceil_mode=False)
        (1): ConvBlock(
          (conv): Conv1d(128, 32, kernel_size=(1,), stride=(1,))
          (bn): BatchNorm1d(32, eps=1e-05, momentum=0.1, affine=True, track_running_stats=True)
        )
      )
    )
    (inception3b): InceptionBlock(
      (branch1): ConvBlock(
        (conv): Conv1d(256, 128, kernel_size=(1,), stride=(1,))
        (bn): BatchNorm1d(128, eps=1e-05, momentum=0.1, affine=True, track_running_stats=True)
      )
      (branch2): Sequential(
        (0): ConvBlock(
          (conv): Conv1d(256, 128, kernel_size=(1,), stride=(1,))
          (bn): BatchNorm1d(128, eps=1e-05, momentum=0.1, affine=True, track_running_stats=True)
        )
        (1): ConvBlock(
          (conv): Conv1d(128, 192, kernel_size=(3,), stride=(1,), padding=(1,))
          (bn): BatchNorm1d(192, eps=1e-05, momentum=0.1, affine=True, track_running_stats=True)
        )
      )
      (branch3): Sequential(
        (0): ConvBlock(
          (conv): Conv1d(256, 32, kernel_size=(1,), stride=(1,))
          (bn): BatchNorm1d(32, eps=1e-05, momentum=0.1, affine=True, track_running_stats=True)
        )
        (1): ConvBlock(
          (conv): Conv1d(32, 96, kernel_size=(5,), stride=(1,), padding=(2,))
          (bn): BatchNorm1d(96, eps=1e-05, momentum=0.1, affine=True, track_running_stats=True)
        )
      )
      (branch4): Sequential(
        (0): MaxPool2d(kernel_size=3, stride=1, padding=1, dilation=1, ceil_mode=False)
        (1): ConvBlock(
          (conv): Conv1d(256, 64, kernel_size=(1,), stride=(1,))
          (bn): BatchNorm1d(64, eps=1e-05, momentum=0.1, affine=True, track_running_stats=True)
        )
      )
    )
    (inception4a): InceptionBlock(
      (branch1): ConvBlock(
        (conv): Conv1d(480, 192, kernel_size=(1,), stride=(1,))
        (bn): BatchNorm1d(192, eps=1e-05, momentum=0.1, affine=True, track_running_stats=True)
      )
      (branch2): Sequential(
        (0): ConvBlock(
          (conv): Conv1d(480, 96, kernel_size=(1,), stride=(1,))
          (bn): BatchNorm1d(96, eps=1e-05, momentum=0.1, affine=True, track_running_stats=True)
        )
        (1): ConvBlock(
          (conv): Conv1d(96, 208, kernel_size=(3,), stride=(1,), padding=(1,))
          (bn): BatchNorm1d(208, eps=1e-05, momentum=0.1, affine=True, track_running_stats=True)
        )
      )
      (branch3): Sequential(
        (0): ConvBlock(
          (conv): Conv1d(480, 16, kernel_size=(1,), stride=(1,))
          (bn): BatchNorm1d(16, eps=1e-05, momentum=0.1, affine=True, track_running_stats=True)
        )
        (1): ConvBlock(
          (conv): Conv1d(16, 48, kernel_size=(5,), stride=(1,), padding=(2,))
          (bn): BatchNorm1d(48, eps=1e-05, momentum=0.1, affine=True, track_running_stats=True)
        )
      )
      (branch4): Sequential(
        (0): MaxPool2d(kernel_size=3, stride=1, padding=1, dilation=1, ceil_mode=False)
        (1): ConvBlock(
          (conv): Conv1d(480, 64, kernel_size=(1,), stride=(1,))
          (bn): BatchNorm1d(64, eps=1e-05, momentum=0.1, affine=True, track_running_stats=True)
        )
      )
    )
    (inception4b): InceptionBlock(
      (branch1): ConvBlock(
        (conv): Conv1d(512, 32, kernel_size=(1,), stride=(1,))
        (bn): BatchNorm1d(32, eps=1e-05, momentum=0.1, affine=True, track_running_stats=True)
      )
      (branch2): Sequential(
        (0): ConvBlock(
          (conv): Conv1d(512, 112, kernel_size=(1,), stride=(1,))
          (bn): BatchNorm1d(112, eps=1e-05, momentum=0.1, affine=True, track_running_stats=True)
        )
        (1): ConvBlock(
          (conv): Conv1d(112, 32, kernel_size=(3,), stride=(1,), padding=(1,))
          (bn): BatchNorm1d(32, eps=1e-05, momentum=0.1, affine=True, track_running_stats=True)
        )
      )
      (branch3): Sequential(
        (0): ConvBlock(
          (conv): Conv1d(512, 24, kernel_size=(1,), stride=(1,))
          (bn): BatchNorm1d(24, eps=1e-05, momentum=0.1, affine=True, track_running_stats=True)
        )
        (1): ConvBlock(
          (conv): Conv1d(24, 64, kernel_size=(5,), stride=(1,), padding=(2,))
          (bn): BatchNorm1d(64, eps=1e-05, momentum=0.1, affine=True, track_running_stats=True)
        )
      )
      (branch4): Sequential(
        (0): MaxPool2d(kernel_size=3, stride=1, padding=1, dilation=1, ceil_mode=False)
        (1): ConvBlock(
          (conv): Conv1d(512, 32, kernel_size=(1,), stride=(1,))
          (bn): BatchNorm1d(32, eps=1e-05, momentum=0.1, affine=True, track_running_stats=True)
        )
      )
    )
    (avgpool): AvgPool1d(kernel_size=(5,), stride=(1,), padding=(0,))
    (dropout): Dropout(p=0.5, inplace=False)
    (fc): Linear(in_features=8480, out_features=1, bias=True)
    (sigmoid): Sigmoid()
  )
)
2024-04-08 02:41 - INFO - * -----------
2024-04-08 03:28 - INFO - ---------------------------------------------
2024-04-08 03:28 - INFO - Epoch: 01 | Time: 46m 41s
2024-04-08 03:28 - INFO - 	 New best val_rocauc loss was found, current best value is 0.72563
2024-04-08 03:28 - INFO - 	 Train Loss: 0.259
2024-04-08 03:28 - INFO - 	 Val. Loss: 0.259
2024-04-08 03:28 - INFO - 	 ROC-AUC: 0.726
2024-04-08 03:28 - INFO - 	 PR-AUC: 0.431
2024-04-08 03:28 - INFO - 	 Best Val. Loss: 0.259
2024-04-08 03:28 - INFO - 	 Best ROC-AUC: 0.726
2024-04-08 03:28 - INFO - 	 Best PR-AUC: 0.431
2024-04-08 03:28 - INFO - 	 Test-ROC-AUC under Best Validation ROC-AUC: 0.705
2024-04-08 03:28 - INFO - 	 Test-PR-AUC under Best Validation Best PR-AUC: 0.431
2024-04-08 03:28 - INFO - ---------------------------------------------
2024-04-08 04:14 - INFO - ---------------------------------------------
2024-04-08 04:14 - INFO - Epoch: 02 | Time: 46m 9s
2024-04-08 04:14 - INFO - 	 Train Loss: 0.254
2024-04-08 04:14 - INFO - 	 Val. Loss: 0.262
2024-04-08 04:14 - INFO - 	 ROC-AUC: 0.720
2024-04-08 04:14 - INFO - 	 PR-AUC: 0.428
2024-04-08 04:14 - INFO - 	 Best Val. Loss: 0.259
2024-04-08 04:14 - INFO - 	 Best ROC-AUC: 0.726
2024-04-08 04:14 - INFO - 	 Best PR-AUC: 0.431
2024-04-08 04:14 - INFO - 	 Test-ROC-AUC under Best Validation ROC-AUC: 0.705
2024-04-08 04:14 - INFO - 	 Test-PR-AUC under Best Validation Best PR-AUC: 0.431
2024-04-08 04:14 - INFO - ---------------------------------------------
2024-04-08 05:00 - INFO - ---------------------------------------------
2024-04-08 05:00 - INFO - Epoch: 03 | Time: 46m 20s
2024-04-08 05:00 - INFO - 	 Train Loss: 0.253
2024-04-08 05:00 - INFO - 	 Val. Loss: 0.258
2024-04-08 05:00 - INFO - 	 ROC-AUC: 0.723
2024-04-08 05:00 - INFO - 	 PR-AUC: 0.430
2024-04-08 05:00 - INFO - 	 Best Val. Loss: 0.258
2024-04-08 05:00 - INFO - 	 Best ROC-AUC: 0.726
2024-04-08 05:00 - INFO - 	 Best PR-AUC: 0.431
2024-04-08 05:00 - INFO - 	 Test-ROC-AUC under Best Validation ROC-AUC: 0.705
2024-04-08 05:00 - INFO - 	 Test-PR-AUC under Best Validation Best PR-AUC: 0.431
2024-04-08 05:00 - INFO - ---------------------------------------------
